[4.681s] Invoking command in '/home/incubus/mars_ros2/src/keyboard': PYTHONPATH=/home/incubus/mars_ros2/install/keyboard/lib/python3.8/site-packages:${PYTHONPATH} /usr/bin/python3 setup.py egg_info --egg-base ../../build/keyboard build --build-base /home/incubus/mars_ros2/build/keyboard/build install --prefix /home/incubus/mars_ros2/install/keyboard --record /home/incubus/mars_ros2/build/keyboard/install.log --single-version-externally-managed
[5.244s] /home/incubus/.local/lib/python3.8/site-packages/setuptools/dist.py:772: UserWarning: Usage of dash-separated 'script-dir' will not be supported in future versions. Please use the underscore name 'script_dir' instead
[5.244s]   warnings.warn(
[5.244s] /home/incubus/.local/lib/python3.8/site-packages/setuptools/dist.py:772: UserWarning: Usage of dash-separated 'install-scripts' will not be supported in future versions. Please use the underscore name 'install_scripts' instead
[5.244s]   warnings.warn(
[6.561s] running egg_info
[6.689s] writing ../../build/keyboard/keyboard.egg-info/PKG-INFO
[6.788s] writing dependency_links to ../../build/keyboard/keyboard.egg-info/dependency_links.txt
[7.096s] writing entry points to ../../build/keyboard/keyboard.egg-info/entry_points.txt
[7.299s] writing requirements to ../../build/keyboard/keyboard.egg-info/requires.txt
[7.398s] writing top-level names to ../../build/keyboard/keyboard.egg-info/top_level.txt
[7.553s] reading manifest file '../../build/keyboard/keyboard.egg-info/SOURCES.txt'
[7.555s] writing manifest file '../../build/keyboard/keyboard.egg-info/SOURCES.txt'
[7.555s] running build
[7.555s] running build_py
[7.555s] running install
[7.556s] /home/incubus/.local/lib/python3.8/site-packages/setuptools/command/install.py:34: SetuptoolsDeprecationWarning: setup.py install is deprecated. Use build and pip and other standards-based tools.
[7.556s]   warnings.warn(
[7.566s] running install_lib
[7.711s] running install_data
[7.738s] running install_egg_info
[7.873s] removing '/home/incubus/mars_ros2/install/keyboard/lib/python3.8/site-packages/keyboard-0.0.0-py3.8.egg-info' (and everything under it)
[7.874s] Copying ../../build/keyboard/keyboard.egg-info to /home/incubus/mars_ros2/install/keyboard/lib/python3.8/site-packages/keyboard-0.0.0-py3.8.egg-info
[7.875s] running install_scripts
[8.104s] Installing move script to /home/incubus/mars_ros2/install/keyboard/lib/keyboard
[8.105s] writing list of installed files to '/home/incubus/mars_ros2/build/keyboard/install.log'
[8.187s] Invoked command in '/home/incubus/mars_ros2/src/keyboard' returned '0': PYTHONPATH=/home/incubus/mars_ros2/install/keyboard/lib/python3.8/site-packages:${PYTHONPATH} /usr/bin/python3 setup.py egg_info --egg-base ../../build/keyboard build --build-base /home/incubus/mars_ros2/build/keyboard/build install --prefix /home/incubus/mars_ros2/install/keyboard --record /home/incubus/mars_ros2/build/keyboard/install.log --single-version-externally-managed
