[6.824s] Invoking command in '/home/incubus/mars_ros2/src/gamepad': PYTHONPATH=/home/incubus/mars_ros2/install/gamepad/lib/python3.8/site-packages:${PYTHONPATH} /usr/bin/python3 setup.py egg_info --egg-base ../../build/gamepad build --build-base /home/incubus/mars_ros2/build/gamepad/build install --prefix /home/incubus/mars_ros2/install/gamepad --record /home/incubus/mars_ros2/build/gamepad/install.log --single-version-externally-managed
[7.514s] /home/incubus/.local/lib/python3.8/site-packages/setuptools/dist.py:772: UserWarning: Usage of dash-separated 'script-dir' will not be supported in future versions. Please use the underscore name 'script_dir' instead
[7.514s]   warnings.warn(
[7.515s] /home/incubus/.local/lib/python3.8/site-packages/setuptools/dist.py:772: UserWarning: Usage of dash-separated 'install-scripts' will not be supported in future versions. Please use the underscore name 'install_scripts' instead
[7.516s]   warnings.warn(
[9.214s] running egg_info
[9.214s] creating ../../build/gamepad/gamepad.egg-info
[9.420s] writing ../../build/gamepad/gamepad.egg-info/PKG-INFO
[9.570s] writing dependency_links to ../../build/gamepad/gamepad.egg-info/dependency_links.txt
[10.003s] writing entry points to ../../build/gamepad/gamepad.egg-info/entry_points.txt
[10.309s] writing requirements to ../../build/gamepad/gamepad.egg-info/requires.txt
[10.458s] writing top-level names to ../../build/gamepad/gamepad.egg-info/top_level.txt
[10.470s] writing manifest file '../../build/gamepad/gamepad.egg-info/SOURCES.txt'
[10.705s] reading manifest file '../../build/gamepad/gamepad.egg-info/SOURCES.txt'
[10.708s] writing manifest file '../../build/gamepad/gamepad.egg-info/SOURCES.txt'
[10.708s] running build
[10.710s] running build_py
[10.710s] creating /home/incubus/mars_ros2/build/gamepad/build
[10.710s] creating /home/incubus/mars_ros2/build/gamepad/build/lib
[10.710s] creating /home/incubus/mars_ros2/build/gamepad/build/lib/gamepad
[10.711s] copying gamepad/__init__.py -> /home/incubus/mars_ros2/build/gamepad/build/lib/gamepad
[10.711s] copying gamepad/xbox.py -> /home/incubus/mars_ros2/build/gamepad/build/lib/gamepad
[10.712s] running install
[10.714s] /home/incubus/.local/lib/python3.8/site-packages/setuptools/command/install.py:34: SetuptoolsDeprecationWarning: setup.py install is deprecated. Use build and pip and other standards-based tools.
[10.714s]   warnings.warn(
[10.727s] running install_lib
[10.926s] creating /home/incubus/mars_ros2/install/gamepad/lib/python3.8/site-packages/gamepad
[10.926s] copying /home/incubus/mars_ros2/build/gamepad/build/lib/gamepad/__init__.py -> /home/incubus/mars_ros2/install/gamepad/lib/python3.8/site-packages/gamepad
[10.927s] copying /home/incubus/mars_ros2/build/gamepad/build/lib/gamepad/xbox.py -> /home/incubus/mars_ros2/install/gamepad/lib/python3.8/site-packages/gamepad
[10.928s] byte-compiling /home/incubus/mars_ros2/install/gamepad/lib/python3.8/site-packages/gamepad/__init__.py to __init__.cpython-38.pyc
[10.929s] byte-compiling /home/incubus/mars_ros2/install/gamepad/lib/python3.8/site-packages/gamepad/xbox.py to xbox.cpython-38.pyc
[10.933s] running install_data
[10.973s] creating /home/incubus/mars_ros2/install/gamepad/share/ament_index
[10.973s] creating /home/incubus/mars_ros2/install/gamepad/share/ament_index/resource_index
[10.973s] creating /home/incubus/mars_ros2/install/gamepad/share/ament_index/resource_index/packages
[10.974s] copying resource/gamepad -> /home/incubus/mars_ros2/install/gamepad/share/ament_index/resource_index/packages
[10.974s] copying package.xml -> /home/incubus/mars_ros2/install/gamepad/share/gamepad
[10.975s] running install_egg_info
[11.148s] Copying ../../build/gamepad/gamepad.egg-info to /home/incubus/mars_ros2/install/gamepad/lib/python3.8/site-packages/gamepad-0.0.0-py3.8.egg-info
[11.150s] running install_scripts
[11.531s] Installing xbox script to /home/incubus/mars_ros2/install/gamepad/lib/gamepad
[11.532s] writing list of installed files to '/home/incubus/mars_ros2/build/gamepad/install.log'
[11.662s] Invoked command in '/home/incubus/mars_ros2/src/gamepad' returned '0': PYTHONPATH=/home/incubus/mars_ros2/install/gamepad/lib/python3.8/site-packages:${PYTHONPATH} /usr/bin/python3 setup.py egg_info --egg-base ../../build/gamepad build --build-base /home/incubus/mars_ros2/build/gamepad/build install --prefix /home/incubus/mars_ros2/install/gamepad --record /home/incubus/mars_ros2/build/gamepad/install.log --single-version-externally-managed
