[1.491s] Invoking command in '/home/incubus/mars_ros2/src/stm': PYTHONPATH=/home/incubus/mars_ros2/src/install/stm/lib/python3.8/site-packages:${PYTHONPATH} /usr/bin/python3 setup.py egg_info --egg-base ../build/stm build --build-base /home/incubus/mars_ros2/src/build/stm/build install --prefix /home/incubus/mars_ros2/src/install/stm --record /home/incubus/mars_ros2/src/build/stm/install.log --single-version-externally-managed
[1.734s] running egg_info
[1.735s] writing ../build/stm/stm.egg-info/PKG-INFO
[1.735s] writing dependency_links to ../build/stm/stm.egg-info/dependency_links.txt
[1.735s] writing entry points to ../build/stm/stm.egg-info/entry_points.txt
[1.736s] writing requirements to ../build/stm/stm.egg-info/requires.txt
[1.736s] writing top-level names to ../build/stm/stm.egg-info/top_level.txt
[1.770s] reading manifest file '../build/stm/stm.egg-info/SOURCES.txt'
[1.770s] writing manifest file '../build/stm/stm.egg-info/SOURCES.txt'
[1.771s] running build
[1.771s] running build_py
[1.771s] running install
[1.772s] running install_lib
[1.774s] running install_data
[1.774s] running install_egg_info
[1.776s] removing '/home/incubus/mars_ros2/src/install/stm/lib/python3.8/site-packages/stm-0.0.0-py3.8.egg-info' (and everything under it)
[1.777s] Copying ../build/stm/stm.egg-info to /home/incubus/mars_ros2/src/install/stm/lib/python3.8/site-packages/stm-0.0.0-py3.8.egg-info
[1.778s] running install_scripts
[1.796s] Installing ToStm script to /home/incubus/mars_ros2/src/install/stm/lib/stm
[1.796s] writing list of installed files to '/home/incubus/mars_ros2/src/build/stm/install.log'
[1.824s] Invoked command in '/home/incubus/mars_ros2/src/stm' returned '0': PYTHONPATH=/home/incubus/mars_ros2/src/install/stm/lib/python3.8/site-packages:${PYTHONPATH} /usr/bin/python3 setup.py egg_info --egg-base ../build/stm build --build-base /home/incubus/mars_ros2/src/build/stm/build install --prefix /home/incubus/mars_ros2/src/install/stm --record /home/incubus/mars_ros2/src/build/stm/install.log --single-version-externally-managed
