[4.538s] Invoking command in '/home/incubus/mars_ros2/src/keyboard': PYTHONPATH=/home/incubus/mars_ros2/src/install/keyboard/lib/python3.8/site-packages:${PYTHONPATH} /usr/bin/python3 setup.py egg_info --egg-base ../build/keyboard build --build-base /home/incubus/mars_ros2/src/build/keyboard/build install --prefix /home/incubus/mars_ros2/src/install/keyboard --record /home/incubus/mars_ros2/src/build/keyboard/install.log --single-version-externally-managed
[5.231s] /home/incubus/.local/lib/python3.8/site-packages/setuptools/dist.py:772: UserWarning: Usage of dash-separated 'script-dir' will not be supported in future versions. Please use the underscore name 'script_dir' instead
[5.231s]   warnings.warn(
[5.233s] /home/incubus/.local/lib/python3.8/site-packages/setuptools/dist.py:772: UserWarning: Usage of dash-separated 'install-scripts' will not be supported in future versions. Please use the underscore name 'install_scripts' instead
[5.233s]   warnings.warn(
[6.908s] running egg_info
[6.995s] writing ../build/keyboard/keyboard.egg-info/PKG-INFO
[7.069s] writing dependency_links to ../build/keyboard/keyboard.egg-info/dependency_links.txt
[7.279s] writing entry points to ../build/keyboard/keyboard.egg-info/entry_points.txt
[7.424s] writing requirements to ../build/keyboard/keyboard.egg-info/requires.txt
[7.499s] writing top-level names to ../build/keyboard/keyboard.egg-info/top_level.txt
[7.617s] reading manifest file '../build/keyboard/keyboard.egg-info/SOURCES.txt'
[7.618s] writing manifest file '../build/keyboard/keyboard.egg-info/SOURCES.txt'
[7.619s] running build
[7.619s] running build_py
[7.619s] running install
[7.619s] /home/incubus/.local/lib/python3.8/site-packages/setuptools/command/install.py:34: SetuptoolsDeprecationWarning: setup.py install is deprecated. Use build and pip and other standards-based tools.
[7.619s]   warnings.warn(
[7.626s] running install_lib
[7.715s] running install_data
[7.730s] running install_egg_info
[7.818s] removing '/home/incubus/mars_ros2/src/install/keyboard/lib/python3.8/site-packages/keyboard-0.0.0-py3.8.egg-info' (and everything under it)
[7.819s] Copying ../build/keyboard/keyboard.egg-info to /home/incubus/mars_ros2/src/install/keyboard/lib/python3.8/site-packages/keyboard-0.0.0-py3.8.egg-info
[7.820s] running install_scripts
[8.007s] Installing move script to /home/incubus/mars_ros2/src/install/keyboard/lib/keyboard
[8.007s] writing list of installed files to '/home/incubus/mars_ros2/src/build/keyboard/install.log'
[8.073s] Invoked command in '/home/incubus/mars_ros2/src/keyboard' returned '0': PYTHONPATH=/home/incubus/mars_ros2/src/install/keyboard/lib/python3.8/site-packages:${PYTHONPATH} /usr/bin/python3 setup.py egg_info --egg-base ../build/keyboard build --build-base /home/incubus/mars_ros2/src/build/keyboard/build install --prefix /home/incubus/mars_ros2/src/install/keyboard --record /home/incubus/mars_ros2/src/build/keyboard/install.log --single-version-externally-managed
