/home/incubus/.local/lib/python3.8/site-packages/setuptools/dist.py:772: UserWarning: Usage of dash-separated 'script-dir' will not be supported in future versions. Please use the underscore name 'script_dir' instead
  warnings.warn(
/home/incubus/.local/lib/python3.8/site-packages/setuptools/dist.py:772: UserWarning: Usage of dash-separated 'install-scripts' will not be supported in future versions. Please use the underscore name 'install_scripts' instead
  warnings.warn(
running egg_info
writing ../build/gamepad/gamepad.egg-info/PKG-INFO
writing dependency_links to ../build/gamepad/gamepad.egg-info/dependency_links.txt
writing entry points to ../build/gamepad/gamepad.egg-info/entry_points.txt
writing requirements to ../build/gamepad/gamepad.egg-info/requires.txt
writing top-level names to ../build/gamepad/gamepad.egg-info/top_level.txt
reading manifest file '../build/gamepad/gamepad.egg-info/SOURCES.txt'
writing manifest file '../build/gamepad/gamepad.egg-info/SOURCES.txt'
running build
running build_py
copying gamepad/xbox.py -> /home/incubus/mars_ros2/src/build/gamepad/build/lib/gamepad
/home/incubus/.local/lib/python3.8/site-packages/setuptools/command/install.py:34: SetuptoolsDeprecationWarning: setup.py install is deprecated. Use build and pip and other standards-based tools.
  warnings.warn(
running install
running install_lib
copying /home/incubus/mars_ros2/src/build/gamepad/build/lib/gamepad/xbox.py -> /home/incubus/mars_ros2/src/install/gamepad/lib/python3.8/site-packages/gamepad
byte-compiling /home/incubus/mars_ros2/src/install/gamepad/lib/python3.8/site-packages/gamepad/xbox.py to xbox.cpython-38.pyc
running install_data
running install_egg_info
removing '/home/incubus/mars_ros2/src/install/gamepad/lib/python3.8/site-packages/gamepad-0.0.0-py3.8.egg-info' (and everything under it)
Copying ../build/gamepad/gamepad.egg-info to /home/incubus/mars_ros2/src/install/gamepad/lib/python3.8/site-packages/gamepad-0.0.0-py3.8.egg-info
running install_scripts
Installing xbox script to /home/incubus/mars_ros2/src/install/gamepad/lib/gamepad
writing list of installed files to '/home/incubus/mars_ros2/src/build/gamepad/install.log'
