[5.824s] Invoking command in '/home/incubus/mars_ros2/src/gamepad': PYTHONPATH=/home/incubus/mars_ros2/src/install/gamepad/lib/python3.8/site-packages:${PYTHONPATH} /usr/bin/python3 setup.py egg_info --egg-base ../build/gamepad build --build-base /home/incubus/mars_ros2/src/build/gamepad/build install --prefix /home/incubus/mars_ros2/src/install/gamepad --record /home/incubus/mars_ros2/src/build/gamepad/install.log --single-version-externally-managed
[6.530s] /home/incubus/.local/lib/python3.8/site-packages/setuptools/dist.py:772: UserWarning: Usage of dash-separated 'script-dir' will not be supported in future versions. Please use the underscore name 'script_dir' instead
[6.530s]   warnings.warn(
[6.530s] /home/incubus/.local/lib/python3.8/site-packages/setuptools/dist.py:772: UserWarning: Usage of dash-separated 'install-scripts' will not be supported in future versions. Please use the underscore name 'install_scripts' instead
[6.531s]   warnings.warn(
[8.160s] running egg_info
[8.340s] writing ../build/gamepad/gamepad.egg-info/PKG-INFO
[8.479s] writing dependency_links to ../build/gamepad/gamepad.egg-info/dependency_links.txt
[9.037s] writing entry points to ../build/gamepad/gamepad.egg-info/entry_points.txt
[9.618s] writing requirements to ../build/gamepad/gamepad.egg-info/requires.txt
[9.879s] writing top-level names to ../build/gamepad/gamepad.egg-info/top_level.txt
[10.303s] reading manifest file '../build/gamepad/gamepad.egg-info/SOURCES.txt'
[10.311s] writing manifest file '../build/gamepad/gamepad.egg-info/SOURCES.txt'
[10.311s] running build
[10.311s] running build_py
[10.311s] copying gamepad/xbox.py -> /home/incubus/mars_ros2/src/build/gamepad/build/lib/gamepad
[10.311s] /home/incubus/.local/lib/python3.8/site-packages/setuptools/command/install.py:34: SetuptoolsDeprecationWarning: setup.py install is deprecated. Use build and pip and other standards-based tools.
[10.311s]   warnings.warn(
[10.312s] running install
[10.351s] running install_lib
[10.607s] copying /home/incubus/mars_ros2/src/build/gamepad/build/lib/gamepad/xbox.py -> /home/incubus/mars_ros2/src/install/gamepad/lib/python3.8/site-packages/gamepad
[10.609s] byte-compiling /home/incubus/mars_ros2/src/install/gamepad/lib/python3.8/site-packages/gamepad/xbox.py to xbox.cpython-38.pyc
[10.610s] running install_data
[10.637s] running install_egg_info
[10.795s] removing '/home/incubus/mars_ros2/src/install/gamepad/lib/python3.8/site-packages/gamepad-0.0.0-py3.8.egg-info' (and everything under it)
[10.795s] Copying ../build/gamepad/gamepad.egg-info to /home/incubus/mars_ros2/src/install/gamepad/lib/python3.8/site-packages/gamepad-0.0.0-py3.8.egg-info
[10.797s] running install_scripts
[11.212s] Installing xbox script to /home/incubus/mars_ros2/src/install/gamepad/lib/gamepad
[11.212s] writing list of installed files to '/home/incubus/mars_ros2/src/build/gamepad/install.log'
[11.339s] Invoked command in '/home/incubus/mars_ros2/src/gamepad' returned '0': PYTHONPATH=/home/incubus/mars_ros2/src/install/gamepad/lib/python3.8/site-packages:${PYTHONPATH} /usr/bin/python3 setup.py egg_info --egg-base ../build/gamepad build --build-base /home/incubus/mars_ros2/src/build/gamepad/build install --prefix /home/incubus/mars_ros2/src/install/gamepad --record /home/incubus/mars_ros2/src/build/gamepad/install.log --single-version-externally-managed
