[1.207s] Invoking command in '/home/incubus/mars_ros2/src/Webserver': PYTHONPATH=/home/incubus/mars_ros2/install/Webserver/lib/python3.8/site-packages:${PYTHONPATH} /usr/bin/python3 setup.py egg_info --egg-base ../../build/Webserver build --build-base /home/incubus/mars_ros2/build/Webserver/build install --prefix /home/incubus/mars_ros2/install/Webserver --record /home/incubus/mars_ros2/build/Webserver/install.log --single-version-externally-managed
[1.476s] running egg_info
[1.477s] writing ../../build/Webserver/Webserver.egg-info/PKG-INFO
[1.478s] writing dependency_links to ../../build/Webserver/Webserver.egg-info/dependency_links.txt
[1.479s] writing entry points to ../../build/Webserver/Webserver.egg-info/entry_points.txt
[1.479s] writing requirements to ../../build/Webserver/Webserver.egg-info/requires.txt
[1.479s] writing top-level names to ../../build/Webserver/Webserver.egg-info/top_level.txt
[1.515s] reading manifest file '../../build/Webserver/Webserver.egg-info/SOURCES.txt'
[1.516s] writing manifest file '../../build/Webserver/Webserver.egg-info/SOURCES.txt'
[1.517s] running build
[1.517s] running build_py
[1.517s] running install
[1.518s] running install_lib
[1.519s] running install_data
[1.520s] running install_egg_info
[1.522s] removing '/home/incubus/mars_ros2/install/Webserver/lib/python3.8/site-packages/Webserver-0.0.0-py3.8.egg-info' (and everything under it)
[1.522s] Copying ../../build/Webserver/Webserver.egg-info to /home/incubus/mars_ros2/install/Webserver/lib/python3.8/site-packages/Webserver-0.0.0-py3.8.egg-info
[1.523s] running install_scripts
[1.544s] Installing Flask script to /home/incubus/mars_ros2/install/Webserver/lib/Webserver
[1.544s] writing list of installed files to '/home/incubus/mars_ros2/build/Webserver/install.log'
[1.570s] Invoked command in '/home/incubus/mars_ros2/src/Webserver' returned '0': PYTHONPATH=/home/incubus/mars_ros2/install/Webserver/lib/python3.8/site-packages:${PYTHONPATH} /usr/bin/python3 setup.py egg_info --egg-base ../../build/Webserver build --build-base /home/incubus/mars_ros2/build/Webserver/build install --prefix /home/incubus/mars_ros2/install/Webserver --record /home/incubus/mars_ros2/build/Webserver/install.log --single-version-externally-managed
