[0.023s] Invoking command in '/home/incubus/mars_ros2/build/rplidar_ros': CMAKE_PREFIX_PATH=${CMAKE_PREFIX_PATH}:/home/incubus/mars_ros2/install/py_pubsub:/home/incubus/mars_ros2/install/my_package:/opt/ros/foxy /usr/bin/cmake /home/incubus/mars_ros2/src/rplidar_ros2 -DAMENT_CMAKE_SYMLINK_INSTALL=1 -DCMAKE_INSTALL_PREFIX=/home/incubus/mars_ros2/install/rplidar_ros
[0.048s] -- Found ament_cmake_auto: 0.9.9 (/opt/ros/foxy/share/ament_cmake_auto/cmake)
[0.081s] -- Using PYTHON_EXECUTABLE: /usr/bin/python3
[0.296s] -- Override CMake install command with custom implementation using symlinks instead of copying resources
[0.305s] -- Found ament_cmake_ros: 0.9.2 (/opt/ros/foxy/share/ament_cmake_ros/cmake)
[0.403s] -- Using all available rosidl_typesupport_c: rosidl_typesupport_fastrtps_c;rosidl_typesupport_introspection_c
[0.406s] -- Found rosidl_adapter: 1.2.1 (/opt/ros/foxy/share/rosidl_adapter/cmake)
[0.530s] -- Using all available rosidl_typesupport_cpp: rosidl_typesupport_fastrtps_cpp;rosidl_typesupport_introspection_cpp
[0.584s] -- Found rmw_implementation_cmake: 1.0.3 (/opt/ros/foxy/share/rmw_implementation_cmake/cmake)
[0.586s] -- Using RMW implementation 'rmw_fastrtps_cpp' as default
[0.959s] -- Configuring done
[0.987s] -- Generating done
[0.989s] -- Build files have been written to: /home/incubus/mars_ros2/build/rplidar_ros
[0.995s] Invoked command in '/home/incubus/mars_ros2/build/rplidar_ros' returned '0': CMAKE_PREFIX_PATH=${CMAKE_PREFIX_PATH}:/home/incubus/mars_ros2/install/py_pubsub:/home/incubus/mars_ros2/install/my_package:/opt/ros/foxy /usr/bin/cmake /home/incubus/mars_ros2/src/rplidar_ros2 -DAMENT_CMAKE_SYMLINK_INSTALL=1 -DCMAKE_INSTALL_PREFIX=/home/incubus/mars_ros2/install/rplidar_ros
[0.999s] Invoking command in '/home/incubus/mars_ros2/build/rplidar_ros': CMAKE_PREFIX_PATH=${CMAKE_PREFIX_PATH}:/home/incubus/mars_ros2/install/py_pubsub:/home/incubus/mars_ros2/install/my_package:/opt/ros/foxy /usr/bin/cmake --build /home/incubus/mars_ros2/build/rplidar_ros -- -j4 -l4
[1.075s] [  5%] [32m[1mLinking CXX executable rplidarNodeClient[0m
[1.076s] [ 11%] [32m[1mLinking CXX executable rplidarNode[0m
[1.082s] [ 16%] [32m[1mLinking CXX shared library librplidar_composition_node.so[0m
[1.638s] [ 50%] Built target rplidarNode
[1.692s] [ 83%] Built target rplidar_composition_node
[1.748s] [ 88%] [32m[1mLinking CXX executable rplidar_composition[0m
[1.782s] [ 94%] Built target rplidarNodeClient
[1.941s] [100%] Built target rplidar_composition
[1.954s] Invoked command in '/home/incubus/mars_ros2/build/rplidar_ros' returned '0': CMAKE_PREFIX_PATH=${CMAKE_PREFIX_PATH}:/home/incubus/mars_ros2/install/py_pubsub:/home/incubus/mars_ros2/install/my_package:/opt/ros/foxy /usr/bin/cmake --build /home/incubus/mars_ros2/build/rplidar_ros -- -j4 -l4
[1.992s] Invoking command in '/home/incubus/mars_ros2/build/rplidar_ros': CMAKE_PREFIX_PATH=${CMAKE_PREFIX_PATH}:/home/incubus/mars_ros2/install/py_pubsub:/home/incubus/mars_ros2/install/my_package:/opt/ros/foxy /usr/bin/cmake --install /home/incubus/mars_ros2/build/rplidar_ros
[1.999s] -- Install configuration: ""
[2.000s] -- Execute custom install script
[2.000s] -- Symlinking: /home/incubus/mars_ros2/install/rplidar_ros/lib/rplidar_ros/rplidarNode
[2.009s] -- Symlinking: /home/incubus/mars_ros2/install/rplidar_ros/lib/rplidar_ros/rplidarNodeClient
[2.018s] -- Symlinking: /home/incubus/mars_ros2/install/rplidar_ros/lib/rplidar_ros/rplidar_composition
[2.027s] -- Symlinking: /home/incubus/mars_ros2/install/rplidar_ros/share/rplidar_ros/launch/rplidar.launch.py
[2.036s] -- Symlinking: /home/incubus/mars_ros2/install/rplidar_ros/share/rplidar_ros/launch/rplidar_a3.launch.py
[2.045s] -- Symlinking: /home/incubus/mars_ros2/install/rplidar_ros/share/rplidar_ros/launch/rplidar_s1.launch.py
[2.054s] -- Symlinking: /home/incubus/mars_ros2/install/rplidar_ros/share/rplidar_ros/launch/rplidar_s1_tcp.launch.py
[2.063s] -- Symlinking: /home/incubus/mars_ros2/install/rplidar_ros/share/rplidar_ros/launch/test_rplidar.launch.py
[2.072s] -- Symlinking: /home/incubus/mars_ros2/install/rplidar_ros/share/rplidar_ros/launch/test_rplidar_a3.launch.py
[2.081s] -- Symlinking: /home/incubus/mars_ros2/install/rplidar_ros/share/rplidar_ros/launch/view_rplidar.launch.py
[2.090s] -- Symlinking: /home/incubus/mars_ros2/install/rplidar_ros/share/rplidar_ros/launch/view_rplidar_a3.launch.py
[2.099s] -- Symlinking: /home/incubus/mars_ros2/install/rplidar_ros/share/rplidar_ros/launch/view_rplidar_s1.launch.py
[2.107s] -- Symlinking: /home/incubus/mars_ros2/install/rplidar_ros/share/rplidar_ros/launch/view_rplidar_s1_tcp.launch.py
[2.116s] -- Symlinking: /home/incubus/mars_ros2/install/rplidar_ros/share/rplidar_ros/rviz/rplidar.rviz
[2.125s] -- Symlinking: /home/incubus/mars_ros2/install/rplidar_ros/lib/librplidar_composition_node.so
[2.135s] -- Symlinking: /home/incubus/mars_ros2/install/rplidar_ros/include/rplidar_node.hpp
[2.143s] -- Symlinking: /home/incubus/mars_ros2/install/rplidar_ros/include/visibility.h
[2.153s] -- Up-to-date symlink: /home/incubus/mars_ros2/install/rplidar_ros/lib/rplidar_ros/rplidarNode
[2.153s] -- Up-to-date symlink: /home/incubus/mars_ros2/install/rplidar_ros/lib/rplidar_ros/rplidarNodeClient
[2.154s] -- Up-to-date symlink: /home/incubus/mars_ros2/install/rplidar_ros/lib/rplidar_ros/rplidar_composition
[2.155s] -- Symlinking: /home/incubus/mars_ros2/install/rplidar_ros/share/ament_index/resource_index/package_run_dependencies/rplidar_ros
[2.164s] -- Symlinking: /home/incubus/mars_ros2/install/rplidar_ros/share/ament_index/resource_index/parent_prefix_path/rplidar_ros
[2.172s] -- Symlinking: /home/incubus/mars_ros2/install/rplidar_ros/share/rplidar_ros/environment/ament_prefix_path.sh
[2.181s] -- Symlinking: /home/incubus/mars_ros2/install/rplidar_ros/share/rplidar_ros/environment/ament_prefix_path.dsv
[2.190s] -- Symlinking: /home/incubus/mars_ros2/install/rplidar_ros/share/rplidar_ros/environment/path.sh
[2.200s] -- Symlinking: /home/incubus/mars_ros2/install/rplidar_ros/share/rplidar_ros/environment/path.dsv
[2.211s] -- Symlinking: /home/incubus/mars_ros2/install/rplidar_ros/share/rplidar_ros/local_setup.bash
[2.220s] -- Symlinking: /home/incubus/mars_ros2/install/rplidar_ros/share/rplidar_ros/local_setup.sh
[2.229s] -- Symlinking: /home/incubus/mars_ros2/install/rplidar_ros/share/rplidar_ros/local_setup.zsh
[2.239s] -- Symlinking: /home/incubus/mars_ros2/install/rplidar_ros/share/rplidar_ros/local_setup.dsv
[2.248s] -- Symlinking: /home/incubus/mars_ros2/install/rplidar_ros/share/rplidar_ros/package.dsv
[2.257s] -- Symlinking: /home/incubus/mars_ros2/install/rplidar_ros/share/ament_index/resource_index/packages/rplidar_ros
[2.266s] -- Symlinking: /home/incubus/mars_ros2/install/rplidar_ros/share/rplidar_ros/cmake/ament_cmake_export_dependencies-extras.cmake
[2.275s] -- Symlinking: /home/incubus/mars_ros2/install/rplidar_ros/share/rplidar_ros/cmake/ament_cmake_export_include_directories-extras.cmake
[2.283s] -- Symlinking: /home/incubus/mars_ros2/install/rplidar_ros/share/rplidar_ros/cmake/rplidar_rosConfig.cmake
[2.292s] -- Symlinking: /home/incubus/mars_ros2/install/rplidar_ros/share/rplidar_ros/cmake/rplidar_rosConfig-version.cmake
[2.301s] -- Symlinking: /home/incubus/mars_ros2/install/rplidar_ros/share/rplidar_ros/package.xml
[2.312s] Invoked command in '/home/incubus/mars_ros2/build/rplidar_ros' returned '0': CMAKE_PREFIX_PATH=${CMAKE_PREFIX_PATH}:/home/incubus/mars_ros2/install/py_pubsub:/home/incubus/mars_ros2/install/my_package:/opt/ros/foxy /usr/bin/cmake --install /home/incubus/mars_ros2/build/rplidar_ros
