[1.015s] Invoking command in '/home/incubus/mars_ros2/src/py_pubsub': PYTHONPATH=/home/incubus/mars_ros2/install/py_pubsub/lib/python3.8/site-packages:${PYTHONPATH} /usr/bin/python3 setup.py egg_info --egg-base ../../build/py_pubsub build --build-base /home/incubus/mars_ros2/build/py_pubsub/build install --prefix /home/incubus/mars_ros2/install/py_pubsub --record /home/incubus/mars_ros2/build/py_pubsub/install.log --single-version-externally-managed
[1.258s] running egg_info
[1.259s] creating ../../build/py_pubsub/py_pubsub.egg-info
[1.259s] writing ../../build/py_pubsub/py_pubsub.egg-info/PKG-INFO
[1.259s] writing dependency_links to ../../build/py_pubsub/py_pubsub.egg-info/dependency_links.txt
[1.260s] writing entry points to ../../build/py_pubsub/py_pubsub.egg-info/entry_points.txt
[1.260s] writing requirements to ../../build/py_pubsub/py_pubsub.egg-info/requires.txt
[1.260s] writing top-level names to ../../build/py_pubsub/py_pubsub.egg-info/top_level.txt
[1.261s] writing manifest file '../../build/py_pubsub/py_pubsub.egg-info/SOURCES.txt'
[1.298s] reading manifest file '../../build/py_pubsub/py_pubsub.egg-info/SOURCES.txt'
[1.299s] writing manifest file '../../build/py_pubsub/py_pubsub.egg-info/SOURCES.txt'
[1.299s] running build
[1.300s] running build_py
[1.300s] creating /home/incubus/mars_ros2/build/py_pubsub/build
[1.300s] creating /home/incubus/mars_ros2/build/py_pubsub/build/lib
[1.300s] creating /home/incubus/mars_ros2/build/py_pubsub/build/lib/py_pubsub
[1.300s] copying py_pubsub/__init__.py -> /home/incubus/mars_ros2/build/py_pubsub/build/lib/py_pubsub
[1.300s] running install
[1.301s] running install_lib
[1.302s] creating /home/incubus/mars_ros2/install/py_pubsub/lib/python3.8/site-packages/py_pubsub
[1.302s] copying /home/incubus/mars_ros2/build/py_pubsub/build/lib/py_pubsub/__init__.py -> /home/incubus/mars_ros2/install/py_pubsub/lib/python3.8/site-packages/py_pubsub
[1.302s] byte-compiling /home/incubus/mars_ros2/install/py_pubsub/lib/python3.8/site-packages/py_pubsub/__init__.py to __init__.cpython-38.pyc
[1.303s] running install_data
[1.304s] creating /home/incubus/mars_ros2/install/py_pubsub/share/ament_index
[1.304s] creating /home/incubus/mars_ros2/install/py_pubsub/share/ament_index/resource_index
[1.304s] creating /home/incubus/mars_ros2/install/py_pubsub/share/ament_index/resource_index/packages
[1.305s] copying resource/py_pubsub -> /home/incubus/mars_ros2/install/py_pubsub/share/ament_index/resource_index/packages
[1.305s] copying package.xml -> /home/incubus/mars_ros2/install/py_pubsub/share/py_pubsub
[1.305s] running install_egg_info
[1.306s] Copying ../../build/py_pubsub/py_pubsub.egg-info to /home/incubus/mars_ros2/install/py_pubsub/lib/python3.8/site-packages/py_pubsub-0.0.0-py3.8.egg-info
[1.307s] running install_scripts
[1.327s] writing list of installed files to '/home/incubus/mars_ros2/build/py_pubsub/install.log'
[1.378s] Invoked command in '/home/incubus/mars_ros2/src/py_pubsub' returned '0': PYTHONPATH=/home/incubus/mars_ros2/install/py_pubsub/lib/python3.8/site-packages:${PYTHONPATH} /usr/bin/python3 setup.py egg_info --egg-base ../../build/py_pubsub build --build-base /home/incubus/mars_ros2/build/py_pubsub/build install --prefix /home/incubus/mars_ros2/install/py_pubsub --record /home/incubus/mars_ros2/build/py_pubsub/install.log --single-version-externally-managed
