[0.488s] Invoking command in '/home/incubus/mars_ros2/build/ydlidar': CMAKE_PREFIX_PATH=/opt/ros/foxy /usr/bin/cmake /home/incubus/mars_ros2/src/ydlidar_ros2 -DCMAKE_INSTALL_PREFIX=/home/incubus/mars_ros2/install/ydlidar
[0.550s] -- The C compiler identification is GNU 9.4.0
[0.606s] -- The CXX compiler identification is GNU 9.4.0
[0.612s] -- Check for working C compiler: /usr/bin/cc
[0.683s] -- Check for working C compiler: /usr/bin/cc -- works
[0.684s] -- Detecting C compiler ABI info
[0.756s] -- Detecting C compiler ABI info - done
[0.766s] -- Detecting C compile features
[0.766s] -- Detecting C compile features - done
[0.769s] -- Check for working CXX compiler: /usr/bin/c++
[0.872s] -- Check for working CXX compiler: /usr/bin/c++ -- works
[0.874s] -- Detecting CXX compiler ABI info
[0.994s] -- Detecting CXX compiler ABI info - done
[1.017s] -- Detecting CXX compile features
[1.018s] -- Detecting CXX compile features - done
[1.021s] -- Found ament_cmake: 0.9.9 (/opt/ros/foxy/share/ament_cmake/cmake)
[1.054s] -- Found PythonInterp: /usr/bin/python3 (found suitable version "3.8.10", minimum required is "3") 
[1.054s] -- Using PYTHON_EXECUTABLE: /usr/bin/python3
[1.386s] -- Found rclcpp: 2.4.1 (/opt/ros/foxy/share/rclcpp/cmake)
[1.448s] -- Using all available rosidl_typesupport_c: rosidl_typesupport_fastrtps_c;rosidl_typesupport_introspection_c
[1.458s] -- Found rosidl_adapter: 1.2.1 (/opt/ros/foxy/share/rosidl_adapter/cmake)
[1.552s] -- Found OpenSSL: /usr/lib/x86_64-linux-gnu/libcrypto.so (found version "1.1.1f")  
[1.582s] -- Found FastRTPS: /opt/ros/foxy/include  
[1.668s] -- Using all available rosidl_typesupport_cpp: rosidl_typesupport_fastrtps_cpp;rosidl_typesupport_introspection_cpp
[1.734s] -- Found rmw_implementation_cmake: 1.0.3 (/opt/ros/foxy/share/rmw_implementation_cmake/cmake)
[1.736s] -- Using RMW implementation 'rmw_fastrtps_cpp' as default
[1.737s] -- Looking for pthread.h
[1.808s] -- Looking for pthread.h - found
[1.808s] -- Performing Test CMAKE_HAVE_LIBC_PTHREAD
[1.881s] -- Performing Test CMAKE_HAVE_LIBC_PTHREAD - Failed
[1.881s] -- Looking for pthread_create in pthreads
[1.939s] -- Looking for pthread_create in pthreads - not found
[1.939s] -- Looking for pthread_create in pthread
[2.010s] -- Looking for pthread_create in pthread - found
[2.011s] -- Found Threads: TRUE  
[2.181s] -- Found sensor_msgs: 2.0.5 (/opt/ros/foxy/share/sensor_msgs/cmake)
[2.311s] -- Found visualization_msgs: 2.0.5 (/opt/ros/foxy/share/visualization_msgs/cmake)
[2.394s] -- Found ament_lint_auto: 0.9.6 (/opt/ros/foxy/share/ament_lint_auto/cmake)
[2.474s] -- Added test 'copyright' to check source files copyright and LICENSE
[2.495s] -- Added test 'cppcheck' to perform static code analysis on C / C++ code
[2.496s] -- Configured cppcheck include dirs: /home/incubus/mars_ros2/src/ydlidar_ros2/src;/home/incubus/mars_ros2/src/ydlidar_ros2/sdk/include;/home/incubus/mars_ros2/src/ydlidar_ros2/sdk/src
[2.496s] -- Configured cppcheck exclude dirs and/or files: 
[2.515s] -- Added test 'cpplint' to check C / C++ code against the Google style
[2.515s] -- Configured cpplint exclude dirs and/or files: 
[2.518s] -- Added test 'flake8' to check Python code syntax and style conventions
[2.523s] -- Added test 'lint_cmake' to check CMake code style
[2.526s] -- Added test 'pep257' to check Python code against some of the style conventions in PEP 257
[2.545s] -- Added test 'uncrustify' to check C / C++ code style
[2.545s] -- Configured uncrustify additional arguments: 
[2.548s] -- Added test 'xmllint' to check XML markup files
[2.551s] -- Configuring done
[2.567s] -- Generating done
[2.569s] -- Build files have been written to: /home/incubus/mars_ros2/build/ydlidar
