[2.679s] Invoking command in '/home/incubus/mars_ros2/src/stm': PYTHONPATH=/home/incubus/mars_ros2/src/install/stm/lib/python3.8/site-packages:${PYTHONPATH} /usr/bin/python3 setup.py egg_info --egg-base ../build/stm build --build-base /home/incubus/mars_ros2/src/build/stm/build install --prefix /home/incubus/mars_ros2/src/install/stm --record /home/incubus/mars_ros2/src/build/stm/install.log --single-version-externally-managed
[3.065s] /home/incubus/.local/lib/python3.8/site-packages/setuptools/dist.py:772: UserWarning: Usage of dash-separated 'script-dir' will not be supported in future versions. Please use the underscore name 'script_dir' instead
[3.065s]   warnings.warn(
[3.066s] /home/incubus/.local/lib/python3.8/site-packages/setuptools/dist.py:772: UserWarning: Usage of dash-separated 'install-scripts' will not be supported in future versions. Please use the underscore name 'install_scripts' instead
[3.066s]   warnings.warn(
[3.898s] running egg_info
[3.978s] writing ../build/stm/stm.egg-info/PKG-INFO
[4.044s] writing dependency_links to ../build/stm/stm.egg-info/dependency_links.txt
[4.239s] writing entry points to ../build/stm/stm.egg-info/entry_points.txt
[4.378s] writing requirements to ../build/stm/stm.egg-info/requires.txt
[4.441s] writing top-level names to ../build/stm/stm.egg-info/top_level.txt
[4.571s] reading manifest file '../build/stm/stm.egg-info/SOURCES.txt'
[4.572s] writing manifest file '../build/stm/stm.egg-info/SOURCES.txt'
[4.572s] running build
[4.572s] running build_py
[4.572s] running install
[4.573s] /home/incubus/.local/lib/python3.8/site-packages/setuptools/command/install.py:34: SetuptoolsDeprecationWarning: setup.py install is deprecated. Use build and pip and other standards-based tools.
[4.573s]   warnings.warn(
[4.579s] running install_lib
[4.667s] running install_data
[4.683s] running install_egg_info
[4.768s] removing '/home/incubus/mars_ros2/src/install/stm/lib/python3.8/site-packages/stm-0.0.0-py3.8.egg-info' (and everything under it)
[4.769s] Copying ../build/stm/stm.egg-info to /home/incubus/mars_ros2/src/install/stm/lib/python3.8/site-packages/stm-0.0.0-py3.8.egg-info
[4.770s] running install_scripts
[4.925s] Installing ToStm script to /home/incubus/mars_ros2/src/install/stm/lib/stm
[4.926s] writing list of installed files to '/home/incubus/mars_ros2/src/build/stm/install.log'
[4.994s] Invoked command in '/home/incubus/mars_ros2/src/stm' returned '0': PYTHONPATH=/home/incubus/mars_ros2/src/install/stm/lib/python3.8/site-packages:${PYTHONPATH} /usr/bin/python3 setup.py egg_info --egg-base ../build/stm build --build-base /home/incubus/mars_ros2/src/build/stm/build install --prefix /home/incubus/mars_ros2/src/install/stm --record /home/incubus/mars_ros2/src/build/stm/install.log --single-version-externally-managed
