running egg_info
creating ../../build/keyboard/keyboard.egg-info
writing ../../build/keyboard/keyboard.egg-info/PKG-INFO
writing dependency_links to ../../build/keyboard/keyboard.egg-info/dependency_links.txt
writing entry points to ../../build/keyboard/keyboard.egg-info/entry_points.txt
writing requirements to ../../build/keyboard/keyboard.egg-info/requires.txt
writing top-level names to ../../build/keyboard/keyboard.egg-info/top_level.txt
writing manifest file '../../build/keyboard/keyboard.egg-info/SOURCES.txt'
reading manifest file '../../build/keyboard/keyboard.egg-info/SOURCES.txt'
writing manifest file '../../build/keyboard/keyboard.egg-info/SOURCES.txt'
running build
running build_py
creating /home/incubus/mars_ros2/build/keyboard/build
creating /home/incubus/mars_ros2/build/keyboard/build/lib
creating /home/incubus/mars_ros2/build/keyboard/build/lib/keyboard
copying keyboard/__init__.py -> /home/incubus/mars_ros2/build/keyboard/build/lib/keyboard
copying keyboard/move.py -> /home/incubus/mars_ros2/build/keyboard/build/lib/keyboard
running install
running install_lib
creating /home/incubus/mars_ros2/install/keyboard/lib/python3.8/site-packages/keyboard
copying /home/incubus/mars_ros2/build/keyboard/build/lib/keyboard/__init__.py -> /home/incubus/mars_ros2/install/keyboard/lib/python3.8/site-packages/keyboard
copying /home/incubus/mars_ros2/build/keyboard/build/lib/keyboard/move.py -> /home/incubus/mars_ros2/install/keyboard/lib/python3.8/site-packages/keyboard
byte-compiling /home/incubus/mars_ros2/install/keyboard/lib/python3.8/site-packages/keyboard/__init__.py to __init__.cpython-38.pyc
byte-compiling /home/incubus/mars_ros2/install/keyboard/lib/python3.8/site-packages/keyboard/move.py to move.cpython-38.pyc
running install_data
creating /home/incubus/mars_ros2/install/keyboard/share/ament_index
creating /home/incubus/mars_ros2/install/keyboard/share/ament_index/resource_index
creating /home/incubus/mars_ros2/install/keyboard/share/ament_index/resource_index/packages
copying resource/keyboard -> /home/incubus/mars_ros2/install/keyboard/share/ament_index/resource_index/packages
copying package.xml -> /home/incubus/mars_ros2/install/keyboard/share/keyboard
running install_egg_info
Copying ../../build/keyboard/keyboard.egg-info to /home/incubus/mars_ros2/install/keyboard/lib/python3.8/site-packages/keyboard-0.0.0-py3.8.egg-info
running install_scripts
Installing move script to /home/incubus/mars_ros2/install/keyboard/lib/keyboard
writing list of installed files to '/home/incubus/mars_ros2/build/keyboard/install.log'
