running egg_info
writing ../../build/keyboard/keyboard.egg-info/PKG-INFO
writing dependency_links to ../../build/keyboard/keyboard.egg-info/dependency_links.txt
writing entry points to ../../build/keyboard/keyboard.egg-info/entry_points.txt
writing requirements to ../../build/keyboard/keyboard.egg-info/requires.txt
writing top-level names to ../../build/keyboard/keyboard.egg-info/top_level.txt
reading manifest file '../../build/keyboard/keyboard.egg-info/SOURCES.txt'
writing manifest file '../../build/keyboard/keyboard.egg-info/SOURCES.txt'
running build
running build_py
copying keyboard/move.py -> /home/incubus/mars_ros2/build/keyboard/build/lib/keyboard
running install
running install_lib
copying /home/incubus/mars_ros2/build/keyboard/build/lib/keyboard/move.py -> /home/incubus/mars_ros2/install/keyboard/lib/python3.8/site-packages/keyboard
byte-compiling /home/incubus/mars_ros2/install/keyboard/lib/python3.8/site-packages/keyboard/move.py to move.cpython-38.pyc
running install_data
running install_egg_info
removing '/home/incubus/mars_ros2/install/keyboard/lib/python3.8/site-packages/keyboard-0.0.0-py3.8.egg-info' (and everything under it)
Copying ../../build/keyboard/keyboard.egg-info to /home/incubus/mars_ros2/install/keyboard/lib/python3.8/site-packages/keyboard-0.0.0-py3.8.egg-info
running install_scripts
Installing move script to /home/incubus/mars_ros2/install/keyboard/lib/keyboard
writing list of installed files to '/home/incubus/mars_ros2/build/keyboard/install.log'
