[0.391s] DEBUG:colcon:Command line arguments: ['/usr/bin/colcon', 'build']
[0.391s] DEBUG:colcon:Parsed command line arguments: Namespace(allow_overriding=[], ament_cmake_args=None, base_paths=['.'], build_base='build', catkin_cmake_args=None, catkin_skip_building_tests=False, cmake_args=None, cmake_clean_cache=False, cmake_clean_first=False, cmake_force_configure=False, cmake_target=None, cmake_target_skip_unavailable=False, continue_on_error=False, event_handlers=None, executor='parallel', ignore_user_meta=False, install_base='install', log_base=None, log_level=None, main=<bound method BuildVerb.main of <colcon_core.verb.build.BuildVerb object at 0x7fdedd731340>>, merge_install=False, metas=['./colcon.meta'], packages_above=None, packages_above_and_dependencies=None, packages_above_depth=None, packages_end=None, packages_ignore=None, packages_ignore_regex=None, packages_select=None, packages_select_build_failed=False, packages_select_by_dep=None, packages_select_regex=None, packages_select_test_failures=False, packages_skip=None, packages_skip_build_finished=False, packages_skip_by_dep=None, packages_skip_regex=None, packages_skip_test_passed=False, packages_skip_up_to=None, packages_start=None, packages_up_to=None, packages_up_to_regex=None, parallel_workers=4, paths=None, symlink_install=False, test_result_base=None, verb_extension=<colcon_core.verb.build.BuildVerb object at 0x7fdedd731340>, verb_name='build', verb_parser=<colcon_defaults.argument_parser.defaults.DefaultArgumentsDecorator object at 0x7fdedd6e9be0>)
[0.461s] Level 1:colcon.colcon_core.package_discovery:discover_packages(colcon_meta) check parameters
[0.461s] Level 1:colcon.colcon_core.package_discovery:discover_packages(recursive) check parameters
[0.461s] Level 1:colcon.colcon_core.package_discovery:discover_packages(ignore) check parameters
[0.461s] Level 1:colcon.colcon_core.package_discovery:discover_packages(path) check parameters
[0.462s] Level 1:colcon.colcon_core.package_discovery:discover_packages(colcon_meta) discover
[0.462s] Level 1:colcon.colcon_core.package_discovery:discover_packages(recursive) discover
[0.462s] INFO:colcon.colcon_core.package_discovery:Crawling recursively for packages in '/home/incubus/mars_ros2/src'
[0.462s] Level 1:colcon.colcon_core.package_identification:_identify(.) by extensions ['ignore', 'ignore_ament_install']
[0.462s] Level 1:colcon.colcon_core.package_identification:_identify(.) by extension 'ignore'
[0.462s] Level 1:colcon.colcon_core.package_identification:_identify(.) by extension 'ignore_ament_install'
[0.462s] Level 1:colcon.colcon_core.package_identification:_identify(.) by extensions ['colcon_pkg']
[0.462s] Level 1:colcon.colcon_core.package_identification:_identify(.) by extension 'colcon_pkg'
[0.462s] Level 1:colcon.colcon_core.package_identification:_identify(.) by extensions ['colcon_meta']
[0.462s] Level 1:colcon.colcon_core.package_identification:_identify(.) by extension 'colcon_meta'
[0.462s] Level 1:colcon.colcon_core.package_identification:_identify(.) by extensions ['ros']
[0.462s] Level 1:colcon.colcon_core.package_identification:_identify(.) by extension 'ros'
[0.484s] Level 1:colcon.colcon_core.package_identification:_identify(.) by extensions ['cmake', 'python']
[0.484s] Level 1:colcon.colcon_core.package_identification:_identify(.) by extension 'cmake'
[0.484s] Level 1:colcon.colcon_core.package_identification:_identify(.) by extension 'python'
[0.484s] Level 1:colcon.colcon_core.package_identification:_identify(.) by extensions ['python_setup_py']
[0.484s] Level 1:colcon.colcon_core.package_identification:_identify(.) by extension 'python_setup_py'
[0.484s] Level 1:colcon.colcon_core.package_identification:_identify(Delta_2A_ros) by extensions ['ignore', 'ignore_ament_install']
[0.484s] Level 1:colcon.colcon_core.package_identification:_identify(Delta_2A_ros) by extension 'ignore'
[0.484s] Level 1:colcon.colcon_core.package_identification:_identify(Delta_2A_ros) by extension 'ignore_ament_install'
[0.484s] Level 1:colcon.colcon_core.package_identification:_identify(Delta_2A_ros) by extensions ['colcon_pkg']
[0.484s] Level 1:colcon.colcon_core.package_identification:_identify(Delta_2A_ros) by extension 'colcon_pkg'
[0.484s] Level 1:colcon.colcon_core.package_identification:_identify(Delta_2A_ros) by extensions ['colcon_meta']
[0.484s] Level 1:colcon.colcon_core.package_identification:_identify(Delta_2A_ros) by extension 'colcon_meta'
[0.484s] Level 1:colcon.colcon_core.package_identification:_identify(Delta_2A_ros) by extensions ['ros']
[0.484s] Level 1:colcon.colcon_core.package_identification:_identify(Delta_2A_ros) by extension 'ros'
[0.487s] DEBUG:colcon.colcon_core.package_identification:Package 'Delta_2A_ros' with type 'ros.ament_cmake' and name 'delta_lidar'
[0.487s] Level 1:colcon.colcon_core.package_identification:_identify(Manipul) by extensions ['ignore', 'ignore_ament_install']
[0.488s] Level 1:colcon.colcon_core.package_identification:_identify(Manipul) by extension 'ignore'
[0.488s] Level 1:colcon.colcon_core.package_identification:_identify(Manipul) by extension 'ignore_ament_install'
[0.488s] Level 1:colcon.colcon_core.package_identification:_identify(Manipul) by extensions ['colcon_pkg']
[0.488s] Level 1:colcon.colcon_core.package_identification:_identify(Manipul) by extension 'colcon_pkg'
[0.488s] Level 1:colcon.colcon_core.package_identification:_identify(Manipul) by extensions ['colcon_meta']
[0.488s] Level 1:colcon.colcon_core.package_identification:_identify(Manipul) by extension 'colcon_meta'
[0.488s] Level 1:colcon.colcon_core.package_identification:_identify(Manipul) by extensions ['ros']
[0.488s] Level 1:colcon.colcon_core.package_identification:_identify(Manipul) by extension 'ros'
[0.489s] DEBUG:colcon.colcon_core.package_identification:Package 'Manipul' with type 'ros.ament_python' and name 'Manipul'
[0.489s] Level 1:colcon.colcon_core.package_identification:_identify(Webserver) by extensions ['ignore', 'ignore_ament_install']
[0.489s] Level 1:colcon.colcon_core.package_identification:_identify(Webserver) by extension 'ignore'
[0.489s] Level 1:colcon.colcon_core.package_identification:_identify(Webserver) by extension 'ignore_ament_install'
[0.489s] Level 1:colcon.colcon_core.package_identification:_identify(Webserver) by extensions ['colcon_pkg']
[0.490s] Level 1:colcon.colcon_core.package_identification:_identify(Webserver) by extension 'colcon_pkg'
[0.490s] Level 1:colcon.colcon_core.package_identification:_identify(Webserver) by extensions ['colcon_meta']
[0.490s] Level 1:colcon.colcon_core.package_identification:_identify(Webserver) by extension 'colcon_meta'
[0.490s] Level 1:colcon.colcon_core.package_identification:_identify(Webserver) by extensions ['ros']
[0.490s] Level 1:colcon.colcon_core.package_identification:_identify(Webserver) by extension 'ros'
[0.491s] DEBUG:colcon.colcon_core.package_identification:Package 'Webserver' with type 'ros.ament_python' and name 'Webserver'
[0.492s] Level 1:colcon.colcon_core.package_identification:_identify(build) by extensions ['ignore', 'ignore_ament_install']
[0.492s] Level 1:colcon.colcon_core.package_identification:_identify(build) by extension 'ignore'
[0.492s] Level 1:colcon.colcon_core.package_identification:_identify(build) ignored
[0.492s] Level 1:colcon.colcon_core.package_identification:_identify(gamepad) by extensions ['ignore', 'ignore_ament_install']
[0.492s] Level 1:colcon.colcon_core.package_identification:_identify(gamepad) by extension 'ignore'
[0.492s] Level 1:colcon.colcon_core.package_identification:_identify(gamepad) by extension 'ignore_ament_install'
[0.492s] Level 1:colcon.colcon_core.package_identification:_identify(gamepad) by extensions ['colcon_pkg']
[0.492s] Level 1:colcon.colcon_core.package_identification:_identify(gamepad) by extension 'colcon_pkg'
[0.492s] Level 1:colcon.colcon_core.package_identification:_identify(gamepad) by extensions ['colcon_meta']
[0.492s] Level 1:colcon.colcon_core.package_identification:_identify(gamepad) by extension 'colcon_meta'
[0.492s] Level 1:colcon.colcon_core.package_identification:_identify(gamepad) by extensions ['ros']
[0.492s] Level 1:colcon.colcon_core.package_identification:_identify(gamepad) by extension 'ros'
[0.493s] DEBUG:colcon.colcon_core.package_identification:Package 'gamepad' with type 'ros.ament_python' and name 'gamepad'
[0.493s] Level 1:colcon.colcon_core.package_identification:_identify(install) by extensions ['ignore', 'ignore_ament_install']
[0.493s] Level 1:colcon.colcon_core.package_identification:_identify(install) by extension 'ignore'
[0.493s] Level 1:colcon.colcon_core.package_identification:_identify(install) ignored
[0.493s] Level 1:colcon.colcon_core.package_identification:_identify(keyboard) by extensions ['ignore', 'ignore_ament_install']
[0.493s] Level 1:colcon.colcon_core.package_identification:_identify(keyboard) by extension 'ignore'
[0.493s] Level 1:colcon.colcon_core.package_identification:_identify(keyboard) by extension 'ignore_ament_install'
[0.494s] Level 1:colcon.colcon_core.package_identification:_identify(keyboard) by extensions ['colcon_pkg']
[0.494s] Level 1:colcon.colcon_core.package_identification:_identify(keyboard) by extension 'colcon_pkg'
[0.494s] Level 1:colcon.colcon_core.package_identification:_identify(keyboard) by extensions ['colcon_meta']
[0.494s] Level 1:colcon.colcon_core.package_identification:_identify(keyboard) by extension 'colcon_meta'
[0.494s] Level 1:colcon.colcon_core.package_identification:_identify(keyboard) by extensions ['ros']
[0.494s] Level 1:colcon.colcon_core.package_identification:_identify(keyboard) by extension 'ros'
[0.494s] DEBUG:colcon.colcon_core.package_identification:Package 'keyboard' with type 'ros.ament_python' and name 'keyboard'
[0.494s] Level 1:colcon.colcon_core.package_identification:_identify(log) by extensions ['ignore', 'ignore_ament_install']
[0.495s] Level 1:colcon.colcon_core.package_identification:_identify(log) by extension 'ignore'
[0.495s] Level 1:colcon.colcon_core.package_identification:_identify(log) ignored
[0.495s] Level 1:colcon.colcon_core.package_identification:_identify(stm) by extensions ['ignore', 'ignore_ament_install']
[0.495s] Level 1:colcon.colcon_core.package_identification:_identify(stm) by extension 'ignore'
[0.495s] Level 1:colcon.colcon_core.package_identification:_identify(stm) by extension 'ignore_ament_install'
[0.495s] Level 1:colcon.colcon_core.package_identification:_identify(stm) by extensions ['colcon_pkg']
[0.495s] Level 1:colcon.colcon_core.package_identification:_identify(stm) by extension 'colcon_pkg'
[0.495s] Level 1:colcon.colcon_core.package_identification:_identify(stm) by extensions ['colcon_meta']
[0.495s] Level 1:colcon.colcon_core.package_identification:_identify(stm) by extension 'colcon_meta'
[0.495s] Level 1:colcon.colcon_core.package_identification:_identify(stm) by extensions ['ros']
[0.495s] Level 1:colcon.colcon_core.package_identification:_identify(stm) by extension 'ros'
[0.496s] DEBUG:colcon.colcon_core.package_identification:Package 'stm' with type 'ros.ament_python' and name 'stm'
[0.496s] Level 1:colcon.colcon_core.package_discovery:discover_packages(recursive) using defaults
[0.496s] Level 1:colcon.colcon_core.package_discovery:discover_packages(ignore) discover
[0.496s] Level 1:colcon.colcon_core.package_discovery:discover_packages(ignore) using defaults
[0.496s] Level 1:colcon.colcon_core.package_discovery:discover_packages(path) discover
[0.496s] Level 1:colcon.colcon_core.package_discovery:discover_packages(path) using defaults
[0.521s] Level 1:colcon.colcon_core.package_discovery:discover_packages(prefix_path) check parameters
[0.521s] Level 1:colcon.colcon_core.package_discovery:discover_packages(prefix_path) discover
[0.525s] DEBUG:colcon.colcon_installed_package_information.package_discovery:Found 6 installed packages in /home/incubus/mars_ros2/src/install
[0.526s] DEBUG:colcon.colcon_installed_package_information.package_discovery:Found 9 installed packages in /home/incubus/mars_ros2/install
[0.529s] DEBUG:colcon.colcon_installed_package_information.package_discovery:Found 256 installed packages in /opt/ros/foxy
[0.530s] Level 1:colcon.colcon_core.package_discovery:discover_packages(prefix_path) using defaults
[0.618s] Level 5:colcon.colcon_core.verb:set package 'Manipul' build argument 'cmake_args' from command line to 'None'
[0.619s] Level 5:colcon.colcon_core.verb:set package 'Manipul' build argument 'cmake_target' from command line to 'None'
[0.619s] Level 5:colcon.colcon_core.verb:set package 'Manipul' build argument 'cmake_target_skip_unavailable' from command line to 'False'
[0.619s] Level 5:colcon.colcon_core.verb:set package 'Manipul' build argument 'cmake_clean_cache' from command line to 'False'
[0.619s] Level 5:colcon.colcon_core.verb:set package 'Manipul' build argument 'cmake_clean_first' from command line to 'False'
[0.619s] Level 5:colcon.colcon_core.verb:set package 'Manipul' build argument 'cmake_force_configure' from command line to 'False'
[0.619s] Level 5:colcon.colcon_core.verb:set package 'Manipul' build argument 'ament_cmake_args' from command line to 'None'
[0.619s] Level 5:colcon.colcon_core.verb:set package 'Manipul' build argument 'catkin_cmake_args' from command line to 'None'
[0.619s] Level 5:colcon.colcon_core.verb:set package 'Manipul' build argument 'catkin_skip_building_tests' from command line to 'False'
[0.619s] DEBUG:colcon.colcon_core.verb:Building package 'Manipul' with the following arguments: {'ament_cmake_args': None, 'build_base': '/home/incubus/mars_ros2/src/build/Manipul', 'catkin_cmake_args': None, 'catkin_skip_building_tests': False, 'cmake_args': None, 'cmake_clean_cache': False, 'cmake_clean_first': False, 'cmake_force_configure': False, 'cmake_target': None, 'cmake_target_skip_unavailable': False, 'install_base': '/home/incubus/mars_ros2/src/install/Manipul', 'merge_install': False, 'path': '/home/incubus/mars_ros2/src/Manipul', 'symlink_install': False, 'test_result_base': None}
[0.620s] Level 5:colcon.colcon_core.verb:set package 'Webserver' build argument 'cmake_args' from command line to 'None'
[0.620s] Level 5:colcon.colcon_core.verb:set package 'Webserver' build argument 'cmake_target' from command line to 'None'
[0.620s] Level 5:colcon.colcon_core.verb:set package 'Webserver' build argument 'cmake_target_skip_unavailable' from command line to 'False'
[0.620s] Level 5:colcon.colcon_core.verb:set package 'Webserver' build argument 'cmake_clean_cache' from command line to 'False'
[0.620s] Level 5:colcon.colcon_core.verb:set package 'Webserver' build argument 'cmake_clean_first' from command line to 'False'
[0.620s] Level 5:colcon.colcon_core.verb:set package 'Webserver' build argument 'cmake_force_configure' from command line to 'False'
[0.620s] Level 5:colcon.colcon_core.verb:set package 'Webserver' build argument 'ament_cmake_args' from command line to 'None'
[0.620s] Level 5:colcon.colcon_core.verb:set package 'Webserver' build argument 'catkin_cmake_args' from command line to 'None'
[0.620s] Level 5:colcon.colcon_core.verb:set package 'Webserver' build argument 'catkin_skip_building_tests' from command line to 'False'
[0.620s] DEBUG:colcon.colcon_core.verb:Building package 'Webserver' with the following arguments: {'ament_cmake_args': None, 'build_base': '/home/incubus/mars_ros2/src/build/Webserver', 'catkin_cmake_args': None, 'catkin_skip_building_tests': False, 'cmake_args': None, 'cmake_clean_cache': False, 'cmake_clean_first': False, 'cmake_force_configure': False, 'cmake_target': None, 'cmake_target_skip_unavailable': False, 'install_base': '/home/incubus/mars_ros2/src/install/Webserver', 'merge_install': False, 'path': '/home/incubus/mars_ros2/src/Webserver', 'symlink_install': False, 'test_result_base': None}
[0.621s] Level 5:colcon.colcon_core.verb:set package 'delta_lidar' build argument 'cmake_args' from command line to 'None'
[0.621s] Level 5:colcon.colcon_core.verb:set package 'delta_lidar' build argument 'cmake_target' from command line to 'None'
[0.621s] Level 5:colcon.colcon_core.verb:set package 'delta_lidar' build argument 'cmake_target_skip_unavailable' from command line to 'False'
[0.621s] Level 5:colcon.colcon_core.verb:set package 'delta_lidar' build argument 'cmake_clean_cache' from command line to 'False'
[0.621s] Level 5:colcon.colcon_core.verb:set package 'delta_lidar' build argument 'cmake_clean_first' from command line to 'False'
[0.621s] Level 5:colcon.colcon_core.verb:set package 'delta_lidar' build argument 'cmake_force_configure' from command line to 'False'
[0.621s] Level 5:colcon.colcon_core.verb:set package 'delta_lidar' build argument 'ament_cmake_args' from command line to 'None'
[0.621s] Level 5:colcon.colcon_core.verb:set package 'delta_lidar' build argument 'catkin_cmake_args' from command line to 'None'
[0.621s] Level 5:colcon.colcon_core.verb:set package 'delta_lidar' build argument 'catkin_skip_building_tests' from command line to 'False'
[0.621s] DEBUG:colcon.colcon_core.verb:Building package 'delta_lidar' with the following arguments: {'ament_cmake_args': None, 'build_base': '/home/incubus/mars_ros2/src/build/delta_lidar', 'catkin_cmake_args': None, 'catkin_skip_building_tests': False, 'cmake_args': None, 'cmake_clean_cache': False, 'cmake_clean_first': False, 'cmake_force_configure': False, 'cmake_target': None, 'cmake_target_skip_unavailable': False, 'install_base': '/home/incubus/mars_ros2/src/install/delta_lidar', 'merge_install': False, 'path': '/home/incubus/mars_ros2/src/Delta_2A_ros', 'symlink_install': False, 'test_result_base': None}
[0.624s] Level 5:colcon.colcon_core.verb:set package 'gamepad' build argument 'cmake_args' from command line to 'None'
[0.624s] Level 5:colcon.colcon_core.verb:set package 'gamepad' build argument 'cmake_target' from command line to 'None'
[0.624s] Level 5:colcon.colcon_core.verb:set package 'gamepad' build argument 'cmake_target_skip_unavailable' from command line to 'False'
[0.624s] Level 5:colcon.colcon_core.verb:set package 'gamepad' build argument 'cmake_clean_cache' from command line to 'False'
[0.624s] Level 5:colcon.colcon_core.verb:set package 'gamepad' build argument 'cmake_clean_first' from command line to 'False'
[0.624s] Level 5:colcon.colcon_core.verb:set package 'gamepad' build argument 'cmake_force_configure' from command line to 'False'
[0.624s] Level 5:colcon.colcon_core.verb:set package 'gamepad' build argument 'ament_cmake_args' from command line to 'None'
[0.624s] Level 5:colcon.colcon_core.verb:set package 'gamepad' build argument 'catkin_cmake_args' from command line to 'None'
[0.624s] Level 5:colcon.colcon_core.verb:set package 'gamepad' build argument 'catkin_skip_building_tests' from command line to 'False'
[0.624s] DEBUG:colcon.colcon_core.verb:Building package 'gamepad' with the following arguments: {'ament_cmake_args': None, 'build_base': '/home/incubus/mars_ros2/src/build/gamepad', 'catkin_cmake_args': None, 'catkin_skip_building_tests': False, 'cmake_args': None, 'cmake_clean_cache': False, 'cmake_clean_first': False, 'cmake_force_configure': False, 'cmake_target': None, 'cmake_target_skip_unavailable': False, 'install_base': '/home/incubus/mars_ros2/src/install/gamepad', 'merge_install': False, 'path': '/home/incubus/mars_ros2/src/gamepad', 'symlink_install': False, 'test_result_base': None}
[0.625s] Level 5:colcon.colcon_core.verb:set package 'keyboard' build argument 'cmake_args' from command line to 'None'
[0.625s] Level 5:colcon.colcon_core.verb:set package 'keyboard' build argument 'cmake_target' from command line to 'None'
[0.625s] Level 5:colcon.colcon_core.verb:set package 'keyboard' build argument 'cmake_target_skip_unavailable' from command line to 'False'
[0.625s] Level 5:colcon.colcon_core.verb:set package 'keyboard' build argument 'cmake_clean_cache' from command line to 'False'
[0.625s] Level 5:colcon.colcon_core.verb:set package 'keyboard' build argument 'cmake_clean_first' from command line to 'False'
[0.625s] Level 5:colcon.colcon_core.verb:set package 'keyboard' build argument 'cmake_force_configure' from command line to 'False'
[0.625s] Level 5:colcon.colcon_core.verb:set package 'keyboard' build argument 'ament_cmake_args' from command line to 'None'
[0.625s] Level 5:colcon.colcon_core.verb:set package 'keyboard' build argument 'catkin_cmake_args' from command line to 'None'
[0.626s] Level 5:colcon.colcon_core.verb:set package 'keyboard' build argument 'catkin_skip_building_tests' from command line to 'False'
[0.626s] DEBUG:colcon.colcon_core.verb:Building package 'keyboard' with the following arguments: {'ament_cmake_args': None, 'build_base': '/home/incubus/mars_ros2/src/build/keyboard', 'catkin_cmake_args': None, 'catkin_skip_building_tests': False, 'cmake_args': None, 'cmake_clean_cache': False, 'cmake_clean_first': False, 'cmake_force_configure': False, 'cmake_target': None, 'cmake_target_skip_unavailable': False, 'install_base': '/home/incubus/mars_ros2/src/install/keyboard', 'merge_install': False, 'path': '/home/incubus/mars_ros2/src/keyboard', 'symlink_install': False, 'test_result_base': None}
[0.626s] Level 5:colcon.colcon_core.verb:set package 'stm' build argument 'cmake_args' from command line to 'None'
[0.626s] Level 5:colcon.colcon_core.verb:set package 'stm' build argument 'cmake_target' from command line to 'None'
[0.626s] Level 5:colcon.colcon_core.verb:set package 'stm' build argument 'cmake_target_skip_unavailable' from command line to 'False'
[0.627s] Level 5:colcon.colcon_core.verb:set package 'stm' build argument 'cmake_clean_cache' from command line to 'False'
[0.627s] Level 5:colcon.colcon_core.verb:set package 'stm' build argument 'cmake_clean_first' from command line to 'False'
[0.627s] Level 5:colcon.colcon_core.verb:set package 'stm' build argument 'cmake_force_configure' from command line to 'False'
[0.627s] Level 5:colcon.colcon_core.verb:set package 'stm' build argument 'ament_cmake_args' from command line to 'None'
[0.627s] Level 5:colcon.colcon_core.verb:set package 'stm' build argument 'catkin_cmake_args' from command line to 'None'
[0.627s] Level 5:colcon.colcon_core.verb:set package 'stm' build argument 'catkin_skip_building_tests' from command line to 'False'
[0.627s] DEBUG:colcon.colcon_core.verb:Building package 'stm' with the following arguments: {'ament_cmake_args': None, 'build_base': '/home/incubus/mars_ros2/src/build/stm', 'catkin_cmake_args': None, 'catkin_skip_building_tests': False, 'cmake_args': None, 'cmake_clean_cache': False, 'cmake_clean_first': False, 'cmake_force_configure': False, 'cmake_target': None, 'cmake_target_skip_unavailable': False, 'install_base': '/home/incubus/mars_ros2/src/install/stm', 'merge_install': False, 'path': '/home/incubus/mars_ros2/src/stm', 'symlink_install': False, 'test_result_base': None}
[0.627s] INFO:colcon.colcon_core.executor:Executing jobs using 'parallel' executor
[0.629s] DEBUG:colcon.colcon_parallel_executor.executor.parallel:run_until_complete
[0.630s] INFO:colcon.colcon_ros.task.ament_python.build:Building ROS package in '/home/incubus/mars_ros2/src/Manipul' with build type 'ament_python'
[0.630s] Level 1:colcon.colcon_core.shell:create_environment_hook('Manipul', 'ament_prefix_path')
[0.635s] INFO:colcon.colcon_core.plugin_system:Skipping extension 'colcon_core.shell.bat': Not used on non-Windows systems
[0.635s] INFO:colcon.colcon_core.shell:Creating environment hook '/home/incubus/mars_ros2/src/install/Manipul/share/Manipul/hook/ament_prefix_path.ps1'
[0.636s] INFO:colcon.colcon_core.shell:Creating environment descriptor '/home/incubus/mars_ros2/src/install/Manipul/share/Manipul/hook/ament_prefix_path.dsv'
[0.636s] INFO:colcon.colcon_core.shell:Creating environment hook '/home/incubus/mars_ros2/src/install/Manipul/share/Manipul/hook/ament_prefix_path.sh'
[0.637s] INFO:colcon.colcon_core.shell:Skip shell extension 'powershell' for command environment: Not usable outside of PowerShell
[0.637s] DEBUG:colcon.colcon_core.shell:Skip shell extension 'dsv' for command environment
[0.645s] INFO:colcon.colcon_ros.task.ament_python.build:Building ROS package in '/home/incubus/mars_ros2/src/Webserver' with build type 'ament_python'
[0.646s] Level 1:colcon.colcon_core.shell:create_environment_hook('Webserver', 'ament_prefix_path')
[0.647s] INFO:colcon.colcon_core.shell:Creating environment hook '/home/incubus/mars_ros2/src/install/Webserver/share/Webserver/hook/ament_prefix_path.ps1'
[0.648s] INFO:colcon.colcon_core.shell:Creating environment descriptor '/home/incubus/mars_ros2/src/install/Webserver/share/Webserver/hook/ament_prefix_path.dsv'
[0.649s] INFO:colcon.colcon_core.shell:Creating environment hook '/home/incubus/mars_ros2/src/install/Webserver/share/Webserver/hook/ament_prefix_path.sh'
[0.649s] INFO:colcon.colcon_core.shell:Skip shell extension 'powershell' for command environment: Not usable outside of PowerShell
[0.649s] DEBUG:colcon.colcon_core.shell:Skip shell extension 'dsv' for command environment
[0.656s] INFO:colcon.colcon_ros.task.ament_cmake.build:Building ROS package in '/home/incubus/mars_ros2/src/Delta_2A_ros' with build type 'ament_cmake'
[0.657s] INFO:colcon.colcon_cmake.task.cmake.build:Building CMake package in '/home/incubus/mars_ros2/src/Delta_2A_ros'
[0.658s] INFO:colcon.colcon_core.shell:Skip shell extension 'powershell' for command environment: Not usable outside of PowerShell
[0.658s] DEBUG:colcon.colcon_core.shell:Skip shell extension 'dsv' for command environment
[0.667s] INFO:colcon.colcon_ros.task.ament_python.build:Building ROS package in '/home/incubus/mars_ros2/src/gamepad' with build type 'ament_python'
[0.667s] Level 1:colcon.colcon_core.shell:create_environment_hook('gamepad', 'ament_prefix_path')
[0.668s] INFO:colcon.colcon_core.shell:Creating environment hook '/home/incubus/mars_ros2/src/install/gamepad/share/gamepad/hook/ament_prefix_path.ps1'
[0.669s] INFO:colcon.colcon_core.shell:Creating environment descriptor '/home/incubus/mars_ros2/src/install/gamepad/share/gamepad/hook/ament_prefix_path.dsv'
[0.669s] INFO:colcon.colcon_core.shell:Creating environment hook '/home/incubus/mars_ros2/src/install/gamepad/share/gamepad/hook/ament_prefix_path.sh'
[0.670s] INFO:colcon.colcon_core.shell:Skip shell extension 'powershell' for command environment: Not usable outside of PowerShell
[0.670s] DEBUG:colcon.colcon_core.shell:Skip shell extension 'dsv' for command environment
[1.713s] INFO:colcon.colcon_core.task.python.build:Building Python package in '/home/incubus/mars_ros2/src/Manipul'
[1.714s] INFO:colcon.colcon_core.shell:Skip shell extension 'powershell' for command environment: Not usable outside of PowerShell
[1.714s] DEBUG:colcon.colcon_core.shell:Skip shell extension 'dsv' for command environment
[2.756s] INFO:colcon.colcon_core.task.python.build:Building Python package in '/home/incubus/mars_ros2/src/Webserver'
[2.757s] INFO:colcon.colcon_core.shell:Skip shell extension 'powershell' for command environment: Not usable outside of PowerShell
[2.757s] DEBUG:colcon.colcon_core.shell:Skip shell extension 'dsv' for command environment
[2.769s] DEBUG:colcon.colcon_core.event_handler.log_command:Invoking command in '/home/incubus/mars_ros2/src/build/delta_lidar': CMAKE_PREFIX_PATH=${CMAKE_PREFIX_PATH}:/home/incubus/mars_ros2/src/install/stm:/home/incubus/mars_ros2/src/install/keyboard:/home/incubus/mars_ros2/src/install/gamepad:/home/incubus/mars_ros2/src/install/Webserver:/home/incubus/mars_ros2/src/install/Manipul:/home/incubus/mars_ros2/install/stm:/home/incubus/mars_ros2/install/py_pubsub:/home/incubus/mars_ros2/install/my_package:/home/incubus/mars_ros2/install/keyboard:/home/incubus/mars_ros2/install/Webserver:/home/incubus/mars_ros2/install/Manipul:/opt/ros/foxy /usr/bin/cmake --build /home/incubus/mars_ros2/src/build/delta_lidar -- -j4 -l4
[4.040s] INFO:colcon.colcon_core.task.python.build:Building Python package in '/home/incubus/mars_ros2/src/gamepad'
[4.041s] INFO:colcon.colcon_core.shell:Skip shell extension 'powershell' for command environment: Not usable outside of PowerShell
[4.041s] DEBUG:colcon.colcon_core.shell:Skip shell extension 'dsv' for command environment
[4.059s] DEBUG:colcon.colcon_core.event_handler.log_command:Invoked command in '/home/incubus/mars_ros2/src/build/delta_lidar' returned '0': CMAKE_PREFIX_PATH=${CMAKE_PREFIX_PATH}:/home/incubus/mars_ros2/src/install/stm:/home/incubus/mars_ros2/src/install/keyboard:/home/incubus/mars_ros2/src/install/gamepad:/home/incubus/mars_ros2/src/install/Webserver:/home/incubus/mars_ros2/src/install/Manipul:/home/incubus/mars_ros2/install/stm:/home/incubus/mars_ros2/install/py_pubsub:/home/incubus/mars_ros2/install/my_package:/home/incubus/mars_ros2/install/keyboard:/home/incubus/mars_ros2/install/Webserver:/home/incubus/mars_ros2/install/Manipul:/opt/ros/foxy /usr/bin/cmake --build /home/incubus/mars_ros2/src/build/delta_lidar -- -j4 -l4
[4.380s] DEBUG:colcon.colcon_core.event_handler.log_command:Invoking command in '/home/incubus/mars_ros2/src/build/delta_lidar': CMAKE_PREFIX_PATH=${CMAKE_PREFIX_PATH}:/home/incubus/mars_ros2/src/install/stm:/home/incubus/mars_ros2/src/install/keyboard:/home/incubus/mars_ros2/src/install/gamepad:/home/incubus/mars_ros2/src/install/Webserver:/home/incubus/mars_ros2/src/install/Manipul:/home/incubus/mars_ros2/install/stm:/home/incubus/mars_ros2/install/py_pubsub:/home/incubus/mars_ros2/install/my_package:/home/incubus/mars_ros2/install/keyboard:/home/incubus/mars_ros2/install/Webserver:/home/incubus/mars_ros2/install/Manipul:/opt/ros/foxy /usr/bin/cmake --install /home/incubus/mars_ros2/src/build/delta_lidar
[4.424s] Level 1:colcon.colcon_core.environment:create_environment_scripts_only(delta_lidar)
[4.433s] Level 1:colcon.colcon_core.environment:checking '/home/incubus/mars_ros2/src/install/delta_lidar' for CMake module files
[4.433s] DEBUG:colcon.colcon_core.event_handler.log_command:Invoked command in '/home/incubus/mars_ros2/src/build/delta_lidar' returned '0': CMAKE_PREFIX_PATH=${CMAKE_PREFIX_PATH}:/home/incubus/mars_ros2/src/install/stm:/home/incubus/mars_ros2/src/install/keyboard:/home/incubus/mars_ros2/src/install/gamepad:/home/incubus/mars_ros2/src/install/Webserver:/home/incubus/mars_ros2/src/install/Manipul:/home/incubus/mars_ros2/install/stm:/home/incubus/mars_ros2/install/py_pubsub:/home/incubus/mars_ros2/install/my_package:/home/incubus/mars_ros2/install/keyboard:/home/incubus/mars_ros2/install/Webserver:/home/incubus/mars_ros2/install/Manipul:/opt/ros/foxy /usr/bin/cmake --install /home/incubus/mars_ros2/src/build/delta_lidar
[4.434s] Level 1:colcon.colcon_core.environment:checking '/home/incubus/mars_ros2/src/install/delta_lidar' for CMake config files
[4.435s] Level 1:colcon.colcon_core.shell:create_environment_hook('delta_lidar', 'cmake_prefix_path')
[4.436s] INFO:colcon.colcon_core.shell:Creating environment hook '/home/incubus/mars_ros2/src/install/delta_lidar/share/delta_lidar/hook/cmake_prefix_path.ps1'
[4.437s] INFO:colcon.colcon_core.shell:Creating environment descriptor '/home/incubus/mars_ros2/src/install/delta_lidar/share/delta_lidar/hook/cmake_prefix_path.dsv'
[4.437s] INFO:colcon.colcon_core.shell:Creating environment hook '/home/incubus/mars_ros2/src/install/delta_lidar/share/delta_lidar/hook/cmake_prefix_path.sh'
[4.439s] Level 1:colcon.colcon_core.environment:checking '/home/incubus/mars_ros2/src/install/delta_lidar/lib'
[4.439s] Level 1:colcon.colcon_core.environment:checking '/home/incubus/mars_ros2/src/install/delta_lidar/bin'
[4.439s] Level 1:colcon.colcon_core.environment:checking '/home/incubus/mars_ros2/src/install/delta_lidar/lib/pkgconfig/delta_lidar.pc'
[4.440s] Level 1:colcon.colcon_core.environment:checking '/home/incubus/mars_ros2/src/install/delta_lidar/lib/python3.8/site-packages'
[4.440s] Level 1:colcon.colcon_core.environment:checking '/home/incubus/mars_ros2/src/install/delta_lidar/bin'
[4.441s] INFO:colcon.colcon_core.shell:Creating package script '/home/incubus/mars_ros2/src/install/delta_lidar/share/delta_lidar/package.ps1'
[4.443s] INFO:colcon.colcon_core.shell:Creating package descriptor '/home/incubus/mars_ros2/src/install/delta_lidar/share/delta_lidar/package.dsv'
[4.445s] INFO:colcon.colcon_core.shell:Creating package script '/home/incubus/mars_ros2/src/install/delta_lidar/share/delta_lidar/package.sh'
[4.446s] INFO:colcon.colcon_core.shell:Creating package script '/home/incubus/mars_ros2/src/install/delta_lidar/share/delta_lidar/package.bash'
[4.448s] INFO:colcon.colcon_core.shell:Creating package script '/home/incubus/mars_ros2/src/install/delta_lidar/share/delta_lidar/package.zsh'
[4.449s] Level 1:colcon.colcon_core.environment:create_file_with_runtime_dependencies(/home/incubus/mars_ros2/src/install/delta_lidar/share/colcon-core/packages/delta_lidar)
[4.574s] Level 1:colcon.colcon_core.environment:create_environment_scripts_only(delta_lidar)
[4.575s] Level 1:colcon.colcon_core.environment:checking '/home/incubus/mars_ros2/src/install/delta_lidar' for CMake module files
[4.577s] Level 1:colcon.colcon_core.environment:checking '/home/incubus/mars_ros2/src/install/delta_lidar' for CMake config files
[4.577s] Level 1:colcon.colcon_core.shell:create_environment_hook('delta_lidar', 'cmake_prefix_path')
[4.578s] INFO:colcon.colcon_core.shell:Creating environment hook '/home/incubus/mars_ros2/src/install/delta_lidar/share/delta_lidar/hook/cmake_prefix_path.ps1'
[4.579s] INFO:colcon.colcon_core.shell:Creating environment descriptor '/home/incubus/mars_ros2/src/install/delta_lidar/share/delta_lidar/hook/cmake_prefix_path.dsv'
[4.579s] INFO:colcon.colcon_core.shell:Creating environment hook '/home/incubus/mars_ros2/src/install/delta_lidar/share/delta_lidar/hook/cmake_prefix_path.sh'
[4.580s] Level 1:colcon.colcon_core.environment:checking '/home/incubus/mars_ros2/src/install/delta_lidar/lib'
[4.580s] Level 1:colcon.colcon_core.environment:checking '/home/incubus/mars_ros2/src/install/delta_lidar/bin'
[4.581s] Level 1:colcon.colcon_core.environment:checking '/home/incubus/mars_ros2/src/install/delta_lidar/lib/pkgconfig/delta_lidar.pc'
[4.581s] Level 1:colcon.colcon_core.environment:checking '/home/incubus/mars_ros2/src/install/delta_lidar/lib/python3.8/site-packages'
[4.581s] Level 1:colcon.colcon_core.environment:checking '/home/incubus/mars_ros2/src/install/delta_lidar/bin'
[4.583s] INFO:colcon.colcon_core.shell:Creating package script '/home/incubus/mars_ros2/src/install/delta_lidar/share/delta_lidar/package.ps1'
[4.585s] INFO:colcon.colcon_core.shell:Creating package descriptor '/home/incubus/mars_ros2/src/install/delta_lidar/share/delta_lidar/package.dsv'
[4.585s] INFO:colcon.colcon_core.shell:Creating package script '/home/incubus/mars_ros2/src/install/delta_lidar/share/delta_lidar/package.sh'
[4.586s] INFO:colcon.colcon_core.shell:Creating package script '/home/incubus/mars_ros2/src/install/delta_lidar/share/delta_lidar/package.bash'
[4.587s] INFO:colcon.colcon_core.shell:Creating package script '/home/incubus/mars_ros2/src/install/delta_lidar/share/delta_lidar/package.zsh'
[4.587s] Level 1:colcon.colcon_core.environment:create_file_with_runtime_dependencies(/home/incubus/mars_ros2/src/install/delta_lidar/share/colcon-core/packages/delta_lidar)
[4.589s] INFO:colcon.colcon_ros.task.ament_python.build:Building ROS package in '/home/incubus/mars_ros2/src/keyboard' with build type 'ament_python'
[4.589s] Level 1:colcon.colcon_core.shell:create_environment_hook('keyboard', 'ament_prefix_path')
[4.590s] INFO:colcon.colcon_core.shell:Creating environment hook '/home/incubus/mars_ros2/src/install/keyboard/share/keyboard/hook/ament_prefix_path.ps1'
[4.591s] INFO:colcon.colcon_core.shell:Creating environment descriptor '/home/incubus/mars_ros2/src/install/keyboard/share/keyboard/hook/ament_prefix_path.dsv'
[4.592s] INFO:colcon.colcon_core.shell:Creating environment hook '/home/incubus/mars_ros2/src/install/keyboard/share/keyboard/hook/ament_prefix_path.sh'
[4.594s] INFO:colcon.colcon_core.shell:Skip shell extension 'powershell' for command environment: Not usable outside of PowerShell
[4.594s] DEBUG:colcon.colcon_core.shell:Skip shell extension 'dsv' for command environment
[6.669s] INFO:colcon.colcon_core.task.python.build:Building Python package in '/home/incubus/mars_ros2/src/keyboard'
[6.671s] INFO:colcon.colcon_core.shell:Skip shell extension 'powershell' for command environment: Not usable outside of PowerShell
[6.671s] DEBUG:colcon.colcon_core.shell:Skip shell extension 'dsv' for command environment
[6.688s] DEBUG:colcon.colcon_core.event_handler.log_command:Invoking command in '/home/incubus/mars_ros2/src/Webserver': PYTHONPATH=/home/incubus/mars_ros2/src/install/Webserver/lib/python3.8/site-packages:${PYTHONPATH} /usr/bin/python3 setup.py egg_info --egg-base ../build/Webserver build --build-base /home/incubus/mars_ros2/src/build/Webserver/build install --prefix /home/incubus/mars_ros2/src/install/Webserver --record /home/incubus/mars_ros2/src/build/Webserver/install.log --single-version-externally-managed
[6.980s] DEBUG:colcon.colcon_core.event_handler.log_command:Invoking command in '/home/incubus/mars_ros2/src/gamepad': PYTHONPATH=/home/incubus/mars_ros2/src/install/gamepad/lib/python3.8/site-packages:${PYTHONPATH} /usr/bin/python3 setup.py egg_info --egg-base ../build/gamepad build --build-base /home/incubus/mars_ros2/src/build/gamepad/build install --prefix /home/incubus/mars_ros2/src/install/gamepad --record /home/incubus/mars_ros2/src/build/gamepad/install.log --single-version-externally-managed
[7.004s] DEBUG:colcon.colcon_core.event_handler.log_command:Invoking command in '/home/incubus/mars_ros2/src/Manipul': PYTHONPATH=/home/incubus/mars_ros2/src/install/Manipul/lib/python3.8/site-packages:${PYTHONPATH} /usr/bin/python3 setup.py egg_info --egg-base ../build/Manipul build --build-base /home/incubus/mars_ros2/src/build/Manipul/build install --prefix /home/incubus/mars_ros2/src/install/Manipul --record /home/incubus/mars_ros2/src/build/Manipul/install.log --single-version-externally-managed
[9.448s] DEBUG:colcon.colcon_core.event_handler.log_command:Invoking command in '/home/incubus/mars_ros2/src/keyboard': PYTHONPATH=/home/incubus/mars_ros2/src/install/keyboard/lib/python3.8/site-packages:${PYTHONPATH} /usr/bin/python3 setup.py egg_info --egg-base ../build/keyboard build --build-base /home/incubus/mars_ros2/src/build/keyboard/build install --prefix /home/incubus/mars_ros2/src/install/keyboard --record /home/incubus/mars_ros2/src/build/keyboard/install.log --single-version-externally-managed
[11.884s] Level 1:colcon.colcon_core.environment:checking '/home/incubus/mars_ros2/src/install/Webserver' for CMake module files
[11.885s] Level 1:colcon.colcon_core.environment:checking '/home/incubus/mars_ros2/src/install/Webserver' for CMake config files
[11.885s] DEBUG:colcon.colcon_core.event_handler.log_command:Invoked command in '/home/incubus/mars_ros2/src/Webserver' returned '0': PYTHONPATH=/home/incubus/mars_ros2/src/install/Webserver/lib/python3.8/site-packages:${PYTHONPATH} /usr/bin/python3 setup.py egg_info --egg-base ../build/Webserver build --build-base /home/incubus/mars_ros2/src/build/Webserver/build install --prefix /home/incubus/mars_ros2/src/install/Webserver --record /home/incubus/mars_ros2/src/build/Webserver/install.log --single-version-externally-managed
[11.887s] Level 1:colcon.colcon_core.environment:checking '/home/incubus/mars_ros2/src/install/Webserver/lib'
[11.887s] Level 1:colcon.colcon_core.environment:checking '/home/incubus/mars_ros2/src/install/Webserver/bin'
[11.887s] Level 1:colcon.colcon_core.environment:checking '/home/incubus/mars_ros2/src/install/Webserver/lib/pkgconfig/Webserver.pc'
[11.887s] Level 1:colcon.colcon_core.environment:checking '/home/incubus/mars_ros2/src/install/Webserver/lib/python3.8/site-packages'
[11.887s] Level 1:colcon.colcon_core.shell:create_environment_hook('Webserver', 'pythonpath')
[11.888s] INFO:colcon.colcon_core.shell:Creating environment hook '/home/incubus/mars_ros2/src/install/Webserver/share/Webserver/hook/pythonpath.ps1'
[11.889s] INFO:colcon.colcon_core.shell:Creating environment descriptor '/home/incubus/mars_ros2/src/install/Webserver/share/Webserver/hook/pythonpath.dsv'
[11.890s] INFO:colcon.colcon_core.shell:Creating environment hook '/home/incubus/mars_ros2/src/install/Webserver/share/Webserver/hook/pythonpath.sh'
[11.891s] Level 1:colcon.colcon_core.environment:checking '/home/incubus/mars_ros2/src/install/Webserver/bin'
[11.891s] Level 1:colcon.colcon_core.environment:create_environment_scripts_only(Webserver)
[11.896s] INFO:colcon.colcon_core.shell:Creating package script '/home/incubus/mars_ros2/src/install/Webserver/share/Webserver/package.ps1'
[11.897s] INFO:colcon.colcon_core.shell:Creating package descriptor '/home/incubus/mars_ros2/src/install/Webserver/share/Webserver/package.dsv'
[11.898s] INFO:colcon.colcon_core.shell:Creating package script '/home/incubus/mars_ros2/src/install/Webserver/share/Webserver/package.sh'
[11.899s] INFO:colcon.colcon_core.shell:Creating package script '/home/incubus/mars_ros2/src/install/Webserver/share/Webserver/package.bash'
[11.902s] INFO:colcon.colcon_core.shell:Creating package script '/home/incubus/mars_ros2/src/install/Webserver/share/Webserver/package.zsh'
[11.903s] Level 1:colcon.colcon_core.environment:create_file_with_runtime_dependencies(/home/incubus/mars_ros2/src/install/Webserver/share/colcon-core/packages/Webserver)
[11.905s] INFO:colcon.colcon_ros.task.ament_python.build:Building ROS package in '/home/incubus/mars_ros2/src/stm' with build type 'ament_python'
[11.905s] Level 1:colcon.colcon_core.shell:create_environment_hook('stm', 'ament_prefix_path')
[11.906s] INFO:colcon.colcon_core.shell:Creating environment hook '/home/incubus/mars_ros2/src/install/stm/share/stm/hook/ament_prefix_path.ps1'
[11.912s] INFO:colcon.colcon_core.shell:Creating environment descriptor '/home/incubus/mars_ros2/src/install/stm/share/stm/hook/ament_prefix_path.dsv'
[11.914s] INFO:colcon.colcon_core.shell:Creating environment hook '/home/incubus/mars_ros2/src/install/stm/share/stm/hook/ament_prefix_path.sh'
[11.918s] INFO:colcon.colcon_core.shell:Skip shell extension 'powershell' for command environment: Not usable outside of PowerShell
[11.923s] DEBUG:colcon.colcon_core.shell:Skip shell extension 'dsv' for command environment
[13.278s] INFO:colcon.colcon_core.task.python.build:Building Python package in '/home/incubus/mars_ros2/src/stm'
[13.279s] INFO:colcon.colcon_core.shell:Skip shell extension 'powershell' for command environment: Not usable outside of PowerShell
[13.280s] DEBUG:colcon.colcon_core.shell:Skip shell extension 'dsv' for command environment
[13.292s] Level 1:colcon.colcon_core.environment:checking '/home/incubus/mars_ros2/src/install/gamepad' for CMake module files
[13.293s] DEBUG:colcon.colcon_core.event_handler.log_command:Invoked command in '/home/incubus/mars_ros2/src/gamepad' returned '0': PYTHONPATH=/home/incubus/mars_ros2/src/install/gamepad/lib/python3.8/site-packages:${PYTHONPATH} /usr/bin/python3 setup.py egg_info --egg-base ../build/gamepad build --build-base /home/incubus/mars_ros2/src/build/gamepad/build install --prefix /home/incubus/mars_ros2/src/install/gamepad --record /home/incubus/mars_ros2/src/build/gamepad/install.log --single-version-externally-managed
[13.294s] Level 1:colcon.colcon_core.environment:checking '/home/incubus/mars_ros2/src/install/gamepad' for CMake config files
[13.294s] Level 1:colcon.colcon_core.environment:checking '/home/incubus/mars_ros2/src/install/gamepad/lib'
[13.294s] Level 1:colcon.colcon_core.environment:checking '/home/incubus/mars_ros2/src/install/gamepad/bin'
[13.294s] Level 1:colcon.colcon_core.environment:checking '/home/incubus/mars_ros2/src/install/gamepad/lib/pkgconfig/gamepad.pc'
[13.295s] Level 1:colcon.colcon_core.environment:checking '/home/incubus/mars_ros2/src/install/gamepad/lib/python3.8/site-packages'
[13.295s] Level 1:colcon.colcon_core.shell:create_environment_hook('gamepad', 'pythonpath')
[13.295s] INFO:colcon.colcon_core.shell:Creating environment hook '/home/incubus/mars_ros2/src/install/gamepad/share/gamepad/hook/pythonpath.ps1'
[13.296s] INFO:colcon.colcon_core.shell:Creating environment descriptor '/home/incubus/mars_ros2/src/install/gamepad/share/gamepad/hook/pythonpath.dsv'
[13.296s] INFO:colcon.colcon_core.shell:Creating environment hook '/home/incubus/mars_ros2/src/install/gamepad/share/gamepad/hook/pythonpath.sh'
[13.297s] Level 1:colcon.colcon_core.environment:checking '/home/incubus/mars_ros2/src/install/gamepad/bin'
[13.297s] Level 1:colcon.colcon_core.environment:create_environment_scripts_only(gamepad)
[13.298s] INFO:colcon.colcon_core.shell:Creating package script '/home/incubus/mars_ros2/src/install/gamepad/share/gamepad/package.ps1'
[13.298s] INFO:colcon.colcon_core.shell:Creating package descriptor '/home/incubus/mars_ros2/src/install/gamepad/share/gamepad/package.dsv'
[13.299s] INFO:colcon.colcon_core.shell:Creating package script '/home/incubus/mars_ros2/src/install/gamepad/share/gamepad/package.sh'
[13.299s] INFO:colcon.colcon_core.shell:Creating package script '/home/incubus/mars_ros2/src/install/gamepad/share/gamepad/package.bash'
[13.300s] INFO:colcon.colcon_core.shell:Creating package script '/home/incubus/mars_ros2/src/install/gamepad/share/gamepad/package.zsh'
[13.300s] Level 1:colcon.colcon_core.environment:create_file_with_runtime_dependencies(/home/incubus/mars_ros2/src/install/gamepad/share/colcon-core/packages/gamepad)
[13.302s] Level 1:colcon.colcon_core.environment:checking '/home/incubus/mars_ros2/src/install/Manipul' for CMake module files
[13.303s] Level 1:colcon.colcon_core.environment:checking '/home/incubus/mars_ros2/src/install/Manipul' for CMake config files
[13.303s] DEBUG:colcon.colcon_core.event_handler.log_command:Invoked command in '/home/incubus/mars_ros2/src/Manipul' returned '0': PYTHONPATH=/home/incubus/mars_ros2/src/install/Manipul/lib/python3.8/site-packages:${PYTHONPATH} /usr/bin/python3 setup.py egg_info --egg-base ../build/Manipul build --build-base /home/incubus/mars_ros2/src/build/Manipul/build install --prefix /home/incubus/mars_ros2/src/install/Manipul --record /home/incubus/mars_ros2/src/build/Manipul/install.log --single-version-externally-managed
[13.304s] Level 1:colcon.colcon_core.environment:checking '/home/incubus/mars_ros2/src/install/Manipul/lib'
[13.304s] Level 1:colcon.colcon_core.environment:checking '/home/incubus/mars_ros2/src/install/Manipul/bin'
[13.304s] Level 1:colcon.colcon_core.environment:checking '/home/incubus/mars_ros2/src/install/Manipul/lib/pkgconfig/Manipul.pc'
[13.304s] Level 1:colcon.colcon_core.environment:checking '/home/incubus/mars_ros2/src/install/Manipul/lib/python3.8/site-packages'
[13.304s] Level 1:colcon.colcon_core.shell:create_environment_hook('Manipul', 'pythonpath')
[13.305s] INFO:colcon.colcon_core.shell:Creating environment hook '/home/incubus/mars_ros2/src/install/Manipul/share/Manipul/hook/pythonpath.ps1'
[13.305s] INFO:colcon.colcon_core.shell:Creating environment descriptor '/home/incubus/mars_ros2/src/install/Manipul/share/Manipul/hook/pythonpath.dsv'
[13.306s] INFO:colcon.colcon_core.shell:Creating environment hook '/home/incubus/mars_ros2/src/install/Manipul/share/Manipul/hook/pythonpath.sh'
[13.306s] Level 1:colcon.colcon_core.environment:checking '/home/incubus/mars_ros2/src/install/Manipul/bin'
[13.306s] Level 1:colcon.colcon_core.environment:create_environment_scripts_only(Manipul)
[13.307s] INFO:colcon.colcon_core.shell:Creating package script '/home/incubus/mars_ros2/src/install/Manipul/share/Manipul/package.ps1'
[13.307s] INFO:colcon.colcon_core.shell:Creating package descriptor '/home/incubus/mars_ros2/src/install/Manipul/share/Manipul/package.dsv'
[13.308s] INFO:colcon.colcon_core.shell:Creating package script '/home/incubus/mars_ros2/src/install/Manipul/share/Manipul/package.sh'
[13.308s] INFO:colcon.colcon_core.shell:Creating package script '/home/incubus/mars_ros2/src/install/Manipul/share/Manipul/package.bash'
[13.309s] INFO:colcon.colcon_core.shell:Creating package script '/home/incubus/mars_ros2/src/install/Manipul/share/Manipul/package.zsh'
[13.309s] Level 1:colcon.colcon_core.environment:create_file_with_runtime_dependencies(/home/incubus/mars_ros2/src/install/Manipul/share/colcon-core/packages/Manipul)
[13.721s] Level 1:colcon.colcon_core.environment:checking '/home/incubus/mars_ros2/src/install/keyboard' for CMake module files
[13.722s] DEBUG:colcon.colcon_core.event_handler.log_command:Invoked command in '/home/incubus/mars_ros2/src/keyboard' returned '0': PYTHONPATH=/home/incubus/mars_ros2/src/install/keyboard/lib/python3.8/site-packages:${PYTHONPATH} /usr/bin/python3 setup.py egg_info --egg-base ../build/keyboard build --build-base /home/incubus/mars_ros2/src/build/keyboard/build install --prefix /home/incubus/mars_ros2/src/install/keyboard --record /home/incubus/mars_ros2/src/build/keyboard/install.log --single-version-externally-managed
[13.723s] Level 1:colcon.colcon_core.environment:checking '/home/incubus/mars_ros2/src/install/keyboard' for CMake config files
[13.723s] Level 1:colcon.colcon_core.environment:checking '/home/incubus/mars_ros2/src/install/keyboard/lib'
[13.723s] Level 1:colcon.colcon_core.environment:checking '/home/incubus/mars_ros2/src/install/keyboard/bin'
[13.724s] Level 1:colcon.colcon_core.environment:checking '/home/incubus/mars_ros2/src/install/keyboard/lib/pkgconfig/keyboard.pc'
[13.724s] Level 1:colcon.colcon_core.environment:checking '/home/incubus/mars_ros2/src/install/keyboard/lib/python3.8/site-packages'
[13.724s] Level 1:colcon.colcon_core.shell:create_environment_hook('keyboard', 'pythonpath')
[13.725s] INFO:colcon.colcon_core.shell:Creating environment hook '/home/incubus/mars_ros2/src/install/keyboard/share/keyboard/hook/pythonpath.ps1'
[13.725s] INFO:colcon.colcon_core.shell:Creating environment descriptor '/home/incubus/mars_ros2/src/install/keyboard/share/keyboard/hook/pythonpath.dsv'
[13.726s] INFO:colcon.colcon_core.shell:Creating environment hook '/home/incubus/mars_ros2/src/install/keyboard/share/keyboard/hook/pythonpath.sh'
[13.727s] Level 1:colcon.colcon_core.environment:checking '/home/incubus/mars_ros2/src/install/keyboard/bin'
[13.727s] Level 1:colcon.colcon_core.environment:create_environment_scripts_only(keyboard)
[13.728s] INFO:colcon.colcon_core.shell:Creating package script '/home/incubus/mars_ros2/src/install/keyboard/share/keyboard/package.ps1'
[13.728s] INFO:colcon.colcon_core.shell:Creating package descriptor '/home/incubus/mars_ros2/src/install/keyboard/share/keyboard/package.dsv'
[13.729s] INFO:colcon.colcon_core.shell:Creating package script '/home/incubus/mars_ros2/src/install/keyboard/share/keyboard/package.sh'
[13.730s] INFO:colcon.colcon_core.shell:Creating package script '/home/incubus/mars_ros2/src/install/keyboard/share/keyboard/package.bash'
[13.731s] INFO:colcon.colcon_core.shell:Creating package script '/home/incubus/mars_ros2/src/install/keyboard/share/keyboard/package.zsh'
[13.732s] Level 1:colcon.colcon_core.environment:create_file_with_runtime_dependencies(/home/incubus/mars_ros2/src/install/keyboard/share/colcon-core/packages/keyboard)
[14.720s] DEBUG:colcon.colcon_core.event_handler.log_command:Invoking command in '/home/incubus/mars_ros2/src/stm': PYTHONPATH=/home/incubus/mars_ros2/src/install/stm/lib/python3.8/site-packages:${PYTHONPATH} /usr/bin/python3 setup.py egg_info --egg-base ../build/stm build --build-base /home/incubus/mars_ros2/src/build/stm/build install --prefix /home/incubus/mars_ros2/src/install/stm --record /home/incubus/mars_ros2/src/build/stm/install.log --single-version-externally-managed
[16.997s] Level 1:colcon.colcon_core.environment:checking '/home/incubus/mars_ros2/src/install/stm' for CMake module files
[16.997s] DEBUG:colcon.colcon_core.event_handler.log_command:Invoked command in '/home/incubus/mars_ros2/src/stm' returned '0': PYTHONPATH=/home/incubus/mars_ros2/src/install/stm/lib/python3.8/site-packages:${PYTHONPATH} /usr/bin/python3 setup.py egg_info --egg-base ../build/stm build --build-base /home/incubus/mars_ros2/src/build/stm/build install --prefix /home/incubus/mars_ros2/src/install/stm --record /home/incubus/mars_ros2/src/build/stm/install.log --single-version-externally-managed
[16.998s] Level 1:colcon.colcon_core.environment:checking '/home/incubus/mars_ros2/src/install/stm' for CMake config files
[16.998s] Level 1:colcon.colcon_core.environment:checking '/home/incubus/mars_ros2/src/install/stm/lib'
[16.999s] Level 1:colcon.colcon_core.environment:checking '/home/incubus/mars_ros2/src/install/stm/bin'
[16.999s] Level 1:colcon.colcon_core.environment:checking '/home/incubus/mars_ros2/src/install/stm/lib/pkgconfig/stm.pc'
[16.999s] Level 1:colcon.colcon_core.environment:checking '/home/incubus/mars_ros2/src/install/stm/lib/python3.8/site-packages'
[16.999s] Level 1:colcon.colcon_core.shell:create_environment_hook('stm', 'pythonpath')
[17.000s] INFO:colcon.colcon_core.shell:Creating environment hook '/home/incubus/mars_ros2/src/install/stm/share/stm/hook/pythonpath.ps1'
[17.000s] INFO:colcon.colcon_core.shell:Creating environment descriptor '/home/incubus/mars_ros2/src/install/stm/share/stm/hook/pythonpath.dsv'
[17.001s] INFO:colcon.colcon_core.shell:Creating environment hook '/home/incubus/mars_ros2/src/install/stm/share/stm/hook/pythonpath.sh'
[17.001s] Level 1:colcon.colcon_core.environment:checking '/home/incubus/mars_ros2/src/install/stm/bin'
[17.001s] Level 1:colcon.colcon_core.environment:create_environment_scripts_only(stm)
[17.002s] INFO:colcon.colcon_core.shell:Creating package script '/home/incubus/mars_ros2/src/install/stm/share/stm/package.ps1'
[17.003s] INFO:colcon.colcon_core.shell:Creating package descriptor '/home/incubus/mars_ros2/src/install/stm/share/stm/package.dsv'
[17.003s] INFO:colcon.colcon_core.shell:Creating package script '/home/incubus/mars_ros2/src/install/stm/share/stm/package.sh'
[17.004s] INFO:colcon.colcon_core.shell:Creating package script '/home/incubus/mars_ros2/src/install/stm/share/stm/package.bash'
[17.004s] INFO:colcon.colcon_core.shell:Creating package script '/home/incubus/mars_ros2/src/install/stm/share/stm/package.zsh'
[17.005s] Level 1:colcon.colcon_core.environment:create_file_with_runtime_dependencies(/home/incubus/mars_ros2/src/install/stm/share/colcon-core/packages/stm)
[17.005s] DEBUG:colcon.colcon_parallel_executor.executor.parallel:closing loop
[17.006s] DEBUG:colcon.colcon_parallel_executor.executor.parallel:loop closed
[17.006s] DEBUG:colcon.colcon_parallel_executor.executor.parallel:run_until_complete finished with '0'
[17.006s] DEBUG:colcon.colcon_core.event_reactor:joining thread
[17.014s] INFO:colcon.colcon_core.plugin_system:Skipping extension 'colcon_notification.desktop_notification.terminal_notifier': Not used on non-Darwin systems
[17.014s] INFO:colcon.colcon_core.plugin_system:Skipping extension 'colcon_notification.desktop_notification.win32': Not used on non-Windows systems
[17.014s] INFO:colcon.colcon_notification.desktop_notification:Sending desktop notification using 'notify2'
[17.037s] DEBUG:colcon.colcon_core.event_reactor:joined thread
[17.038s] INFO:colcon.colcon_core.shell:Creating prefix script '/home/incubus/mars_ros2/src/install/local_setup.ps1'
[17.039s] INFO:colcon.colcon_core.shell:Creating prefix util module '/home/incubus/mars_ros2/src/install/_local_setup_util_ps1.py'
[17.040s] INFO:colcon.colcon_core.shell:Creating prefix chain script '/home/incubus/mars_ros2/src/install/setup.ps1'
[17.046s] INFO:colcon.colcon_core.shell:Creating prefix script '/home/incubus/mars_ros2/src/install/local_setup.sh'
[17.047s] INFO:colcon.colcon_core.shell:Creating prefix util module '/home/incubus/mars_ros2/src/install/_local_setup_util_sh.py'
[17.048s] INFO:colcon.colcon_core.shell:Creating prefix chain script '/home/incubus/mars_ros2/src/install/setup.sh'
[17.052s] INFO:colcon.colcon_core.shell:Creating prefix script '/home/incubus/mars_ros2/src/install/local_setup.bash'
[17.052s] INFO:colcon.colcon_core.shell:Creating prefix chain script '/home/incubus/mars_ros2/src/install/setup.bash'
[17.054s] INFO:colcon.colcon_core.shell:Creating prefix script '/home/incubus/mars_ros2/src/install/local_setup.zsh'
[17.055s] INFO:colcon.colcon_core.shell:Creating prefix chain script '/home/incubus/mars_ros2/src/install/setup.zsh'
