[5.108s] Invoking command in '/home/incubus/mars_ros2/src/keyboard': PYTHONPATH=/home/incubus/mars_ros2/install/keyboard/lib/python3.8/site-packages:${PYTHONPATH} /usr/bin/python3 setup.py egg_info --egg-base ../../build/keyboard build --build-base /home/incubus/mars_ros2/build/keyboard/build install --prefix /home/incubus/mars_ros2/install/keyboard --record /home/incubus/mars_ros2/build/keyboard/install.log --single-version-externally-managed
[5.839s] /home/incubus/.local/lib/python3.8/site-packages/setuptools/dist.py:772: UserWarning: Usage of dash-separated 'script-dir' will not be supported in future versions. Please use the underscore name 'script_dir' instead
[5.839s]   warnings.warn(
[5.840s] /home/incubus/.local/lib/python3.8/site-packages/setuptools/dist.py:772: UserWarning: Usage of dash-separated 'install-scripts' will not be supported in future versions. Please use the underscore name 'install_scripts' instead
[5.840s]   warnings.warn(
[7.571s] running egg_info
[7.687s] writing ../../build/keyboard/keyboard.egg-info/PKG-INFO
[7.771s] writing dependency_links to ../../build/keyboard/keyboard.egg-info/dependency_links.txt
[8.064s] writing entry points to ../../build/keyboard/keyboard.egg-info/entry_points.txt
[8.242s] writing requirements to ../../build/keyboard/keyboard.egg-info/requires.txt
[8.330s] writing top-level names to ../../build/keyboard/keyboard.egg-info/top_level.txt
[8.459s] reading manifest file '../../build/keyboard/keyboard.egg-info/SOURCES.txt'
[8.460s] writing manifest file '../../build/keyboard/keyboard.egg-info/SOURCES.txt'
[8.460s] running build
[8.460s] running build_py
[8.461s] running install
[8.461s] /home/incubus/.local/lib/python3.8/site-packages/setuptools/command/install.py:34: SetuptoolsDeprecationWarning: setup.py install is deprecated. Use build and pip and other standards-based tools.
[8.461s]   warnings.warn(
[8.467s] running install_lib
[8.570s] running install_data
[8.586s] running install_egg_info
[8.705s] removing '/home/incubus/mars_ros2/install/keyboard/lib/python3.8/site-packages/keyboard-0.0.0-py3.8.egg-info' (and everything under it)
[8.706s] Copying ../../build/keyboard/keyboard.egg-info to /home/incubus/mars_ros2/install/keyboard/lib/python3.8/site-packages/keyboard-0.0.0-py3.8.egg-info
[8.707s] running install_scripts
[8.886s] Installing move script to /home/incubus/mars_ros2/install/keyboard/lib/keyboard
[8.886s] writing list of installed files to '/home/incubus/mars_ros2/build/keyboard/install.log'
[8.959s] Invoked command in '/home/incubus/mars_ros2/src/keyboard' returned '0': PYTHONPATH=/home/incubus/mars_ros2/install/keyboard/lib/python3.8/site-packages:${PYTHONPATH} /usr/bin/python3 setup.py egg_info --egg-base ../../build/keyboard build --build-base /home/incubus/mars_ros2/build/keyboard/build install --prefix /home/incubus/mars_ros2/install/keyboard --record /home/incubus/mars_ros2/build/keyboard/install.log --single-version-externally-managed
