[5.885s] Invoking command in '/home/incubus/mars_ros2/src/gamepad': PYTHONPATH=/home/incubus/mars_ros2/src/install/gamepad/lib/python3.8/site-packages:${PYTHONPATH} /usr/bin/python3 setup.py egg_info --egg-base ../build/gamepad build --build-base /home/incubus/mars_ros2/src/build/gamepad/build install --prefix /home/incubus/mars_ros2/src/install/gamepad --record /home/incubus/mars_ros2/src/build/gamepad/install.log --single-version-externally-managed
[6.616s] /home/incubus/.local/lib/python3.8/site-packages/setuptools/dist.py:772: UserWarning: Usage of dash-separated 'script-dir' will not be supported in future versions. Please use the underscore name 'script_dir' instead
[6.616s]   warnings.warn(
[6.618s] /home/incubus/.local/lib/python3.8/site-packages/setuptools/dist.py:772: UserWarning: Usage of dash-separated 'install-scripts' will not be supported in future versions. Please use the underscore name 'install_scripts' instead
[6.619s]   warnings.warn(
[8.348s] running egg_info
[8.596s] writing ../build/gamepad/gamepad.egg-info/PKG-INFO
[8.770s] writing dependency_links to ../build/gamepad/gamepad.egg-info/dependency_links.txt
[9.242s] writing entry points to ../build/gamepad/gamepad.egg-info/entry_points.txt
[9.583s] writing requirements to ../build/gamepad/gamepad.egg-info/requires.txt
[9.745s] writing top-level names to ../build/gamepad/gamepad.egg-info/top_level.txt
[10.022s] reading manifest file '../build/gamepad/gamepad.egg-info/SOURCES.txt'
[10.022s] writing manifest file '../build/gamepad/gamepad.egg-info/SOURCES.txt'
[10.022s] running build
[10.023s] running build_py
[10.023s] copying gamepad/xbox.py -> /home/incubus/mars_ros2/src/build/gamepad/build/lib/gamepad
[10.024s] running install
[10.024s] /home/incubus/.local/lib/python3.8/site-packages/setuptools/command/install.py:34: SetuptoolsDeprecationWarning: setup.py install is deprecated. Use build and pip and other standards-based tools.
[10.024s]   warnings.warn(
[10.040s] running install_lib
[10.182s] copying /home/incubus/mars_ros2/src/build/gamepad/build/lib/gamepad/xbox.py -> /home/incubus/mars_ros2/src/install/gamepad/lib/python3.8/site-packages/gamepad
[10.184s] byte-compiling /home/incubus/mars_ros2/src/install/gamepad/lib/python3.8/site-packages/gamepad/xbox.py to xbox.cpython-38.pyc
[10.186s] running install_data
[10.215s] running install_egg_info
[10.371s] removing '/home/incubus/mars_ros2/src/install/gamepad/lib/python3.8/site-packages/gamepad-0.0.0-py3.8.egg-info' (and everything under it)
[10.372s] Copying ../build/gamepad/gamepad.egg-info to /home/incubus/mars_ros2/src/install/gamepad/lib/python3.8/site-packages/gamepad-0.0.0-py3.8.egg-info
[10.374s] running install_scripts
[10.643s] Installing xbox script to /home/incubus/mars_ros2/src/install/gamepad/lib/gamepad
[10.643s] writing list of installed files to '/home/incubus/mars_ros2/src/build/gamepad/install.log'
[10.725s] Invoked command in '/home/incubus/mars_ros2/src/gamepad' returned '0': PYTHONPATH=/home/incubus/mars_ros2/src/install/gamepad/lib/python3.8/site-packages:${PYTHONPATH} /usr/bin/python3 setup.py egg_info --egg-base ../build/gamepad build --build-base /home/incubus/mars_ros2/src/build/gamepad/build install --prefix /home/incubus/mars_ros2/src/install/gamepad --record /home/incubus/mars_ros2/src/build/gamepad/install.log --single-version-externally-managed
