[1.081s] Invoking command in '/home/incubus/mars_ros2/src/my_package': PYTHONPATH=/home/incubus/mars_ros2/install/my_package/lib/python3.8/site-packages:${PYTHONPATH} /usr/bin/python3 setup.py egg_info --egg-base ../../build/my_package build --build-base /home/incubus/mars_ros2/build/my_package/build install --prefix /home/incubus/mars_ros2/install/my_package --record /home/incubus/mars_ros2/build/my_package/install.log --single-version-externally-managed
[1.349s] running egg_info
[1.350s] writing ../../build/my_package/my_package.egg-info/PKG-INFO
[1.351s] writing dependency_links to ../../build/my_package/my_package.egg-info/dependency_links.txt
[1.351s] writing entry points to ../../build/my_package/my_package.egg-info/entry_points.txt
[1.351s] writing requirements to ../../build/my_package/my_package.egg-info/requires.txt
[1.351s] writing top-level names to ../../build/my_package/my_package.egg-info/top_level.txt
[1.408s] reading manifest file '../../build/my_package/my_package.egg-info/SOURCES.txt'
[1.409s] writing manifest file '../../build/my_package/my_package.egg-info/SOURCES.txt'
[1.409s] running build
[1.409s] running build_py
[1.410s] copying my_package/my_node.py -> /home/incubus/mars_ros2/build/my_package/build/lib/my_package
[1.410s] running install
[1.411s] running install_lib
[1.413s] copying /home/incubus/mars_ros2/build/my_package/build/lib/my_package/my_node.py -> /home/incubus/mars_ros2/install/my_package/lib/python3.8/site-packages/my_package
[1.413s] byte-compiling /home/incubus/mars_ros2/install/my_package/lib/python3.8/site-packages/my_package/my_node.py to my_node.cpython-38.pyc
[1.416s] running install_data
[1.416s] running install_egg_info
[1.419s] removing '/home/incubus/mars_ros2/install/my_package/lib/python3.8/site-packages/my_package-0.0.0-py3.8.egg-info' (and everything under it)
[1.419s] Copying ../../build/my_package/my_package.egg-info to /home/incubus/mars_ros2/install/my_package/lib/python3.8/site-packages/my_package-0.0.0-py3.8.egg-info
[1.420s] running install_scripts
[1.446s] Installing my_node script to /home/incubus/mars_ros2/install/my_package/lib/my_package
[1.447s] writing list of installed files to '/home/incubus/mars_ros2/build/my_package/install.log'
[1.485s] Invoked command in '/home/incubus/mars_ros2/src/my_package' returned '0': PYTHONPATH=/home/incubus/mars_ros2/install/my_package/lib/python3.8/site-packages:${PYTHONPATH} /usr/bin/python3 setup.py egg_info --egg-base ../../build/my_package build --build-base /home/incubus/mars_ros2/build/my_package/build install --prefix /home/incubus/mars_ros2/install/my_package --record /home/incubus/mars_ros2/build/my_package/install.log --single-version-externally-managed
