[4.655s] Invoking command in '/home/incubus/mars_ros2/src/keyboard': PYTHONPATH=/home/incubus/mars_ros2/install/keyboard/lib/python3.8/site-packages:${PYTHONPATH} /usr/bin/python3 setup.py egg_info --egg-base ../../build/keyboard build --build-base /home/incubus/mars_ros2/build/keyboard/build install --prefix /home/incubus/mars_ros2/install/keyboard --record /home/incubus/mars_ros2/build/keyboard/install.log --single-version-externally-managed
[5.203s] /home/incubus/.local/lib/python3.8/site-packages/setuptools/dist.py:772: UserWarning: Usage of dash-separated 'script-dir' will not be supported in future versions. Please use the underscore name 'script_dir' instead
[5.203s]   warnings.warn(
[5.204s] /home/incubus/.local/lib/python3.8/site-packages/setuptools/dist.py:772: UserWarning: Usage of dash-separated 'install-scripts' will not be supported in future versions. Please use the underscore name 'install_scripts' instead
[5.204s]   warnings.warn(
[6.571s] running egg_info
[6.701s] writing ../../build/keyboard/keyboard.egg-info/PKG-INFO
[6.816s] writing dependency_links to ../../build/keyboard/keyboard.egg-info/dependency_links.txt
[7.135s] writing entry points to ../../build/keyboard/keyboard.egg-info/entry_points.txt
[7.340s] writing requirements to ../../build/keyboard/keyboard.egg-info/requires.txt
[7.441s] writing top-level names to ../../build/keyboard/keyboard.egg-info/top_level.txt
[7.611s] reading manifest file '../../build/keyboard/keyboard.egg-info/SOURCES.txt'
[7.613s] writing manifest file '../../build/keyboard/keyboard.egg-info/SOURCES.txt'
[7.613s] running build
[7.613s] running build_py
[7.614s] running install
[7.614s] /home/incubus/.local/lib/python3.8/site-packages/setuptools/command/install.py:34: SetuptoolsDeprecationWarning: setup.py install is deprecated. Use build and pip and other standards-based tools.
[7.614s]   warnings.warn(
[7.625s] running install_lib
[7.760s] running install_data
[7.786s] running install_egg_info
[7.916s] removing '/home/incubus/mars_ros2/install/keyboard/lib/python3.8/site-packages/keyboard-0.0.0-py3.8.egg-info' (and everything under it)
[7.916s] Copying ../../build/keyboard/keyboard.egg-info to /home/incubus/mars_ros2/install/keyboard/lib/python3.8/site-packages/keyboard-0.0.0-py3.8.egg-info
[7.917s] running install_scripts
[8.160s] Installing move script to /home/incubus/mars_ros2/install/keyboard/lib/keyboard
[8.160s] writing list of installed files to '/home/incubus/mars_ros2/build/keyboard/install.log'
[8.223s] Invoked command in '/home/incubus/mars_ros2/src/keyboard' returned '0': PYTHONPATH=/home/incubus/mars_ros2/install/keyboard/lib/python3.8/site-packages:${PYTHONPATH} /usr/bin/python3 setup.py egg_info --egg-base ../../build/keyboard build --build-base /home/incubus/mars_ros2/build/keyboard/build install --prefix /home/incubus/mars_ros2/install/keyboard --record /home/incubus/mars_ros2/build/keyboard/install.log --single-version-externally-managed
