[2.435s] Invoking command in '/home/incubus/mars_ros2/src/gamepad': PYTHONPATH=/home/incubus/mars_ros2/src/install/gamepad/lib/python3.8/site-packages:${PYTHONPATH} /usr/bin/python3 setup.py egg_info --egg-base ../build/gamepad build --build-base /home/incubus/mars_ros2/src/build/gamepad/build install --prefix /home/incubus/mars_ros2/src/install/gamepad --record /home/incubus/mars_ros2/src/build/gamepad/install.log --single-version-externally-managed
[2.819s] /home/incubus/.local/lib/python3.8/site-packages/setuptools/dist.py:772: UserWarning: Usage of dash-separated 'script-dir' will not be supported in future versions. Please use the underscore name 'script_dir' instead
[2.820s]   warnings.warn(
[2.820s] /home/incubus/.local/lib/python3.8/site-packages/setuptools/dist.py:772: UserWarning: Usage of dash-separated 'install-scripts' will not be supported in future versions. Please use the underscore name 'install_scripts' instead
[2.820s]   warnings.warn(
[3.647s] running egg_info
[3.724s] writing ../build/gamepad/gamepad.egg-info/PKG-INFO
[3.786s] writing dependency_links to ../build/gamepad/gamepad.egg-info/dependency_links.txt
[3.974s] writing entry points to ../build/gamepad/gamepad.egg-info/entry_points.txt
[4.109s] writing requirements to ../build/gamepad/gamepad.egg-info/requires.txt
[4.173s] writing top-level names to ../build/gamepad/gamepad.egg-info/top_level.txt
[4.277s] reading manifest file '../build/gamepad/gamepad.egg-info/SOURCES.txt'
[4.278s] writing manifest file '../build/gamepad/gamepad.egg-info/SOURCES.txt'
[4.279s] running build
[4.279s] running build_py
[4.279s] copying gamepad/xbox.py -> /home/incubus/mars_ros2/src/build/gamepad/build/lib/gamepad
[4.279s] running install
[4.279s] /home/incubus/.local/lib/python3.8/site-packages/setuptools/command/install.py:34: SetuptoolsDeprecationWarning: setup.py install is deprecated. Use build and pip and other standards-based tools.
[4.279s]   warnings.warn(
[4.287s] running install_lib
[4.366s] copying /home/incubus/mars_ros2/src/build/gamepad/build/lib/gamepad/xbox.py -> /home/incubus/mars_ros2/src/install/gamepad/lib/python3.8/site-packages/gamepad
[4.367s] byte-compiling /home/incubus/mars_ros2/src/install/gamepad/lib/python3.8/site-packages/gamepad/xbox.py to xbox.cpython-38.pyc
[4.368s] running install_data
[4.386s] running install_egg_info
[4.467s] removing '/home/incubus/mars_ros2/src/install/gamepad/lib/python3.8/site-packages/gamepad-0.0.0-py3.8.egg-info' (and everything under it)
[4.467s] Copying ../build/gamepad/gamepad.egg-info to /home/incubus/mars_ros2/src/install/gamepad/lib/python3.8/site-packages/gamepad-0.0.0-py3.8.egg-info
[4.468s] running install_scripts
[4.609s] Installing xbox script to /home/incubus/mars_ros2/src/install/gamepad/lib/gamepad
[4.610s] writing list of installed files to '/home/incubus/mars_ros2/src/build/gamepad/install.log'
[4.664s] Invoked command in '/home/incubus/mars_ros2/src/gamepad' returned '0': PYTHONPATH=/home/incubus/mars_ros2/src/install/gamepad/lib/python3.8/site-packages:${PYTHONPATH} /usr/bin/python3 setup.py egg_info --egg-base ../build/gamepad build --build-base /home/incubus/mars_ros2/src/build/gamepad/build install --prefix /home/incubus/mars_ros2/src/install/gamepad --record /home/incubus/mars_ros2/src/build/gamepad/install.log --single-version-externally-managed
