running egg_info
creating ../build/stm/stm.egg-info
writing ../build/stm/stm.egg-info/PKG-INFO
writing dependency_links to ../build/stm/stm.egg-info/dependency_links.txt
writing entry points to ../build/stm/stm.egg-info/entry_points.txt
writing requirements to ../build/stm/stm.egg-info/requires.txt
writing top-level names to ../build/stm/stm.egg-info/top_level.txt
writing manifest file '../build/stm/stm.egg-info/SOURCES.txt'
reading manifest file '../build/stm/stm.egg-info/SOURCES.txt'
writing manifest file '../build/stm/stm.egg-info/SOURCES.txt'
running build
running build_py
creating /home/incubus/mars_ros2/src/build/stm/build
creating /home/incubus/mars_ros2/src/build/stm/build/lib
creating /home/incubus/mars_ros2/src/build/stm/build/lib/stm
copying stm/__init__.py -> /home/incubus/mars_ros2/src/build/stm/build/lib/stm
copying stm/ToStm.py -> /home/incubus/mars_ros2/src/build/stm/build/lib/stm
running install
running install_lib
creating /home/incubus/mars_ros2/src/install/stm/lib/python3.8/site-packages/stm
copying /home/incubus/mars_ros2/src/build/stm/build/lib/stm/__init__.py -> /home/incubus/mars_ros2/src/install/stm/lib/python3.8/site-packages/stm
copying /home/incubus/mars_ros2/src/build/stm/build/lib/stm/ToStm.py -> /home/incubus/mars_ros2/src/install/stm/lib/python3.8/site-packages/stm
byte-compiling /home/incubus/mars_ros2/src/install/stm/lib/python3.8/site-packages/stm/__init__.py to __init__.cpython-38.pyc
byte-compiling /home/incubus/mars_ros2/src/install/stm/lib/python3.8/site-packages/stm/ToStm.py to ToStm.cpython-38.pyc
running install_data
creating /home/incubus/mars_ros2/src/install/stm/share/ament_index
creating /home/incubus/mars_ros2/src/install/stm/share/ament_index/resource_index
creating /home/incubus/mars_ros2/src/install/stm/share/ament_index/resource_index/packages
copying resource/stm -> /home/incubus/mars_ros2/src/install/stm/share/ament_index/resource_index/packages
copying package.xml -> /home/incubus/mars_ros2/src/install/stm/share/stm
running install_egg_info
Copying ../build/stm/stm.egg-info to /home/incubus/mars_ros2/src/install/stm/lib/python3.8/site-packages/stm-0.0.0-py3.8.egg-info
running install_scripts
Installing ToStm script to /home/incubus/mars_ros2/src/install/stm/lib/stm
writing list of installed files to '/home/incubus/mars_ros2/src/build/stm/install.log'
