[1.612s] Invoking command in '/home/incubus/mars_ros2/src/stm': PYTHONPATH=/home/incubus/mars_ros2/src/install/stm/lib/python3.8/site-packages:${PYTHONPATH} /usr/bin/python3 setup.py egg_info --egg-base ../build/stm build --build-base /home/incubus/mars_ros2/src/build/stm/build install --prefix /home/incubus/mars_ros2/src/install/stm --record /home/incubus/mars_ros2/src/build/stm/install.log --single-version-externally-managed
[2.009s] running egg_info
[2.010s] creating ../build/stm/stm.egg-info
[2.011s] writing ../build/stm/stm.egg-info/PKG-INFO
[2.012s] writing dependency_links to ../build/stm/stm.egg-info/dependency_links.txt
[2.012s] writing entry points to ../build/stm/stm.egg-info/entry_points.txt
[2.012s] writing requirements to ../build/stm/stm.egg-info/requires.txt
[2.012s] writing top-level names to ../build/stm/stm.egg-info/top_level.txt
[2.014s] writing manifest file '../build/stm/stm.egg-info/SOURCES.txt'
[2.071s] reading manifest file '../build/stm/stm.egg-info/SOURCES.txt'
[2.072s] writing manifest file '../build/stm/stm.egg-info/SOURCES.txt'
[2.072s] running build
[2.072s] running build_py
[2.074s] creating /home/incubus/mars_ros2/src/build/stm/build
[2.075s] creating /home/incubus/mars_ros2/src/build/stm/build/lib
[2.075s] creating /home/incubus/mars_ros2/src/build/stm/build/lib/stm
[2.075s] copying stm/__init__.py -> /home/incubus/mars_ros2/src/build/stm/build/lib/stm
[2.075s] copying stm/ToStm.py -> /home/incubus/mars_ros2/src/build/stm/build/lib/stm
[2.075s] running install
[2.076s] running install_lib
[2.078s] creating /home/incubus/mars_ros2/src/install/stm/lib/python3.8/site-packages/stm
[2.078s] copying /home/incubus/mars_ros2/src/build/stm/build/lib/stm/__init__.py -> /home/incubus/mars_ros2/src/install/stm/lib/python3.8/site-packages/stm
[2.078s] copying /home/incubus/mars_ros2/src/build/stm/build/lib/stm/ToStm.py -> /home/incubus/mars_ros2/src/install/stm/lib/python3.8/site-packages/stm
[2.079s] byte-compiling /home/incubus/mars_ros2/src/install/stm/lib/python3.8/site-packages/stm/__init__.py to __init__.cpython-38.pyc
[2.081s] byte-compiling /home/incubus/mars_ros2/src/install/stm/lib/python3.8/site-packages/stm/ToStm.py to ToStm.cpython-38.pyc
[2.082s] running install_data
[2.083s] creating /home/incubus/mars_ros2/src/install/stm/share/ament_index
[2.084s] creating /home/incubus/mars_ros2/src/install/stm/share/ament_index/resource_index
[2.084s] creating /home/incubus/mars_ros2/src/install/stm/share/ament_index/resource_index/packages
[2.084s] copying resource/stm -> /home/incubus/mars_ros2/src/install/stm/share/ament_index/resource_index/packages
[2.084s] copying package.xml -> /home/incubus/mars_ros2/src/install/stm/share/stm
[2.084s] running install_egg_info
[2.093s] Copying ../build/stm/stm.egg-info to /home/incubus/mars_ros2/src/install/stm/lib/python3.8/site-packages/stm-0.0.0-py3.8.egg-info
[2.093s] running install_scripts
[2.115s] Installing ToStm script to /home/incubus/mars_ros2/src/install/stm/lib/stm
[2.116s] writing list of installed files to '/home/incubus/mars_ros2/src/build/stm/install.log'
[2.142s] Invoked command in '/home/incubus/mars_ros2/src/stm' returned '0': PYTHONPATH=/home/incubus/mars_ros2/src/install/stm/lib/python3.8/site-packages:${PYTHONPATH} /usr/bin/python3 setup.py egg_info --egg-base ../build/stm build --build-base /home/incubus/mars_ros2/src/build/stm/build install --prefix /home/incubus/mars_ros2/src/install/stm --record /home/incubus/mars_ros2/src/build/stm/install.log --single-version-externally-managed
