[1.003s] Invoking command in '/home/incubus/mars_ros2/src/my_package': PYTHONPATH=/home/incubus/mars_ros2/install/my_package/lib/python3.8/site-packages:${PYTHONPATH} /usr/bin/python3 setup.py egg_info --egg-base ../../build/my_package build --build-base /home/incubus/mars_ros2/build/my_package/build install --prefix /home/incubus/mars_ros2/install/my_package --record /home/incubus/mars_ros2/build/my_package/install.log --single-version-externally-managed
[1.262s] running egg_info
[1.263s] writing ../../build/my_package/my_package.egg-info/PKG-INFO
[1.263s] writing dependency_links to ../../build/my_package/my_package.egg-info/dependency_links.txt
[1.263s] writing entry points to ../../build/my_package/my_package.egg-info/entry_points.txt
[1.264s] writing requirements to ../../build/my_package/my_package.egg-info/requires.txt
[1.264s] writing top-level names to ../../build/my_package/my_package.egg-info/top_level.txt
[1.301s] reading manifest file '../../build/my_package/my_package.egg-info/SOURCES.txt'
[1.302s] writing manifest file '../../build/my_package/my_package.egg-info/SOURCES.txt'
[1.302s] running build
[1.302s] running build_py
[1.303s] copying my_package/my_node.py -> /home/incubus/mars_ros2/build/my_package/build/lib/my_package
[1.303s] running install
[1.304s] running install_lib
[1.305s] copying /home/incubus/mars_ros2/build/my_package/build/lib/my_package/my_node.py -> /home/incubus/mars_ros2/install/my_package/lib/python3.8/site-packages/my_package
[1.306s] byte-compiling /home/incubus/mars_ros2/install/my_package/lib/python3.8/site-packages/my_package/my_node.py to my_node.cpython-38.pyc
[1.307s] running install_data
[1.308s] running install_egg_info
[1.309s] removing '/home/incubus/mars_ros2/install/my_package/lib/python3.8/site-packages/my_package-0.0.0-py3.8.egg-info' (and everything under it)
[1.310s] Copying ../../build/my_package/my_package.egg-info to /home/incubus/mars_ros2/install/my_package/lib/python3.8/site-packages/my_package-0.0.0-py3.8.egg-info
[1.310s] running install_scripts
[1.329s] Installing my_node script to /home/incubus/mars_ros2/install/my_package/lib/my_package
[1.329s] writing list of installed files to '/home/incubus/mars_ros2/build/my_package/install.log'
[1.363s] Invoked command in '/home/incubus/mars_ros2/src/my_package' returned '0': PYTHONPATH=/home/incubus/mars_ros2/install/my_package/lib/python3.8/site-packages:${PYTHONPATH} /usr/bin/python3 setup.py egg_info --egg-base ../../build/my_package build --build-base /home/incubus/mars_ros2/build/my_package/build install --prefix /home/incubus/mars_ros2/install/my_package --record /home/incubus/mars_ros2/build/my_package/install.log --single-version-externally-managed
