[0.818s] Invoking command in '/home/incubus/mars_ros2/src/my_package': PYTHONPATH=/home/incubus/mars_ros2/install/my_package/lib/python3.8/site-packages:${PYTHONPATH} /usr/bin/python3 setup.py egg_info --egg-base ../../build/my_package build --build-base /home/incubus/mars_ros2/build/my_package/build install --prefix /home/incubus/mars_ros2/install/my_package --record /home/incubus/mars_ros2/build/my_package/install.log --single-version-externally-managed
[1.064s] running egg_info
[1.065s] creating ../../build/my_package/my_package.egg-info
[1.065s] writing ../../build/my_package/my_package.egg-info/PKG-INFO
[1.065s] writing dependency_links to ../../build/my_package/my_package.egg-info/dependency_links.txt
[1.066s] writing entry points to ../../build/my_package/my_package.egg-info/entry_points.txt
[1.066s] writing requirements to ../../build/my_package/my_package.egg-info/requires.txt
[1.066s] writing top-level names to ../../build/my_package/my_package.egg-info/top_level.txt
[1.069s] writing manifest file '../../build/my_package/my_package.egg-info/SOURCES.txt'
[1.103s] reading manifest file '../../build/my_package/my_package.egg-info/SOURCES.txt'
[1.104s] writing manifest file '../../build/my_package/my_package.egg-info/SOURCES.txt'
[1.104s] running build
[1.104s] running build_py
[1.104s] creating /home/incubus/mars_ros2/build/my_package/build
[1.104s] creating /home/incubus/mars_ros2/build/my_package/build/lib
[1.104s] creating /home/incubus/mars_ros2/build/my_package/build/lib/my_package
[1.104s] copying my_package/__init__.py -> /home/incubus/mars_ros2/build/my_package/build/lib/my_package
[1.104s] copying my_package/my_node.py -> /home/incubus/mars_ros2/build/my_package/build/lib/my_package
[1.104s] running install
[1.105s] running install_lib
[1.106s] creating /home/incubus/mars_ros2/install/my_package/lib/python3.8/site-packages/my_package
[1.106s] copying /home/incubus/mars_ros2/build/my_package/build/lib/my_package/__init__.py -> /home/incubus/mars_ros2/install/my_package/lib/python3.8/site-packages/my_package
[1.106s] copying /home/incubus/mars_ros2/build/my_package/build/lib/my_package/my_node.py -> /home/incubus/mars_ros2/install/my_package/lib/python3.8/site-packages/my_package
[1.106s] byte-compiling /home/incubus/mars_ros2/install/my_package/lib/python3.8/site-packages/my_package/__init__.py to __init__.cpython-38.pyc
[1.108s] byte-compiling /home/incubus/mars_ros2/install/my_package/lib/python3.8/site-packages/my_package/my_node.py to my_node.cpython-38.pyc
[1.108s] running install_data
[1.109s] creating /home/incubus/mars_ros2/install/my_package/share/ament_index
[1.109s] creating /home/incubus/mars_ros2/install/my_package/share/ament_index/resource_index
[1.109s] creating /home/incubus/mars_ros2/install/my_package/share/ament_index/resource_index/packages
[1.109s] copying resource/my_package -> /home/incubus/mars_ros2/install/my_package/share/ament_index/resource_index/packages
[1.109s] copying package.xml -> /home/incubus/mars_ros2/install/my_package/share/my_package
[1.109s] running install_egg_info
[1.111s] Copying ../../build/my_package/my_package.egg-info to /home/incubus/mars_ros2/install/my_package/lib/python3.8/site-packages/my_package-0.0.0-py3.8.egg-info
[1.112s] running install_scripts
[1.131s] Installing my_node script to /home/incubus/mars_ros2/install/my_package/lib/my_package
[1.131s] writing list of installed files to '/home/incubus/mars_ros2/build/my_package/install.log'
[1.155s] Invoked command in '/home/incubus/mars_ros2/src/my_package' returned '0': PYTHONPATH=/home/incubus/mars_ros2/install/my_package/lib/python3.8/site-packages:${PYTHONPATH} /usr/bin/python3 setup.py egg_info --egg-base ../../build/my_package build --build-base /home/incubus/mars_ros2/build/my_package/build install --prefix /home/incubus/mars_ros2/install/my_package --record /home/incubus/mars_ros2/build/my_package/install.log --single-version-externally-managed
