[0.834s] Invoking command in '/home/incubus/mars_ros2/src/Webserver': PYTHONPATH=/home/incubus/mars_ros2/install/Webserver/lib/python3.8/site-packages:${PYTHONPATH} /usr/bin/python3 setup.py egg_info --egg-base ../../build/Webserver build --build-base /home/incubus/mars_ros2/build/Webserver/build install --prefix /home/incubus/mars_ros2/install/Webserver --record /home/incubus/mars_ros2/build/Webserver/install.log --single-version-externally-managed
[1.070s] running egg_info
[1.071s] writing ../../build/Webserver/Webserver.egg-info/PKG-INFO
[1.071s] writing dependency_links to ../../build/Webserver/Webserver.egg-info/dependency_links.txt
[1.071s] writing entry points to ../../build/Webserver/Webserver.egg-info/entry_points.txt
[1.071s] writing requirements to ../../build/Webserver/Webserver.egg-info/requires.txt
[1.071s] writing top-level names to ../../build/Webserver/Webserver.egg-info/top_level.txt
[1.107s] reading manifest file '../../build/Webserver/Webserver.egg-info/SOURCES.txt'
[1.108s] writing manifest file '../../build/Webserver/Webserver.egg-info/SOURCES.txt'
[1.109s] running build
[1.109s] running build_py
[1.110s] copying Webserver/Flask.py -> /home/incubus/mars_ros2/build/Webserver/build/lib/Webserver
[1.110s] running install
[1.111s] running install_lib
[1.113s] copying /home/incubus/mars_ros2/build/Webserver/build/lib/Webserver/Flask.py -> /home/incubus/mars_ros2/install/Webserver/lib/python3.8/site-packages/Webserver
[1.113s] byte-compiling /home/incubus/mars_ros2/install/Webserver/lib/python3.8/site-packages/Webserver/Flask.py to Flask.cpython-38.pyc
[1.116s] running install_data
[1.117s] running install_egg_info
[1.119s] removing '/home/incubus/mars_ros2/install/Webserver/lib/python3.8/site-packages/Webserver-0.0.0-py3.8.egg-info' (and everything under it)
[1.119s] Copying ../../build/Webserver/Webserver.egg-info to /home/incubus/mars_ros2/install/Webserver/lib/python3.8/site-packages/Webserver-0.0.0-py3.8.egg-info
[1.120s] running install_scripts
[1.142s] Installing Flask script to /home/incubus/mars_ros2/install/Webserver/lib/Webserver
[1.142s] writing list of installed files to '/home/incubus/mars_ros2/build/Webserver/install.log'
[1.165s] Invoked command in '/home/incubus/mars_ros2/src/Webserver' returned '0': PYTHONPATH=/home/incubus/mars_ros2/install/Webserver/lib/python3.8/site-packages:${PYTHONPATH} /usr/bin/python3 setup.py egg_info --egg-base ../../build/Webserver build --build-base /home/incubus/mars_ros2/build/Webserver/build install --prefix /home/incubus/mars_ros2/install/Webserver --record /home/incubus/mars_ros2/build/Webserver/install.log --single-version-externally-managed
