[2.952s] Invoking command in '/home/incubus/mars_ros2/src/stm': PYTHONPATH=/home/incubus/mars_ros2/install/stm/lib/python3.8/site-packages:${PYTHONPATH} /usr/bin/python3 setup.py egg_info --egg-base ../../build/stm build --build-base /home/incubus/mars_ros2/build/stm/build install --prefix /home/incubus/mars_ros2/install/stm --record /home/incubus/mars_ros2/build/stm/install.log --single-version-externally-managed
[3.319s] /home/incubus/.local/lib/python3.8/site-packages/setuptools/dist.py:772: UserWarning: Usage of dash-separated 'script-dir' will not be supported in future versions. Please use the underscore name 'script_dir' instead
[3.319s]   warnings.warn(
[3.319s] /home/incubus/.local/lib/python3.8/site-packages/setuptools/dist.py:772: UserWarning: Usage of dash-separated 'install-scripts' will not be supported in future versions. Please use the underscore name 'install_scripts' instead
[3.319s]   warnings.warn(
[4.249s] running egg_info
[4.332s] writing ../../build/stm/stm.egg-info/PKG-INFO
[4.398s] writing dependency_links to ../../build/stm/stm.egg-info/dependency_links.txt
[4.613s] writing entry points to ../../build/stm/stm.egg-info/entry_points.txt
[4.757s] writing requirements to ../../build/stm/stm.egg-info/requires.txt
[4.837s] writing top-level names to ../../build/stm/stm.egg-info/top_level.txt
[4.953s] reading manifest file '../../build/stm/stm.egg-info/SOURCES.txt'
[4.954s] writing manifest file '../../build/stm/stm.egg-info/SOURCES.txt'
[4.954s] running build
[4.954s] running build_py
[4.954s] running install
[4.955s] /home/incubus/.local/lib/python3.8/site-packages/setuptools/command/install.py:34: SetuptoolsDeprecationWarning: setup.py install is deprecated. Use build and pip and other standards-based tools.
[4.955s]   warnings.warn(
[4.961s] running install_lib
[5.043s] running install_data
[5.062s] running install_egg_info
[5.147s] removing '/home/incubus/mars_ros2/install/stm/lib/python3.8/site-packages/stm-0.0.0-py3.8.egg-info' (and everything under it)
[5.148s] Copying ../../build/stm/stm.egg-info to /home/incubus/mars_ros2/install/stm/lib/python3.8/site-packages/stm-0.0.0-py3.8.egg-info
[5.149s] running install_scripts
[5.289s] Installing ToStm script to /home/incubus/mars_ros2/install/stm/lib/stm
[5.289s] writing list of installed files to '/home/incubus/mars_ros2/build/stm/install.log'
[5.346s] Invoked command in '/home/incubus/mars_ros2/src/stm' returned '0': PYTHONPATH=/home/incubus/mars_ros2/install/stm/lib/python3.8/site-packages:${PYTHONPATH} /usr/bin/python3 setup.py egg_info --egg-base ../../build/stm build --build-base /home/incubus/mars_ros2/build/stm/build install --prefix /home/incubus/mars_ros2/install/stm --record /home/incubus/mars_ros2/build/stm/install.log --single-version-externally-managed
