[4.664s] Invoking command in '/home/incubus/mars_ros2/src/Webserver': PYTHONPATH=/home/incubus/mars_ros2/install/Webserver/lib/python3.8/site-packages:${PYTHONPATH} /usr/bin/python3 setup.py egg_info --egg-base ../../build/Webserver build --build-base /home/incubus/mars_ros2/build/Webserver/build install --prefix /home/incubus/mars_ros2/install/Webserver --record /home/incubus/mars_ros2/build/Webserver/install.log --single-version-externally-managed
[5.195s] /home/incubus/.local/lib/python3.8/site-packages/setuptools/dist.py:772: UserWarning: Usage of dash-separated 'script-dir' will not be supported in future versions. Please use the underscore name 'script_dir' instead
[5.195s]   warnings.warn(
[5.195s] /home/incubus/.local/lib/python3.8/site-packages/setuptools/dist.py:772: UserWarning: Usage of dash-separated 'install-scripts' will not be supported in future versions. Please use the underscore name 'install_scripts' instead
[5.195s]   warnings.warn(
[6.514s] running egg_info
[6.642s] writing ../../build/Webserver/Webserver.egg-info/PKG-INFO
[6.760s] writing dependency_links to ../../build/Webserver/Webserver.egg-info/dependency_links.txt
[7.074s] writing entry points to ../../build/Webserver/Webserver.egg-info/entry_points.txt
[7.272s] writing requirements to ../../build/Webserver/Webserver.egg-info/requires.txt
[7.372s] writing top-level names to ../../build/Webserver/Webserver.egg-info/top_level.txt
[7.540s] reading manifest file '../../build/Webserver/Webserver.egg-info/SOURCES.txt'
[7.542s] writing manifest file '../../build/Webserver/Webserver.egg-info/SOURCES.txt'
[7.542s] running build
[7.542s] running build_py
[7.543s] running install
[7.543s] /home/incubus/.local/lib/python3.8/site-packages/setuptools/command/install.py:34: SetuptoolsDeprecationWarning: setup.py install is deprecated. Use build and pip and other standards-based tools.
[7.543s]   warnings.warn(
[7.553s] running install_lib
[7.683s] running install_data
[7.708s] running install_egg_info
[7.849s] removing '/home/incubus/mars_ros2/install/Webserver/lib/python3.8/site-packages/Webserver-0.0.0-py3.8.egg-info' (and everything under it)
[7.849s] Copying ../../build/Webserver/Webserver.egg-info to /home/incubus/mars_ros2/install/Webserver/lib/python3.8/site-packages/Webserver-0.0.0-py3.8.egg-info
[7.851s] running install_scripts
[8.075s] Installing Flask script to /home/incubus/mars_ros2/install/Webserver/lib/Webserver
[8.075s] writing list of installed files to '/home/incubus/mars_ros2/build/Webserver/install.log'
[8.145s] Invoked command in '/home/incubus/mars_ros2/src/Webserver' returned '0': PYTHONPATH=/home/incubus/mars_ros2/install/Webserver/lib/python3.8/site-packages:${PYTHONPATH} /usr/bin/python3 setup.py egg_info --egg-base ../../build/Webserver build --build-base /home/incubus/mars_ros2/build/Webserver/build install --prefix /home/incubus/mars_ros2/install/Webserver --record /home/incubus/mars_ros2/build/Webserver/install.log --single-version-externally-managed
