[1.558s] Invoking command in '/home/incubus/mars_ros2/src/Webserver': PYTHONPATH=/home/incubus/mars_ros2/src/install/Webserver/lib/python3.8/site-packages:${PYTHONPATH} /usr/bin/python3 setup.py egg_info --egg-base ../build/Webserver build --build-base /home/incubus/mars_ros2/src/build/Webserver/build install --prefix /home/incubus/mars_ros2/src/install/Webserver --record /home/incubus/mars_ros2/src/build/Webserver/install.log --single-version-externally-managed
[1.974s] running egg_info
[1.975s] creating ../build/Webserver/Webserver.egg-info
[1.975s] writing ../build/Webserver/Webserver.egg-info/PKG-INFO
[1.976s] writing dependency_links to ../build/Webserver/Webserver.egg-info/dependency_links.txt
[1.976s] writing entry points to ../build/Webserver/Webserver.egg-info/entry_points.txt
[1.976s] writing requirements to ../build/Webserver/Webserver.egg-info/requires.txt
[1.976s] writing top-level names to ../build/Webserver/Webserver.egg-info/top_level.txt
[1.978s] writing manifest file '../build/Webserver/Webserver.egg-info/SOURCES.txt'
[2.034s] reading manifest file '../build/Webserver/Webserver.egg-info/SOURCES.txt'
[2.035s] writing manifest file '../build/Webserver/Webserver.egg-info/SOURCES.txt'
[2.036s] running build
[2.036s] running build_py
[2.036s] creating /home/incubus/mars_ros2/src/build/Webserver/build
[2.036s] creating /home/incubus/mars_ros2/src/build/Webserver/build/lib
[2.036s] creating /home/incubus/mars_ros2/src/build/Webserver/build/lib/Webserver
[2.037s] copying Webserver/__init__.py -> /home/incubus/mars_ros2/src/build/Webserver/build/lib/Webserver
[2.037s] copying Webserver/Flask.py -> /home/incubus/mars_ros2/src/build/Webserver/build/lib/Webserver
[2.037s] running install
[2.039s] running install_lib
[2.041s] creating /home/incubus/mars_ros2/src/install/Webserver/lib/python3.8/site-packages/Webserver
[2.041s] copying /home/incubus/mars_ros2/src/build/Webserver/build/lib/Webserver/__init__.py -> /home/incubus/mars_ros2/src/install/Webserver/lib/python3.8/site-packages/Webserver
[2.041s] copying /home/incubus/mars_ros2/src/build/Webserver/build/lib/Webserver/Flask.py -> /home/incubus/mars_ros2/src/install/Webserver/lib/python3.8/site-packages/Webserver
[2.042s] byte-compiling /home/incubus/mars_ros2/src/install/Webserver/lib/python3.8/site-packages/Webserver/__init__.py to __init__.cpython-38.pyc
[2.044s] byte-compiling /home/incubus/mars_ros2/src/install/Webserver/lib/python3.8/site-packages/Webserver/Flask.py to Flask.cpython-38.pyc
[2.044s] running install_data
[2.045s] creating /home/incubus/mars_ros2/src/install/Webserver/share/ament_index
[2.045s] creating /home/incubus/mars_ros2/src/install/Webserver/share/ament_index/resource_index
[2.046s] creating /home/incubus/mars_ros2/src/install/Webserver/share/ament_index/resource_index/packages
[2.046s] copying resource/Webserver -> /home/incubus/mars_ros2/src/install/Webserver/share/ament_index/resource_index/packages
[2.046s] copying package.xml -> /home/incubus/mars_ros2/src/install/Webserver/share/Webserver
[2.046s] running install_egg_info
[2.049s] Copying ../build/Webserver/Webserver.egg-info to /home/incubus/mars_ros2/src/install/Webserver/lib/python3.8/site-packages/Webserver-0.0.0-py3.8.egg-info
[2.050s] running install_scripts
[2.076s] Installing Flask script to /home/incubus/mars_ros2/src/install/Webserver/lib/Webserver
[2.077s] writing list of installed files to '/home/incubus/mars_ros2/src/build/Webserver/install.log'
[2.117s] Invoked command in '/home/incubus/mars_ros2/src/Webserver' returned '0': PYTHONPATH=/home/incubus/mars_ros2/src/install/Webserver/lib/python3.8/site-packages:${PYTHONPATH} /usr/bin/python3 setup.py egg_info --egg-base ../build/Webserver build --build-base /home/incubus/mars_ros2/src/build/Webserver/build install --prefix /home/incubus/mars_ros2/src/install/Webserver --record /home/incubus/mars_ros2/src/build/Webserver/install.log --single-version-externally-managed
