[6.373s] Invoking command in '/home/incubus/mars_ros2/src/Manipul': PYTHONPATH=/home/incubus/mars_ros2/src/install/Manipul/lib/python3.8/site-packages:${PYTHONPATH} /usr/bin/python3 setup.py egg_info --egg-base ../build/Manipul build --build-base /home/incubus/mars_ros2/src/build/Manipul/build install --prefix /home/incubus/mars_ros2/src/install/Manipul --record /home/incubus/mars_ros2/src/build/Manipul/install.log --single-version-externally-managed
[7.156s] /home/incubus/.local/lib/python3.8/site-packages/setuptools/dist.py:772: UserWarning: Usage of dash-separated 'script-dir' will not be supported in future versions. Please use the underscore name 'script_dir' instead
[7.157s]   warnings.warn(
[7.157s] /home/incubus/.local/lib/python3.8/site-packages/setuptools/dist.py:772: UserWarning: Usage of dash-separated 'install-scripts' will not be supported in future versions. Please use the underscore name 'install_scripts' instead
[7.157s]   warnings.warn(
[8.960s] running egg_info
[9.119s] writing ../build/Manipul/Manipul.egg-info/PKG-INFO
[9.265s] writing dependency_links to ../build/Manipul/Manipul.egg-info/dependency_links.txt
[9.783s] writing entry points to ../build/Manipul/Manipul.egg-info/entry_points.txt
[10.108s] writing requirements to ../build/Manipul/Manipul.egg-info/requires.txt
[10.272s] writing top-level names to ../build/Manipul/Manipul.egg-info/top_level.txt
[10.545s] reading manifest file '../build/Manipul/Manipul.egg-info/SOURCES.txt'
[10.546s] writing manifest file '../build/Manipul/Manipul.egg-info/SOURCES.txt'
[10.547s] running build
[10.548s] running build_py
[10.549s] running install
[10.549s] /home/incubus/.local/lib/python3.8/site-packages/setuptools/command/install.py:34: SetuptoolsDeprecationWarning: setup.py install is deprecated. Use build and pip and other standards-based tools.
[10.549s]   warnings.warn(
[10.581s] running install_lib
[10.849s] running install_data
[10.896s] running install_egg_info
[11.140s] removing '/home/incubus/mars_ros2/src/install/Manipul/lib/python3.8/site-packages/Manipul-0.0.0-py3.8.egg-info' (and everything under it)
[11.140s] Copying ../build/Manipul/Manipul.egg-info to /home/incubus/mars_ros2/src/install/Manipul/lib/python3.8/site-packages/Manipul-0.0.0-py3.8.egg-info
[11.142s] running install_scripts
[11.583s] Installing ToServo script to /home/incubus/mars_ros2/src/install/Manipul/lib/Manipul
[11.583s] writing list of installed files to '/home/incubus/mars_ros2/src/build/Manipul/install.log'
[12.672s] Invoked command in '/home/incubus/mars_ros2/src/Manipul' returned '0': PYTHONPATH=/home/incubus/mars_ros2/src/install/Manipul/lib/python3.8/site-packages:${PYTHONPATH} /usr/bin/python3 setup.py egg_info --egg-base ../build/Manipul build --build-base /home/incubus/mars_ros2/src/build/Manipul/build install --prefix /home/incubus/mars_ros2/src/install/Manipul --record /home/incubus/mars_ros2/src/build/Manipul/install.log --single-version-externally-managed
