[0.380s] DEBUG:colcon:Command line arguments: ['/usr/bin/colcon', 'build']
[0.380s] DEBUG:colcon:Parsed command line arguments: Namespace(allow_overriding=[], ament_cmake_args=None, base_paths=['.'], build_base='build', catkin_cmake_args=None, catkin_skip_building_tests=False, cmake_args=None, cmake_clean_cache=False, cmake_clean_first=False, cmake_force_configure=False, cmake_target=None, cmake_target_skip_unavailable=False, continue_on_error=False, event_handlers=None, executor='parallel', ignore_user_meta=False, install_base='install', log_base=None, log_level=None, main=<bound method BuildVerb.main of <colcon_core.verb.build.BuildVerb object at 0x7f3388451f10>>, merge_install=False, metas=['./colcon.meta'], packages_above=None, packages_above_and_dependencies=None, packages_above_depth=None, packages_end=None, packages_ignore=None, packages_ignore_regex=None, packages_select=None, packages_select_build_failed=False, packages_select_by_dep=None, packages_select_regex=None, packages_select_test_failures=False, packages_skip=None, packages_skip_build_finished=False, packages_skip_by_dep=None, packages_skip_regex=None, packages_skip_test_passed=False, packages_skip_up_to=None, packages_start=None, packages_up_to=None, packages_up_to_regex=None, parallel_workers=4, paths=None, symlink_install=False, test_result_base=None, verb_extension=<colcon_core.verb.build.BuildVerb object at 0x7f3388451f10>, verb_name='build', verb_parser=<colcon_defaults.argument_parser.defaults.DefaultArgumentsDecorator object at 0x7f338812cd90>)
[0.451s] Level 1:colcon.colcon_core.package_discovery:discover_packages(colcon_meta) check parameters
[0.451s] Level 1:colcon.colcon_core.package_discovery:discover_packages(recursive) check parameters
[0.451s] Level 1:colcon.colcon_core.package_discovery:discover_packages(ignore) check parameters
[0.451s] Level 1:colcon.colcon_core.package_discovery:discover_packages(path) check parameters
[0.451s] Level 1:colcon.colcon_core.package_discovery:discover_packages(colcon_meta) discover
[0.451s] Level 1:colcon.colcon_core.package_discovery:discover_packages(recursive) discover
[0.451s] INFO:colcon.colcon_core.package_discovery:Crawling recursively for packages in '/home/incubus/mars_ros2/src'
[0.451s] Level 1:colcon.colcon_core.package_identification:_identify(.) by extensions ['ignore', 'ignore_ament_install']
[0.451s] Level 1:colcon.colcon_core.package_identification:_identify(.) by extension 'ignore'
[0.452s] Level 1:colcon.colcon_core.package_identification:_identify(.) by extension 'ignore_ament_install'
[0.452s] Level 1:colcon.colcon_core.package_identification:_identify(.) by extensions ['colcon_pkg']
[0.452s] Level 1:colcon.colcon_core.package_identification:_identify(.) by extension 'colcon_pkg'
[0.452s] Level 1:colcon.colcon_core.package_identification:_identify(.) by extensions ['colcon_meta']
[0.452s] Level 1:colcon.colcon_core.package_identification:_identify(.) by extension 'colcon_meta'
[0.452s] Level 1:colcon.colcon_core.package_identification:_identify(.) by extensions ['ros']
[0.452s] Level 1:colcon.colcon_core.package_identification:_identify(.) by extension 'ros'
[0.476s] Level 1:colcon.colcon_core.package_identification:_identify(.) by extensions ['cmake', 'python']
[0.476s] Level 1:colcon.colcon_core.package_identification:_identify(.) by extension 'cmake'
[0.477s] Level 1:colcon.colcon_core.package_identification:_identify(.) by extension 'python'
[0.477s] Level 1:colcon.colcon_core.package_identification:_identify(.) by extensions ['python_setup_py']
[0.477s] Level 1:colcon.colcon_core.package_identification:_identify(.) by extension 'python_setup_py'
[0.477s] Level 1:colcon.colcon_core.package_identification:_identify(Delta_2A_ros) by extensions ['ignore', 'ignore_ament_install']
[0.477s] Level 1:colcon.colcon_core.package_identification:_identify(Delta_2A_ros) by extension 'ignore'
[0.477s] Level 1:colcon.colcon_core.package_identification:_identify(Delta_2A_ros) by extension 'ignore_ament_install'
[0.477s] Level 1:colcon.colcon_core.package_identification:_identify(Delta_2A_ros) by extensions ['colcon_pkg']
[0.477s] Level 1:colcon.colcon_core.package_identification:_identify(Delta_2A_ros) by extension 'colcon_pkg'
[0.477s] Level 1:colcon.colcon_core.package_identification:_identify(Delta_2A_ros) by extensions ['colcon_meta']
[0.477s] Level 1:colcon.colcon_core.package_identification:_identify(Delta_2A_ros) by extension 'colcon_meta'
[0.477s] Level 1:colcon.colcon_core.package_identification:_identify(Delta_2A_ros) by extensions ['ros']
[0.477s] Level 1:colcon.colcon_core.package_identification:_identify(Delta_2A_ros) by extension 'ros'
[0.480s] DEBUG:colcon.colcon_core.package_identification:Package 'Delta_2A_ros' with type 'ros.ament_cmake' and name 'delta_lidar'
[0.480s] Level 1:colcon.colcon_core.package_identification:_identify(Manipul) by extensions ['ignore', 'ignore_ament_install']
[0.480s] Level 1:colcon.colcon_core.package_identification:_identify(Manipul) by extension 'ignore'
[0.481s] Level 1:colcon.colcon_core.package_identification:_identify(Manipul) by extension 'ignore_ament_install'
[0.481s] Level 1:colcon.colcon_core.package_identification:_identify(Manipul) by extensions ['colcon_pkg']
[0.481s] Level 1:colcon.colcon_core.package_identification:_identify(Manipul) by extension 'colcon_pkg'
[0.481s] Level 1:colcon.colcon_core.package_identification:_identify(Manipul) by extensions ['colcon_meta']
[0.481s] Level 1:colcon.colcon_core.package_identification:_identify(Manipul) by extension 'colcon_meta'
[0.481s] Level 1:colcon.colcon_core.package_identification:_identify(Manipul) by extensions ['ros']
[0.481s] Level 1:colcon.colcon_core.package_identification:_identify(Manipul) by extension 'ros'
[0.482s] DEBUG:colcon.colcon_core.package_identification:Package 'Manipul' with type 'ros.ament_python' and name 'Manipul'
[0.482s] Level 1:colcon.colcon_core.package_identification:_identify(Webserver) by extensions ['ignore', 'ignore_ament_install']
[0.482s] Level 1:colcon.colcon_core.package_identification:_identify(Webserver) by extension 'ignore'
[0.482s] Level 1:colcon.colcon_core.package_identification:_identify(Webserver) by extension 'ignore_ament_install'
[0.482s] Level 1:colcon.colcon_core.package_identification:_identify(Webserver) by extensions ['colcon_pkg']
[0.482s] Level 1:colcon.colcon_core.package_identification:_identify(Webserver) by extension 'colcon_pkg'
[0.482s] Level 1:colcon.colcon_core.package_identification:_identify(Webserver) by extensions ['colcon_meta']
[0.482s] Level 1:colcon.colcon_core.package_identification:_identify(Webserver) by extension 'colcon_meta'
[0.482s] Level 1:colcon.colcon_core.package_identification:_identify(Webserver) by extensions ['ros']
[0.482s] Level 1:colcon.colcon_core.package_identification:_identify(Webserver) by extension 'ros'
[0.483s] DEBUG:colcon.colcon_core.package_identification:Package 'Webserver' with type 'ros.ament_python' and name 'Webserver'
[0.483s] Level 1:colcon.colcon_core.package_identification:_identify(build) by extensions ['ignore', 'ignore_ament_install']
[0.483s] Level 1:colcon.colcon_core.package_identification:_identify(build) by extension 'ignore'
[0.483s] Level 1:colcon.colcon_core.package_identification:_identify(build) ignored
[0.484s] Level 1:colcon.colcon_core.package_identification:_identify(gamepad) by extensions ['ignore', 'ignore_ament_install']
[0.484s] Level 1:colcon.colcon_core.package_identification:_identify(gamepad) by extension 'ignore'
[0.484s] Level 1:colcon.colcon_core.package_identification:_identify(gamepad) by extension 'ignore_ament_install'
[0.484s] Level 1:colcon.colcon_core.package_identification:_identify(gamepad) by extensions ['colcon_pkg']
[0.484s] Level 1:colcon.colcon_core.package_identification:_identify(gamepad) by extension 'colcon_pkg'
[0.484s] Level 1:colcon.colcon_core.package_identification:_identify(gamepad) by extensions ['colcon_meta']
[0.484s] Level 1:colcon.colcon_core.package_identification:_identify(gamepad) by extension 'colcon_meta'
[0.484s] Level 1:colcon.colcon_core.package_identification:_identify(gamepad) by extensions ['ros']
[0.484s] Level 1:colcon.colcon_core.package_identification:_identify(gamepad) by extension 'ros'
[0.484s] DEBUG:colcon.colcon_core.package_identification:Package 'gamepad' with type 'ros.ament_python' and name 'gamepad'
[0.485s] Level 1:colcon.colcon_core.package_identification:_identify(install) by extensions ['ignore', 'ignore_ament_install']
[0.485s] Level 1:colcon.colcon_core.package_identification:_identify(install) by extension 'ignore'
[0.485s] Level 1:colcon.colcon_core.package_identification:_identify(install) ignored
[0.485s] Level 1:colcon.colcon_core.package_identification:_identify(keyboard) by extensions ['ignore', 'ignore_ament_install']
[0.485s] Level 1:colcon.colcon_core.package_identification:_identify(keyboard) by extension 'ignore'
[0.485s] Level 1:colcon.colcon_core.package_identification:_identify(keyboard) by extension 'ignore_ament_install'
[0.485s] Level 1:colcon.colcon_core.package_identification:_identify(keyboard) by extensions ['colcon_pkg']
[0.485s] Level 1:colcon.colcon_core.package_identification:_identify(keyboard) by extension 'colcon_pkg'
[0.485s] Level 1:colcon.colcon_core.package_identification:_identify(keyboard) by extensions ['colcon_meta']
[0.485s] Level 1:colcon.colcon_core.package_identification:_identify(keyboard) by extension 'colcon_meta'
[0.485s] Level 1:colcon.colcon_core.package_identification:_identify(keyboard) by extensions ['ros']
[0.485s] Level 1:colcon.colcon_core.package_identification:_identify(keyboard) by extension 'ros'
[0.486s] DEBUG:colcon.colcon_core.package_identification:Package 'keyboard' with type 'ros.ament_python' and name 'keyboard'
[0.486s] Level 1:colcon.colcon_core.package_identification:_identify(log) by extensions ['ignore', 'ignore_ament_install']
[0.486s] Level 1:colcon.colcon_core.package_identification:_identify(log) by extension 'ignore'
[0.486s] Level 1:colcon.colcon_core.package_identification:_identify(log) ignored
[0.486s] Level 1:colcon.colcon_core.package_identification:_identify(stm) by extensions ['ignore', 'ignore_ament_install']
[0.487s] Level 1:colcon.colcon_core.package_identification:_identify(stm) by extension 'ignore'
[0.487s] Level 1:colcon.colcon_core.package_identification:_identify(stm) by extension 'ignore_ament_install'
[0.487s] Level 1:colcon.colcon_core.package_identification:_identify(stm) by extensions ['colcon_pkg']
[0.487s] Level 1:colcon.colcon_core.package_identification:_identify(stm) by extension 'colcon_pkg'
[0.487s] Level 1:colcon.colcon_core.package_identification:_identify(stm) by extensions ['colcon_meta']
[0.487s] Level 1:colcon.colcon_core.package_identification:_identify(stm) by extension 'colcon_meta'
[0.487s] Level 1:colcon.colcon_core.package_identification:_identify(stm) by extensions ['ros']
[0.487s] Level 1:colcon.colcon_core.package_identification:_identify(stm) by extension 'ros'
[0.487s] DEBUG:colcon.colcon_core.package_identification:Package 'stm' with type 'ros.ament_python' and name 'stm'
[0.487s] Level 1:colcon.colcon_core.package_discovery:discover_packages(recursive) using defaults
[0.488s] Level 1:colcon.colcon_core.package_discovery:discover_packages(ignore) discover
[0.488s] Level 1:colcon.colcon_core.package_discovery:discover_packages(ignore) using defaults
[0.488s] Level 1:colcon.colcon_core.package_discovery:discover_packages(path) discover
[0.488s] Level 1:colcon.colcon_core.package_discovery:discover_packages(path) using defaults
[0.513s] Level 1:colcon.colcon_core.package_discovery:discover_packages(prefix_path) check parameters
[0.513s] Level 1:colcon.colcon_core.package_discovery:discover_packages(prefix_path) discover
[0.516s] DEBUG:colcon.colcon_installed_package_information.package_discovery:Found 6 installed packages in /home/incubus/mars_ros2/src/install
[0.517s] DEBUG:colcon.colcon_installed_package_information.package_discovery:Found 9 installed packages in /home/incubus/mars_ros2/install
[0.520s] DEBUG:colcon.colcon_installed_package_information.package_discovery:Found 256 installed packages in /opt/ros/foxy
[0.521s] Level 1:colcon.colcon_core.package_discovery:discover_packages(prefix_path) using defaults
[0.606s] Level 5:colcon.colcon_core.verb:set package 'Manipul' build argument 'cmake_args' from command line to 'None'
[0.606s] Level 5:colcon.colcon_core.verb:set package 'Manipul' build argument 'cmake_target' from command line to 'None'
[0.606s] Level 5:colcon.colcon_core.verb:set package 'Manipul' build argument 'cmake_target_skip_unavailable' from command line to 'False'
[0.606s] Level 5:colcon.colcon_core.verb:set package 'Manipul' build argument 'cmake_clean_cache' from command line to 'False'
[0.606s] Level 5:colcon.colcon_core.verb:set package 'Manipul' build argument 'cmake_clean_first' from command line to 'False'
[0.606s] Level 5:colcon.colcon_core.verb:set package 'Manipul' build argument 'cmake_force_configure' from command line to 'False'
[0.607s] Level 5:colcon.colcon_core.verb:set package 'Manipul' build argument 'ament_cmake_args' from command line to 'None'
[0.607s] Level 5:colcon.colcon_core.verb:set package 'Manipul' build argument 'catkin_cmake_args' from command line to 'None'
[0.607s] Level 5:colcon.colcon_core.verb:set package 'Manipul' build argument 'catkin_skip_building_tests' from command line to 'False'
[0.607s] DEBUG:colcon.colcon_core.verb:Building package 'Manipul' with the following arguments: {'ament_cmake_args': None, 'build_base': '/home/incubus/mars_ros2/src/build/Manipul', 'catkin_cmake_args': None, 'catkin_skip_building_tests': False, 'cmake_args': None, 'cmake_clean_cache': False, 'cmake_clean_first': False, 'cmake_force_configure': False, 'cmake_target': None, 'cmake_target_skip_unavailable': False, 'install_base': '/home/incubus/mars_ros2/src/install/Manipul', 'merge_install': False, 'path': '/home/incubus/mars_ros2/src/Manipul', 'symlink_install': False, 'test_result_base': None}
[0.608s] Level 5:colcon.colcon_core.verb:set package 'Webserver' build argument 'cmake_args' from command line to 'None'
[0.608s] Level 5:colcon.colcon_core.verb:set package 'Webserver' build argument 'cmake_target' from command line to 'None'
[0.608s] Level 5:colcon.colcon_core.verb:set package 'Webserver' build argument 'cmake_target_skip_unavailable' from command line to 'False'
[0.608s] Level 5:colcon.colcon_core.verb:set package 'Webserver' build argument 'cmake_clean_cache' from command line to 'False'
[0.608s] Level 5:colcon.colcon_core.verb:set package 'Webserver' build argument 'cmake_clean_first' from command line to 'False'
[0.608s] Level 5:colcon.colcon_core.verb:set package 'Webserver' build argument 'cmake_force_configure' from command line to 'False'
[0.608s] Level 5:colcon.colcon_core.verb:set package 'Webserver' build argument 'ament_cmake_args' from command line to 'None'
[0.608s] Level 5:colcon.colcon_core.verb:set package 'Webserver' build argument 'catkin_cmake_args' from command line to 'None'
[0.608s] Level 5:colcon.colcon_core.verb:set package 'Webserver' build argument 'catkin_skip_building_tests' from command line to 'False'
[0.608s] DEBUG:colcon.colcon_core.verb:Building package 'Webserver' with the following arguments: {'ament_cmake_args': None, 'build_base': '/home/incubus/mars_ros2/src/build/Webserver', 'catkin_cmake_args': None, 'catkin_skip_building_tests': False, 'cmake_args': None, 'cmake_clean_cache': False, 'cmake_clean_first': False, 'cmake_force_configure': False, 'cmake_target': None, 'cmake_target_skip_unavailable': False, 'install_base': '/home/incubus/mars_ros2/src/install/Webserver', 'merge_install': False, 'path': '/home/incubus/mars_ros2/src/Webserver', 'symlink_install': False, 'test_result_base': None}
[0.609s] Level 5:colcon.colcon_core.verb:set package 'delta_lidar' build argument 'cmake_args' from command line to 'None'
[0.609s] Level 5:colcon.colcon_core.verb:set package 'delta_lidar' build argument 'cmake_target' from command line to 'None'
[0.609s] Level 5:colcon.colcon_core.verb:set package 'delta_lidar' build argument 'cmake_target_skip_unavailable' from command line to 'False'
[0.609s] Level 5:colcon.colcon_core.verb:set package 'delta_lidar' build argument 'cmake_clean_cache' from command line to 'False'
[0.609s] Level 5:colcon.colcon_core.verb:set package 'delta_lidar' build argument 'cmake_clean_first' from command line to 'False'
[0.609s] Level 5:colcon.colcon_core.verb:set package 'delta_lidar' build argument 'cmake_force_configure' from command line to 'False'
[0.609s] Level 5:colcon.colcon_core.verb:set package 'delta_lidar' build argument 'ament_cmake_args' from command line to 'None'
[0.609s] Level 5:colcon.colcon_core.verb:set package 'delta_lidar' build argument 'catkin_cmake_args' from command line to 'None'
[0.609s] Level 5:colcon.colcon_core.verb:set package 'delta_lidar' build argument 'catkin_skip_building_tests' from command line to 'False'
[0.609s] DEBUG:colcon.colcon_core.verb:Building package 'delta_lidar' with the following arguments: {'ament_cmake_args': None, 'build_base': '/home/incubus/mars_ros2/src/build/delta_lidar', 'catkin_cmake_args': None, 'catkin_skip_building_tests': False, 'cmake_args': None, 'cmake_clean_cache': False, 'cmake_clean_first': False, 'cmake_force_configure': False, 'cmake_target': None, 'cmake_target_skip_unavailable': False, 'install_base': '/home/incubus/mars_ros2/src/install/delta_lidar', 'merge_install': False, 'path': '/home/incubus/mars_ros2/src/Delta_2A_ros', 'symlink_install': False, 'test_result_base': None}
[0.610s] Level 5:colcon.colcon_core.verb:set package 'gamepad' build argument 'cmake_args' from command line to 'None'
[0.610s] Level 5:colcon.colcon_core.verb:set package 'gamepad' build argument 'cmake_target' from command line to 'None'
[0.610s] Level 5:colcon.colcon_core.verb:set package 'gamepad' build argument 'cmake_target_skip_unavailable' from command line to 'False'
[0.610s] Level 5:colcon.colcon_core.verb:set package 'gamepad' build argument 'cmake_clean_cache' from command line to 'False'
[0.610s] Level 5:colcon.colcon_core.verb:set package 'gamepad' build argument 'cmake_clean_first' from command line to 'False'
[0.610s] Level 5:colcon.colcon_core.verb:set package 'gamepad' build argument 'cmake_force_configure' from command line to 'False'
[0.610s] Level 5:colcon.colcon_core.verb:set package 'gamepad' build argument 'ament_cmake_args' from command line to 'None'
[0.610s] Level 5:colcon.colcon_core.verb:set package 'gamepad' build argument 'catkin_cmake_args' from command line to 'None'
[0.610s] Level 5:colcon.colcon_core.verb:set package 'gamepad' build argument 'catkin_skip_building_tests' from command line to 'False'
[0.610s] DEBUG:colcon.colcon_core.verb:Building package 'gamepad' with the following arguments: {'ament_cmake_args': None, 'build_base': '/home/incubus/mars_ros2/src/build/gamepad', 'catkin_cmake_args': None, 'catkin_skip_building_tests': False, 'cmake_args': None, 'cmake_clean_cache': False, 'cmake_clean_first': False, 'cmake_force_configure': False, 'cmake_target': None, 'cmake_target_skip_unavailable': False, 'install_base': '/home/incubus/mars_ros2/src/install/gamepad', 'merge_install': False, 'path': '/home/incubus/mars_ros2/src/gamepad', 'symlink_install': False, 'test_result_base': None}
[0.611s] Level 5:colcon.colcon_core.verb:set package 'keyboard' build argument 'cmake_args' from command line to 'None'
[0.611s] Level 5:colcon.colcon_core.verb:set package 'keyboard' build argument 'cmake_target' from command line to 'None'
[0.611s] Level 5:colcon.colcon_core.verb:set package 'keyboard' build argument 'cmake_target_skip_unavailable' from command line to 'False'
[0.611s] Level 5:colcon.colcon_core.verb:set package 'keyboard' build argument 'cmake_clean_cache' from command line to 'False'
[0.611s] Level 5:colcon.colcon_core.verb:set package 'keyboard' build argument 'cmake_clean_first' from command line to 'False'
[0.611s] Level 5:colcon.colcon_core.verb:set package 'keyboard' build argument 'cmake_force_configure' from command line to 'False'
[0.611s] Level 5:colcon.colcon_core.verb:set package 'keyboard' build argument 'ament_cmake_args' from command line to 'None'
[0.611s] Level 5:colcon.colcon_core.verb:set package 'keyboard' build argument 'catkin_cmake_args' from command line to 'None'
[0.612s] Level 5:colcon.colcon_core.verb:set package 'keyboard' build argument 'catkin_skip_building_tests' from command line to 'False'
[0.612s] DEBUG:colcon.colcon_core.verb:Building package 'keyboard' with the following arguments: {'ament_cmake_args': None, 'build_base': '/home/incubus/mars_ros2/src/build/keyboard', 'catkin_cmake_args': None, 'catkin_skip_building_tests': False, 'cmake_args': None, 'cmake_clean_cache': False, 'cmake_clean_first': False, 'cmake_force_configure': False, 'cmake_target': None, 'cmake_target_skip_unavailable': False, 'install_base': '/home/incubus/mars_ros2/src/install/keyboard', 'merge_install': False, 'path': '/home/incubus/mars_ros2/src/keyboard', 'symlink_install': False, 'test_result_base': None}
[0.612s] Level 5:colcon.colcon_core.verb:set package 'stm' build argument 'cmake_args' from command line to 'None'
[0.612s] Level 5:colcon.colcon_core.verb:set package 'stm' build argument 'cmake_target' from command line to 'None'
[0.613s] Level 5:colcon.colcon_core.verb:set package 'stm' build argument 'cmake_target_skip_unavailable' from command line to 'False'
[0.613s] Level 5:colcon.colcon_core.verb:set package 'stm' build argument 'cmake_clean_cache' from command line to 'False'
[0.613s] Level 5:colcon.colcon_core.verb:set package 'stm' build argument 'cmake_clean_first' from command line to 'False'
[0.613s] Level 5:colcon.colcon_core.verb:set package 'stm' build argument 'cmake_force_configure' from command line to 'False'
[0.613s] Level 5:colcon.colcon_core.verb:set package 'stm' build argument 'ament_cmake_args' from command line to 'None'
[0.613s] Level 5:colcon.colcon_core.verb:set package 'stm' build argument 'catkin_cmake_args' from command line to 'None'
[0.613s] Level 5:colcon.colcon_core.verb:set package 'stm' build argument 'catkin_skip_building_tests' from command line to 'False'
[0.613s] DEBUG:colcon.colcon_core.verb:Building package 'stm' with the following arguments: {'ament_cmake_args': None, 'build_base': '/home/incubus/mars_ros2/src/build/stm', 'catkin_cmake_args': None, 'catkin_skip_building_tests': False, 'cmake_args': None, 'cmake_clean_cache': False, 'cmake_clean_first': False, 'cmake_force_configure': False, 'cmake_target': None, 'cmake_target_skip_unavailable': False, 'install_base': '/home/incubus/mars_ros2/src/install/stm', 'merge_install': False, 'path': '/home/incubus/mars_ros2/src/stm', 'symlink_install': False, 'test_result_base': None}
[0.613s] INFO:colcon.colcon_core.executor:Executing jobs using 'parallel' executor
[0.616s] DEBUG:colcon.colcon_parallel_executor.executor.parallel:run_until_complete
[0.616s] INFO:colcon.colcon_ros.task.ament_python.build:Building ROS package in '/home/incubus/mars_ros2/src/Manipul' with build type 'ament_python'
[0.616s] Level 1:colcon.colcon_core.shell:create_environment_hook('Manipul', 'ament_prefix_path')
[0.620s] INFO:colcon.colcon_core.plugin_system:Skipping extension 'colcon_core.shell.bat': Not used on non-Windows systems
[0.620s] INFO:colcon.colcon_core.shell:Creating environment hook '/home/incubus/mars_ros2/src/install/Manipul/share/Manipul/hook/ament_prefix_path.ps1'
[0.621s] INFO:colcon.colcon_core.shell:Creating environment descriptor '/home/incubus/mars_ros2/src/install/Manipul/share/Manipul/hook/ament_prefix_path.dsv'
[0.621s] INFO:colcon.colcon_core.shell:Creating environment hook '/home/incubus/mars_ros2/src/install/Manipul/share/Manipul/hook/ament_prefix_path.sh'
[0.622s] INFO:colcon.colcon_core.shell:Skip shell extension 'powershell' for command environment: Not usable outside of PowerShell
[0.622s] DEBUG:colcon.colcon_core.shell:Skip shell extension 'dsv' for command environment
[0.631s] INFO:colcon.colcon_ros.task.ament_python.build:Building ROS package in '/home/incubus/mars_ros2/src/Webserver' with build type 'ament_python'
[0.632s] Level 1:colcon.colcon_core.shell:create_environment_hook('Webserver', 'ament_prefix_path')
[0.633s] INFO:colcon.colcon_core.shell:Creating environment hook '/home/incubus/mars_ros2/src/install/Webserver/share/Webserver/hook/ament_prefix_path.ps1'
[0.634s] INFO:colcon.colcon_core.shell:Creating environment descriptor '/home/incubus/mars_ros2/src/install/Webserver/share/Webserver/hook/ament_prefix_path.dsv'
[0.634s] INFO:colcon.colcon_core.shell:Creating environment hook '/home/incubus/mars_ros2/src/install/Webserver/share/Webserver/hook/ament_prefix_path.sh'
[0.635s] INFO:colcon.colcon_core.shell:Skip shell extension 'powershell' for command environment: Not usable outside of PowerShell
[0.635s] DEBUG:colcon.colcon_core.shell:Skip shell extension 'dsv' for command environment
[0.642s] INFO:colcon.colcon_ros.task.ament_cmake.build:Building ROS package in '/home/incubus/mars_ros2/src/Delta_2A_ros' with build type 'ament_cmake'
[0.642s] INFO:colcon.colcon_cmake.task.cmake.build:Building CMake package in '/home/incubus/mars_ros2/src/Delta_2A_ros'
[0.644s] INFO:colcon.colcon_core.shell:Skip shell extension 'powershell' for command environment: Not usable outside of PowerShell
[0.644s] DEBUG:colcon.colcon_core.shell:Skip shell extension 'dsv' for command environment
[0.653s] INFO:colcon.colcon_ros.task.ament_python.build:Building ROS package in '/home/incubus/mars_ros2/src/gamepad' with build type 'ament_python'
[0.654s] Level 1:colcon.colcon_core.shell:create_environment_hook('gamepad', 'ament_prefix_path')
[0.655s] INFO:colcon.colcon_core.shell:Creating environment hook '/home/incubus/mars_ros2/src/install/gamepad/share/gamepad/hook/ament_prefix_path.ps1'
[0.656s] INFO:colcon.colcon_core.shell:Creating environment descriptor '/home/incubus/mars_ros2/src/install/gamepad/share/gamepad/hook/ament_prefix_path.dsv'
[0.656s] INFO:colcon.colcon_core.shell:Creating environment hook '/home/incubus/mars_ros2/src/install/gamepad/share/gamepad/hook/ament_prefix_path.sh'
[0.657s] INFO:colcon.colcon_core.shell:Skip shell extension 'powershell' for command environment: Not usable outside of PowerShell
[0.657s] DEBUG:colcon.colcon_core.shell:Skip shell extension 'dsv' for command environment
[1.681s] INFO:colcon.colcon_core.task.python.build:Building Python package in '/home/incubus/mars_ros2/src/Manipul'
[1.682s] INFO:colcon.colcon_core.shell:Skip shell extension 'powershell' for command environment: Not usable outside of PowerShell
[1.682s] DEBUG:colcon.colcon_core.shell:Skip shell extension 'dsv' for command environment
[2.693s] INFO:colcon.colcon_core.task.python.build:Building Python package in '/home/incubus/mars_ros2/src/Webserver'
[2.694s] INFO:colcon.colcon_core.shell:Skip shell extension 'powershell' for command environment: Not usable outside of PowerShell
[2.694s] DEBUG:colcon.colcon_core.shell:Skip shell extension 'dsv' for command environment
[2.706s] DEBUG:colcon.colcon_core.event_handler.log_command:Invoking command in '/home/incubus/mars_ros2/src/build/delta_lidar': CMAKE_PREFIX_PATH=${CMAKE_PREFIX_PATH}:/home/incubus/mars_ros2/src/install/stm:/home/incubus/mars_ros2/src/install/keyboard:/home/incubus/mars_ros2/src/install/gamepad:/home/incubus/mars_ros2/src/install/Webserver:/home/incubus/mars_ros2/src/install/Manipul:/home/incubus/mars_ros2/install/stm:/home/incubus/mars_ros2/install/py_pubsub:/home/incubus/mars_ros2/install/my_package:/home/incubus/mars_ros2/install/keyboard:/home/incubus/mars_ros2/install/Webserver:/home/incubus/mars_ros2/install/Manipul:/opt/ros/foxy /usr/bin/cmake --build /home/incubus/mars_ros2/src/build/delta_lidar -- -j4 -l4
[3.719s] INFO:colcon.colcon_core.task.python.build:Building Python package in '/home/incubus/mars_ros2/src/gamepad'
[3.720s] INFO:colcon.colcon_core.shell:Skip shell extension 'powershell' for command environment: Not usable outside of PowerShell
[3.720s] DEBUG:colcon.colcon_core.shell:Skip shell extension 'dsv' for command environment
[3.732s] DEBUG:colcon.colcon_core.event_handler.log_command:Invoked command in '/home/incubus/mars_ros2/src/build/delta_lidar' returned '0': CMAKE_PREFIX_PATH=${CMAKE_PREFIX_PATH}:/home/incubus/mars_ros2/src/install/stm:/home/incubus/mars_ros2/src/install/keyboard:/home/incubus/mars_ros2/src/install/gamepad:/home/incubus/mars_ros2/src/install/Webserver:/home/incubus/mars_ros2/src/install/Manipul:/home/incubus/mars_ros2/install/stm:/home/incubus/mars_ros2/install/py_pubsub:/home/incubus/mars_ros2/install/my_package:/home/incubus/mars_ros2/install/keyboard:/home/incubus/mars_ros2/install/Webserver:/home/incubus/mars_ros2/install/Manipul:/opt/ros/foxy /usr/bin/cmake --build /home/incubus/mars_ros2/src/build/delta_lidar -- -j4 -l4
[3.857s] DEBUG:colcon.colcon_core.event_handler.log_command:Invoking command in '/home/incubus/mars_ros2/src/build/delta_lidar': CMAKE_PREFIX_PATH=${CMAKE_PREFIX_PATH}:/home/incubus/mars_ros2/src/install/stm:/home/incubus/mars_ros2/src/install/keyboard:/home/incubus/mars_ros2/src/install/gamepad:/home/incubus/mars_ros2/src/install/Webserver:/home/incubus/mars_ros2/src/install/Manipul:/home/incubus/mars_ros2/install/stm:/home/incubus/mars_ros2/install/py_pubsub:/home/incubus/mars_ros2/install/my_package:/home/incubus/mars_ros2/install/keyboard:/home/incubus/mars_ros2/install/Webserver:/home/incubus/mars_ros2/install/Manipul:/opt/ros/foxy /usr/bin/cmake --install /home/incubus/mars_ros2/src/build/delta_lidar
[3.901s] Level 1:colcon.colcon_core.environment:create_environment_scripts_only(delta_lidar)
[3.903s] DEBUG:colcon.colcon_core.event_handler.log_command:Invoked command in '/home/incubus/mars_ros2/src/build/delta_lidar' returned '0': CMAKE_PREFIX_PATH=${CMAKE_PREFIX_PATH}:/home/incubus/mars_ros2/src/install/stm:/home/incubus/mars_ros2/src/install/keyboard:/home/incubus/mars_ros2/src/install/gamepad:/home/incubus/mars_ros2/src/install/Webserver:/home/incubus/mars_ros2/src/install/Manipul:/home/incubus/mars_ros2/install/stm:/home/incubus/mars_ros2/install/py_pubsub:/home/incubus/mars_ros2/install/my_package:/home/incubus/mars_ros2/install/keyboard:/home/incubus/mars_ros2/install/Webserver:/home/incubus/mars_ros2/install/Manipul:/opt/ros/foxy /usr/bin/cmake --install /home/incubus/mars_ros2/src/build/delta_lidar
[3.910s] Level 1:colcon.colcon_core.environment:checking '/home/incubus/mars_ros2/src/install/delta_lidar' for CMake module files
[3.911s] Level 1:colcon.colcon_core.environment:checking '/home/incubus/mars_ros2/src/install/delta_lidar' for CMake config files
[3.911s] Level 1:colcon.colcon_core.shell:create_environment_hook('delta_lidar', 'cmake_prefix_path')
[3.915s] INFO:colcon.colcon_core.shell:Creating environment hook '/home/incubus/mars_ros2/src/install/delta_lidar/share/delta_lidar/hook/cmake_prefix_path.ps1'
[3.916s] INFO:colcon.colcon_core.shell:Creating environment descriptor '/home/incubus/mars_ros2/src/install/delta_lidar/share/delta_lidar/hook/cmake_prefix_path.dsv'
[3.916s] INFO:colcon.colcon_core.shell:Creating environment hook '/home/incubus/mars_ros2/src/install/delta_lidar/share/delta_lidar/hook/cmake_prefix_path.sh'
[3.920s] Level 1:colcon.colcon_core.environment:checking '/home/incubus/mars_ros2/src/install/delta_lidar/lib'
[3.921s] Level 1:colcon.colcon_core.environment:checking '/home/incubus/mars_ros2/src/install/delta_lidar/bin'
[3.923s] Level 1:colcon.colcon_core.environment:checking '/home/incubus/mars_ros2/src/install/delta_lidar/lib/pkgconfig/delta_lidar.pc'
[3.923s] Level 1:colcon.colcon_core.environment:checking '/home/incubus/mars_ros2/src/install/delta_lidar/lib/python3.8/site-packages'
[3.923s] Level 1:colcon.colcon_core.environment:checking '/home/incubus/mars_ros2/src/install/delta_lidar/bin'
[3.925s] INFO:colcon.colcon_core.shell:Creating package script '/home/incubus/mars_ros2/src/install/delta_lidar/share/delta_lidar/package.ps1'
[3.926s] INFO:colcon.colcon_core.shell:Creating package descriptor '/home/incubus/mars_ros2/src/install/delta_lidar/share/delta_lidar/package.dsv'
[3.927s] INFO:colcon.colcon_core.shell:Creating package script '/home/incubus/mars_ros2/src/install/delta_lidar/share/delta_lidar/package.sh'
[3.929s] INFO:colcon.colcon_core.shell:Creating package script '/home/incubus/mars_ros2/src/install/delta_lidar/share/delta_lidar/package.bash'
[3.931s] INFO:colcon.colcon_core.shell:Creating package script '/home/incubus/mars_ros2/src/install/delta_lidar/share/delta_lidar/package.zsh'
[3.932s] Level 1:colcon.colcon_core.environment:create_file_with_runtime_dependencies(/home/incubus/mars_ros2/src/install/delta_lidar/share/colcon-core/packages/delta_lidar)
[4.123s] Level 1:colcon.colcon_core.environment:create_environment_scripts_only(delta_lidar)
[4.125s] Level 1:colcon.colcon_core.environment:checking '/home/incubus/mars_ros2/src/install/delta_lidar' for CMake module files
[4.126s] Level 1:colcon.colcon_core.environment:checking '/home/incubus/mars_ros2/src/install/delta_lidar' for CMake config files
[4.127s] Level 1:colcon.colcon_core.shell:create_environment_hook('delta_lidar', 'cmake_prefix_path')
[4.128s] INFO:colcon.colcon_core.shell:Creating environment hook '/home/incubus/mars_ros2/src/install/delta_lidar/share/delta_lidar/hook/cmake_prefix_path.ps1'
[4.129s] INFO:colcon.colcon_core.shell:Creating environment descriptor '/home/incubus/mars_ros2/src/install/delta_lidar/share/delta_lidar/hook/cmake_prefix_path.dsv'
[4.130s] INFO:colcon.colcon_core.shell:Creating environment hook '/home/incubus/mars_ros2/src/install/delta_lidar/share/delta_lidar/hook/cmake_prefix_path.sh'
[4.131s] Level 1:colcon.colcon_core.environment:checking '/home/incubus/mars_ros2/src/install/delta_lidar/lib'
[4.131s] Level 1:colcon.colcon_core.environment:checking '/home/incubus/mars_ros2/src/install/delta_lidar/bin'
[4.131s] Level 1:colcon.colcon_core.environment:checking '/home/incubus/mars_ros2/src/install/delta_lidar/lib/pkgconfig/delta_lidar.pc'
[4.132s] Level 1:colcon.colcon_core.environment:checking '/home/incubus/mars_ros2/src/install/delta_lidar/lib/python3.8/site-packages'
[4.132s] Level 1:colcon.colcon_core.environment:checking '/home/incubus/mars_ros2/src/install/delta_lidar/bin'
[4.133s] INFO:colcon.colcon_core.shell:Creating package script '/home/incubus/mars_ros2/src/install/delta_lidar/share/delta_lidar/package.ps1'
[4.134s] INFO:colcon.colcon_core.shell:Creating package descriptor '/home/incubus/mars_ros2/src/install/delta_lidar/share/delta_lidar/package.dsv'
[4.135s] INFO:colcon.colcon_core.shell:Creating package script '/home/incubus/mars_ros2/src/install/delta_lidar/share/delta_lidar/package.sh'
[4.136s] INFO:colcon.colcon_core.shell:Creating package script '/home/incubus/mars_ros2/src/install/delta_lidar/share/delta_lidar/package.bash'
[4.137s] INFO:colcon.colcon_core.shell:Creating package script '/home/incubus/mars_ros2/src/install/delta_lidar/share/delta_lidar/package.zsh'
[4.137s] Level 1:colcon.colcon_core.environment:create_file_with_runtime_dependencies(/home/incubus/mars_ros2/src/install/delta_lidar/share/colcon-core/packages/delta_lidar)
[4.139s] INFO:colcon.colcon_ros.task.ament_python.build:Building ROS package in '/home/incubus/mars_ros2/src/keyboard' with build type 'ament_python'
[4.143s] Level 1:colcon.colcon_core.shell:create_environment_hook('keyboard', 'ament_prefix_path')
[4.144s] INFO:colcon.colcon_core.shell:Creating environment hook '/home/incubus/mars_ros2/src/install/keyboard/share/keyboard/hook/ament_prefix_path.ps1'
[4.145s] INFO:colcon.colcon_core.shell:Creating environment descriptor '/home/incubus/mars_ros2/src/install/keyboard/share/keyboard/hook/ament_prefix_path.dsv'
[4.146s] INFO:colcon.colcon_core.shell:Creating environment hook '/home/incubus/mars_ros2/src/install/keyboard/share/keyboard/hook/ament_prefix_path.sh'
[4.148s] INFO:colcon.colcon_core.shell:Skip shell extension 'powershell' for command environment: Not usable outside of PowerShell
[4.148s] DEBUG:colcon.colcon_core.shell:Skip shell extension 'dsv' for command environment
[6.116s] INFO:colcon.colcon_core.task.python.build:Building Python package in '/home/incubus/mars_ros2/src/keyboard'
[6.118s] INFO:colcon.colcon_core.shell:Skip shell extension 'powershell' for command environment: Not usable outside of PowerShell
[6.118s] DEBUG:colcon.colcon_core.shell:Skip shell extension 'dsv' for command environment
[6.195s] DEBUG:colcon.colcon_core.event_handler.log_command:Invoking command in '/home/incubus/mars_ros2/src/Webserver': PYTHONPATH=/home/incubus/mars_ros2/src/install/Webserver/lib/python3.8/site-packages:${PYTHONPATH} /usr/bin/python3 setup.py egg_info --egg-base ../build/Webserver build --build-base /home/incubus/mars_ros2/src/build/Webserver/build install --prefix /home/incubus/mars_ros2/src/install/Webserver --record /home/incubus/mars_ros2/src/build/Webserver/install.log --single-version-externally-managed
[6.400s] DEBUG:colcon.colcon_core.event_handler.log_command:Invoking command in '/home/incubus/mars_ros2/src/gamepad': PYTHONPATH=/home/incubus/mars_ros2/src/install/gamepad/lib/python3.8/site-packages:${PYTHONPATH} /usr/bin/python3 setup.py egg_info --egg-base ../build/gamepad build --build-base /home/incubus/mars_ros2/src/build/gamepad/build install --prefix /home/incubus/mars_ros2/src/install/gamepad --record /home/incubus/mars_ros2/src/build/gamepad/install.log --single-version-externally-managed
[6.467s] DEBUG:colcon.colcon_core.event_handler.log_command:Invoking command in '/home/incubus/mars_ros2/src/Manipul': PYTHONPATH=/home/incubus/mars_ros2/src/install/Manipul/lib/python3.8/site-packages:${PYTHONPATH} /usr/bin/python3 setup.py egg_info --egg-base ../build/Manipul build --build-base /home/incubus/mars_ros2/src/build/Manipul/build install --prefix /home/incubus/mars_ros2/src/install/Manipul --record /home/incubus/mars_ros2/src/build/Manipul/install.log --single-version-externally-managed
[8.677s] DEBUG:colcon.colcon_core.event_handler.log_command:Invoking command in '/home/incubus/mars_ros2/src/keyboard': PYTHONPATH=/home/incubus/mars_ros2/src/install/keyboard/lib/python3.8/site-packages:${PYTHONPATH} /usr/bin/python3 setup.py egg_info --egg-base ../build/keyboard build --build-base /home/incubus/mars_ros2/src/build/keyboard/build install --prefix /home/incubus/mars_ros2/src/install/keyboard --record /home/incubus/mars_ros2/src/build/keyboard/install.log --single-version-externally-managed
[10.795s] Level 1:colcon.colcon_core.environment:checking '/home/incubus/mars_ros2/src/install/Webserver' for CMake module files
[10.798s] DEBUG:colcon.colcon_core.event_handler.log_command:Invoked command in '/home/incubus/mars_ros2/src/Webserver' returned '0': PYTHONPATH=/home/incubus/mars_ros2/src/install/Webserver/lib/python3.8/site-packages:${PYTHONPATH} /usr/bin/python3 setup.py egg_info --egg-base ../build/Webserver build --build-base /home/incubus/mars_ros2/src/build/Webserver/build install --prefix /home/incubus/mars_ros2/src/install/Webserver --record /home/incubus/mars_ros2/src/build/Webserver/install.log --single-version-externally-managed
[10.799s] Level 1:colcon.colcon_core.environment:checking '/home/incubus/mars_ros2/src/install/Webserver' for CMake config files
[10.800s] Level 1:colcon.colcon_core.environment:checking '/home/incubus/mars_ros2/src/install/Webserver/lib'
[10.800s] Level 1:colcon.colcon_core.environment:checking '/home/incubus/mars_ros2/src/install/Webserver/bin'
[10.800s] Level 1:colcon.colcon_core.environment:checking '/home/incubus/mars_ros2/src/install/Webserver/lib/pkgconfig/Webserver.pc'
[10.800s] Level 1:colcon.colcon_core.environment:checking '/home/incubus/mars_ros2/src/install/Webserver/lib/python3.8/site-packages'
[10.801s] Level 1:colcon.colcon_core.shell:create_environment_hook('Webserver', 'pythonpath')
[10.802s] INFO:colcon.colcon_core.shell:Creating environment hook '/home/incubus/mars_ros2/src/install/Webserver/share/Webserver/hook/pythonpath.ps1'
[10.803s] INFO:colcon.colcon_core.shell:Creating environment descriptor '/home/incubus/mars_ros2/src/install/Webserver/share/Webserver/hook/pythonpath.dsv'
[10.804s] INFO:colcon.colcon_core.shell:Creating environment hook '/home/incubus/mars_ros2/src/install/Webserver/share/Webserver/hook/pythonpath.sh'
[10.804s] Level 1:colcon.colcon_core.environment:checking '/home/incubus/mars_ros2/src/install/Webserver/bin'
[10.804s] Level 1:colcon.colcon_core.environment:create_environment_scripts_only(Webserver)
[10.806s] INFO:colcon.colcon_core.shell:Creating package script '/home/incubus/mars_ros2/src/install/Webserver/share/Webserver/package.ps1'
[10.806s] INFO:colcon.colcon_core.shell:Creating package descriptor '/home/incubus/mars_ros2/src/install/Webserver/share/Webserver/package.dsv'
[10.808s] INFO:colcon.colcon_core.shell:Creating package script '/home/incubus/mars_ros2/src/install/Webserver/share/Webserver/package.sh'
[10.809s] INFO:colcon.colcon_core.shell:Creating package script '/home/incubus/mars_ros2/src/install/Webserver/share/Webserver/package.bash'
[10.810s] INFO:colcon.colcon_core.shell:Creating package script '/home/incubus/mars_ros2/src/install/Webserver/share/Webserver/package.zsh'
[10.810s] Level 1:colcon.colcon_core.environment:create_file_with_runtime_dependencies(/home/incubus/mars_ros2/src/install/Webserver/share/colcon-core/packages/Webserver)
[10.812s] INFO:colcon.colcon_ros.task.ament_python.build:Building ROS package in '/home/incubus/mars_ros2/src/stm' with build type 'ament_python'
[10.813s] Level 1:colcon.colcon_core.shell:create_environment_hook('stm', 'ament_prefix_path')
[10.814s] INFO:colcon.colcon_core.shell:Creating environment hook '/home/incubus/mars_ros2/src/install/stm/share/stm/hook/ament_prefix_path.ps1'
[10.815s] INFO:colcon.colcon_core.shell:Creating environment descriptor '/home/incubus/mars_ros2/src/install/stm/share/stm/hook/ament_prefix_path.dsv'
[10.815s] INFO:colcon.colcon_core.shell:Creating environment hook '/home/incubus/mars_ros2/src/install/stm/share/stm/hook/ament_prefix_path.sh'
[10.816s] INFO:colcon.colcon_core.shell:Skip shell extension 'powershell' for command environment: Not usable outside of PowerShell
[10.817s] DEBUG:colcon.colcon_core.shell:Skip shell extension 'dsv' for command environment
[12.054s] INFO:colcon.colcon_core.task.python.build:Building Python package in '/home/incubus/mars_ros2/src/stm'
[12.056s] INFO:colcon.colcon_core.shell:Skip shell extension 'powershell' for command environment: Not usable outside of PowerShell
[12.056s] DEBUG:colcon.colcon_core.shell:Skip shell extension 'dsv' for command environment
[12.070s] Level 1:colcon.colcon_core.environment:checking '/home/incubus/mars_ros2/src/install/gamepad' for CMake module files
[12.072s] DEBUG:colcon.colcon_core.event_handler.log_command:Invoked command in '/home/incubus/mars_ros2/src/gamepad' returned '0': PYTHONPATH=/home/incubus/mars_ros2/src/install/gamepad/lib/python3.8/site-packages:${PYTHONPATH} /usr/bin/python3 setup.py egg_info --egg-base ../build/gamepad build --build-base /home/incubus/mars_ros2/src/build/gamepad/build install --prefix /home/incubus/mars_ros2/src/install/gamepad --record /home/incubus/mars_ros2/src/build/gamepad/install.log --single-version-externally-managed
[12.072s] Level 1:colcon.colcon_core.environment:checking '/home/incubus/mars_ros2/src/install/gamepad' for CMake config files
[12.073s] Level 1:colcon.colcon_core.environment:checking '/home/incubus/mars_ros2/src/install/gamepad/lib'
[12.073s] Level 1:colcon.colcon_core.environment:checking '/home/incubus/mars_ros2/src/install/gamepad/bin'
[12.073s] Level 1:colcon.colcon_core.environment:checking '/home/incubus/mars_ros2/src/install/gamepad/lib/pkgconfig/gamepad.pc'
[12.074s] Level 1:colcon.colcon_core.environment:checking '/home/incubus/mars_ros2/src/install/gamepad/lib/python3.8/site-packages'
[12.074s] Level 1:colcon.colcon_core.shell:create_environment_hook('gamepad', 'pythonpath')
[12.075s] INFO:colcon.colcon_core.shell:Creating environment hook '/home/incubus/mars_ros2/src/install/gamepad/share/gamepad/hook/pythonpath.ps1'
[12.076s] INFO:colcon.colcon_core.shell:Creating environment descriptor '/home/incubus/mars_ros2/src/install/gamepad/share/gamepad/hook/pythonpath.dsv'
[12.076s] INFO:colcon.colcon_core.shell:Creating environment hook '/home/incubus/mars_ros2/src/install/gamepad/share/gamepad/hook/pythonpath.sh'
[12.077s] Level 1:colcon.colcon_core.environment:checking '/home/incubus/mars_ros2/src/install/gamepad/bin'
[12.077s] Level 1:colcon.colcon_core.environment:create_environment_scripts_only(gamepad)
[12.078s] INFO:colcon.colcon_core.shell:Creating package script '/home/incubus/mars_ros2/src/install/gamepad/share/gamepad/package.ps1'
[12.079s] INFO:colcon.colcon_core.shell:Creating package descriptor '/home/incubus/mars_ros2/src/install/gamepad/share/gamepad/package.dsv'
[12.079s] INFO:colcon.colcon_core.shell:Creating package script '/home/incubus/mars_ros2/src/install/gamepad/share/gamepad/package.sh'
[12.080s] INFO:colcon.colcon_core.shell:Creating package script '/home/incubus/mars_ros2/src/install/gamepad/share/gamepad/package.bash'
[12.080s] INFO:colcon.colcon_core.shell:Creating package script '/home/incubus/mars_ros2/src/install/gamepad/share/gamepad/package.zsh'
[12.081s] Level 1:colcon.colcon_core.environment:create_file_with_runtime_dependencies(/home/incubus/mars_ros2/src/install/gamepad/share/colcon-core/packages/gamepad)
[12.083s] Level 1:colcon.colcon_core.environment:checking '/home/incubus/mars_ros2/src/install/Manipul' for CMake module files
[12.084s] DEBUG:colcon.colcon_core.event_handler.log_command:Invoked command in '/home/incubus/mars_ros2/src/Manipul' returned '0': PYTHONPATH=/home/incubus/mars_ros2/src/install/Manipul/lib/python3.8/site-packages:${PYTHONPATH} /usr/bin/python3 setup.py egg_info --egg-base ../build/Manipul build --build-base /home/incubus/mars_ros2/src/build/Manipul/build install --prefix /home/incubus/mars_ros2/src/install/Manipul --record /home/incubus/mars_ros2/src/build/Manipul/install.log --single-version-externally-managed
[12.084s] Level 1:colcon.colcon_core.environment:checking '/home/incubus/mars_ros2/src/install/Manipul' for CMake config files
[12.085s] Level 1:colcon.colcon_core.environment:checking '/home/incubus/mars_ros2/src/install/Manipul/lib'
[12.085s] Level 1:colcon.colcon_core.environment:checking '/home/incubus/mars_ros2/src/install/Manipul/bin'
[12.085s] Level 1:colcon.colcon_core.environment:checking '/home/incubus/mars_ros2/src/install/Manipul/lib/pkgconfig/Manipul.pc'
[12.086s] Level 1:colcon.colcon_core.environment:checking '/home/incubus/mars_ros2/src/install/Manipul/lib/python3.8/site-packages'
[12.086s] Level 1:colcon.colcon_core.shell:create_environment_hook('Manipul', 'pythonpath')
[12.087s] INFO:colcon.colcon_core.shell:Creating environment hook '/home/incubus/mars_ros2/src/install/Manipul/share/Manipul/hook/pythonpath.ps1'
[12.087s] INFO:colcon.colcon_core.shell:Creating environment descriptor '/home/incubus/mars_ros2/src/install/Manipul/share/Manipul/hook/pythonpath.dsv'
[12.088s] INFO:colcon.colcon_core.shell:Creating environment hook '/home/incubus/mars_ros2/src/install/Manipul/share/Manipul/hook/pythonpath.sh'
[12.088s] Level 1:colcon.colcon_core.environment:checking '/home/incubus/mars_ros2/src/install/Manipul/bin'
[12.088s] Level 1:colcon.colcon_core.environment:create_environment_scripts_only(Manipul)
[12.090s] INFO:colcon.colcon_core.shell:Creating package script '/home/incubus/mars_ros2/src/install/Manipul/share/Manipul/package.ps1'
[12.090s] INFO:colcon.colcon_core.shell:Creating package descriptor '/home/incubus/mars_ros2/src/install/Manipul/share/Manipul/package.dsv'
[12.091s] INFO:colcon.colcon_core.shell:Creating package script '/home/incubus/mars_ros2/src/install/Manipul/share/Manipul/package.sh'
[12.091s] INFO:colcon.colcon_core.shell:Creating package script '/home/incubus/mars_ros2/src/install/Manipul/share/Manipul/package.bash'
[12.092s] INFO:colcon.colcon_core.shell:Creating package script '/home/incubus/mars_ros2/src/install/Manipul/share/Manipul/package.zsh'
[12.092s] Level 1:colcon.colcon_core.environment:create_file_with_runtime_dependencies(/home/incubus/mars_ros2/src/install/Manipul/share/colcon-core/packages/Manipul)
[12.211s] Level 1:colcon.colcon_core.environment:checking '/home/incubus/mars_ros2/src/install/keyboard' for CMake module files
[12.212s] DEBUG:colcon.colcon_core.event_handler.log_command:Invoked command in '/home/incubus/mars_ros2/src/keyboard' returned '0': PYTHONPATH=/home/incubus/mars_ros2/src/install/keyboard/lib/python3.8/site-packages:${PYTHONPATH} /usr/bin/python3 setup.py egg_info --egg-base ../build/keyboard build --build-base /home/incubus/mars_ros2/src/build/keyboard/build install --prefix /home/incubus/mars_ros2/src/install/keyboard --record /home/incubus/mars_ros2/src/build/keyboard/install.log --single-version-externally-managed
[12.212s] Level 1:colcon.colcon_core.environment:checking '/home/incubus/mars_ros2/src/install/keyboard' for CMake config files
[12.213s] Level 1:colcon.colcon_core.environment:checking '/home/incubus/mars_ros2/src/install/keyboard/lib'
[12.213s] Level 1:colcon.colcon_core.environment:checking '/home/incubus/mars_ros2/src/install/keyboard/bin'
[12.213s] Level 1:colcon.colcon_core.environment:checking '/home/incubus/mars_ros2/src/install/keyboard/lib/pkgconfig/keyboard.pc'
[12.214s] Level 1:colcon.colcon_core.environment:checking '/home/incubus/mars_ros2/src/install/keyboard/lib/python3.8/site-packages'
[12.214s] Level 1:colcon.colcon_core.shell:create_environment_hook('keyboard', 'pythonpath')
[12.215s] INFO:colcon.colcon_core.shell:Creating environment hook '/home/incubus/mars_ros2/src/install/keyboard/share/keyboard/hook/pythonpath.ps1'
[12.215s] INFO:colcon.colcon_core.shell:Creating environment descriptor '/home/incubus/mars_ros2/src/install/keyboard/share/keyboard/hook/pythonpath.dsv'
[12.216s] INFO:colcon.colcon_core.shell:Creating environment hook '/home/incubus/mars_ros2/src/install/keyboard/share/keyboard/hook/pythonpath.sh'
[12.216s] Level 1:colcon.colcon_core.environment:checking '/home/incubus/mars_ros2/src/install/keyboard/bin'
[12.217s] Level 1:colcon.colcon_core.environment:create_environment_scripts_only(keyboard)
[12.218s] INFO:colcon.colcon_core.shell:Creating package script '/home/incubus/mars_ros2/src/install/keyboard/share/keyboard/package.ps1'
[12.218s] INFO:colcon.colcon_core.shell:Creating package descriptor '/home/incubus/mars_ros2/src/install/keyboard/share/keyboard/package.dsv'
[12.219s] INFO:colcon.colcon_core.shell:Creating package script '/home/incubus/mars_ros2/src/install/keyboard/share/keyboard/package.sh'
[12.219s] INFO:colcon.colcon_core.shell:Creating package script '/home/incubus/mars_ros2/src/install/keyboard/share/keyboard/package.bash'
[12.220s] INFO:colcon.colcon_core.shell:Creating package script '/home/incubus/mars_ros2/src/install/keyboard/share/keyboard/package.zsh'
[12.220s] Level 1:colcon.colcon_core.environment:create_file_with_runtime_dependencies(/home/incubus/mars_ros2/src/install/keyboard/share/colcon-core/packages/keyboard)
[13.480s] DEBUG:colcon.colcon_core.event_handler.log_command:Invoking command in '/home/incubus/mars_ros2/src/stm': PYTHONPATH=/home/incubus/mars_ros2/src/install/stm/lib/python3.8/site-packages:${PYTHONPATH} /usr/bin/python3 setup.py egg_info --egg-base ../build/stm build --build-base /home/incubus/mars_ros2/src/build/stm/build install --prefix /home/incubus/mars_ros2/src/install/stm --record /home/incubus/mars_ros2/src/build/stm/install.log --single-version-externally-managed
[15.667s] Level 1:colcon.colcon_core.environment:checking '/home/incubus/mars_ros2/src/install/stm' for CMake module files
[15.668s] DEBUG:colcon.colcon_core.event_handler.log_command:Invoked command in '/home/incubus/mars_ros2/src/stm' returned '0': PYTHONPATH=/home/incubus/mars_ros2/src/install/stm/lib/python3.8/site-packages:${PYTHONPATH} /usr/bin/python3 setup.py egg_info --egg-base ../build/stm build --build-base /home/incubus/mars_ros2/src/build/stm/build install --prefix /home/incubus/mars_ros2/src/install/stm --record /home/incubus/mars_ros2/src/build/stm/install.log --single-version-externally-managed
[15.669s] Level 1:colcon.colcon_core.environment:checking '/home/incubus/mars_ros2/src/install/stm' for CMake config files
[15.670s] Level 1:colcon.colcon_core.environment:checking '/home/incubus/mars_ros2/src/install/stm/lib'
[15.670s] Level 1:colcon.colcon_core.environment:checking '/home/incubus/mars_ros2/src/install/stm/bin'
[15.670s] Level 1:colcon.colcon_core.environment:checking '/home/incubus/mars_ros2/src/install/stm/lib/pkgconfig/stm.pc'
[15.670s] Level 1:colcon.colcon_core.environment:checking '/home/incubus/mars_ros2/src/install/stm/lib/python3.8/site-packages'
[15.671s] Level 1:colcon.colcon_core.shell:create_environment_hook('stm', 'pythonpath')
[15.672s] INFO:colcon.colcon_core.shell:Creating environment hook '/home/incubus/mars_ros2/src/install/stm/share/stm/hook/pythonpath.ps1'
[15.672s] INFO:colcon.colcon_core.shell:Creating environment descriptor '/home/incubus/mars_ros2/src/install/stm/share/stm/hook/pythonpath.dsv'
[15.673s] INFO:colcon.colcon_core.shell:Creating environment hook '/home/incubus/mars_ros2/src/install/stm/share/stm/hook/pythonpath.sh'
[15.674s] Level 1:colcon.colcon_core.environment:checking '/home/incubus/mars_ros2/src/install/stm/bin'
[15.674s] Level 1:colcon.colcon_core.environment:create_environment_scripts_only(stm)
[15.676s] INFO:colcon.colcon_core.shell:Creating package script '/home/incubus/mars_ros2/src/install/stm/share/stm/package.ps1'
[15.676s] INFO:colcon.colcon_core.shell:Creating package descriptor '/home/incubus/mars_ros2/src/install/stm/share/stm/package.dsv'
[15.677s] INFO:colcon.colcon_core.shell:Creating package script '/home/incubus/mars_ros2/src/install/stm/share/stm/package.sh'
[15.677s] INFO:colcon.colcon_core.shell:Creating package script '/home/incubus/mars_ros2/src/install/stm/share/stm/package.bash'
[15.678s] INFO:colcon.colcon_core.shell:Creating package script '/home/incubus/mars_ros2/src/install/stm/share/stm/package.zsh'
[15.678s] Level 1:colcon.colcon_core.environment:create_file_with_runtime_dependencies(/home/incubus/mars_ros2/src/install/stm/share/colcon-core/packages/stm)
[15.679s] DEBUG:colcon.colcon_parallel_executor.executor.parallel:closing loop
[15.679s] DEBUG:colcon.colcon_parallel_executor.executor.parallel:loop closed
[15.680s] DEBUG:colcon.colcon_parallel_executor.executor.parallel:run_until_complete finished with '0'
[15.680s] DEBUG:colcon.colcon_core.event_reactor:joining thread
[15.688s] INFO:colcon.colcon_core.plugin_system:Skipping extension 'colcon_notification.desktop_notification.terminal_notifier': Not used on non-Darwin systems
[15.688s] INFO:colcon.colcon_core.plugin_system:Skipping extension 'colcon_notification.desktop_notification.win32': Not used on non-Windows systems
[15.688s] INFO:colcon.colcon_notification.desktop_notification:Sending desktop notification using 'notify2'
[15.708s] DEBUG:colcon.colcon_core.event_reactor:joined thread
[15.709s] INFO:colcon.colcon_core.shell:Creating prefix script '/home/incubus/mars_ros2/src/install/local_setup.ps1'
[15.710s] INFO:colcon.colcon_core.shell:Creating prefix util module '/home/incubus/mars_ros2/src/install/_local_setup_util_ps1.py'
[15.712s] INFO:colcon.colcon_core.shell:Creating prefix chain script '/home/incubus/mars_ros2/src/install/setup.ps1'
[15.715s] INFO:colcon.colcon_core.shell:Creating prefix script '/home/incubus/mars_ros2/src/install/local_setup.sh'
[15.716s] INFO:colcon.colcon_core.shell:Creating prefix util module '/home/incubus/mars_ros2/src/install/_local_setup_util_sh.py'
[15.716s] INFO:colcon.colcon_core.shell:Creating prefix chain script '/home/incubus/mars_ros2/src/install/setup.sh'
[15.718s] INFO:colcon.colcon_core.shell:Creating prefix script '/home/incubus/mars_ros2/src/install/local_setup.bash'
[15.719s] INFO:colcon.colcon_core.shell:Creating prefix chain script '/home/incubus/mars_ros2/src/install/setup.bash'
[15.720s] INFO:colcon.colcon_core.shell:Creating prefix script '/home/incubus/mars_ros2/src/install/local_setup.zsh'
[15.721s] INFO:colcon.colcon_core.shell:Creating prefix chain script '/home/incubus/mars_ros2/src/install/setup.zsh'
