[1.021s] Invoking command in '/home/incubus/mars_ros2/src/Webserver': PYTHONPATH=/home/incubus/mars_ros2/install/Webserver/lib/python3.8/site-packages:${PYTHONPATH} /usr/bin/python3 setup.py egg_info --egg-base ../../build/Webserver build --build-base /home/incubus/mars_ros2/build/Webserver/build install --prefix /home/incubus/mars_ros2/install/Webserver --record /home/incubus/mars_ros2/build/Webserver/install.log --single-version-externally-managed
[1.251s] running egg_info
[1.252s] writing ../../build/Webserver/Webserver.egg-info/PKG-INFO
[1.252s] writing dependency_links to ../../build/Webserver/Webserver.egg-info/dependency_links.txt
[1.253s] writing entry points to ../../build/Webserver/Webserver.egg-info/entry_points.txt
[1.253s] writing requirements to ../../build/Webserver/Webserver.egg-info/requires.txt
[1.253s] writing top-level names to ../../build/Webserver/Webserver.egg-info/top_level.txt
[1.288s] reading manifest file '../../build/Webserver/Webserver.egg-info/SOURCES.txt'
[1.288s] writing manifest file '../../build/Webserver/Webserver.egg-info/SOURCES.txt'
[1.289s] running build
[1.289s] running build_py
[1.289s] running install
[1.290s] running install_lib
[1.292s] running install_data
[1.292s] running install_egg_info
[1.294s] removing '/home/incubus/mars_ros2/install/Webserver/lib/python3.8/site-packages/Webserver-0.0.0-py3.8.egg-info' (and everything under it)
[1.294s] Copying ../../build/Webserver/Webserver.egg-info to /home/incubus/mars_ros2/install/Webserver/lib/python3.8/site-packages/Webserver-0.0.0-py3.8.egg-info
[1.295s] running install_scripts
[1.312s] Installing Flask script to /home/incubus/mars_ros2/install/Webserver/lib/Webserver
[1.313s] writing list of installed files to '/home/incubus/mars_ros2/build/Webserver/install.log'
[1.343s] Invoked command in '/home/incubus/mars_ros2/src/Webserver' returned '0': PYTHONPATH=/home/incubus/mars_ros2/install/Webserver/lib/python3.8/site-packages:${PYTHONPATH} /usr/bin/python3 setup.py egg_info --egg-base ../../build/Webserver build --build-base /home/incubus/mars_ros2/build/Webserver/build install --prefix /home/incubus/mars_ros2/install/Webserver --record /home/incubus/mars_ros2/build/Webserver/install.log --single-version-externally-managed
