[4.842s] Invoking command in '/home/incubus/mars_ros2/src/keyboard': PYTHONPATH=/home/incubus/mars_ros2/src/install/keyboard/lib/python3.8/site-packages:${PYTHONPATH} /usr/bin/python3 setup.py egg_info --egg-base ../build/keyboard build --build-base /home/incubus/mars_ros2/src/build/keyboard/build install --prefix /home/incubus/mars_ros2/src/install/keyboard --record /home/incubus/mars_ros2/src/build/keyboard/install.log --single-version-externally-managed
[5.714s] /home/incubus/.local/lib/python3.8/site-packages/setuptools/dist.py:772: UserWarning: Usage of dash-separated 'script-dir' will not be supported in future versions. Please use the underscore name 'script_dir' instead
[5.714s]   warnings.warn(
[5.714s] /home/incubus/.local/lib/python3.8/site-packages/setuptools/dist.py:772: UserWarning: Usage of dash-separated 'install-scripts' will not be supported in future versions. Please use the underscore name 'install_scripts' instead
[5.714s]   warnings.warn(
[8.185s] running egg_info
[8.334s] writing ../build/keyboard/keyboard.egg-info/PKG-INFO
[8.458s] writing dependency_links to ../build/keyboard/keyboard.egg-info/dependency_links.txt
[8.834s] writing entry points to ../build/keyboard/keyboard.egg-info/entry_points.txt
[9.078s] writing requirements to ../build/keyboard/keyboard.egg-info/requires.txt
[9.181s] writing top-level names to ../build/keyboard/keyboard.egg-info/top_level.txt
[9.359s] reading manifest file '../build/keyboard/keyboard.egg-info/SOURCES.txt'
[9.360s] writing manifest file '../build/keyboard/keyboard.egg-info/SOURCES.txt'
[9.361s] running build
[9.361s] running build_py
[9.361s] running install
[9.361s] /home/incubus/.local/lib/python3.8/site-packages/setuptools/command/install.py:34: SetuptoolsDeprecationWarning: setup.py install is deprecated. Use build and pip and other standards-based tools.
[9.361s]   warnings.warn(
[9.371s] running install_lib
[9.502s] running install_data
[9.525s] running install_egg_info
[9.620s] removing '/home/incubus/mars_ros2/src/install/keyboard/lib/python3.8/site-packages/keyboard-0.0.0-py3.8.egg-info' (and everything under it)
[9.620s] Copying ../build/keyboard/keyboard.egg-info to /home/incubus/mars_ros2/src/install/keyboard/lib/python3.8/site-packages/keyboard-0.0.0-py3.8.egg-info
[9.621s] running install_scripts
[9.782s] Installing move script to /home/incubus/mars_ros2/src/install/keyboard/lib/keyboard
[9.782s] writing list of installed files to '/home/incubus/mars_ros2/src/build/keyboard/install.log'
[9.838s] Invoked command in '/home/incubus/mars_ros2/src/keyboard' returned '0': PYTHONPATH=/home/incubus/mars_ros2/src/install/keyboard/lib/python3.8/site-packages:${PYTHONPATH} /usr/bin/python3 setup.py egg_info --egg-base ../build/keyboard build --build-base /home/incubus/mars_ros2/src/build/keyboard/build install --prefix /home/incubus/mars_ros2/src/install/keyboard --record /home/incubus/mars_ros2/src/build/keyboard/install.log --single-version-externally-managed
