[3.162s] Invoking command in '/home/incubus/mars_ros2/src/stm': PYTHONPATH=/home/incubus/mars_ros2/src/install/stm/lib/python3.8/site-packages:${PYTHONPATH} /usr/bin/python3 setup.py egg_info --egg-base ../build/stm build --build-base /home/incubus/mars_ros2/src/build/stm/build install --prefix /home/incubus/mars_ros2/src/install/stm --record /home/incubus/mars_ros2/src/build/stm/install.log --single-version-externally-managed
[3.530s] /home/incubus/.local/lib/python3.8/site-packages/setuptools/dist.py:772: UserWarning: Usage of dash-separated 'script-dir' will not be supported in future versions. Please use the underscore name 'script_dir' instead
[3.530s]   warnings.warn(
[3.530s] /home/incubus/.local/lib/python3.8/site-packages/setuptools/dist.py:772: UserWarning: Usage of dash-separated 'install-scripts' will not be supported in future versions. Please use the underscore name 'install_scripts' instead
[3.530s]   warnings.warn(
[4.521s] running egg_info
[4.645s] writing ../build/stm/stm.egg-info/PKG-INFO
[4.712s] writing dependency_links to ../build/stm/stm.egg-info/dependency_links.txt
[4.909s] writing entry points to ../build/stm/stm.egg-info/entry_points.txt
[5.050s] writing requirements to ../build/stm/stm.egg-info/requires.txt
[5.125s] writing top-level names to ../build/stm/stm.egg-info/top_level.txt
[5.244s] reading manifest file '../build/stm/stm.egg-info/SOURCES.txt'
[5.245s] writing manifest file '../build/stm/stm.egg-info/SOURCES.txt'
[5.246s] running build
[5.246s] running build_py
[5.246s] running install
[5.246s] /home/incubus/.local/lib/python3.8/site-packages/setuptools/command/install.py:34: SetuptoolsDeprecationWarning: setup.py install is deprecated. Use build and pip and other standards-based tools.
[5.246s]   warnings.warn(
[5.254s] running install_lib
[5.339s] running install_data
[5.355s] running install_egg_info
[5.439s] removing '/home/incubus/mars_ros2/src/install/stm/lib/python3.8/site-packages/stm-0.0.0-py3.8.egg-info' (and everything under it)
[5.439s] Copying ../build/stm/stm.egg-info to /home/incubus/mars_ros2/src/install/stm/lib/python3.8/site-packages/stm-0.0.0-py3.8.egg-info
[5.440s] running install_scripts
[5.656s] Installing ToStm script to /home/incubus/mars_ros2/src/install/stm/lib/stm
[5.657s] writing list of installed files to '/home/incubus/mars_ros2/src/build/stm/install.log'
[5.727s] Invoked command in '/home/incubus/mars_ros2/src/stm' returned '0': PYTHONPATH=/home/incubus/mars_ros2/src/install/stm/lib/python3.8/site-packages:${PYTHONPATH} /usr/bin/python3 setup.py egg_info --egg-base ../build/stm build --build-base /home/incubus/mars_ros2/src/build/stm/build install --prefix /home/incubus/mars_ros2/src/install/stm --record /home/incubus/mars_ros2/src/build/stm/install.log --single-version-externally-managed
