[1.082s] Invoking command in '/home/incubus/mars_ros2/src/keyboard': PYTHONPATH=/home/incubus/mars_ros2/install/keyboard/lib/python3.8/site-packages:${PYTHONPATH} /usr/bin/python3 setup.py egg_info --egg-base ../../build/keyboard build --build-base /home/incubus/mars_ros2/build/keyboard/build install --prefix /home/incubus/mars_ros2/install/keyboard --record /home/incubus/mars_ros2/build/keyboard/install.log --single-version-externally-managed
[1.309s] running egg_info
[1.311s] writing ../../build/keyboard/keyboard.egg-info/PKG-INFO
[1.311s] writing dependency_links to ../../build/keyboard/keyboard.egg-info/dependency_links.txt
[1.312s] writing entry points to ../../build/keyboard/keyboard.egg-info/entry_points.txt
[1.312s] writing requirements to ../../build/keyboard/keyboard.egg-info/requires.txt
[1.312s] writing top-level names to ../../build/keyboard/keyboard.egg-info/top_level.txt
[1.358s] reading manifest file '../../build/keyboard/keyboard.egg-info/SOURCES.txt'
[1.359s] writing manifest file '../../build/keyboard/keyboard.egg-info/SOURCES.txt'
[1.359s] running build
[1.359s] running build_py
[1.359s] running install
[1.360s] running install_lib
[1.361s] running install_data
[1.362s] running install_egg_info
[1.364s] removing '/home/incubus/mars_ros2/install/keyboard/lib/python3.8/site-packages/keyboard-0.0.0-py3.8.egg-info' (and everything under it)
[1.364s] Copying ../../build/keyboard/keyboard.egg-info to /home/incubus/mars_ros2/install/keyboard/lib/python3.8/site-packages/keyboard-0.0.0-py3.8.egg-info
[1.365s] running install_scripts
[1.385s] Installing move script to /home/incubus/mars_ros2/install/keyboard/lib/keyboard
[1.386s] writing list of installed files to '/home/incubus/mars_ros2/build/keyboard/install.log'
[1.415s] Invoked command in '/home/incubus/mars_ros2/src/keyboard' returned '0': PYTHONPATH=/home/incubus/mars_ros2/install/keyboard/lib/python3.8/site-packages:${PYTHONPATH} /usr/bin/python3 setup.py egg_info --egg-base ../../build/keyboard build --build-base /home/incubus/mars_ros2/build/keyboard/build install --prefix /home/incubus/mars_ros2/install/keyboard --record /home/incubus/mars_ros2/build/keyboard/install.log --single-version-externally-managed
