[5.928s] Invoking command in '/home/incubus/mars_ros2/src/Webserver': PYTHONPATH=/home/incubus/mars_ros2/src/install/Webserver/lib/python3.8/site-packages:${PYTHONPATH} /usr/bin/python3 setup.py egg_info --egg-base ../build/Webserver build --build-base /home/incubus/mars_ros2/src/build/Webserver/build install --prefix /home/incubus/mars_ros2/src/install/Webserver --record /home/incubus/mars_ros2/src/build/Webserver/install.log --single-version-externally-managed
[6.678s] /home/incubus/.local/lib/python3.8/site-packages/setuptools/dist.py:772: UserWarning: Usage of dash-separated 'script-dir' will not be supported in future versions. Please use the underscore name 'script_dir' instead
[6.678s]   warnings.warn(
[6.678s] /home/incubus/.local/lib/python3.8/site-packages/setuptools/dist.py:772: UserWarning: Usage of dash-separated 'install-scripts' will not be supported in future versions. Please use the underscore name 'install_scripts' instead
[6.679s]   warnings.warn(
[8.514s] running egg_info
[8.687s] writing ../build/Webserver/Webserver.egg-info/PKG-INFO
[8.846s] writing dependency_links to ../build/Webserver/Webserver.egg-info/dependency_links.txt
[9.306s] writing entry points to ../build/Webserver/Webserver.egg-info/entry_points.txt
[9.596s] writing requirements to ../build/Webserver/Webserver.egg-info/requires.txt
[9.851s] writing top-level names to ../build/Webserver/Webserver.egg-info/top_level.txt
[10.073s] reading manifest file '../build/Webserver/Webserver.egg-info/SOURCES.txt'
[10.074s] writing manifest file '../build/Webserver/Webserver.egg-info/SOURCES.txt'
[10.075s] running build
[10.075s] running build_py
[10.075s] running install
[10.075s] /home/incubus/.local/lib/python3.8/site-packages/setuptools/command/install.py:34: SetuptoolsDeprecationWarning: setup.py install is deprecated. Use build and pip and other standards-based tools.
[10.075s]   warnings.warn(
[10.087s] running install_lib
[10.237s] running install_data
[10.269s] running install_egg_info
[10.428s] removing '/home/incubus/mars_ros2/src/install/Webserver/lib/python3.8/site-packages/Webserver-0.0.0-py3.8.egg-info' (and everything under it)
[10.428s] Copying ../build/Webserver/Webserver.egg-info to /home/incubus/mars_ros2/src/install/Webserver/lib/python3.8/site-packages/Webserver-0.0.0-py3.8.egg-info
[10.434s] running install_scripts
[10.737s] Installing Flask script to /home/incubus/mars_ros2/src/install/Webserver/lib/Webserver
[10.737s] writing list of installed files to '/home/incubus/mars_ros2/src/build/Webserver/install.log'
[12.028s] Invoked command in '/home/incubus/mars_ros2/src/Webserver' returned '0': PYTHONPATH=/home/incubus/mars_ros2/src/install/Webserver/lib/python3.8/site-packages:${PYTHONPATH} /usr/bin/python3 setup.py egg_info --egg-base ../build/Webserver build --build-base /home/incubus/mars_ros2/src/build/Webserver/build install --prefix /home/incubus/mars_ros2/src/install/Webserver --record /home/incubus/mars_ros2/src/build/Webserver/install.log --single-version-externally-managed
