[1.022s] Invoking command in '/home/incubus/mars_ros2/src/py_pubsub': PYTHONPATH=/home/incubus/mars_ros2/install/py_pubsub/lib/python3.8/site-packages:${PYTHONPATH} /usr/bin/python3 setup.py egg_info --egg-base ../../build/py_pubsub build --build-base /home/incubus/mars_ros2/build/py_pubsub/build install --prefix /home/incubus/mars_ros2/install/py_pubsub --record /home/incubus/mars_ros2/build/py_pubsub/install.log --single-version-externally-managed
[1.275s] running egg_info
[1.276s] writing ../../build/py_pubsub/py_pubsub.egg-info/PKG-INFO
[1.276s] writing dependency_links to ../../build/py_pubsub/py_pubsub.egg-info/dependency_links.txt
[1.277s] writing entry points to ../../build/py_pubsub/py_pubsub.egg-info/entry_points.txt
[1.277s] writing requirements to ../../build/py_pubsub/py_pubsub.egg-info/requires.txt
[1.277s] writing top-level names to ../../build/py_pubsub/py_pubsub.egg-info/top_level.txt
[1.315s] reading manifest file '../../build/py_pubsub/py_pubsub.egg-info/SOURCES.txt'
[1.316s] writing manifest file '../../build/py_pubsub/py_pubsub.egg-info/SOURCES.txt'
[1.316s] running build
[1.316s] running build_py
[1.316s] running install
[1.318s] running install_lib
[1.319s] running install_data
[1.321s] running install_egg_info
[1.322s] removing '/home/incubus/mars_ros2/install/py_pubsub/lib/python3.8/site-packages/py_pubsub-0.0.0-py3.8.egg-info' (and everything under it)
[1.324s] Copying ../../build/py_pubsub/py_pubsub.egg-info to /home/incubus/mars_ros2/install/py_pubsub/lib/python3.8/site-packages/py_pubsub-0.0.0-py3.8.egg-info
[1.324s] running install_scripts
[1.344s] writing list of installed files to '/home/incubus/mars_ros2/build/py_pubsub/install.log'
[1.375s] Invoked command in '/home/incubus/mars_ros2/src/py_pubsub' returned '0': PYTHONPATH=/home/incubus/mars_ros2/install/py_pubsub/lib/python3.8/site-packages:${PYTHONPATH} /usr/bin/python3 setup.py egg_info --egg-base ../../build/py_pubsub build --build-base /home/incubus/mars_ros2/build/py_pubsub/build install --prefix /home/incubus/mars_ros2/install/py_pubsub --record /home/incubus/mars_ros2/build/py_pubsub/install.log --single-version-externally-managed
