[0.023s] Invoking command in '/home/incubus/mars_ros2/build/ydlidar': CMAKE_PREFIX_PATH=${CMAKE_PREFIX_PATH}:/home/incubus/mars_ros2/install/py_pubsub:/home/incubus/mars_ros2/install/my_package:/opt/ros/foxy /usr/bin/cmake --build /home/incubus/mars_ros2/build/ydlidar -- -j4 -l4
[0.094s] [ 81%] Built target ydlidar_node
[0.099s] [100%] Built target ydlidar_client
[0.113s] Invoked command in '/home/incubus/mars_ros2/build/ydlidar' returned '0': CMAKE_PREFIX_PATH=${CMAKE_PREFIX_PATH}:/home/incubus/mars_ros2/install/py_pubsub:/home/incubus/mars_ros2/install/my_package:/opt/ros/foxy /usr/bin/cmake --build /home/incubus/mars_ros2/build/ydlidar -- -j4 -l4
[0.163s] Invoking command in '/home/incubus/mars_ros2/build/ydlidar': CMAKE_PREFIX_PATH=${CMAKE_PREFIX_PATH}:/home/incubus/mars_ros2/install/py_pubsub:/home/incubus/mars_ros2/install/my_package:/opt/ros/foxy /usr/bin/cmake --install /home/incubus/mars_ros2/build/ydlidar
[0.173s] -- Install configuration: ""
[0.173s] -- Up-to-date: /home/incubus/mars_ros2/install/ydlidar/lib/ydlidar/ydlidar_node
[0.174s] -- Up-to-date: /home/incubus/mars_ros2/install/ydlidar/lib/ydlidar/ydlidar_client
[0.174s] -- Up-to-date: /home/incubus/mars_ros2/install/ydlidar/share/ydlidar/launch
[0.174s] -- Up-to-date: /home/incubus/mars_ros2/install/ydlidar/share/ydlidar/launch/ydlidar.py
[0.174s] -- Up-to-date: /home/incubus/mars_ros2/install/ydlidar/share/ydlidar/launch/ydlidar_launch.py
[0.174s] -- Up-to-date: /home/incubus/mars_ros2/install/ydlidar/share/ydlidar/params
[0.175s] -- Up-to-date: /home/incubus/mars_ros2/install/ydlidar/share/ydlidar/params/ydlidar.yaml
[0.175s] -- Up-to-date: /home/incubus/mars_ros2/install/ydlidar/share/ydlidar/startup
[0.175s] -- Up-to-date: /home/incubus/mars_ros2/install/ydlidar/share/ydlidar/startup/initenv.sh
[0.175s] -- Up-to-date: /home/incubus/mars_ros2/install/ydlidar/share/ament_index/resource_index/package_run_dependencies/ydlidar
[0.175s] -- Up-to-date: /home/incubus/mars_ros2/install/ydlidar/share/ament_index/resource_index/parent_prefix_path/ydlidar
[0.175s] -- Up-to-date: /home/incubus/mars_ros2/install/ydlidar/share/ydlidar/environment/ament_prefix_path.sh
[0.176s] -- Up-to-date: /home/incubus/mars_ros2/install/ydlidar/share/ydlidar/environment/ament_prefix_path.dsv
[0.176s] -- Up-to-date: /home/incubus/mars_ros2/install/ydlidar/share/ydlidar/environment/path.sh
[0.176s] -- Up-to-date: /home/incubus/mars_ros2/install/ydlidar/share/ydlidar/environment/path.dsv
[0.176s] -- Up-to-date: /home/incubus/mars_ros2/install/ydlidar/share/ydlidar/local_setup.bash
[0.176s] -- Up-to-date: /home/incubus/mars_ros2/install/ydlidar/share/ydlidar/local_setup.sh
[0.176s] -- Up-to-date: /home/incubus/mars_ros2/install/ydlidar/share/ydlidar/local_setup.zsh
[0.176s] -- Up-to-date: /home/incubus/mars_ros2/install/ydlidar/share/ydlidar/local_setup.dsv
[0.176s] -- Installing: /home/incubus/mars_ros2/install/ydlidar/share/ydlidar/package.dsv
[0.177s] -- Up-to-date: /home/incubus/mars_ros2/install/ydlidar/share/ament_index/resource_index/packages/ydlidar
[0.177s] -- Up-to-date: /home/incubus/mars_ros2/install/ydlidar/share/ydlidar/cmake/ydlidarConfig.cmake
[0.179s] -- Up-to-date: /home/incubus/mars_ros2/install/ydlidar/share/ydlidar/cmake/ydlidarConfig-version.cmake
[0.179s] -- Up-to-date: /home/incubus/mars_ros2/install/ydlidar/share/ydlidar/package.xml
[0.179s] Invoked command in '/home/incubus/mars_ros2/build/ydlidar' returned '0': CMAKE_PREFIX_PATH=${CMAKE_PREFIX_PATH}:/home/incubus/mars_ros2/install/py_pubsub:/home/incubus/mars_ros2/install/my_package:/opt/ros/foxy /usr/bin/cmake --install /home/incubus/mars_ros2/build/ydlidar
