[0.900s] Invoking command in '/home/incubus/mars_ros2/src/Webserver': PYTHONPATH=/home/incubus/mars_ros2/install/Webserver/lib/python3.8/site-packages:${PYTHONPATH} /usr/bin/python3 setup.py egg_info --egg-base ../../build/Webserver build --build-base /home/incubus/mars_ros2/build/Webserver/build install --prefix /home/incubus/mars_ros2/install/Webserver --record /home/incubus/mars_ros2/build/Webserver/install.log --single-version-externally-managed
[1.138s] running egg_info
[1.139s] creating ../../build/Webserver/Webserver.egg-info
[1.139s] writing ../../build/Webserver/Webserver.egg-info/PKG-INFO
[1.139s] writing dependency_links to ../../build/Webserver/Webserver.egg-info/dependency_links.txt
[1.139s] writing entry points to ../../build/Webserver/Webserver.egg-info/entry_points.txt
[1.139s] writing requirements to ../../build/Webserver/Webserver.egg-info/requires.txt
[1.139s] writing top-level names to ../../build/Webserver/Webserver.egg-info/top_level.txt
[1.141s] writing manifest file '../../build/Webserver/Webserver.egg-info/SOURCES.txt'
[1.175s] reading manifest file '../../build/Webserver/Webserver.egg-info/SOURCES.txt'
[1.175s] writing manifest file '../../build/Webserver/Webserver.egg-info/SOURCES.txt'
[1.176s] running build
[1.176s] running build_py
[1.176s] creating /home/incubus/mars_ros2/build/Webserver/build
[1.176s] creating /home/incubus/mars_ros2/build/Webserver/build/lib
[1.176s] creating /home/incubus/mars_ros2/build/Webserver/build/lib/Webserver
[1.176s] copying Webserver/__init__.py -> /home/incubus/mars_ros2/build/Webserver/build/lib/Webserver
[1.176s] copying Webserver/Flask.py -> /home/incubus/mars_ros2/build/Webserver/build/lib/Webserver
[1.176s] running install
[1.177s] running install_lib
[1.178s] creating /home/incubus/mars_ros2/install/Webserver/lib/python3.8/site-packages/Webserver
[1.178s] copying /home/incubus/mars_ros2/build/Webserver/build/lib/Webserver/__init__.py -> /home/incubus/mars_ros2/install/Webserver/lib/python3.8/site-packages/Webserver
[1.178s] copying /home/incubus/mars_ros2/build/Webserver/build/lib/Webserver/Flask.py -> /home/incubus/mars_ros2/install/Webserver/lib/python3.8/site-packages/Webserver
[1.179s] byte-compiling /home/incubus/mars_ros2/install/Webserver/lib/python3.8/site-packages/Webserver/__init__.py to __init__.cpython-38.pyc
[1.180s] byte-compiling /home/incubus/mars_ros2/install/Webserver/lib/python3.8/site-packages/Webserver/Flask.py to Flask.cpython-38.pyc
[1.180s] running install_data
[1.181s] creating /home/incubus/mars_ros2/install/Webserver/share/ament_index
[1.181s] creating /home/incubus/mars_ros2/install/Webserver/share/ament_index/resource_index
[1.181s] creating /home/incubus/mars_ros2/install/Webserver/share/ament_index/resource_index/packages
[1.181s] copying resource/Webserver -> /home/incubus/mars_ros2/install/Webserver/share/ament_index/resource_index/packages
[1.182s] copying package.xml -> /home/incubus/mars_ros2/install/Webserver/share/Webserver
[1.182s] running install_egg_info
[1.183s] Copying ../../build/Webserver/Webserver.egg-info to /home/incubus/mars_ros2/install/Webserver/lib/python3.8/site-packages/Webserver-0.0.0-py3.8.egg-info
[1.184s] running install_scripts
[1.201s] Installing Flask script to /home/incubus/mars_ros2/install/Webserver/lib/Webserver
[1.201s] writing list of installed files to '/home/incubus/mars_ros2/build/Webserver/install.log'
[1.229s] Invoked command in '/home/incubus/mars_ros2/src/Webserver' returned '0': PYTHONPATH=/home/incubus/mars_ros2/install/Webserver/lib/python3.8/site-packages:${PYTHONPATH} /usr/bin/python3 setup.py egg_info --egg-base ../../build/Webserver build --build-base /home/incubus/mars_ros2/build/Webserver/build install --prefix /home/incubus/mars_ros2/install/Webserver --record /home/incubus/mars_ros2/build/Webserver/install.log --single-version-externally-managed
