[0.017s] Invoking command in '/home/incubus/mars_ros2/build/ydlidar': CMAKE_PREFIX_PATH=/opt/ros/foxy /usr/bin/cmake --build /home/incubus/mars_ros2/build/ydlidar -- -j4 -l4
[0.078s] [ 45%] Built target ydlidar_client
[0.078s] [100%] Built target ydlidar_node
[0.089s] Invoked command in '/home/incubus/mars_ros2/build/ydlidar' returned '0': CMAKE_PREFIX_PATH=/opt/ros/foxy /usr/bin/cmake --build /home/incubus/mars_ros2/build/ydlidar -- -j4 -l4
[0.140s] Invoking command in '/home/incubus/mars_ros2/build/ydlidar': CMAKE_PREFIX_PATH=/opt/ros/foxy /usr/bin/cmake --install /home/incubus/mars_ros2/build/ydlidar
[0.148s] -- Install configuration: ""
[0.148s] -- Installing: /home/incubus/mars_ros2/install/ydlidar/lib/ydlidar/ydlidar_node
[0.149s] -- Set runtime path of "/home/incubus/mars_ros2/install/ydlidar/lib/ydlidar/ydlidar_node" to ""
[0.150s] -- Installing: /home/incubus/mars_ros2/install/ydlidar/lib/ydlidar/ydlidar_client
[0.151s] -- Set runtime path of "/home/incubus/mars_ros2/install/ydlidar/lib/ydlidar/ydlidar_client" to ""
[0.151s] -- Installing: /home/incubus/mars_ros2/install/ydlidar/share/ydlidar/launch
[0.152s] -- Installing: /home/incubus/mars_ros2/install/ydlidar/share/ydlidar/launch/ydlidar.py
[0.152s] -- Installing: /home/incubus/mars_ros2/install/ydlidar/share/ydlidar/launch/ydlidar_launch.py
[0.152s] -- Installing: /home/incubus/mars_ros2/install/ydlidar/share/ydlidar/params
[0.152s] -- Installing: /home/incubus/mars_ros2/install/ydlidar/share/ydlidar/params/ydlidar.yaml
[0.152s] -- Installing: /home/incubus/mars_ros2/install/ydlidar/share/ydlidar/startup
[0.152s] -- Installing: /home/incubus/mars_ros2/install/ydlidar/share/ydlidar/startup/initenv.sh
[0.152s] -- Installing: /home/incubus/mars_ros2/install/ydlidar/share/ament_index/resource_index/package_run_dependencies/ydlidar
[0.152s] -- Installing: /home/incubus/mars_ros2/install/ydlidar/share/ament_index/resource_index/parent_prefix_path/ydlidar
[0.152s] -- Installing: /home/incubus/mars_ros2/install/ydlidar/share/ydlidar/environment/ament_prefix_path.sh
[0.152s] -- Installing: /home/incubus/mars_ros2/install/ydlidar/share/ydlidar/environment/ament_prefix_path.dsv
[0.152s] -- Installing: /home/incubus/mars_ros2/install/ydlidar/share/ydlidar/environment/path.sh
[0.153s] -- Installing: /home/incubus/mars_ros2/install/ydlidar/share/ydlidar/environment/path.dsv
[0.153s] -- Installing: /home/incubus/mars_ros2/install/ydlidar/share/ydlidar/local_setup.bash
[0.153s] -- Installing: /home/incubus/mars_ros2/install/ydlidar/share/ydlidar/local_setup.sh
[0.153s] -- Installing: /home/incubus/mars_ros2/install/ydlidar/share/ydlidar/local_setup.zsh
[0.153s] -- Installing: /home/incubus/mars_ros2/install/ydlidar/share/ydlidar/local_setup.dsv
[0.153s] -- Installing: /home/incubus/mars_ros2/install/ydlidar/share/ydlidar/package.dsv
[0.153s] -- Installing: /home/incubus/mars_ros2/install/ydlidar/share/ament_index/resource_index/packages/ydlidar
[0.153s] -- Installing: /home/incubus/mars_ros2/install/ydlidar/share/ydlidar/cmake/ydlidarConfig.cmake
[0.154s] -- Installing: /home/incubus/mars_ros2/install/ydlidar/share/ydlidar/cmake/ydlidarConfig-version.cmake
[0.154s] -- Installing: /home/incubus/mars_ros2/install/ydlidar/share/ydlidar/package.xml
[0.156s] Invoked command in '/home/incubus/mars_ros2/build/ydlidar' returned '0': CMAKE_PREFIX_PATH=/opt/ros/foxy /usr/bin/cmake --install /home/incubus/mars_ros2/build/ydlidar
