[5.924s] Invoking command in '/home/incubus/mars_ros2/src/Manipul': PYTHONPATH=/home/incubus/mars_ros2/src/install/Manipul/lib/python3.8/site-packages:${PYTHONPATH} /usr/bin/python3 setup.py egg_info --egg-base ../build/Manipul build --build-base /home/incubus/mars_ros2/src/build/Manipul/build install --prefix /home/incubus/mars_ros2/src/install/Manipul --record /home/incubus/mars_ros2/src/build/Manipul/install.log --single-version-externally-managed
[6.798s] /home/incubus/.local/lib/python3.8/site-packages/setuptools/dist.py:772: UserWarning: Usage of dash-separated 'script-dir' will not be supported in future versions. Please use the underscore name 'script_dir' instead
[6.798s]   warnings.warn(
[6.800s] /home/incubus/.local/lib/python3.8/site-packages/setuptools/dist.py:772: UserWarning: Usage of dash-separated 'install-scripts' will not be supported in future versions. Please use the underscore name 'install_scripts' instead
[6.800s]   warnings.warn(
[8.549s] running egg_info
[8.732s] writing ../build/Manipul/Manipul.egg-info/PKG-INFO
[8.889s] writing dependency_links to ../build/Manipul/Manipul.egg-info/dependency_links.txt
[9.311s] writing entry points to ../build/Manipul/Manipul.egg-info/entry_points.txt
[9.611s] writing requirements to ../build/Manipul/Manipul.egg-info/requires.txt
[9.739s] writing top-level names to ../build/Manipul/Manipul.egg-info/top_level.txt
[9.940s] reading manifest file '../build/Manipul/Manipul.egg-info/SOURCES.txt'
[9.941s] writing manifest file '../build/Manipul/Manipul.egg-info/SOURCES.txt'
[9.942s] running build
[9.942s] running build_py
[9.942s] copying Manipul/ToServo.py -> /home/incubus/mars_ros2/src/build/Manipul/build/lib/Manipul
[9.943s] running install
[9.943s] /home/incubus/.local/lib/python3.8/site-packages/setuptools/command/install.py:34: SetuptoolsDeprecationWarning: setup.py install is deprecated. Use build and pip and other standards-based tools.
[9.943s]   warnings.warn(
[9.954s] running install_lib
[10.106s] copying /home/incubus/mars_ros2/src/build/Manipul/build/lib/Manipul/ToServo.py -> /home/incubus/mars_ros2/src/install/Manipul/lib/python3.8/site-packages/Manipul
[10.108s] byte-compiling /home/incubus/mars_ros2/src/install/Manipul/lib/python3.8/site-packages/Manipul/ToServo.py to ToServo.cpython-38.pyc
[10.109s] running install_data
[10.140s] running install_egg_info
[10.302s] removing '/home/incubus/mars_ros2/src/install/Manipul/lib/python3.8/site-packages/Manipul-0.0.0-py3.8.egg-info' (and everything under it)
[10.303s] Copying ../build/Manipul/Manipul.egg-info to /home/incubus/mars_ros2/src/install/Manipul/lib/python3.8/site-packages/Manipul-0.0.0-py3.8.egg-info
[10.305s] running install_scripts
[10.573s] Installing ToServo script to /home/incubus/mars_ros2/src/install/Manipul/lib/Manipul
[10.574s] writing list of installed files to '/home/incubus/mars_ros2/src/build/Manipul/install.log'
[11.913s] Invoked command in '/home/incubus/mars_ros2/src/Manipul' returned '0': PYTHONPATH=/home/incubus/mars_ros2/src/install/Manipul/lib/python3.8/site-packages:${PYTHONPATH} /usr/bin/python3 setup.py egg_info --egg-base ../build/Manipul build --build-base /home/incubus/mars_ros2/src/build/Manipul/build install --prefix /home/incubus/mars_ros2/src/install/Manipul --record /home/incubus/mars_ros2/src/build/Manipul/install.log --single-version-externally-managed
