[0.011s] Invoking command in '/home/incubus/mars_ros2/build/delta_lidar': CMAKE_PREFIX_PATH=/opt/ros/foxy /usr/bin/cmake /home/incubus/mars_ros2/src/Delta_2A_ros -DCMAKE_INSTALL_PREFIX=/home/incubus/mars_ros2/install/delta_lidar
[0.028s] -- Found ament_cmake: 0.9.9 (/opt/ros/foxy/share/ament_cmake/cmake)
[0.050s] -- Using PYTHON_EXECUTABLE: /usr/bin/python3
[0.241s] -- Found rclcpp: 2.4.1 (/opt/ros/foxy/share/rclcpp/cmake)
[0.275s] -- Using all available rosidl_typesupport_c: rosidl_typesupport_fastrtps_c;rosidl_typesupport_introspection_c
[0.278s] -- Found rosidl_adapter: 1.2.1 (/opt/ros/foxy/share/rosidl_adapter/cmake)
[0.399s] -- Using all available rosidl_typesupport_cpp: rosidl_typesupport_fastrtps_cpp;rosidl_typesupport_introspection_cpp
[0.451s] -- Found rmw_implementation_cmake: 1.0.3 (/opt/ros/foxy/share/rmw_implementation_cmake/cmake)
[0.452s] -- Using RMW implementation 'rmw_fastrtps_cpp' as default
[0.601s] -- Found sensor_msgs: 2.0.5 (/opt/ros/foxy/share/sensor_msgs/cmake)
[0.720s] CMake Error at CMakeLists.txt:43 (install):
[0.721s]   install TARGETS given target "elta_lidar_node" which does not exist.
[0.721s] 
[0.721s] 
[0.721s] -- Found ament_lint_auto: 0.9.6 (/opt/ros/foxy/share/ament_lint_auto/cmake)
[0.785s] -- Added test 'copyright' to check source files copyright and LICENSE
[0.787s] -- Added test 'cppcheck' to perform static code analysis on C / C++ code
[0.787s] -- Configured cppcheck include dirs: /home/incubus/mars_ros2/src/Delta_2A_ros/src;/home/incubus/mars_ros2/src/Delta_2A_ros/sdk/include;/home/incubus/mars_ros2/src/Delta_2A_ros/sdk/src
[0.787s] -- Configured cppcheck exclude dirs and/or files: 
[0.789s] -- Added test 'cpplint' to check C / C++ code against the Google style
[0.789s] -- Configured cpplint exclude dirs and/or files: 
[0.790s] -- Added test 'lint_cmake' to check CMake code style
[0.791s] -- Added test 'uncrustify' to check C / C++ code style
[0.791s] -- Configured uncrustify additional arguments: 
[0.792s] -- Added test 'xmllint' to check XML markup files
[0.794s] -- Configuring incomplete, errors occurred!
[0.794s] See also "/home/incubus/mars_ros2/build/delta_lidar/CMakeFiles/CMakeOutput.log".
[0.795s] See also "/home/incubus/mars_ros2/build/delta_lidar/CMakeFiles/CMakeError.log".
[0.801s] Invoked command in '/home/incubus/mars_ros2/build/delta_lidar' returned '1': CMAKE_PREFIX_PATH=/opt/ros/foxy /usr/bin/cmake /home/incubus/mars_ros2/src/Delta_2A_ros -DCMAKE_INSTALL_PREFIX=/home/incubus/mars_ros2/install/delta_lidar
