[2.158s] Invoking command in '/home/incubus/mars_ros2/src/build/delta_lidar': CMAKE_PREFIX_PATH=${CMAKE_PREFIX_PATH}:/home/incubus/mars_ros2/src/install/stm:/home/incubus/mars_ros2/src/install/keyboard:/home/incubus/mars_ros2/src/install/gamepad:/home/incubus/mars_ros2/src/install/Webserver:/home/incubus/mars_ros2/src/install/Manipul:/home/incubus/mars_ros2/install/stm:/home/incubus/mars_ros2/install/py_pubsub:/home/incubus/mars_ros2/install/my_package:/home/incubus/mars_ros2/install/keyboard:/home/incubus/mars_ros2/install/Webserver:/home/incubus/mars_ros2/install/Manipul:/opt/ros/foxy /usr/bin/cmake --build /home/incubus/mars_ros2/src/build/delta_lidar -- -j4 -l4
[3.196s] [ 14%] Built target delta_lidar_node_client
[3.197s] [100%] Built target delta_lidar_node
[3.199s] Invoked command in '/home/incubus/mars_ros2/src/build/delta_lidar' returned '0': CMAKE_PREFIX_PATH=${CMAKE_PREFIX_PATH}:/home/incubus/mars_ros2/src/install/stm:/home/incubus/mars_ros2/src/install/keyboard:/home/incubus/mars_ros2/src/install/gamepad:/home/incubus/mars_ros2/src/install/Webserver:/home/incubus/mars_ros2/src/install/Manipul:/home/incubus/mars_ros2/install/stm:/home/incubus/mars_ros2/install/py_pubsub:/home/incubus/mars_ros2/install/my_package:/home/incubus/mars_ros2/install/keyboard:/home/incubus/mars_ros2/install/Webserver:/home/incubus/mars_ros2/install/Manipul:/opt/ros/foxy /usr/bin/cmake --build /home/incubus/mars_ros2/src/build/delta_lidar -- -j4 -l4
[3.398s] Invoking command in '/home/incubus/mars_ros2/src/build/delta_lidar': CMAKE_PREFIX_PATH=${CMAKE_PREFIX_PATH}:/home/incubus/mars_ros2/src/install/stm:/home/incubus/mars_ros2/src/install/keyboard:/home/incubus/mars_ros2/src/install/gamepad:/home/incubus/mars_ros2/src/install/Webserver:/home/incubus/mars_ros2/src/install/Manipul:/home/incubus/mars_ros2/install/stm:/home/incubus/mars_ros2/install/py_pubsub:/home/incubus/mars_ros2/install/my_package:/home/incubus/mars_ros2/install/keyboard:/home/incubus/mars_ros2/install/Webserver:/home/incubus/mars_ros2/install/Manipul:/opt/ros/foxy /usr/bin/cmake --install /home/incubus/mars_ros2/src/build/delta_lidar
[3.416s] -- Install configuration: ""
[3.417s] -- Up-to-date: /home/incubus/mars_ros2/src/install/delta_lidar/lib/delta_lidar/delta_lidar_node
[3.417s] -- Up-to-date: /home/incubus/mars_ros2/src/install/delta_lidar/lib/delta_lidar/delta_lidar_node_client
[3.418s] -- Up-to-date: /home/incubus/mars_ros2/src/install/delta_lidar/share/delta_lidar/launch
[3.419s] -- Up-to-date: /home/incubus/mars_ros2/src/install/delta_lidar/share/delta_lidar/launch/view_delta_lidar.launch
[3.419s] -- Up-to-date: /home/incubus/mars_ros2/src/install/delta_lidar/share/delta_lidar/launch/delta_lidar.launch
[3.419s] -- Up-to-date: /home/incubus/mars_ros2/src/install/delta_lidar/share/delta_lidar/rviz
[3.419s] -- Up-to-date: /home/incubus/mars_ros2/src/install/delta_lidar/share/delta_lidar/rviz/delta_lidar.rviz
[3.420s] -- Up-to-date: /home/incubus/mars_ros2/src/install/delta_lidar/share/delta_lidar/sdk
[3.420s] -- Up-to-date: /home/incubus/mars_ros2/src/install/delta_lidar/share/delta_lidar/sdk/include
[3.420s] -- Up-to-date: /home/incubus/mars_ros2/src/install/delta_lidar/share/delta_lidar/sdk/include/CCountDown.h
[3.420s] -- Up-to-date: /home/incubus/mars_ros2/src/install/delta_lidar/share/delta_lidar/sdk/include/C3iroboticsLidarProtocol.h
[3.420s] -- Up-to-date: /home/incubus/mars_ros2/src/install/delta_lidar/share/delta_lidar/sdk/include/CArcTime.h
[3.421s] -- Up-to-date: /home/incubus/mars_ros2/src/install/delta_lidar/share/delta_lidar/sdk/include/CSerialConnection.h
[3.421s] -- Up-to-date: /home/incubus/mars_ros2/src/install/delta_lidar/share/delta_lidar/sdk/include/CTime.h
[3.421s] -- Up-to-date: /home/incubus/mars_ros2/src/install/delta_lidar/share/delta_lidar/sdk/include/CLidarPacketReceiver.h
[3.421s] -- Up-to-date: /home/incubus/mars_ros2/src/install/delta_lidar/share/delta_lidar/sdk/include/typedef.h
[3.421s] -- Up-to-date: /home/incubus/mars_ros2/src/install/delta_lidar/share/delta_lidar/sdk/include/CLidarUnpacket.h
[3.421s] -- Up-to-date: /home/incubus/mars_ros2/src/install/delta_lidar/share/delta_lidar/sdk/include/C3iroboticsLidar.h
[3.422s] -- Up-to-date: /home/incubus/mars_ros2/src/install/delta_lidar/share/delta_lidar/sdk/include/CDeviceConnection.h
[3.422s] -- Up-to-date: /home/incubus/mars_ros2/src/install/delta_lidar/share/delta_lidar/sdk/include/CLidarPacket.h
[3.422s] -- Up-to-date: /home/incubus/mars_ros2/src/install/delta_lidar/share/delta_lidar/sdk/include/CSimulateSerial.h
[3.423s] -- Up-to-date: /home/incubus/mars_ros2/src/install/delta_lidar/share/delta_lidar/sdk/include/CLogUtitls.h
[3.423s] -- Up-to-date: /home/incubus/mars_ros2/src/install/delta_lidar/share/delta_lidar/sdk/src
[3.423s] -- Up-to-date: /home/incubus/mars_ros2/src/install/delta_lidar/share/delta_lidar/sdk/src/CSimulateSerial.cpp
[3.424s] -- Up-to-date: /home/incubus/mars_ros2/src/install/delta_lidar/share/delta_lidar/sdk/src/CLidarPacketReceiver.cpp
[3.424s] -- Up-to-date: /home/incubus/mars_ros2/src/install/delta_lidar/share/delta_lidar/sdk/src/CDeviceConnection.cpp
[3.424s] -- Up-to-date: /home/incubus/mars_ros2/src/install/delta_lidar/share/delta_lidar/sdk/src/C3iroboticsLidar.cpp
[3.424s] -- Up-to-date: /home/incubus/mars_ros2/src/install/delta_lidar/share/delta_lidar/sdk/src/CTime.cpp
[3.424s] -- Up-to-date: /home/incubus/mars_ros2/src/install/delta_lidar/share/delta_lidar/sdk/src/CArcTime.cpp
[3.424s] -- Up-to-date: /home/incubus/mars_ros2/src/install/delta_lidar/share/delta_lidar/sdk/src/CCountDown.cpp
[3.425s] -- Up-to-date: /home/incubus/mars_ros2/src/install/delta_lidar/share/delta_lidar/sdk/src/CLidarPacket.cpp
[3.425s] -- Up-to-date: /home/incubus/mars_ros2/src/install/delta_lidar/share/delta_lidar/sdk/src/CSerialConnection.cpp
[3.425s] -- Up-to-date: /home/incubus/mars_ros2/src/install/delta_lidar/share/delta_lidar/sdk/src/CLidarUnpacket.cpp
[3.426s] -- Up-to-date: /home/incubus/mars_ros2/src/install/delta_lidar/share/ament_index/resource_index/package_run_dependencies/delta_lidar
[3.426s] -- Up-to-date: /home/incubus/mars_ros2/src/install/delta_lidar/share/ament_index/resource_index/parent_prefix_path/delta_lidar
[3.427s] -- Up-to-date: /home/incubus/mars_ros2/src/install/delta_lidar/share/delta_lidar/environment/ament_prefix_path.sh
[3.427s] -- Up-to-date: /home/incubus/mars_ros2/src/install/delta_lidar/share/delta_lidar/environment/ament_prefix_path.dsv
[3.427s] -- Up-to-date: /home/incubus/mars_ros2/src/install/delta_lidar/share/delta_lidar/environment/path.sh
[3.428s] -- Up-to-date: /home/incubus/mars_ros2/src/install/delta_lidar/share/delta_lidar/environment/path.dsv
[3.428s] -- Up-to-date: /home/incubus/mars_ros2/src/install/delta_lidar/share/delta_lidar/local_setup.bash
[3.428s] -- Up-to-date: /home/incubus/mars_ros2/src/install/delta_lidar/share/delta_lidar/local_setup.sh
[3.428s] -- Up-to-date: /home/incubus/mars_ros2/src/install/delta_lidar/share/delta_lidar/local_setup.zsh
[3.430s] -- Up-to-date: /home/incubus/mars_ros2/src/install/delta_lidar/share/delta_lidar/local_setup.dsv
[3.431s] -- Installing: /home/incubus/mars_ros2/src/install/delta_lidar/share/delta_lidar/package.dsv
[3.431s] -- Up-to-date: /home/incubus/mars_ros2/src/install/delta_lidar/share/ament_index/resource_index/packages/delta_lidar
[3.431s] -- Up-to-date: /home/incubus/mars_ros2/src/install/delta_lidar/share/delta_lidar/cmake/delta_lidarConfig.cmake
[3.432s] -- Up-to-date: /home/incubus/mars_ros2/src/install/delta_lidar/share/delta_lidar/cmake/delta_lidarConfig-version.cmake
[3.432s] -- Up-to-date: /home/incubus/mars_ros2/src/install/delta_lidar/share/delta_lidar/package.xml
[3.434s] Invoked command in '/home/incubus/mars_ros2/src/build/delta_lidar' returned '0': CMAKE_PREFIX_PATH=${CMAKE_PREFIX_PATH}:/home/incubus/mars_ros2/src/install/stm:/home/incubus/mars_ros2/src/install/keyboard:/home/incubus/mars_ros2/src/install/gamepad:/home/incubus/mars_ros2/src/install/Webserver:/home/incubus/mars_ros2/src/install/Manipul:/home/incubus/mars_ros2/install/stm:/home/incubus/mars_ros2/install/py_pubsub:/home/incubus/mars_ros2/install/my_package:/home/incubus/mars_ros2/install/keyboard:/home/incubus/mars_ros2/install/Webserver:/home/incubus/mars_ros2/install/Manipul:/opt/ros/foxy /usr/bin/cmake --install /home/incubus/mars_ros2/src/build/delta_lidar
