/home/incubus/.local/lib/python3.8/site-packages/setuptools/dist.py:772: UserWarning: Usage of dash-separated 'script-dir' will not be supported in future versions. Please use the underscore name 'script_dir' instead
  warnings.warn(
/home/incubus/.local/lib/python3.8/site-packages/setuptools/dist.py:772: UserWarning: Usage of dash-separated 'install-scripts' will not be supported in future versions. Please use the underscore name 'install_scripts' instead
  warnings.warn(
running egg_info
writing ../../build/stm/stm.egg-info/PKG-INFO
writing dependency_links to ../../build/stm/stm.egg-info/dependency_links.txt
writing entry points to ../../build/stm/stm.egg-info/entry_points.txt
writing requirements to ../../build/stm/stm.egg-info/requires.txt
writing top-level names to ../../build/stm/stm.egg-info/top_level.txt
reading manifest file '../../build/stm/stm.egg-info/SOURCES.txt'
writing manifest file '../../build/stm/stm.egg-info/SOURCES.txt'
running build
running build_py
running install
/home/incubus/.local/lib/python3.8/site-packages/setuptools/command/install.py:34: SetuptoolsDeprecationWarning: setup.py install is deprecated. Use build and pip and other standards-based tools.
  warnings.warn(
running install_lib
running install_data
running install_egg_info
removing '/home/incubus/mars_ros2/install/stm/lib/python3.8/site-packages/stm-0.0.0-py3.8.egg-info' (and everything under it)
Copying ../../build/stm/stm.egg-info to /home/incubus/mars_ros2/install/stm/lib/python3.8/site-packages/stm-0.0.0-py3.8.egg-info
running install_scripts
Installing ToStm script to /home/incubus/mars_ros2/install/stm/lib/stm
writing list of installed files to '/home/incubus/mars_ros2/build/stm/install.log'
