[2.082s] Invoking command in '/home/incubus/mars_ros2/src/stm': PYTHONPATH=/home/incubus/mars_ros2/install/stm/lib/python3.8/site-packages:${PYTHONPATH} /usr/bin/python3 setup.py egg_info --egg-base ../../build/stm build --build-base /home/incubus/mars_ros2/build/stm/build install --prefix /home/incubus/mars_ros2/install/stm --record /home/incubus/mars_ros2/build/stm/install.log --single-version-externally-managed
[2.406s] /home/incubus/.local/lib/python3.8/site-packages/setuptools/dist.py:772: UserWarning: Usage of dash-separated 'script-dir' will not be supported in future versions. Please use the underscore name 'script_dir' instead
[2.406s]   warnings.warn(
[2.406s] /home/incubus/.local/lib/python3.8/site-packages/setuptools/dist.py:772: UserWarning: Usage of dash-separated 'install-scripts' will not be supported in future versions. Please use the underscore name 'install_scripts' instead
[2.406s]   warnings.warn(
[3.097s] running egg_info
[3.165s] writing ../../build/stm/stm.egg-info/PKG-INFO
[3.219s] writing dependency_links to ../../build/stm/stm.egg-info/dependency_links.txt
[3.380s] writing entry points to ../../build/stm/stm.egg-info/entry_points.txt
[3.487s] writing requirements to ../../build/stm/stm.egg-info/requires.txt
[3.540s] writing top-level names to ../../build/stm/stm.egg-info/top_level.txt
[3.633s] reading manifest file '../../build/stm/stm.egg-info/SOURCES.txt'
[3.634s] writing manifest file '../../build/stm/stm.egg-info/SOURCES.txt'
[3.634s] running build
[3.634s] running build_py
[3.635s] running install
[3.635s] /home/incubus/.local/lib/python3.8/site-packages/setuptools/command/install.py:34: SetuptoolsDeprecationWarning: setup.py install is deprecated. Use build and pip and other standards-based tools.
[3.635s]   warnings.warn(
[3.640s] running install_lib
[3.708s] running install_data
[3.722s] running install_egg_info
[3.791s] removing '/home/incubus/mars_ros2/install/stm/lib/python3.8/site-packages/stm-0.0.0-py3.8.egg-info' (and everything under it)
[3.791s] Copying ../../build/stm/stm.egg-info to /home/incubus/mars_ros2/install/stm/lib/python3.8/site-packages/stm-0.0.0-py3.8.egg-info
[3.792s] running install_scripts
[3.915s] Installing ToStm script to /home/incubus/mars_ros2/install/stm/lib/stm
[3.915s] writing list of installed files to '/home/incubus/mars_ros2/build/stm/install.log'
[3.963s] Invoked command in '/home/incubus/mars_ros2/src/stm' returned '0': PYTHONPATH=/home/incubus/mars_ros2/install/stm/lib/python3.8/site-packages:${PYTHONPATH} /usr/bin/python3 setup.py egg_info --egg-base ../../build/stm build --build-base /home/incubus/mars_ros2/build/stm/build install --prefix /home/incubus/mars_ros2/install/stm --record /home/incubus/mars_ros2/build/stm/install.log --single-version-externally-managed
