[1.719s] Invoking command in '/home/incubus/mars_ros2/build/delta_lidar': CMAKE_PREFIX_PATH=/opt/ros/foxy /usr/bin/cmake --build /home/incubus/mars_ros2/build/delta_lidar -- -j4 -l4
[2.591s] [ 14%] Built target delta_lidar_node_client
[2.591s] [100%] Built target delta_lidar_node
[2.593s] Invoked command in '/home/incubus/mars_ros2/build/delta_lidar' returned '0': CMAKE_PREFIX_PATH=/opt/ros/foxy /usr/bin/cmake --build /home/incubus/mars_ros2/build/delta_lidar -- -j4 -l4
[2.691s] Invoking command in '/home/incubus/mars_ros2/build/delta_lidar': CMAKE_PREFIX_PATH=/opt/ros/foxy /usr/bin/cmake --install /home/incubus/mars_ros2/build/delta_lidar
[2.707s] -- Install configuration: ""
[2.707s] -- Up-to-date: /home/incubus/mars_ros2/install/delta_lidar/lib/delta_lidar/delta_lidar_node
[2.708s] -- Up-to-date: /home/incubus/mars_ros2/install/delta_lidar/lib/delta_lidar/delta_lidar_node_client
[2.708s] -- Up-to-date: /home/incubus/mars_ros2/install/delta_lidar/share/delta_lidar/launch
[2.708s] -- Up-to-date: /home/incubus/mars_ros2/install/delta_lidar/share/delta_lidar/launch/view_delta_lidar.launch
[2.708s] -- Up-to-date: /home/incubus/mars_ros2/install/delta_lidar/share/delta_lidar/launch/delta_lidar.launch
[2.708s] -- Up-to-date: /home/incubus/mars_ros2/install/delta_lidar/share/delta_lidar/rviz
[2.708s] -- Up-to-date: /home/incubus/mars_ros2/install/delta_lidar/share/delta_lidar/rviz/delta_lidar.rviz
[2.709s] -- Up-to-date: /home/incubus/mars_ros2/install/delta_lidar/share/delta_lidar/sdk
[2.709s] -- Up-to-date: /home/incubus/mars_ros2/install/delta_lidar/share/delta_lidar/sdk/include
[2.709s] -- Up-to-date: /home/incubus/mars_ros2/install/delta_lidar/share/delta_lidar/sdk/include/CCountDown.h
[2.709s] -- Up-to-date: /home/incubus/mars_ros2/install/delta_lidar/share/delta_lidar/sdk/include/C3iroboticsLidarProtocol.h
[2.709s] -- Up-to-date: /home/incubus/mars_ros2/install/delta_lidar/share/delta_lidar/sdk/include/CArcTime.h
[2.710s] -- Up-to-date: /home/incubus/mars_ros2/install/delta_lidar/share/delta_lidar/sdk/include/CSerialConnection.h
[2.710s] -- Up-to-date: /home/incubus/mars_ros2/install/delta_lidar/share/delta_lidar/sdk/include/CTime.h
[2.710s] -- Up-to-date: /home/incubus/mars_ros2/install/delta_lidar/share/delta_lidar/sdk/include/CLidarPacketReceiver.h
[2.710s] -- Up-to-date: /home/incubus/mars_ros2/install/delta_lidar/share/delta_lidar/sdk/include/typedef.h
[2.710s] -- Up-to-date: /home/incubus/mars_ros2/install/delta_lidar/share/delta_lidar/sdk/include/CLidarUnpacket.h
[2.711s] -- Up-to-date: /home/incubus/mars_ros2/install/delta_lidar/share/delta_lidar/sdk/include/C3iroboticsLidar.h
[2.711s] -- Up-to-date: /home/incubus/mars_ros2/install/delta_lidar/share/delta_lidar/sdk/include/CDeviceConnection.h
[2.711s] -- Up-to-date: /home/incubus/mars_ros2/install/delta_lidar/share/delta_lidar/sdk/include/CLidarPacket.h
[2.711s] -- Up-to-date: /home/incubus/mars_ros2/install/delta_lidar/share/delta_lidar/sdk/include/CSimulateSerial.h
[2.711s] -- Up-to-date: /home/incubus/mars_ros2/install/delta_lidar/share/delta_lidar/sdk/include/CLogUtitls.h
[2.711s] -- Up-to-date: /home/incubus/mars_ros2/install/delta_lidar/share/delta_lidar/sdk/src
[2.711s] -- Up-to-date: /home/incubus/mars_ros2/install/delta_lidar/share/delta_lidar/sdk/src/CSimulateSerial.cpp
[2.711s] -- Up-to-date: /home/incubus/mars_ros2/install/delta_lidar/share/delta_lidar/sdk/src/CLidarPacketReceiver.cpp
[2.712s] -- Up-to-date: /home/incubus/mars_ros2/install/delta_lidar/share/delta_lidar/sdk/src/CDeviceConnection.cpp
[2.712s] -- Up-to-date: /home/incubus/mars_ros2/install/delta_lidar/share/delta_lidar/sdk/src/C3iroboticsLidar.cpp
[2.712s] -- Up-to-date: /home/incubus/mars_ros2/install/delta_lidar/share/delta_lidar/sdk/src/CTime.cpp
[2.712s] -- Up-to-date: /home/incubus/mars_ros2/install/delta_lidar/share/delta_lidar/sdk/src/CArcTime.cpp
[2.712s] -- Up-to-date: /home/incubus/mars_ros2/install/delta_lidar/share/delta_lidar/sdk/src/CCountDown.cpp
[2.712s] -- Up-to-date: /home/incubus/mars_ros2/install/delta_lidar/share/delta_lidar/sdk/src/CLidarPacket.cpp
[2.712s] -- Up-to-date: /home/incubus/mars_ros2/install/delta_lidar/share/delta_lidar/sdk/src/CSerialConnection.cpp
[2.715s] -- Up-to-date: /home/incubus/mars_ros2/install/delta_lidar/share/delta_lidar/sdk/src/CLidarUnpacket.cpp
[2.715s] -- Up-to-date: /home/incubus/mars_ros2/install/delta_lidar/share/ament_index/resource_index/package_run_dependencies/delta_lidar
[2.715s] -- Up-to-date: /home/incubus/mars_ros2/install/delta_lidar/share/ament_index/resource_index/parent_prefix_path/delta_lidar
[2.715s] -- Up-to-date: /home/incubus/mars_ros2/install/delta_lidar/share/delta_lidar/environment/ament_prefix_path.sh
[2.715s] -- Up-to-date: /home/incubus/mars_ros2/install/delta_lidar/share/delta_lidar/environment/ament_prefix_path.dsv
[2.715s] -- Up-to-date: /home/incubus/mars_ros2/install/delta_lidar/share/delta_lidar/environment/path.sh
[2.715s] -- Up-to-date: /home/incubus/mars_ros2/install/delta_lidar/share/delta_lidar/environment/path.dsv
[2.716s] -- Up-to-date: /home/incubus/mars_ros2/install/delta_lidar/share/delta_lidar/local_setup.bash
[2.717s] -- Up-to-date: /home/incubus/mars_ros2/install/delta_lidar/share/delta_lidar/local_setup.sh
[2.718s] -- Up-to-date: /home/incubus/mars_ros2/install/delta_lidar/share/delta_lidar/local_setup.zsh
[2.718s] -- Up-to-date: /home/incubus/mars_ros2/install/delta_lidar/share/delta_lidar/local_setup.dsv
[2.718s] -- Installing: /home/incubus/mars_ros2/install/delta_lidar/share/delta_lidar/package.dsv
[2.718s] -- Up-to-date: /home/incubus/mars_ros2/install/delta_lidar/share/ament_index/resource_index/packages/delta_lidar
[2.718s] -- Up-to-date: /home/incubus/mars_ros2/install/delta_lidar/share/delta_lidar/cmake/delta_lidarConfig.cmake
[2.718s] -- Up-to-date: /home/incubus/mars_ros2/install/delta_lidar/share/delta_lidar/cmake/delta_lidarConfig-version.cmake
[2.718s] -- Up-to-date: /home/incubus/mars_ros2/install/delta_lidar/share/delta_lidar/package.xml
[2.719s] Invoked command in '/home/incubus/mars_ros2/build/delta_lidar' returned '0': CMAKE_PREFIX_PATH=/opt/ros/foxy /usr/bin/cmake --install /home/incubus/mars_ros2/build/delta_lidar
