[0.024s] Invoking command in '/home/incubus/mars_ros2/build/ydlidar': CMAKE_PREFIX_PATH=${CMAKE_PREFIX_PATH}:/home/incubus/mars_ros2/install/py_pubsub:/home/incubus/mars_ros2/install/my_package:/opt/ros/foxy /usr/bin/cmake /home/incubus/mars_ros2/src/ydlidar_ros2 -DAMENT_CMAKE_SYMLINK_INSTALL=1 -DCMAKE_INSTALL_PREFIX=/home/incubus/mars_ros2/install/ydlidar
[0.041s] -- Found ament_cmake: 0.9.9 (/opt/ros/foxy/share/ament_cmake/cmake)
[0.070s] -- Using PYTHON_EXECUTABLE: /usr/bin/python3
[0.284s] -- Override CMake install command with custom implementation using symlinks instead of copying resources
[0.293s] -- Found rclcpp: 2.4.1 (/opt/ros/foxy/share/rclcpp/cmake)
[0.330s] -- Using all available rosidl_typesupport_c: rosidl_typesupport_fastrtps_c;rosidl_typesupport_introspection_c
[0.333s] -- Found rosidl_adapter: 1.2.1 (/opt/ros/foxy/share/rosidl_adapter/cmake)
[0.456s] -- Using all available rosidl_typesupport_cpp: rosidl_typesupport_fastrtps_cpp;rosidl_typesupport_introspection_cpp
[0.508s] -- Found rmw_implementation_cmake: 1.0.3 (/opt/ros/foxy/share/rmw_implementation_cmake/cmake)
[0.509s] -- Using RMW implementation 'rmw_fastrtps_cpp' as default
[0.667s] -- Found sensor_msgs: 2.0.5 (/opt/ros/foxy/share/sensor_msgs/cmake)
[0.789s] -- Found visualization_msgs: 2.0.5 (/opt/ros/foxy/share/visualization_msgs/cmake)
[0.869s] -- Found ament_lint_auto: 0.9.6 (/opt/ros/foxy/share/ament_lint_auto/cmake)
[0.938s] -- Added test 'copyright' to check source files copyright and LICENSE
[0.959s] -- Added test 'cppcheck' to perform static code analysis on C / C++ code
[0.959s] -- Configured cppcheck include dirs: /home/incubus/mars_ros2/src/ydlidar_ros2/src;/home/incubus/mars_ros2/src/ydlidar_ros2/sdk/include;/home/incubus/mars_ros2/src/ydlidar_ros2/sdk/src
[0.959s] -- Configured cppcheck exclude dirs and/or files: 
[0.979s] -- Added test 'cpplint' to check C / C++ code against the Google style
[0.979s] -- Configured cpplint exclude dirs and/or files: 
[0.982s] -- Added test 'flake8' to check Python code syntax and style conventions
[0.989s] -- Added test 'lint_cmake' to check CMake code style
[0.991s] -- Added test 'pep257' to check Python code against some of the style conventions in PEP 257
[1.012s] -- Added test 'uncrustify' to check C / C++ code style
[1.012s] -- Configured uncrustify additional arguments: 
[1.014s] -- Added test 'xmllint' to check XML markup files
[1.018s] -- Configuring done
[1.045s] -- Generating done
[1.047s] -- Build files have been written to: /home/incubus/mars_ros2/build/ydlidar
[1.058s] Invoked command in '/home/incubus/mars_ros2/build/ydlidar' returned '0': CMAKE_PREFIX_PATH=${CMAKE_PREFIX_PATH}:/home/incubus/mars_ros2/install/py_pubsub:/home/incubus/mars_ros2/install/my_package:/opt/ros/foxy /usr/bin/cmake /home/incubus/mars_ros2/src/ydlidar_ros2 -DAMENT_CMAKE_SYMLINK_INSTALL=1 -DCMAKE_INSTALL_PREFIX=/home/incubus/mars_ros2/install/ydlidar
[1.059s] Invoking command in '/home/incubus/mars_ros2/build/ydlidar': CMAKE_PREFIX_PATH=${CMAKE_PREFIX_PATH}:/home/incubus/mars_ros2/install/py_pubsub:/home/incubus/mars_ros2/install/my_package:/opt/ros/foxy /usr/bin/cmake --build /home/incubus/mars_ros2/build/ydlidar -- -j4 -l4
[1.173s] [  9%] [32m[1mLinking CXX executable ydlidar_client[0m
[1.251s] [ 18%] [32m[1mLinking CXX executable ydlidar_node[0m
[1.738s] [ 90%] Built target ydlidar_node
[1.871s] [100%] Built target ydlidar_client
[1.884s] Invoked command in '/home/incubus/mars_ros2/build/ydlidar' returned '0': CMAKE_PREFIX_PATH=${CMAKE_PREFIX_PATH}:/home/incubus/mars_ros2/install/py_pubsub:/home/incubus/mars_ros2/install/my_package:/opt/ros/foxy /usr/bin/cmake --build /home/incubus/mars_ros2/build/ydlidar -- -j4 -l4
[1.941s] Invoking command in '/home/incubus/mars_ros2/build/ydlidar': CMAKE_PREFIX_PATH=${CMAKE_PREFIX_PATH}:/home/incubus/mars_ros2/install/py_pubsub:/home/incubus/mars_ros2/install/my_package:/opt/ros/foxy /usr/bin/cmake --install /home/incubus/mars_ros2/build/ydlidar
[1.949s] -- Install configuration: ""
[1.949s] -- Execute custom install script
[1.950s] -- Symlinking: /home/incubus/mars_ros2/install/ydlidar/lib/ydlidar/ydlidar_node
[1.960s] -- Symlinking: /home/incubus/mars_ros2/install/ydlidar/lib/ydlidar/ydlidar_client
[1.969s] -- Symlinking: /home/incubus/mars_ros2/install/ydlidar/share/ydlidar/launch/ydlidar.py
[1.982s] -- Symlinking: /home/incubus/mars_ros2/install/ydlidar/share/ydlidar/launch/ydlidar_launch.py
[1.988s] -- Symlinking: /home/incubus/mars_ros2/install/ydlidar/share/ydlidar/params/ydlidar.yaml
[1.998s] -- Symlinking: /home/incubus/mars_ros2/install/ydlidar/share/ydlidar/startup/initenv.sh
[2.007s] -- Symlinking: /home/incubus/mars_ros2/install/ydlidar/share/ament_index/resource_index/package_run_dependencies/ydlidar
[2.015s] -- Symlinking: /home/incubus/mars_ros2/install/ydlidar/share/ament_index/resource_index/parent_prefix_path/ydlidar
[2.025s] -- Symlinking: /home/incubus/mars_ros2/install/ydlidar/share/ydlidar/environment/ament_prefix_path.sh
[2.034s] -- Symlinking: /home/incubus/mars_ros2/install/ydlidar/share/ydlidar/environment/ament_prefix_path.dsv
[2.043s] -- Symlinking: /home/incubus/mars_ros2/install/ydlidar/share/ydlidar/environment/path.sh
[2.052s] -- Symlinking: /home/incubus/mars_ros2/install/ydlidar/share/ydlidar/environment/path.dsv
[2.061s] -- Symlinking: /home/incubus/mars_ros2/install/ydlidar/share/ydlidar/local_setup.bash
[2.069s] -- Symlinking: /home/incubus/mars_ros2/install/ydlidar/share/ydlidar/local_setup.sh
[2.079s] -- Symlinking: /home/incubus/mars_ros2/install/ydlidar/share/ydlidar/local_setup.zsh
[2.087s] -- Symlinking: /home/incubus/mars_ros2/install/ydlidar/share/ydlidar/local_setup.dsv
[2.096s] -- Symlinking: /home/incubus/mars_ros2/install/ydlidar/share/ydlidar/package.dsv
[2.105s] -- Symlinking: /home/incubus/mars_ros2/install/ydlidar/share/ament_index/resource_index/packages/ydlidar
[2.113s] -- Symlinking: /home/incubus/mars_ros2/install/ydlidar/share/ydlidar/cmake/ydlidarConfig.cmake
[2.123s] -- Symlinking: /home/incubus/mars_ros2/install/ydlidar/share/ydlidar/cmake/ydlidarConfig-version.cmake
[2.132s] -- Symlinking: /home/incubus/mars_ros2/install/ydlidar/share/ydlidar/package.xml
[2.143s] Invoked command in '/home/incubus/mars_ros2/build/ydlidar' returned '0': CMAKE_PREFIX_PATH=${CMAKE_PREFIX_PATH}:/home/incubus/mars_ros2/install/py_pubsub:/home/incubus/mars_ros2/install/my_package:/opt/ros/foxy /usr/bin/cmake --install /home/incubus/mars_ros2/build/ydlidar
