[0.980s] Invoking command in '/home/incubus/mars_ros2/src/py_pubsub': PYTHONPATH=/home/incubus/mars_ros2/install/py_pubsub/lib/python3.8/site-packages:${PYTHONPATH} /usr/bin/python3 setup.py egg_info --egg-base ../../build/py_pubsub build --build-base /home/incubus/mars_ros2/build/py_pubsub/build install --prefix /home/incubus/mars_ros2/install/py_pubsub --record /home/incubus/mars_ros2/build/py_pubsub/install.log --single-version-externally-managed
[1.250s] running egg_info
[1.251s] writing ../../build/py_pubsub/py_pubsub.egg-info/PKG-INFO
[1.251s] writing dependency_links to ../../build/py_pubsub/py_pubsub.egg-info/dependency_links.txt
[1.252s] writing entry points to ../../build/py_pubsub/py_pubsub.egg-info/entry_points.txt
[1.252s] writing requirements to ../../build/py_pubsub/py_pubsub.egg-info/requires.txt
[1.253s] writing top-level names to ../../build/py_pubsub/py_pubsub.egg-info/top_level.txt
[1.293s] reading manifest file '../../build/py_pubsub/py_pubsub.egg-info/SOURCES.txt'
[1.294s] writing manifest file '../../build/py_pubsub/py_pubsub.egg-info/SOURCES.txt'
[1.294s] running build
[1.294s] running build_py
[1.294s] running install
[1.295s] running install_lib
[1.297s] running install_data
[1.297s] running install_egg_info
[1.299s] removing '/home/incubus/mars_ros2/install/py_pubsub/lib/python3.8/site-packages/py_pubsub-0.0.0-py3.8.egg-info' (and everything under it)
[1.299s] Copying ../../build/py_pubsub/py_pubsub.egg-info to /home/incubus/mars_ros2/install/py_pubsub/lib/python3.8/site-packages/py_pubsub-0.0.0-py3.8.egg-info
[1.300s] running install_scripts
[1.318s] writing list of installed files to '/home/incubus/mars_ros2/build/py_pubsub/install.log'
[1.369s] Invoked command in '/home/incubus/mars_ros2/src/py_pubsub' returned '0': PYTHONPATH=/home/incubus/mars_ros2/install/py_pubsub/lib/python3.8/site-packages:${PYTHONPATH} /usr/bin/python3 setup.py egg_info --egg-base ../../build/py_pubsub build --build-base /home/incubus/mars_ros2/build/py_pubsub/build install --prefix /home/incubus/mars_ros2/install/py_pubsub --record /home/incubus/mars_ros2/build/py_pubsub/install.log --single-version-externally-managed
