[1.749s] Invoking command in '/home/incubus/mars_ros2/build/delta_lidar': CMAKE_PREFIX_PATH=${CMAKE_PREFIX_PATH}:/home/incubus/mars_ros2/install/stm:/home/incubus/mars_ros2/install/py_pubsub:/home/incubus/mars_ros2/install/my_package:/home/incubus/mars_ros2/install/keyboard:/home/incubus/mars_ros2/install/gamepad:/home/incubus/mars_ros2/install/Webserver:/home/incubus/mars_ros2/install/Manipul:/home/incubus/mars_ros2/src/install/stm:/home/incubus/mars_ros2/src/install/keyboard:/home/incubus/mars_ros2/src/install/gamepad:/home/incubus/mars_ros2/src/install/Webserver:/home/incubus/mars_ros2/src/install/Manipul:/opt/ros/foxy /usr/bin/cmake --build /home/incubus/mars_ros2/build/delta_lidar -- -j4 -l4
[2.632s] [ 14%] Built target delta_lidar_node_client
[2.633s] [100%] Built target delta_lidar_node
[2.633s] Invoked command in '/home/incubus/mars_ros2/build/delta_lidar' returned '0': CMAKE_PREFIX_PATH=${CMAKE_PREFIX_PATH}:/home/incubus/mars_ros2/install/stm:/home/incubus/mars_ros2/install/py_pubsub:/home/incubus/mars_ros2/install/my_package:/home/incubus/mars_ros2/install/keyboard:/home/incubus/mars_ros2/install/gamepad:/home/incubus/mars_ros2/install/Webserver:/home/incubus/mars_ros2/install/Manipul:/home/incubus/mars_ros2/src/install/stm:/home/incubus/mars_ros2/src/install/keyboard:/home/incubus/mars_ros2/src/install/gamepad:/home/incubus/mars_ros2/src/install/Webserver:/home/incubus/mars_ros2/src/install/Manipul:/opt/ros/foxy /usr/bin/cmake --build /home/incubus/mars_ros2/build/delta_lidar -- -j4 -l4
[2.730s] Invoking command in '/home/incubus/mars_ros2/build/delta_lidar': CMAKE_PREFIX_PATH=${CMAKE_PREFIX_PATH}:/home/incubus/mars_ros2/install/stm:/home/incubus/mars_ros2/install/py_pubsub:/home/incubus/mars_ros2/install/my_package:/home/incubus/mars_ros2/install/keyboard:/home/incubus/mars_ros2/install/gamepad:/home/incubus/mars_ros2/install/Webserver:/home/incubus/mars_ros2/install/Manipul:/home/incubus/mars_ros2/src/install/stm:/home/incubus/mars_ros2/src/install/keyboard:/home/incubus/mars_ros2/src/install/gamepad:/home/incubus/mars_ros2/src/install/Webserver:/home/incubus/mars_ros2/src/install/Manipul:/opt/ros/foxy /usr/bin/cmake --install /home/incubus/mars_ros2/build/delta_lidar
[2.745s] -- Install configuration: ""
[2.746s] -- Up-to-date: /home/incubus/mars_ros2/install/delta_lidar/lib/delta_lidar/delta_lidar_node
[2.747s] -- Up-to-date: /home/incubus/mars_ros2/install/delta_lidar/lib/delta_lidar/delta_lidar_node_client
[2.748s] -- Up-to-date: /home/incubus/mars_ros2/install/delta_lidar/share/delta_lidar/launch
[2.748s] -- Up-to-date: /home/incubus/mars_ros2/install/delta_lidar/share/delta_lidar/launch/view_delta_lidar.launch
[2.748s] -- Up-to-date: /home/incubus/mars_ros2/install/delta_lidar/share/delta_lidar/launch/delta_lidar.launch
[2.748s] -- Up-to-date: /home/incubus/mars_ros2/install/delta_lidar/share/delta_lidar/rviz
[2.748s] -- Up-to-date: /home/incubus/mars_ros2/install/delta_lidar/share/delta_lidar/rviz/delta_lidar.rviz
[2.749s] -- Up-to-date: /home/incubus/mars_ros2/install/delta_lidar/share/delta_lidar/sdk
[2.749s] -- Up-to-date: /home/incubus/mars_ros2/install/delta_lidar/share/delta_lidar/sdk/include
[2.749s] -- Up-to-date: /home/incubus/mars_ros2/install/delta_lidar/share/delta_lidar/sdk/include/CCountDown.h
[2.749s] -- Up-to-date: /home/incubus/mars_ros2/install/delta_lidar/share/delta_lidar/sdk/include/C3iroboticsLidarProtocol.h
[2.749s] -- Up-to-date: /home/incubus/mars_ros2/install/delta_lidar/share/delta_lidar/sdk/include/CArcTime.h
[2.749s] -- Up-to-date: /home/incubus/mars_ros2/install/delta_lidar/share/delta_lidar/sdk/include/CSerialConnection.h
[2.749s] -- Up-to-date: /home/incubus/mars_ros2/install/delta_lidar/share/delta_lidar/sdk/include/CTime.h
[2.750s] -- Up-to-date: /home/incubus/mars_ros2/install/delta_lidar/share/delta_lidar/sdk/include/CLidarPacketReceiver.h
[2.750s] -- Up-to-date: /home/incubus/mars_ros2/install/delta_lidar/share/delta_lidar/sdk/include/typedef.h
[2.750s] -- Up-to-date: /home/incubus/mars_ros2/install/delta_lidar/share/delta_lidar/sdk/include/CLidarUnpacket.h
[2.750s] -- Up-to-date: /home/incubus/mars_ros2/install/delta_lidar/share/delta_lidar/sdk/include/C3iroboticsLidar.h
[2.750s] -- Up-to-date: /home/incubus/mars_ros2/install/delta_lidar/share/delta_lidar/sdk/include/CDeviceConnection.h
[2.750s] -- Up-to-date: /home/incubus/mars_ros2/install/delta_lidar/share/delta_lidar/sdk/include/CLidarPacket.h
[2.750s] -- Up-to-date: /home/incubus/mars_ros2/install/delta_lidar/share/delta_lidar/sdk/include/CSimulateSerial.h
[2.750s] -- Up-to-date: /home/incubus/mars_ros2/install/delta_lidar/share/delta_lidar/sdk/include/CLogUtitls.h
[2.750s] -- Up-to-date: /home/incubus/mars_ros2/install/delta_lidar/share/delta_lidar/sdk/src
[2.751s] -- Up-to-date: /home/incubus/mars_ros2/install/delta_lidar/share/delta_lidar/sdk/src/CSimulateSerial.cpp
[2.751s] -- Up-to-date: /home/incubus/mars_ros2/install/delta_lidar/share/delta_lidar/sdk/src/CLidarPacketReceiver.cpp
[2.751s] -- Up-to-date: /home/incubus/mars_ros2/install/delta_lidar/share/delta_lidar/sdk/src/CDeviceConnection.cpp
[2.751s] -- Up-to-date: /home/incubus/mars_ros2/install/delta_lidar/share/delta_lidar/sdk/src/C3iroboticsLidar.cpp
[2.751s] -- Up-to-date: /home/incubus/mars_ros2/install/delta_lidar/share/delta_lidar/sdk/src/CTime.cpp
[2.751s] -- Up-to-date: /home/incubus/mars_ros2/install/delta_lidar/share/delta_lidar/sdk/src/CArcTime.cpp
[2.751s] -- Up-to-date: /home/incubus/mars_ros2/install/delta_lidar/share/delta_lidar/sdk/src/CCountDown.cpp
[2.751s] -- Up-to-date: /home/incubus/mars_ros2/install/delta_lidar/share/delta_lidar/sdk/src/CLidarPacket.cpp
[2.751s] -- Up-to-date: /home/incubus/mars_ros2/install/delta_lidar/share/delta_lidar/sdk/src/CSerialConnection.cpp
[2.751s] -- Up-to-date: /home/incubus/mars_ros2/install/delta_lidar/share/delta_lidar/sdk/src/CLidarUnpacket.cpp
[2.752s] -- Up-to-date: /home/incubus/mars_ros2/install/delta_lidar/share/ament_index/resource_index/package_run_dependencies/delta_lidar
[2.752s] -- Up-to-date: /home/incubus/mars_ros2/install/delta_lidar/share/ament_index/resource_index/parent_prefix_path/delta_lidar
[2.752s] -- Up-to-date: /home/incubus/mars_ros2/install/delta_lidar/share/delta_lidar/environment/ament_prefix_path.sh
[2.752s] -- Up-to-date: /home/incubus/mars_ros2/install/delta_lidar/share/delta_lidar/environment/ament_prefix_path.dsv
[2.752s] -- Up-to-date: /home/incubus/mars_ros2/install/delta_lidar/share/delta_lidar/environment/path.sh
[2.752s] -- Up-to-date: /home/incubus/mars_ros2/install/delta_lidar/share/delta_lidar/environment/path.dsv
[2.752s] -- Up-to-date: /home/incubus/mars_ros2/install/delta_lidar/share/delta_lidar/local_setup.bash
[2.753s] -- Up-to-date: /home/incubus/mars_ros2/install/delta_lidar/share/delta_lidar/local_setup.sh
[2.755s] -- Up-to-date: /home/incubus/mars_ros2/install/delta_lidar/share/delta_lidar/local_setup.zsh
[2.755s] -- Up-to-date: /home/incubus/mars_ros2/install/delta_lidar/share/delta_lidar/local_setup.dsv
[2.755s] -- Installing: /home/incubus/mars_ros2/install/delta_lidar/share/delta_lidar/package.dsv
[2.756s] -- Up-to-date: /home/incubus/mars_ros2/install/delta_lidar/share/ament_index/resource_index/packages/delta_lidar
[2.757s] -- Up-to-date: /home/incubus/mars_ros2/install/delta_lidar/share/delta_lidar/cmake/delta_lidarConfig.cmake
[2.757s] -- Up-to-date: /home/incubus/mars_ros2/install/delta_lidar/share/delta_lidar/cmake/delta_lidarConfig-version.cmake
[2.757s] -- Up-to-date: /home/incubus/mars_ros2/install/delta_lidar/share/delta_lidar/package.xml
[2.757s] Invoked command in '/home/incubus/mars_ros2/build/delta_lidar' returned '0': CMAKE_PREFIX_PATH=${CMAKE_PREFIX_PATH}:/home/incubus/mars_ros2/install/stm:/home/incubus/mars_ros2/install/py_pubsub:/home/incubus/mars_ros2/install/my_package:/home/incubus/mars_ros2/install/keyboard:/home/incubus/mars_ros2/install/gamepad:/home/incubus/mars_ros2/install/Webserver:/home/incubus/mars_ros2/install/Manipul:/home/incubus/mars_ros2/src/install/stm:/home/incubus/mars_ros2/src/install/keyboard:/home/incubus/mars_ros2/src/install/gamepad:/home/incubus/mars_ros2/src/install/Webserver:/home/incubus/mars_ros2/src/install/Manipul:/opt/ros/foxy /usr/bin/cmake --install /home/incubus/mars_ros2/build/delta_lidar
