[4.671s] Invoking command in '/home/incubus/mars_ros2/src/gamepad': PYTHONPATH=/home/incubus/mars_ros2/install/gamepad/lib/python3.8/site-packages:${PYTHONPATH} /usr/bin/python3 setup.py egg_info --egg-base ../../build/gamepad build --build-base /home/incubus/mars_ros2/build/gamepad/build install --prefix /home/incubus/mars_ros2/install/gamepad --record /home/incubus/mars_ros2/build/gamepad/install.log --single-version-externally-managed
[5.215s] /home/incubus/.local/lib/python3.8/site-packages/setuptools/dist.py:772: UserWarning: Usage of dash-separated 'script-dir' will not be supported in future versions. Please use the underscore name 'script_dir' instead
[5.215s]   warnings.warn(
[5.216s] /home/incubus/.local/lib/python3.8/site-packages/setuptools/dist.py:772: UserWarning: Usage of dash-separated 'install-scripts' will not be supported in future versions. Please use the underscore name 'install_scripts' instead
[5.216s]   warnings.warn(
[6.523s] running egg_info
[6.651s] writing ../../build/gamepad/gamepad.egg-info/PKG-INFO
[6.752s] writing dependency_links to ../../build/gamepad/gamepad.egg-info/dependency_links.txt
[7.052s] writing entry points to ../../build/gamepad/gamepad.egg-info/entry_points.txt
[7.253s] writing requirements to ../../build/gamepad/gamepad.egg-info/requires.txt
[7.354s] writing top-level names to ../../build/gamepad/gamepad.egg-info/top_level.txt
[7.526s] reading manifest file '../../build/gamepad/gamepad.egg-info/SOURCES.txt'
[7.527s] writing manifest file '../../build/gamepad/gamepad.egg-info/SOURCES.txt'
[7.528s] running build
[7.528s] running build_py
[7.529s] copying gamepad/xbox.py -> /home/incubus/mars_ros2/build/gamepad/build/lib/gamepad
[7.529s] running install
[7.529s] /home/incubus/.local/lib/python3.8/site-packages/setuptools/command/install.py:34: SetuptoolsDeprecationWarning: setup.py install is deprecated. Use build and pip and other standards-based tools.
[7.529s]   warnings.warn(
[7.540s] running install_lib
[7.667s] copying /home/incubus/mars_ros2/build/gamepad/build/lib/gamepad/xbox.py -> /home/incubus/mars_ros2/install/gamepad/lib/python3.8/site-packages/gamepad
[7.668s] byte-compiling /home/incubus/mars_ros2/install/gamepad/lib/python3.8/site-packages/gamepad/xbox.py to xbox.cpython-38.pyc
[7.669s] running install_data
[7.693s] running install_egg_info
[7.824s] removing '/home/incubus/mars_ros2/install/gamepad/lib/python3.8/site-packages/gamepad-0.0.0-py3.8.egg-info' (and everything under it)
[7.824s] Copying ../../build/gamepad/gamepad.egg-info to /home/incubus/mars_ros2/install/gamepad/lib/python3.8/site-packages/gamepad-0.0.0-py3.8.egg-info
[7.826s] running install_scripts
[8.051s] Installing xbox script to /home/incubus/mars_ros2/install/gamepad/lib/gamepad
[8.051s] writing list of installed files to '/home/incubus/mars_ros2/build/gamepad/install.log'
[8.175s] Invoked command in '/home/incubus/mars_ros2/src/gamepad' returned '0': PYTHONPATH=/home/incubus/mars_ros2/install/gamepad/lib/python3.8/site-packages:${PYTHONPATH} /usr/bin/python3 setup.py egg_info --egg-base ../../build/gamepad build --build-base /home/incubus/mars_ros2/build/gamepad/build install --prefix /home/incubus/mars_ros2/install/gamepad --record /home/incubus/mars_ros2/build/gamepad/install.log --single-version-externally-managed
