[1.392s] Invoking command in '/home/incubus/mars_ros2/src/keyboard': PYTHONPATH=/home/incubus/mars_ros2/src/install/keyboard/lib/python3.8/site-packages:${PYTHONPATH} /usr/bin/python3 setup.py egg_info --egg-base ../build/keyboard build --build-base /home/incubus/mars_ros2/src/build/keyboard/build install --prefix /home/incubus/mars_ros2/src/install/keyboard --record /home/incubus/mars_ros2/src/build/keyboard/install.log --single-version-externally-managed
[1.721s] running egg_info
[1.722s] writing ../build/keyboard/keyboard.egg-info/PKG-INFO
[1.722s] writing dependency_links to ../build/keyboard/keyboard.egg-info/dependency_links.txt
[1.722s] writing entry points to ../build/keyboard/keyboard.egg-info/entry_points.txt
[1.722s] writing requirements to ../build/keyboard/keyboard.egg-info/requires.txt
[1.723s] writing top-level names to ../build/keyboard/keyboard.egg-info/top_level.txt
[1.781s] reading manifest file '../build/keyboard/keyboard.egg-info/SOURCES.txt'
[1.783s] writing manifest file '../build/keyboard/keyboard.egg-info/SOURCES.txt'
[1.783s] running build
[1.783s] running build_py
[1.783s] running install
[1.784s] running install_lib
[1.786s] running install_data
[1.787s] running install_egg_info
[1.790s] removing '/home/incubus/mars_ros2/src/install/keyboard/lib/python3.8/site-packages/keyboard-0.0.0-py3.8.egg-info' (and everything under it)
[1.790s] Copying ../build/keyboard/keyboard.egg-info to /home/incubus/mars_ros2/src/install/keyboard/lib/python3.8/site-packages/keyboard-0.0.0-py3.8.egg-info
[1.791s] running install_scripts
[1.819s] Installing move script to /home/incubus/mars_ros2/src/install/keyboard/lib/keyboard
[1.819s] writing list of installed files to '/home/incubus/mars_ros2/src/build/keyboard/install.log'
[1.854s] Invoked command in '/home/incubus/mars_ros2/src/keyboard' returned '0': PYTHONPATH=/home/incubus/mars_ros2/src/install/keyboard/lib/python3.8/site-packages:${PYTHONPATH} /usr/bin/python3 setup.py egg_info --egg-base ../build/keyboard build --build-base /home/incubus/mars_ros2/src/build/keyboard/build install --prefix /home/incubus/mars_ros2/src/install/keyboard --record /home/incubus/mars_ros2/src/build/keyboard/install.log --single-version-externally-managed
