[0.135s] DEBUG:colcon:Command line arguments: ['/usr/bin/colcon', 'build']
[0.136s] DEBUG:colcon:Parsed command line arguments: Namespace(allow_overriding=[], ament_cmake_args=None, base_paths=['.'], build_base='build', catkin_cmake_args=None, catkin_skip_building_tests=False, cmake_args=None, cmake_clean_cache=False, cmake_clean_first=False, cmake_force_configure=False, cmake_target=None, cmake_target_skip_unavailable=False, continue_on_error=False, event_handlers=None, executor='parallel', ignore_user_meta=False, install_base='install', log_base=None, log_level=None, main=<bound method BuildVerb.main of <colcon_core.verb.build.BuildVerb object at 0x7f6a65b148e0>>, merge_install=False, metas=['./colcon.meta'], packages_above=None, packages_above_and_dependencies=None, packages_above_depth=None, packages_end=None, packages_ignore=None, packages_ignore_regex=None, packages_select=None, packages_select_build_failed=False, packages_select_by_dep=None, packages_select_regex=None, packages_select_test_failures=False, packages_skip=None, packages_skip_build_finished=False, packages_skip_by_dep=None, packages_skip_regex=None, packages_skip_test_passed=False, packages_skip_up_to=None, packages_start=None, packages_up_to=None, packages_up_to_regex=None, parallel_workers=4, paths=None, symlink_install=False, test_result_base=None, verb_extension=<colcon_core.verb.build.BuildVerb object at 0x7f6a65b148e0>, verb_name='build', verb_parser=<colcon_defaults.argument_parser.defaults.DefaultArgumentsDecorator object at 0x7f6a65b14e50>)
[0.166s] Level 1:colcon.colcon_core.package_discovery:discover_packages(colcon_meta) check parameters
[0.166s] Level 1:colcon.colcon_core.package_discovery:discover_packages(recursive) check parameters
[0.166s] Level 1:colcon.colcon_core.package_discovery:discover_packages(ignore) check parameters
[0.166s] Level 1:colcon.colcon_core.package_discovery:discover_packages(path) check parameters
[0.166s] Level 1:colcon.colcon_core.package_discovery:discover_packages(colcon_meta) discover
[0.166s] Level 1:colcon.colcon_core.package_discovery:discover_packages(recursive) discover
[0.166s] INFO:colcon.colcon_core.package_discovery:Crawling recursively for packages in '/home/incubus/mars_ros2/src'
[0.166s] Level 1:colcon.colcon_core.package_identification:_identify(.) by extensions ['ignore', 'ignore_ament_install']
[0.166s] Level 1:colcon.colcon_core.package_identification:_identify(.) by extension 'ignore'
[0.167s] Level 1:colcon.colcon_core.package_identification:_identify(.) by extension 'ignore_ament_install'
[0.167s] Level 1:colcon.colcon_core.package_identification:_identify(.) by extensions ['colcon_pkg']
[0.167s] Level 1:colcon.colcon_core.package_identification:_identify(.) by extension 'colcon_pkg'
[0.167s] Level 1:colcon.colcon_core.package_identification:_identify(.) by extensions ['colcon_meta']
[0.167s] Level 1:colcon.colcon_core.package_identification:_identify(.) by extension 'colcon_meta'
[0.167s] Level 1:colcon.colcon_core.package_identification:_identify(.) by extensions ['ros']
[0.167s] Level 1:colcon.colcon_core.package_identification:_identify(.) by extension 'ros'
[0.184s] Level 1:colcon.colcon_core.package_identification:_identify(.) by extensions ['cmake', 'python']
[0.185s] Level 1:colcon.colcon_core.package_identification:_identify(.) by extension 'cmake'
[0.185s] Level 1:colcon.colcon_core.package_identification:_identify(.) by extension 'python'
[0.185s] Level 1:colcon.colcon_core.package_identification:_identify(.) by extensions ['python_setup_py']
[0.185s] Level 1:colcon.colcon_core.package_identification:_identify(.) by extension 'python_setup_py'
[0.185s] Level 1:colcon.colcon_core.package_identification:_identify(Delta_2A_ros) by extensions ['ignore', 'ignore_ament_install']
[0.186s] Level 1:colcon.colcon_core.package_identification:_identify(Delta_2A_ros) by extension 'ignore'
[0.186s] Level 1:colcon.colcon_core.package_identification:_identify(Delta_2A_ros) by extension 'ignore_ament_install'
[0.186s] Level 1:colcon.colcon_core.package_identification:_identify(Delta_2A_ros) by extensions ['colcon_pkg']
[0.186s] Level 1:colcon.colcon_core.package_identification:_identify(Delta_2A_ros) by extension 'colcon_pkg'
[0.186s] Level 1:colcon.colcon_core.package_identification:_identify(Delta_2A_ros) by extensions ['colcon_meta']
[0.186s] Level 1:colcon.colcon_core.package_identification:_identify(Delta_2A_ros) by extension 'colcon_meta'
[0.186s] Level 1:colcon.colcon_core.package_identification:_identify(Delta_2A_ros) by extensions ['ros']
[0.186s] Level 1:colcon.colcon_core.package_identification:_identify(Delta_2A_ros) by extension 'ros'
[0.190s] DEBUG:colcon.colcon_core.package_identification:Package 'Delta_2A_ros' with type 'ros.ament_cmake' and name 'delta_lidar'
[0.190s] Level 1:colcon.colcon_core.package_identification:_identify(Webserver) by extensions ['ignore', 'ignore_ament_install']
[0.190s] Level 1:colcon.colcon_core.package_identification:_identify(Webserver) by extension 'ignore'
[0.190s] Level 1:colcon.colcon_core.package_identification:_identify(Webserver) by extension 'ignore_ament_install'
[0.191s] Level 1:colcon.colcon_core.package_identification:_identify(Webserver) by extensions ['colcon_pkg']
[0.191s] Level 1:colcon.colcon_core.package_identification:_identify(Webserver) by extension 'colcon_pkg'
[0.191s] Level 1:colcon.colcon_core.package_identification:_identify(Webserver) by extensions ['colcon_meta']
[0.191s] Level 1:colcon.colcon_core.package_identification:_identify(Webserver) by extension 'colcon_meta'
[0.191s] Level 1:colcon.colcon_core.package_identification:_identify(Webserver) by extensions ['ros']
[0.191s] Level 1:colcon.colcon_core.package_identification:_identify(Webserver) by extension 'ros'
[0.191s] DEBUG:colcon.colcon_core.package_identification:Package 'Webserver' with type 'ros.ament_python' and name 'Webserver'
[0.191s] Level 1:colcon.colcon_core.package_identification:_identify(build) by extensions ['ignore', 'ignore_ament_install']
[0.191s] Level 1:colcon.colcon_core.package_identification:_identify(build) by extension 'ignore'
[0.191s] Level 1:colcon.colcon_core.package_identification:_identify(build) ignored
[0.192s] Level 1:colcon.colcon_core.package_identification:_identify(install) by extensions ['ignore', 'ignore_ament_install']
[0.192s] Level 1:colcon.colcon_core.package_identification:_identify(install) by extension 'ignore'
[0.192s] Level 1:colcon.colcon_core.package_identification:_identify(install) ignored
[0.192s] Level 1:colcon.colcon_core.package_identification:_identify(keyboard) by extensions ['ignore', 'ignore_ament_install']
[0.192s] Level 1:colcon.colcon_core.package_identification:_identify(keyboard) by extension 'ignore'
[0.192s] Level 1:colcon.colcon_core.package_identification:_identify(keyboard) by extension 'ignore_ament_install'
[0.192s] Level 1:colcon.colcon_core.package_identification:_identify(keyboard) by extensions ['colcon_pkg']
[0.192s] Level 1:colcon.colcon_core.package_identification:_identify(keyboard) by extension 'colcon_pkg'
[0.192s] Level 1:colcon.colcon_core.package_identification:_identify(keyboard) by extensions ['colcon_meta']
[0.192s] Level 1:colcon.colcon_core.package_identification:_identify(keyboard) by extension 'colcon_meta'
[0.192s] Level 1:colcon.colcon_core.package_identification:_identify(keyboard) by extensions ['ros']
[0.192s] Level 1:colcon.colcon_core.package_identification:_identify(keyboard) by extension 'ros'
[0.193s] DEBUG:colcon.colcon_core.package_identification:Package 'keyboard' with type 'ros.ament_python' and name 'keyboard'
[0.193s] Level 1:colcon.colcon_core.package_identification:_identify(log) by extensions ['ignore', 'ignore_ament_install']
[0.193s] Level 1:colcon.colcon_core.package_identification:_identify(log) by extension 'ignore'
[0.193s] Level 1:colcon.colcon_core.package_identification:_identify(log) ignored
[0.193s] Level 1:colcon.colcon_core.package_identification:_identify(stm) by extensions ['ignore', 'ignore_ament_install']
[0.193s] Level 1:colcon.colcon_core.package_identification:_identify(stm) by extension 'ignore'
[0.193s] Level 1:colcon.colcon_core.package_identification:_identify(stm) by extension 'ignore_ament_install'
[0.193s] Level 1:colcon.colcon_core.package_identification:_identify(stm) by extensions ['colcon_pkg']
[0.193s] Level 1:colcon.colcon_core.package_identification:_identify(stm) by extension 'colcon_pkg'
[0.193s] Level 1:colcon.colcon_core.package_identification:_identify(stm) by extensions ['colcon_meta']
[0.193s] Level 1:colcon.colcon_core.package_identification:_identify(stm) by extension 'colcon_meta'
[0.193s] Level 1:colcon.colcon_core.package_identification:_identify(stm) by extensions ['ros']
[0.193s] Level 1:colcon.colcon_core.package_identification:_identify(stm) by extension 'ros'
[0.194s] DEBUG:colcon.colcon_core.package_identification:Package 'stm' with type 'ros.ament_python' and name 'stm'
[0.194s] Level 1:colcon.colcon_core.package_discovery:discover_packages(recursive) using defaults
[0.194s] Level 1:colcon.colcon_core.package_discovery:discover_packages(ignore) discover
[0.194s] Level 1:colcon.colcon_core.package_discovery:discover_packages(ignore) using defaults
[0.194s] Level 1:colcon.colcon_core.package_discovery:discover_packages(path) discover
[0.194s] Level 1:colcon.colcon_core.package_discovery:discover_packages(path) using defaults
[0.214s] Level 1:colcon.colcon_core.package_discovery:discover_packages(prefix_path) check parameters
[0.214s] Level 1:colcon.colcon_core.package_discovery:discover_packages(prefix_path) discover
[0.217s] DEBUG:colcon.colcon_installed_package_information.package_discovery:Found 4 installed packages in /home/incubus/mars_ros2/src/install
[0.218s] DEBUG:colcon.colcon_installed_package_information.package_discovery:Found 7 installed packages in /home/incubus/mars_ros2/install
[0.220s] DEBUG:colcon.colcon_installed_package_information.package_discovery:Found 263 installed packages in /opt/ros/foxy
[0.221s] Level 1:colcon.colcon_core.package_discovery:discover_packages(prefix_path) using defaults
[0.307s] Level 5:colcon.colcon_core.verb:set package 'Webserver' build argument 'cmake_args' from command line to 'None'
[0.308s] Level 5:colcon.colcon_core.verb:set package 'Webserver' build argument 'cmake_target' from command line to 'None'
[0.308s] Level 5:colcon.colcon_core.verb:set package 'Webserver' build argument 'cmake_target_skip_unavailable' from command line to 'False'
[0.308s] Level 5:colcon.colcon_core.verb:set package 'Webserver' build argument 'cmake_clean_cache' from command line to 'False'
[0.308s] Level 5:colcon.colcon_core.verb:set package 'Webserver' build argument 'cmake_clean_first' from command line to 'False'
[0.308s] Level 5:colcon.colcon_core.verb:set package 'Webserver' build argument 'cmake_force_configure' from command line to 'False'
[0.308s] Level 5:colcon.colcon_core.verb:set package 'Webserver' build argument 'ament_cmake_args' from command line to 'None'
[0.308s] Level 5:colcon.colcon_core.verb:set package 'Webserver' build argument 'catkin_cmake_args' from command line to 'None'
[0.308s] Level 5:colcon.colcon_core.verb:set package 'Webserver' build argument 'catkin_skip_building_tests' from command line to 'False'
[0.308s] DEBUG:colcon.colcon_core.verb:Building package 'Webserver' with the following arguments: {'ament_cmake_args': None, 'build_base': '/home/incubus/mars_ros2/src/build/Webserver', 'catkin_cmake_args': None, 'catkin_skip_building_tests': False, 'cmake_args': None, 'cmake_clean_cache': False, 'cmake_clean_first': False, 'cmake_force_configure': False, 'cmake_target': None, 'cmake_target_skip_unavailable': False, 'install_base': '/home/incubus/mars_ros2/src/install/Webserver', 'merge_install': False, 'path': '/home/incubus/mars_ros2/src/Webserver', 'symlink_install': False, 'test_result_base': None}
[0.308s] Level 5:colcon.colcon_core.verb:set package 'delta_lidar' build argument 'cmake_args' from command line to 'None'
[0.308s] Level 5:colcon.colcon_core.verb:set package 'delta_lidar' build argument 'cmake_target' from command line to 'None'
[0.309s] Level 5:colcon.colcon_core.verb:set package 'delta_lidar' build argument 'cmake_target_skip_unavailable' from command line to 'False'
[0.309s] Level 5:colcon.colcon_core.verb:set package 'delta_lidar' build argument 'cmake_clean_cache' from command line to 'False'
[0.309s] Level 5:colcon.colcon_core.verb:set package 'delta_lidar' build argument 'cmake_clean_first' from command line to 'False'
[0.309s] Level 5:colcon.colcon_core.verb:set package 'delta_lidar' build argument 'cmake_force_configure' from command line to 'False'
[0.309s] Level 5:colcon.colcon_core.verb:set package 'delta_lidar' build argument 'ament_cmake_args' from command line to 'None'
[0.309s] Level 5:colcon.colcon_core.verb:set package 'delta_lidar' build argument 'catkin_cmake_args' from command line to 'None'
[0.309s] Level 5:colcon.colcon_core.verb:set package 'delta_lidar' build argument 'catkin_skip_building_tests' from command line to 'False'
[0.309s] DEBUG:colcon.colcon_core.verb:Building package 'delta_lidar' with the following arguments: {'ament_cmake_args': None, 'build_base': '/home/incubus/mars_ros2/src/build/delta_lidar', 'catkin_cmake_args': None, 'catkin_skip_building_tests': False, 'cmake_args': None, 'cmake_clean_cache': False, 'cmake_clean_first': False, 'cmake_force_configure': False, 'cmake_target': None, 'cmake_target_skip_unavailable': False, 'install_base': '/home/incubus/mars_ros2/src/install/delta_lidar', 'merge_install': False, 'path': '/home/incubus/mars_ros2/src/Delta_2A_ros', 'symlink_install': False, 'test_result_base': None}
[0.309s] Level 5:colcon.colcon_core.verb:set package 'keyboard' build argument 'cmake_args' from command line to 'None'
[0.309s] Level 5:colcon.colcon_core.verb:set package 'keyboard' build argument 'cmake_target' from command line to 'None'
[0.309s] Level 5:colcon.colcon_core.verb:set package 'keyboard' build argument 'cmake_target_skip_unavailable' from command line to 'False'
[0.309s] Level 5:colcon.colcon_core.verb:set package 'keyboard' build argument 'cmake_clean_cache' from command line to 'False'
[0.309s] Level 5:colcon.colcon_core.verb:set package 'keyboard' build argument 'cmake_clean_first' from command line to 'False'
[0.309s] Level 5:colcon.colcon_core.verb:set package 'keyboard' build argument 'cmake_force_configure' from command line to 'False'
[0.309s] Level 5:colcon.colcon_core.verb:set package 'keyboard' build argument 'ament_cmake_args' from command line to 'None'
[0.309s] Level 5:colcon.colcon_core.verb:set package 'keyboard' build argument 'catkin_cmake_args' from command line to 'None'
[0.310s] Level 5:colcon.colcon_core.verb:set package 'keyboard' build argument 'catkin_skip_building_tests' from command line to 'False'
[0.310s] DEBUG:colcon.colcon_core.verb:Building package 'keyboard' with the following arguments: {'ament_cmake_args': None, 'build_base': '/home/incubus/mars_ros2/src/build/keyboard', 'catkin_cmake_args': None, 'catkin_skip_building_tests': False, 'cmake_args': None, 'cmake_clean_cache': False, 'cmake_clean_first': False, 'cmake_force_configure': False, 'cmake_target': None, 'cmake_target_skip_unavailable': False, 'install_base': '/home/incubus/mars_ros2/src/install/keyboard', 'merge_install': False, 'path': '/home/incubus/mars_ros2/src/keyboard', 'symlink_install': False, 'test_result_base': None}
[0.310s] Level 5:colcon.colcon_core.verb:set package 'stm' build argument 'cmake_args' from command line to 'None'
[0.310s] Level 5:colcon.colcon_core.verb:set package 'stm' build argument 'cmake_target' from command line to 'None'
[0.310s] Level 5:colcon.colcon_core.verb:set package 'stm' build argument 'cmake_target_skip_unavailable' from command line to 'False'
[0.310s] Level 5:colcon.colcon_core.verb:set package 'stm' build argument 'cmake_clean_cache' from command line to 'False'
[0.310s] Level 5:colcon.colcon_core.verb:set package 'stm' build argument 'cmake_clean_first' from command line to 'False'
[0.310s] Level 5:colcon.colcon_core.verb:set package 'stm' build argument 'cmake_force_configure' from command line to 'False'
[0.310s] Level 5:colcon.colcon_core.verb:set package 'stm' build argument 'ament_cmake_args' from command line to 'None'
[0.310s] Level 5:colcon.colcon_core.verb:set package 'stm' build argument 'catkin_cmake_args' from command line to 'None'
[0.310s] Level 5:colcon.colcon_core.verb:set package 'stm' build argument 'catkin_skip_building_tests' from command line to 'False'
[0.310s] DEBUG:colcon.colcon_core.verb:Building package 'stm' with the following arguments: {'ament_cmake_args': None, 'build_base': '/home/incubus/mars_ros2/src/build/stm', 'catkin_cmake_args': None, 'catkin_skip_building_tests': False, 'cmake_args': None, 'cmake_clean_cache': False, 'cmake_clean_first': False, 'cmake_force_configure': False, 'cmake_target': None, 'cmake_target_skip_unavailable': False, 'install_base': '/home/incubus/mars_ros2/src/install/stm', 'merge_install': False, 'path': '/home/incubus/mars_ros2/src/stm', 'symlink_install': False, 'test_result_base': None}
[0.311s] INFO:colcon.colcon_core.executor:Executing jobs using 'parallel' executor
[0.313s] DEBUG:colcon.colcon_parallel_executor.executor.parallel:run_until_complete
[0.313s] INFO:colcon.colcon_ros.task.ament_python.build:Building ROS package in '/home/incubus/mars_ros2/src/Webserver' with build type 'ament_python'
[0.313s] Level 1:colcon.colcon_core.shell:create_environment_hook('Webserver', 'ament_prefix_path')
[0.317s] INFO:colcon.colcon_core.plugin_system:Skipping extension 'colcon_core.shell.bat': Not used on non-Windows systems
[0.317s] INFO:colcon.colcon_core.shell:Creating environment hook '/home/incubus/mars_ros2/src/install/Webserver/share/Webserver/hook/ament_prefix_path.ps1'
[0.317s] INFO:colcon.colcon_core.shell:Creating environment descriptor '/home/incubus/mars_ros2/src/install/Webserver/share/Webserver/hook/ament_prefix_path.dsv'
[0.318s] INFO:colcon.colcon_core.shell:Creating environment hook '/home/incubus/mars_ros2/src/install/Webserver/share/Webserver/hook/ament_prefix_path.sh'
[0.319s] INFO:colcon.colcon_core.shell:Skip shell extension 'powershell' for command environment: Not usable outside of PowerShell
[0.319s] DEBUG:colcon.colcon_core.shell:Skip shell extension 'dsv' for command environment
[0.325s] INFO:colcon.colcon_ros.task.ament_cmake.build:Building ROS package in '/home/incubus/mars_ros2/src/Delta_2A_ros' with build type 'ament_cmake'
[0.325s] INFO:colcon.colcon_cmake.task.cmake.build:Building CMake package in '/home/incubus/mars_ros2/src/Delta_2A_ros'
[0.326s] INFO:colcon.colcon_core.shell:Skip shell extension 'powershell' for command environment: Not usable outside of PowerShell
[0.327s] DEBUG:colcon.colcon_core.shell:Skip shell extension 'dsv' for command environment
[0.332s] INFO:colcon.colcon_ros.task.ament_python.build:Building ROS package in '/home/incubus/mars_ros2/src/keyboard' with build type 'ament_python'
[0.333s] Level 1:colcon.colcon_core.shell:create_environment_hook('keyboard', 'ament_prefix_path')
[0.334s] INFO:colcon.colcon_core.shell:Creating environment hook '/home/incubus/mars_ros2/src/install/keyboard/share/keyboard/hook/ament_prefix_path.ps1'
[0.335s] INFO:colcon.colcon_core.shell:Creating environment descriptor '/home/incubus/mars_ros2/src/install/keyboard/share/keyboard/hook/ament_prefix_path.dsv'
[0.335s] INFO:colcon.colcon_core.shell:Creating environment hook '/home/incubus/mars_ros2/src/install/keyboard/share/keyboard/hook/ament_prefix_path.sh'
[0.336s] INFO:colcon.colcon_core.shell:Skip shell extension 'powershell' for command environment: Not usable outside of PowerShell
[0.336s] DEBUG:colcon.colcon_core.shell:Skip shell extension 'dsv' for command environment
[0.342s] INFO:colcon.colcon_ros.task.ament_python.build:Building ROS package in '/home/incubus/mars_ros2/src/stm' with build type 'ament_python'
[0.343s] Level 1:colcon.colcon_core.shell:create_environment_hook('stm', 'ament_prefix_path')
[0.344s] INFO:colcon.colcon_core.shell:Creating environment hook '/home/incubus/mars_ros2/src/install/stm/share/stm/hook/ament_prefix_path.ps1'
[0.344s] INFO:colcon.colcon_core.shell:Creating environment descriptor '/home/incubus/mars_ros2/src/install/stm/share/stm/hook/ament_prefix_path.dsv'
[0.345s] INFO:colcon.colcon_core.shell:Creating environment hook '/home/incubus/mars_ros2/src/install/stm/share/stm/hook/ament_prefix_path.sh'
[0.346s] INFO:colcon.colcon_core.shell:Skip shell extension 'powershell' for command environment: Not usable outside of PowerShell
[0.346s] DEBUG:colcon.colcon_core.shell:Skip shell extension 'dsv' for command environment
[0.609s] INFO:colcon.colcon_core.task.python.build:Building Python package in '/home/incubus/mars_ros2/src/Webserver'
[0.610s] INFO:colcon.colcon_core.shell:Skip shell extension 'powershell' for command environment: Not usable outside of PowerShell
[0.610s] DEBUG:colcon.colcon_core.shell:Skip shell extension 'dsv' for command environment
[0.619s] DEBUG:colcon.colcon_core.event_handler.log_command:Invoking command in '/home/incubus/mars_ros2/src/build/delta_lidar': CMAKE_PREFIX_PATH=${CMAKE_PREFIX_PATH}:/home/incubus/mars_ros2/src/install/stm:/home/incubus/mars_ros2/src/install/keyboard:/home/incubus/mars_ros2/src/install/Webserver:/home/incubus/mars_ros2/install/py_pubsub:/home/incubus/mars_ros2/install/my_package:/home/incubus/mars_ros2/install/keyboard:/home/incubus/mars_ros2/install/Webserver:/opt/ros/foxy /usr/bin/cmake --build /home/incubus/mars_ros2/src/build/delta_lidar -- -j4 -l4
[0.870s] INFO:colcon.colcon_core.task.python.build:Building Python package in '/home/incubus/mars_ros2/src/keyboard'
[0.871s] INFO:colcon.colcon_core.shell:Skip shell extension 'powershell' for command environment: Not usable outside of PowerShell
[0.871s] DEBUG:colcon.colcon_core.shell:Skip shell extension 'dsv' for command environment
[1.114s] INFO:colcon.colcon_core.task.python.build:Building Python package in '/home/incubus/mars_ros2/src/stm'
[1.115s] INFO:colcon.colcon_core.shell:Skip shell extension 'powershell' for command environment: Not usable outside of PowerShell
[1.115s] DEBUG:colcon.colcon_core.shell:Skip shell extension 'dsv' for command environment
[1.124s] DEBUG:colcon.colcon_core.event_handler.log_command:Invoked command in '/home/incubus/mars_ros2/src/build/delta_lidar' returned '0': CMAKE_PREFIX_PATH=${CMAKE_PREFIX_PATH}:/home/incubus/mars_ros2/src/install/stm:/home/incubus/mars_ros2/src/install/keyboard:/home/incubus/mars_ros2/src/install/Webserver:/home/incubus/mars_ros2/install/py_pubsub:/home/incubus/mars_ros2/install/my_package:/home/incubus/mars_ros2/install/keyboard:/home/incubus/mars_ros2/install/Webserver:/opt/ros/foxy /usr/bin/cmake --build /home/incubus/mars_ros2/src/build/delta_lidar -- -j4 -l4
[1.282s] DEBUG:colcon.colcon_core.event_handler.log_command:Invoking command in '/home/incubus/mars_ros2/src/build/delta_lidar': CMAKE_PREFIX_PATH=${CMAKE_PREFIX_PATH}:/home/incubus/mars_ros2/src/install/stm:/home/incubus/mars_ros2/src/install/keyboard:/home/incubus/mars_ros2/src/install/Webserver:/home/incubus/mars_ros2/install/py_pubsub:/home/incubus/mars_ros2/install/my_package:/home/incubus/mars_ros2/install/keyboard:/home/incubus/mars_ros2/install/Webserver:/opt/ros/foxy /usr/bin/cmake --install /home/incubus/mars_ros2/src/build/delta_lidar
[1.303s] Level 1:colcon.colcon_core.environment:create_environment_scripts_only(delta_lidar)
[1.309s] Level 1:colcon.colcon_core.environment:checking '/home/incubus/mars_ros2/src/install/delta_lidar' for CMake module files
[1.310s] Level 1:colcon.colcon_core.environment:checking '/home/incubus/mars_ros2/src/install/delta_lidar' for CMake config files
[1.310s] Level 1:colcon.colcon_core.shell:create_environment_hook('delta_lidar', 'cmake_prefix_path')
[1.311s] INFO:colcon.colcon_core.shell:Creating environment hook '/home/incubus/mars_ros2/src/install/delta_lidar/share/delta_lidar/hook/cmake_prefix_path.ps1'
[1.312s] INFO:colcon.colcon_core.shell:Creating environment descriptor '/home/incubus/mars_ros2/src/install/delta_lidar/share/delta_lidar/hook/cmake_prefix_path.dsv'
[1.314s] DEBUG:colcon.colcon_core.event_handler.log_command:Invoked command in '/home/incubus/mars_ros2/src/build/delta_lidar' returned '0': CMAKE_PREFIX_PATH=${CMAKE_PREFIX_PATH}:/home/incubus/mars_ros2/src/install/stm:/home/incubus/mars_ros2/src/install/keyboard:/home/incubus/mars_ros2/src/install/Webserver:/home/incubus/mars_ros2/install/py_pubsub:/home/incubus/mars_ros2/install/my_package:/home/incubus/mars_ros2/install/keyboard:/home/incubus/mars_ros2/install/Webserver:/opt/ros/foxy /usr/bin/cmake --install /home/incubus/mars_ros2/src/build/delta_lidar
[1.315s] INFO:colcon.colcon_core.shell:Creating environment hook '/home/incubus/mars_ros2/src/install/delta_lidar/share/delta_lidar/hook/cmake_prefix_path.sh'
[1.317s] Level 1:colcon.colcon_core.environment:checking '/home/incubus/mars_ros2/src/install/delta_lidar/lib'
[1.317s] Level 1:colcon.colcon_core.environment:checking '/home/incubus/mars_ros2/src/install/delta_lidar/bin'
[1.317s] Level 1:colcon.colcon_core.environment:checking '/home/incubus/mars_ros2/src/install/delta_lidar/lib/pkgconfig/delta_lidar.pc'
[1.317s] Level 1:colcon.colcon_core.environment:checking '/home/incubus/mars_ros2/src/install/delta_lidar/lib/python3.8/site-packages'
[1.318s] Level 1:colcon.colcon_core.environment:checking '/home/incubus/mars_ros2/src/install/delta_lidar/bin'
[1.319s] INFO:colcon.colcon_core.shell:Creating package script '/home/incubus/mars_ros2/src/install/delta_lidar/share/delta_lidar/package.ps1'
[1.320s] INFO:colcon.colcon_core.shell:Creating package descriptor '/home/incubus/mars_ros2/src/install/delta_lidar/share/delta_lidar/package.dsv'
[1.321s] INFO:colcon.colcon_core.shell:Creating package script '/home/incubus/mars_ros2/src/install/delta_lidar/share/delta_lidar/package.sh'
[1.322s] INFO:colcon.colcon_core.shell:Creating package script '/home/incubus/mars_ros2/src/install/delta_lidar/share/delta_lidar/package.bash'
[1.323s] INFO:colcon.colcon_core.shell:Creating package script '/home/incubus/mars_ros2/src/install/delta_lidar/share/delta_lidar/package.zsh'
[1.324s] Level 1:colcon.colcon_core.environment:create_file_with_runtime_dependencies(/home/incubus/mars_ros2/src/install/delta_lidar/share/colcon-core/packages/delta_lidar)
[1.392s] Level 1:colcon.colcon_core.environment:create_environment_scripts_only(delta_lidar)
[1.393s] Level 1:colcon.colcon_core.environment:checking '/home/incubus/mars_ros2/src/install/delta_lidar' for CMake module files
[1.394s] Level 1:colcon.colcon_core.environment:checking '/home/incubus/mars_ros2/src/install/delta_lidar' for CMake config files
[1.394s] Level 1:colcon.colcon_core.shell:create_environment_hook('delta_lidar', 'cmake_prefix_path')
[1.395s] INFO:colcon.colcon_core.shell:Creating environment hook '/home/incubus/mars_ros2/src/install/delta_lidar/share/delta_lidar/hook/cmake_prefix_path.ps1'
[1.396s] INFO:colcon.colcon_core.shell:Creating environment descriptor '/home/incubus/mars_ros2/src/install/delta_lidar/share/delta_lidar/hook/cmake_prefix_path.dsv'
[1.396s] INFO:colcon.colcon_core.shell:Creating environment hook '/home/incubus/mars_ros2/src/install/delta_lidar/share/delta_lidar/hook/cmake_prefix_path.sh'
[1.398s] Level 1:colcon.colcon_core.environment:checking '/home/incubus/mars_ros2/src/install/delta_lidar/lib'
[1.398s] Level 1:colcon.colcon_core.environment:checking '/home/incubus/mars_ros2/src/install/delta_lidar/bin'
[1.398s] Level 1:colcon.colcon_core.environment:checking '/home/incubus/mars_ros2/src/install/delta_lidar/lib/pkgconfig/delta_lidar.pc'
[1.398s] Level 1:colcon.colcon_core.environment:checking '/home/incubus/mars_ros2/src/install/delta_lidar/lib/python3.8/site-packages'
[1.399s] Level 1:colcon.colcon_core.environment:checking '/home/incubus/mars_ros2/src/install/delta_lidar/bin'
[1.400s] INFO:colcon.colcon_core.shell:Creating package script '/home/incubus/mars_ros2/src/install/delta_lidar/share/delta_lidar/package.ps1'
[1.400s] INFO:colcon.colcon_core.shell:Creating package descriptor '/home/incubus/mars_ros2/src/install/delta_lidar/share/delta_lidar/package.dsv'
[1.401s] INFO:colcon.colcon_core.shell:Creating package script '/home/incubus/mars_ros2/src/install/delta_lidar/share/delta_lidar/package.sh'
[1.402s] INFO:colcon.colcon_core.shell:Creating package script '/home/incubus/mars_ros2/src/install/delta_lidar/share/delta_lidar/package.bash'
[1.402s] INFO:colcon.colcon_core.shell:Creating package script '/home/incubus/mars_ros2/src/install/delta_lidar/share/delta_lidar/package.zsh'
[1.403s] Level 1:colcon.colcon_core.environment:create_file_with_runtime_dependencies(/home/incubus/mars_ros2/src/install/delta_lidar/share/colcon-core/packages/delta_lidar)
[1.756s] DEBUG:colcon.colcon_core.event_handler.log_command:Invoking command in '/home/incubus/mars_ros2/src/Webserver': PYTHONPATH=/home/incubus/mars_ros2/src/install/Webserver/lib/python3.8/site-packages:${PYTHONPATH} /usr/bin/python3 setup.py egg_info --egg-base ../build/Webserver build --build-base /home/incubus/mars_ros2/src/build/Webserver/build install --prefix /home/incubus/mars_ros2/src/install/Webserver --record /home/incubus/mars_ros2/src/build/Webserver/install.log --single-version-externally-managed
[1.855s] DEBUG:colcon.colcon_core.event_handler.log_command:Invoking command in '/home/incubus/mars_ros2/src/keyboard': PYTHONPATH=/home/incubus/mars_ros2/src/install/keyboard/lib/python3.8/site-packages:${PYTHONPATH} /usr/bin/python3 setup.py egg_info --egg-base ../build/keyboard build --build-base /home/incubus/mars_ros2/src/build/keyboard/build install --prefix /home/incubus/mars_ros2/src/install/keyboard --record /home/incubus/mars_ros2/src/build/keyboard/install.log --single-version-externally-managed
[1.872s] DEBUG:colcon.colcon_core.event_handler.log_command:Invoking command in '/home/incubus/mars_ros2/src/stm': PYTHONPATH=/home/incubus/mars_ros2/src/install/stm/lib/python3.8/site-packages:${PYTHONPATH} /usr/bin/python3 setup.py egg_info --egg-base ../build/stm build --build-base /home/incubus/mars_ros2/src/build/stm/build install --prefix /home/incubus/mars_ros2/src/install/stm --record /home/incubus/mars_ros2/src/build/stm/install.log --single-version-externally-managed
[2.166s] Level 1:colcon.colcon_core.environment:checking '/home/incubus/mars_ros2/src/install/Webserver' for CMake module files
[2.167s] DEBUG:colcon.colcon_core.event_handler.log_command:Invoked command in '/home/incubus/mars_ros2/src/Webserver' returned '0': PYTHONPATH=/home/incubus/mars_ros2/src/install/Webserver/lib/python3.8/site-packages:${PYTHONPATH} /usr/bin/python3 setup.py egg_info --egg-base ../build/Webserver build --build-base /home/incubus/mars_ros2/src/build/Webserver/build install --prefix /home/incubus/mars_ros2/src/install/Webserver --record /home/incubus/mars_ros2/src/build/Webserver/install.log --single-version-externally-managed
[2.167s] Level 1:colcon.colcon_core.environment:checking '/home/incubus/mars_ros2/src/install/Webserver' for CMake config files
[2.168s] Level 1:colcon.colcon_core.environment:checking '/home/incubus/mars_ros2/src/install/Webserver/lib'
[2.168s] Level 1:colcon.colcon_core.environment:checking '/home/incubus/mars_ros2/src/install/Webserver/bin'
[2.169s] Level 1:colcon.colcon_core.environment:checking '/home/incubus/mars_ros2/src/install/Webserver/lib/pkgconfig/Webserver.pc'
[2.169s] Level 1:colcon.colcon_core.environment:checking '/home/incubus/mars_ros2/src/install/Webserver/lib/python3.8/site-packages'
[2.169s] Level 1:colcon.colcon_core.shell:create_environment_hook('Webserver', 'pythonpath')
[2.170s] INFO:colcon.colcon_core.shell:Creating environment hook '/home/incubus/mars_ros2/src/install/Webserver/share/Webserver/hook/pythonpath.ps1'
[2.171s] INFO:colcon.colcon_core.shell:Creating environment descriptor '/home/incubus/mars_ros2/src/install/Webserver/share/Webserver/hook/pythonpath.dsv'
[2.171s] INFO:colcon.colcon_core.shell:Creating environment hook '/home/incubus/mars_ros2/src/install/Webserver/share/Webserver/hook/pythonpath.sh'
[2.172s] Level 1:colcon.colcon_core.environment:checking '/home/incubus/mars_ros2/src/install/Webserver/bin'
[2.172s] Level 1:colcon.colcon_core.environment:create_environment_scripts_only(Webserver)
[2.173s] INFO:colcon.colcon_core.shell:Creating package script '/home/incubus/mars_ros2/src/install/Webserver/share/Webserver/package.ps1'
[2.173s] INFO:colcon.colcon_core.shell:Creating package descriptor '/home/incubus/mars_ros2/src/install/Webserver/share/Webserver/package.dsv'
[2.174s] INFO:colcon.colcon_core.shell:Creating package script '/home/incubus/mars_ros2/src/install/Webserver/share/Webserver/package.sh'
[2.175s] INFO:colcon.colcon_core.shell:Creating package script '/home/incubus/mars_ros2/src/install/Webserver/share/Webserver/package.bash'
[2.176s] INFO:colcon.colcon_core.shell:Creating package script '/home/incubus/mars_ros2/src/install/Webserver/share/Webserver/package.zsh'
[2.177s] Level 1:colcon.colcon_core.environment:create_file_with_runtime_dependencies(/home/incubus/mars_ros2/src/install/Webserver/share/colcon-core/packages/Webserver)
[2.231s] Level 1:colcon.colcon_core.environment:checking '/home/incubus/mars_ros2/src/install/stm' for CMake module files
[2.231s] DEBUG:colcon.colcon_core.event_handler.log_command:Invoked command in '/home/incubus/mars_ros2/src/stm' returned '0': PYTHONPATH=/home/incubus/mars_ros2/src/install/stm/lib/python3.8/site-packages:${PYTHONPATH} /usr/bin/python3 setup.py egg_info --egg-base ../build/stm build --build-base /home/incubus/mars_ros2/src/build/stm/build install --prefix /home/incubus/mars_ros2/src/install/stm --record /home/incubus/mars_ros2/src/build/stm/install.log --single-version-externally-managed
[2.231s] Level 1:colcon.colcon_core.environment:checking '/home/incubus/mars_ros2/src/install/stm' for CMake config files
[2.232s] Level 1:colcon.colcon_core.environment:checking '/home/incubus/mars_ros2/src/install/stm/lib'
[2.232s] Level 1:colcon.colcon_core.environment:checking '/home/incubus/mars_ros2/src/install/stm/bin'
[2.232s] Level 1:colcon.colcon_core.environment:checking '/home/incubus/mars_ros2/src/install/stm/lib/pkgconfig/stm.pc'
[2.232s] Level 1:colcon.colcon_core.environment:checking '/home/incubus/mars_ros2/src/install/stm/lib/python3.8/site-packages'
[2.232s] Level 1:colcon.colcon_core.shell:create_environment_hook('stm', 'pythonpath')
[2.233s] INFO:colcon.colcon_core.shell:Creating environment hook '/home/incubus/mars_ros2/src/install/stm/share/stm/hook/pythonpath.ps1'
[2.233s] INFO:colcon.colcon_core.shell:Creating environment descriptor '/home/incubus/mars_ros2/src/install/stm/share/stm/hook/pythonpath.dsv'
[2.234s] INFO:colcon.colcon_core.shell:Creating environment hook '/home/incubus/mars_ros2/src/install/stm/share/stm/hook/pythonpath.sh'
[2.234s] Level 1:colcon.colcon_core.environment:checking '/home/incubus/mars_ros2/src/install/stm/bin'
[2.234s] Level 1:colcon.colcon_core.environment:create_environment_scripts_only(stm)
[2.235s] INFO:colcon.colcon_core.shell:Creating package script '/home/incubus/mars_ros2/src/install/stm/share/stm/package.ps1'
[2.237s] INFO:colcon.colcon_core.shell:Creating package descriptor '/home/incubus/mars_ros2/src/install/stm/share/stm/package.dsv'
[2.237s] INFO:colcon.colcon_core.shell:Creating package script '/home/incubus/mars_ros2/src/install/stm/share/stm/package.sh'
[2.238s] INFO:colcon.colcon_core.shell:Creating package script '/home/incubus/mars_ros2/src/install/stm/share/stm/package.bash'
[2.238s] INFO:colcon.colcon_core.shell:Creating package script '/home/incubus/mars_ros2/src/install/stm/share/stm/package.zsh'
[2.238s] Level 1:colcon.colcon_core.environment:create_file_with_runtime_dependencies(/home/incubus/mars_ros2/src/install/stm/share/colcon-core/packages/stm)
[2.296s] Level 1:colcon.colcon_core.environment:checking '/home/incubus/mars_ros2/src/install/keyboard' for CMake module files
[2.297s] DEBUG:colcon.colcon_core.event_handler.log_command:Invoked command in '/home/incubus/mars_ros2/src/keyboard' returned '0': PYTHONPATH=/home/incubus/mars_ros2/src/install/keyboard/lib/python3.8/site-packages:${PYTHONPATH} /usr/bin/python3 setup.py egg_info --egg-base ../build/keyboard build --build-base /home/incubus/mars_ros2/src/build/keyboard/build install --prefix /home/incubus/mars_ros2/src/install/keyboard --record /home/incubus/mars_ros2/src/build/keyboard/install.log --single-version-externally-managed
[2.297s] Level 1:colcon.colcon_core.environment:checking '/home/incubus/mars_ros2/src/install/keyboard' for CMake config files
[2.297s] Level 1:colcon.colcon_core.environment:checking '/home/incubus/mars_ros2/src/install/keyboard/lib'
[2.297s] Level 1:colcon.colcon_core.environment:checking '/home/incubus/mars_ros2/src/install/keyboard/bin'
[2.298s] Level 1:colcon.colcon_core.environment:checking '/home/incubus/mars_ros2/src/install/keyboard/lib/pkgconfig/keyboard.pc'
[2.298s] Level 1:colcon.colcon_core.environment:checking '/home/incubus/mars_ros2/src/install/keyboard/lib/python3.8/site-packages'
[2.298s] Level 1:colcon.colcon_core.shell:create_environment_hook('keyboard', 'pythonpath')
[2.298s] INFO:colcon.colcon_core.shell:Creating environment hook '/home/incubus/mars_ros2/src/install/keyboard/share/keyboard/hook/pythonpath.ps1'
[2.299s] INFO:colcon.colcon_core.shell:Creating environment descriptor '/home/incubus/mars_ros2/src/install/keyboard/share/keyboard/hook/pythonpath.dsv'
[2.299s] INFO:colcon.colcon_core.shell:Creating environment hook '/home/incubus/mars_ros2/src/install/keyboard/share/keyboard/hook/pythonpath.sh'
[2.300s] Level 1:colcon.colcon_core.environment:checking '/home/incubus/mars_ros2/src/install/keyboard/bin'
[2.300s] Level 1:colcon.colcon_core.environment:create_environment_scripts_only(keyboard)
[2.300s] INFO:colcon.colcon_core.shell:Creating package script '/home/incubus/mars_ros2/src/install/keyboard/share/keyboard/package.ps1'
[2.301s] INFO:colcon.colcon_core.shell:Creating package descriptor '/home/incubus/mars_ros2/src/install/keyboard/share/keyboard/package.dsv'
[2.301s] INFO:colcon.colcon_core.shell:Creating package script '/home/incubus/mars_ros2/src/install/keyboard/share/keyboard/package.sh'
[2.301s] INFO:colcon.colcon_core.shell:Creating package script '/home/incubus/mars_ros2/src/install/keyboard/share/keyboard/package.bash'
[2.302s] INFO:colcon.colcon_core.shell:Creating package script '/home/incubus/mars_ros2/src/install/keyboard/share/keyboard/package.zsh'
[2.302s] Level 1:colcon.colcon_core.environment:create_file_with_runtime_dependencies(/home/incubus/mars_ros2/src/install/keyboard/share/colcon-core/packages/keyboard)
[2.302s] DEBUG:colcon.colcon_parallel_executor.executor.parallel:closing loop
[2.303s] DEBUG:colcon.colcon_parallel_executor.executor.parallel:loop closed
[2.303s] DEBUG:colcon.colcon_parallel_executor.executor.parallel:run_until_complete finished with '0'
[2.303s] DEBUG:colcon.colcon_core.event_reactor:joining thread
[2.309s] INFO:colcon.colcon_core.plugin_system:Skipping extension 'colcon_notification.desktop_notification.terminal_notifier': Not used on non-Darwin systems
[2.309s] INFO:colcon.colcon_core.plugin_system:Skipping extension 'colcon_notification.desktop_notification.win32': Not used on non-Windows systems
[2.309s] INFO:colcon.colcon_notification.desktop_notification:Sending desktop notification using 'notify2'
[2.324s] DEBUG:colcon.colcon_core.event_reactor:joined thread
[2.324s] INFO:colcon.colcon_core.shell:Creating prefix script '/home/incubus/mars_ros2/src/install/local_setup.ps1'
[2.325s] INFO:colcon.colcon_core.shell:Creating prefix util module '/home/incubus/mars_ros2/src/install/_local_setup_util_ps1.py'
[2.327s] INFO:colcon.colcon_core.shell:Creating prefix chain script '/home/incubus/mars_ros2/src/install/setup.ps1'
[2.328s] INFO:colcon.colcon_core.shell:Creating prefix script '/home/incubus/mars_ros2/src/install/local_setup.sh'
[2.329s] INFO:colcon.colcon_core.shell:Creating prefix util module '/home/incubus/mars_ros2/src/install/_local_setup_util_sh.py'
[2.330s] INFO:colcon.colcon_core.shell:Creating prefix chain script '/home/incubus/mars_ros2/src/install/setup.sh'
[2.332s] INFO:colcon.colcon_core.shell:Creating prefix script '/home/incubus/mars_ros2/src/install/local_setup.bash'
[2.332s] INFO:colcon.colcon_core.shell:Creating prefix chain script '/home/incubus/mars_ros2/src/install/setup.bash'
[2.333s] INFO:colcon.colcon_core.shell:Creating prefix script '/home/incubus/mars_ros2/src/install/local_setup.zsh'
[2.334s] INFO:colcon.colcon_core.shell:Creating prefix chain script '/home/incubus/mars_ros2/src/install/setup.zsh'
