-- Found ament_cmake: 0.9.9 (/opt/ros/foxy/share/ament_cmake/cmake)
-- Using PYTHON_EXECUTABLE: /usr/bin/python3
-- Found rclcpp: 2.4.1 (/opt/ros/foxy/share/rclcpp/cmake)
-- Using all available rosidl_typesupport_c: rosidl_typesupport_fastrtps_c;rosidl_typesupport_introspection_c
-- Found rosidl_adapter: 1.2.1 (/opt/ros/foxy/share/rosidl_adapter/cmake)
-- Using all available rosidl_typesupport_cpp: rosidl_typesupport_fastrtps_cpp;rosidl_typesupport_introspection_cpp
-- Found rmw_implementation_cmake: 1.0.3 (/opt/ros/foxy/share/rmw_implementation_cmake/cmake)
-- Using RMW implementation 'rmw_fastrtps_cpp' as default
-- Found sensor_msgs: 2.0.5 (/opt/ros/foxy/share/sensor_msgs/cmake)
-- Found ament_lint_auto: 0.9.6 (/opt/ros/foxy/share/ament_lint_auto/cmake)
-- Added test 'copyright' to check source files copyright and LICENSE
-- Added test 'cppcheck' to perform static code analysis on C / C++ code
-- Configured cppcheck include dirs: /home/incubus/mars_ros2/src/Delta_2A_ros/src;/home/incubus/mars_ros2/src/Delta_2A_ros/sdk/include;/home/incubus/mars_ros2/src/Delta_2A_ros/sdk/src
-- Configured cppcheck exclude dirs and/or files: 
-- Added test 'cpplint' to check C / C++ code against the Google style
-- Configured cpplint exclude dirs and/or files: 
-- Added test 'lint_cmake' to check CMake code style
-- Added test 'uncrustify' to check C / C++ code style
-- Configured uncrustify additional arguments: 
-- Added test 'xmllint' to check XML markup files
-- Configuring done
-- Generating done
-- Build files have been written to: /home/incubus/mars_ros2/build/delta_lidar
[35m[1mScanning dependencies of target delta_lidar_node_client[0m
[35m[1mScanning dependencies of target delta_lidar_node[0m
[  7%] [32mBuilding CXX object CMakeFiles/delta_lidar_node_client.dir/src/client.cpp.o[0m
[ 14%] [32mBuilding CXX object CMakeFiles/delta_lidar_node.dir/src/node.cpp.o[0m
[ 28%] [32mBuilding CXX object CMakeFiles/delta_lidar_node.dir/sdk/src/C3iroboticsLidar.cpp.o[0m
[ 28%] [32mBuilding CXX object CMakeFiles/delta_lidar_node.dir/sdk/src/CArcTime.cpp.o[0m
[ 35%] [32mBuilding CXX object CMakeFiles/delta_lidar_node.dir/sdk/src/CCountDown.cpp.o[0m
[ 42%] [32mBuilding CXX object CMakeFiles/delta_lidar_node.dir/sdk/src/CDeviceConnection.cpp.o[0m
[ 50%] [32mBuilding CXX object CMakeFiles/delta_lidar_node.dir/sdk/src/CLidarPacket.cpp.o[0m
[ 57%] [32mBuilding CXX object CMakeFiles/delta_lidar_node.dir/sdk/src/CLidarPacketReceiver.cpp.o[0m
[ 64%] [32mBuilding CXX object CMakeFiles/delta_lidar_node.dir/sdk/src/CLidarUnpacket.cpp.o[0m
[ 71%] [32mBuilding CXX object CMakeFiles/delta_lidar_node.dir/sdk/src/CSerialConnection.cpp.o[0m
[ 78%] [32mBuilding CXX object CMakeFiles/delta_lidar_node.dir/sdk/src/CSimulateSerial.cpp.o[0m
[ 85%] [32mBuilding CXX object CMakeFiles/delta_lidar_node.dir/sdk/src/CTime.cpp.o[0m
