[5.791s] Invoking command in '/home/incubus/mars_ros2/src/Manipul': PYTHONPATH=/home/incubus/mars_ros2/src/install/Manipul/lib/python3.8/site-packages:${PYTHONPATH} /usr/bin/python3 setup.py egg_info --egg-base ../build/Manipul build --build-base /home/incubus/mars_ros2/src/build/Manipul/build install --prefix /home/incubus/mars_ros2/src/install/Manipul --record /home/incubus/mars_ros2/src/build/Manipul/install.log --single-version-externally-managed
[6.472s] /home/incubus/.local/lib/python3.8/site-packages/setuptools/dist.py:772: UserWarning: Usage of dash-separated 'script-dir' will not be supported in future versions. Please use the underscore name 'script_dir' instead
[6.472s]   warnings.warn(
[6.474s] /home/incubus/.local/lib/python3.8/site-packages/setuptools/dist.py:772: UserWarning: Usage of dash-separated 'install-scripts' will not be supported in future versions. Please use the underscore name 'install_scripts' instead
[6.474s]   warnings.warn(
[8.442s] running egg_info
[8.703s] writing ../build/Manipul/Manipul.egg-info/PKG-INFO
[8.862s] writing dependency_links to ../build/Manipul/Manipul.egg-info/dependency_links.txt
[9.365s] writing entry points to ../build/Manipul/Manipul.egg-info/entry_points.txt
[9.633s] writing requirements to ../build/Manipul/Manipul.egg-info/requires.txt
[9.869s] writing top-level names to ../build/Manipul/Manipul.egg-info/top_level.txt
[10.167s] reading manifest file '../build/Manipul/Manipul.egg-info/SOURCES.txt'
[10.169s] writing manifest file '../build/Manipul/Manipul.egg-info/SOURCES.txt'
[10.170s] running build
[10.170s] running build_py
[10.171s] running install
[10.171s] /home/incubus/.local/lib/python3.8/site-packages/setuptools/command/install.py:34: SetuptoolsDeprecationWarning: setup.py install is deprecated. Use build and pip and other standards-based tools.
[10.171s]   warnings.warn(
[10.184s] running install_lib
[10.359s] running install_data
[10.387s] running install_egg_info
[10.563s] removing '/home/incubus/mars_ros2/src/install/Manipul/lib/python3.8/site-packages/Manipul-0.0.0-py3.8.egg-info' (and everything under it)
[10.564s] Copying ../build/Manipul/Manipul.egg-info to /home/incubus/mars_ros2/src/install/Manipul/lib/python3.8/site-packages/Manipul-0.0.0-py3.8.egg-info
[10.565s] running install_scripts
[10.891s] Installing ToServo script to /home/incubus/mars_ros2/src/install/Manipul/lib/Manipul
[10.892s] writing list of installed files to '/home/incubus/mars_ros2/src/build/Manipul/install.log'
[12.057s] Invoked command in '/home/incubus/mars_ros2/src/Manipul' returned '0': PYTHONPATH=/home/incubus/mars_ros2/src/install/Manipul/lib/python3.8/site-packages:${PYTHONPATH} /usr/bin/python3 setup.py egg_info --egg-base ../build/Manipul build --build-base /home/incubus/mars_ros2/src/build/Manipul/build install --prefix /home/incubus/mars_ros2/src/install/Manipul --record /home/incubus/mars_ros2/src/build/Manipul/install.log --single-version-externally-managed
