[0.149s] DEBUG:colcon:Command line arguments: ['/usr/bin/colcon', 'build', '--symlink-install']
[0.149s] DEBUG:colcon:Parsed command line arguments: Namespace(allow_overriding=[], ament_cmake_args=None, base_paths=['.'], build_base='build', catkin_cmake_args=None, catkin_skip_building_tests=False, cmake_args=None, cmake_clean_cache=False, cmake_clean_first=False, cmake_force_configure=False, cmake_target=None, cmake_target_skip_unavailable=False, continue_on_error=False, event_handlers=None, executor='parallel', ignore_user_meta=False, install_base='install', log_base=None, log_level=None, main=<bound method BuildVerb.main of <colcon_core.verb.build.BuildVerb object at 0x7f0a5b63f400>>, merge_install=False, metas=['./colcon.meta'], packages_above=None, packages_above_and_dependencies=None, packages_above_depth=None, packages_end=None, packages_ignore=None, packages_ignore_regex=None, packages_select=None, packages_select_build_failed=False, packages_select_by_dep=None, packages_select_regex=None, packages_select_test_failures=False, packages_skip=None, packages_skip_build_finished=False, packages_skip_by_dep=None, packages_skip_regex=None, packages_skip_test_passed=False, packages_skip_up_to=None, packages_start=None, packages_up_to=None, packages_up_to_regex=None, parallel_workers=4, paths=None, symlink_install=True, test_result_base=None, verb_extension=<colcon_core.verb.build.BuildVerb object at 0x7f0a5b63f400>, verb_name='build', verb_parser=<colcon_defaults.argument_parser.defaults.DefaultArgumentsDecorator object at 0x7f0a5b63f940>)
[0.177s] Level 1:colcon.colcon_core.package_discovery:discover_packages(colcon_meta) check parameters
[0.177s] Level 1:colcon.colcon_core.package_discovery:discover_packages(recursive) check parameters
[0.177s] Level 1:colcon.colcon_core.package_discovery:discover_packages(ignore) check parameters
[0.177s] Level 1:colcon.colcon_core.package_discovery:discover_packages(path) check parameters
[0.177s] Level 1:colcon.colcon_core.package_discovery:discover_packages(colcon_meta) discover
[0.177s] Level 1:colcon.colcon_core.package_discovery:discover_packages(recursive) discover
[0.177s] INFO:colcon.colcon_core.package_discovery:Crawling recursively for packages in '/home/incubus/mars_ros2'
[0.177s] Level 1:colcon.colcon_core.package_identification:_identify(.) by extensions ['ignore', 'ignore_ament_install']
[0.178s] Level 1:colcon.colcon_core.package_identification:_identify(.) by extension 'ignore'
[0.178s] Level 1:colcon.colcon_core.package_identification:_identify(.) by extension 'ignore_ament_install'
[0.178s] Level 1:colcon.colcon_core.package_identification:_identify(.) by extensions ['colcon_pkg']
[0.178s] Level 1:colcon.colcon_core.package_identification:_identify(.) by extension 'colcon_pkg'
[0.178s] Level 1:colcon.colcon_core.package_identification:_identify(.) by extensions ['colcon_meta']
[0.178s] Level 1:colcon.colcon_core.package_identification:_identify(.) by extension 'colcon_meta'
[0.178s] Level 1:colcon.colcon_core.package_identification:_identify(.) by extensions ['ros']
[0.178s] Level 1:colcon.colcon_core.package_identification:_identify(.) by extension 'ros'
[0.189s] Level 1:colcon.colcon_core.package_identification:_identify(.) by extensions ['cmake', 'python']
[0.189s] Level 1:colcon.colcon_core.package_identification:_identify(.) by extension 'cmake'
[0.189s] Level 1:colcon.colcon_core.package_identification:_identify(.) by extension 'python'
[0.190s] Level 1:colcon.colcon_core.package_identification:_identify(.) by extensions ['python_setup_py']
[0.190s] Level 1:colcon.colcon_core.package_identification:_identify(.) by extension 'python_setup_py'
[0.190s] Level 1:colcon.colcon_core.package_identification:_identify(build) by extensions ['ignore', 'ignore_ament_install']
[0.190s] Level 1:colcon.colcon_core.package_identification:_identify(build) by extension 'ignore'
[0.190s] Level 1:colcon.colcon_core.package_identification:_identify(build) ignored
[0.190s] Level 1:colcon.colcon_core.package_identification:_identify(install) by extensions ['ignore', 'ignore_ament_install']
[0.190s] Level 1:colcon.colcon_core.package_identification:_identify(install) by extension 'ignore'
[0.190s] Level 1:colcon.colcon_core.package_identification:_identify(install) ignored
[0.190s] Level 1:colcon.colcon_core.package_identification:_identify(log) by extensions ['ignore', 'ignore_ament_install']
[0.190s] Level 1:colcon.colcon_core.package_identification:_identify(log) by extension 'ignore'
[0.190s] Level 1:colcon.colcon_core.package_identification:_identify(log) ignored
[0.191s] Level 1:colcon.colcon_core.package_identification:_identify(src) by extensions ['ignore', 'ignore_ament_install']
[0.191s] Level 1:colcon.colcon_core.package_identification:_identify(src) by extension 'ignore'
[0.191s] Level 1:colcon.colcon_core.package_identification:_identify(src) by extension 'ignore_ament_install'
[0.191s] Level 1:colcon.colcon_core.package_identification:_identify(src) by extensions ['colcon_pkg']
[0.191s] Level 1:colcon.colcon_core.package_identification:_identify(src) by extension 'colcon_pkg'
[0.191s] Level 1:colcon.colcon_core.package_identification:_identify(src) by extensions ['colcon_meta']
[0.191s] Level 1:colcon.colcon_core.package_identification:_identify(src) by extension 'colcon_meta'
[0.191s] Level 1:colcon.colcon_core.package_identification:_identify(src) by extensions ['ros']
[0.191s] Level 1:colcon.colcon_core.package_identification:_identify(src) by extension 'ros'
[0.191s] Level 1:colcon.colcon_core.package_identification:_identify(src) by extensions ['cmake', 'python']
[0.191s] Level 1:colcon.colcon_core.package_identification:_identify(src) by extension 'cmake'
[0.191s] Level 1:colcon.colcon_core.package_identification:_identify(src) by extension 'python'
[0.191s] Level 1:colcon.colcon_core.package_identification:_identify(src) by extensions ['python_setup_py']
[0.191s] Level 1:colcon.colcon_core.package_identification:_identify(src) by extension 'python_setup_py'
[0.192s] Level 1:colcon.colcon_core.package_identification:_identify(src/rplidar_ros2) by extensions ['ignore', 'ignore_ament_install']
[0.192s] Level 1:colcon.colcon_core.package_identification:_identify(src/rplidar_ros2) by extension 'ignore'
[0.192s] Level 1:colcon.colcon_core.package_identification:_identify(src/rplidar_ros2) by extension 'ignore_ament_install'
[0.192s] Level 1:colcon.colcon_core.package_identification:_identify(src/rplidar_ros2) by extensions ['colcon_pkg']
[0.192s] Level 1:colcon.colcon_core.package_identification:_identify(src/rplidar_ros2) by extension 'colcon_pkg'
[0.192s] Level 1:colcon.colcon_core.package_identification:_identify(src/rplidar_ros2) by extensions ['colcon_meta']
[0.192s] Level 1:colcon.colcon_core.package_identification:_identify(src/rplidar_ros2) by extension 'colcon_meta'
[0.192s] Level 1:colcon.colcon_core.package_identification:_identify(src/rplidar_ros2) by extensions ['ros']
[0.192s] Level 1:colcon.colcon_core.package_identification:_identify(src/rplidar_ros2) by extension 'ros'
[0.197s] DEBUG:colcon.colcon_core.package_identification:Package 'src/rplidar_ros2' with type 'ros.ament_cmake' and name 'rplidar_ros'
[0.197s] Level 1:colcon.colcon_core.package_identification:_identify(src/ydlidar_ros2) by extensions ['ignore', 'ignore_ament_install']
[0.197s] Level 1:colcon.colcon_core.package_identification:_identify(src/ydlidar_ros2) by extension 'ignore'
[0.197s] Level 1:colcon.colcon_core.package_identification:_identify(src/ydlidar_ros2) by extension 'ignore_ament_install'
[0.197s] Level 1:colcon.colcon_core.package_identification:_identify(src/ydlidar_ros2) by extensions ['colcon_pkg']
[0.197s] Level 1:colcon.colcon_core.package_identification:_identify(src/ydlidar_ros2) by extension 'colcon_pkg'
[0.197s] Level 1:colcon.colcon_core.package_identification:_identify(src/ydlidar_ros2) by extensions ['colcon_meta']
[0.197s] Level 1:colcon.colcon_core.package_identification:_identify(src/ydlidar_ros2) by extension 'colcon_meta'
[0.197s] Level 1:colcon.colcon_core.package_identification:_identify(src/ydlidar_ros2) by extensions ['ros']
[0.197s] Level 1:colcon.colcon_core.package_identification:_identify(src/ydlidar_ros2) by extension 'ros'
[0.198s] DEBUG:colcon.colcon_core.package_identification:Package 'src/ydlidar_ros2' with type 'ros.ament_cmake' and name 'ydlidar'
[0.198s] Level 1:colcon.colcon_core.package_discovery:discover_packages(recursive) using defaults
[0.198s] Level 1:colcon.colcon_core.package_discovery:discover_packages(ignore) discover
[0.198s] Level 1:colcon.colcon_core.package_discovery:discover_packages(ignore) using defaults
[0.198s] Level 1:colcon.colcon_core.package_discovery:discover_packages(path) discover
[0.198s] Level 1:colcon.colcon_core.package_discovery:discover_packages(path) using defaults
[0.217s] Level 1:colcon.colcon_core.package_discovery:discover_packages(prefix_path) check parameters
[0.217s] Level 1:colcon.colcon_core.package_discovery:discover_packages(prefix_path) discover
[0.219s] DEBUG:colcon.colcon_installed_package_information.package_discovery:Found 4 installed packages in /home/incubus/mars_ros2/install
[0.221s] DEBUG:colcon.colcon_installed_package_information.package_discovery:Found 262 installed packages in /opt/ros/foxy
[0.222s] Level 1:colcon.colcon_core.package_discovery:discover_packages(prefix_path) using defaults
[0.317s] Level 5:colcon.colcon_core.verb:set package 'rplidar_ros' build argument 'cmake_args' from command line to 'None'
[0.317s] Level 5:colcon.colcon_core.verb:set package 'rplidar_ros' build argument 'cmake_target' from command line to 'None'
[0.317s] Level 5:colcon.colcon_core.verb:set package 'rplidar_ros' build argument 'cmake_target_skip_unavailable' from command line to 'False'
[0.317s] Level 5:colcon.colcon_core.verb:set package 'rplidar_ros' build argument 'cmake_clean_cache' from command line to 'False'
[0.317s] Level 5:colcon.colcon_core.verb:set package 'rplidar_ros' build argument 'cmake_clean_first' from command line to 'False'
[0.317s] Level 5:colcon.colcon_core.verb:set package 'rplidar_ros' build argument 'cmake_force_configure' from command line to 'False'
[0.317s] Level 5:colcon.colcon_core.verb:set package 'rplidar_ros' build argument 'ament_cmake_args' from command line to 'None'
[0.317s] Level 5:colcon.colcon_core.verb:set package 'rplidar_ros' build argument 'catkin_cmake_args' from command line to 'None'
[0.317s] Level 5:colcon.colcon_core.verb:set package 'rplidar_ros' build argument 'catkin_skip_building_tests' from command line to 'False'
[0.317s] DEBUG:colcon.colcon_core.verb:Building package 'rplidar_ros' with the following arguments: {'ament_cmake_args': None, 'build_base': '/home/incubus/mars_ros2/build/rplidar_ros', 'catkin_cmake_args': None, 'catkin_skip_building_tests': False, 'cmake_args': None, 'cmake_clean_cache': False, 'cmake_clean_first': False, 'cmake_force_configure': False, 'cmake_target': None, 'cmake_target_skip_unavailable': False, 'install_base': '/home/incubus/mars_ros2/install/rplidar_ros', 'merge_install': False, 'path': '/home/incubus/mars_ros2/src/rplidar_ros2', 'symlink_install': True, 'test_result_base': None}
[0.318s] Level 5:colcon.colcon_core.verb:set package 'ydlidar' build argument 'cmake_args' from command line to 'None'
[0.318s] Level 5:colcon.colcon_core.verb:set package 'ydlidar' build argument 'cmake_target' from command line to 'None'
[0.318s] Level 5:colcon.colcon_core.verb:set package 'ydlidar' build argument 'cmake_target_skip_unavailable' from command line to 'False'
[0.318s] Level 5:colcon.colcon_core.verb:set package 'ydlidar' build argument 'cmake_clean_cache' from command line to 'False'
[0.318s] Level 5:colcon.colcon_core.verb:set package 'ydlidar' build argument 'cmake_clean_first' from command line to 'False'
[0.318s] Level 5:colcon.colcon_core.verb:set package 'ydlidar' build argument 'cmake_force_configure' from command line to 'False'
[0.318s] Level 5:colcon.colcon_core.verb:set package 'ydlidar' build argument 'ament_cmake_args' from command line to 'None'
[0.318s] Level 5:colcon.colcon_core.verb:set package 'ydlidar' build argument 'catkin_cmake_args' from command line to 'None'
[0.318s] Level 5:colcon.colcon_core.verb:set package 'ydlidar' build argument 'catkin_skip_building_tests' from command line to 'False'
[0.318s] DEBUG:colcon.colcon_core.verb:Building package 'ydlidar' with the following arguments: {'ament_cmake_args': None, 'build_base': '/home/incubus/mars_ros2/build/ydlidar', 'catkin_cmake_args': None, 'catkin_skip_building_tests': False, 'cmake_args': None, 'cmake_clean_cache': False, 'cmake_clean_first': False, 'cmake_force_configure': False, 'cmake_target': None, 'cmake_target_skip_unavailable': False, 'install_base': '/home/incubus/mars_ros2/install/ydlidar', 'merge_install': False, 'path': '/home/incubus/mars_ros2/src/ydlidar_ros2', 'symlink_install': True, 'test_result_base': None}
[0.318s] INFO:colcon.colcon_core.executor:Executing jobs using 'parallel' executor
[0.320s] DEBUG:colcon.colcon_parallel_executor.executor.parallel:run_until_complete
[0.320s] INFO:colcon.colcon_ros.task.ament_cmake.build:Building ROS package in '/home/incubus/mars_ros2/src/rplidar_ros2' with build type 'ament_cmake'
[0.321s] INFO:colcon.colcon_cmake.task.cmake.build:Building CMake package in '/home/incubus/mars_ros2/src/rplidar_ros2'
[0.324s] INFO:colcon.colcon_core.plugin_system:Skipping extension 'colcon_core.shell.bat': Not used on non-Windows systems
[0.324s] INFO:colcon.colcon_core.shell:Skip shell extension 'powershell' for command environment: Not usable outside of PowerShell
[0.325s] DEBUG:colcon.colcon_core.shell:Skip shell extension 'dsv' for command environment
[0.332s] INFO:colcon.colcon_ros.task.ament_cmake.build:Building ROS package in '/home/incubus/mars_ros2/src/ydlidar_ros2' with build type 'ament_cmake'
[0.332s] INFO:colcon.colcon_cmake.task.cmake.build:Building CMake package in '/home/incubus/mars_ros2/src/ydlidar_ros2'
[0.333s] INFO:colcon.colcon_core.shell:Skip shell extension 'powershell' for command environment: Not usable outside of PowerShell
[0.333s] DEBUG:colcon.colcon_core.shell:Skip shell extension 'dsv' for command environment
[0.345s] DEBUG:colcon.colcon_core.event_handler.log_command:Invoking command in '/home/incubus/mars_ros2/build/rplidar_ros': CMAKE_PREFIX_PATH=${CMAKE_PREFIX_PATH}:/home/incubus/mars_ros2/install/py_pubsub:/home/incubus/mars_ros2/install/my_package:/opt/ros/foxy /usr/bin/cmake /home/incubus/mars_ros2/src/rplidar_ros2 -DAMENT_CMAKE_SYMLINK_INSTALL=1 -DCMAKE_INSTALL_PREFIX=/home/incubus/mars_ros2/install/rplidar_ros
[0.357s] DEBUG:colcon.colcon_core.event_handler.log_command:Invoking command in '/home/incubus/mars_ros2/build/ydlidar': CMAKE_PREFIX_PATH=${CMAKE_PREFIX_PATH}:/home/incubus/mars_ros2/install/py_pubsub:/home/incubus/mars_ros2/install/my_package:/opt/ros/foxy /usr/bin/cmake /home/incubus/mars_ros2/src/ydlidar_ros2 -DAMENT_CMAKE_SYMLINK_INSTALL=1 -DCMAKE_INSTALL_PREFIX=/home/incubus/mars_ros2/install/ydlidar
[1.317s] DEBUG:colcon.colcon_core.event_handler.log_command:Invoked command in '/home/incubus/mars_ros2/build/rplidar_ros' returned '0': CMAKE_PREFIX_PATH=${CMAKE_PREFIX_PATH}:/home/incubus/mars_ros2/install/py_pubsub:/home/incubus/mars_ros2/install/my_package:/opt/ros/foxy /usr/bin/cmake /home/incubus/mars_ros2/src/rplidar_ros2 -DAMENT_CMAKE_SYMLINK_INSTALL=1 -DCMAKE_INSTALL_PREFIX=/home/incubus/mars_ros2/install/rplidar_ros
[1.321s] DEBUG:colcon.colcon_core.event_handler.log_command:Invoking command in '/home/incubus/mars_ros2/build/rplidar_ros': CMAKE_PREFIX_PATH=${CMAKE_PREFIX_PATH}:/home/incubus/mars_ros2/install/py_pubsub:/home/incubus/mars_ros2/install/my_package:/opt/ros/foxy /usr/bin/cmake --build /home/incubus/mars_ros2/build/rplidar_ros -- -j4 -l4
[1.391s] DEBUG:colcon.colcon_core.event_handler.log_command:Invoked command in '/home/incubus/mars_ros2/build/ydlidar' returned '0': CMAKE_PREFIX_PATH=${CMAKE_PREFIX_PATH}:/home/incubus/mars_ros2/install/py_pubsub:/home/incubus/mars_ros2/install/my_package:/opt/ros/foxy /usr/bin/cmake /home/incubus/mars_ros2/src/ydlidar_ros2 -DAMENT_CMAKE_SYMLINK_INSTALL=1 -DCMAKE_INSTALL_PREFIX=/home/incubus/mars_ros2/install/ydlidar
[1.392s] DEBUG:colcon.colcon_core.event_handler.log_command:Invoking command in '/home/incubus/mars_ros2/build/ydlidar': CMAKE_PREFIX_PATH=${CMAKE_PREFIX_PATH}:/home/incubus/mars_ros2/install/py_pubsub:/home/incubus/mars_ros2/install/my_package:/opt/ros/foxy /usr/bin/cmake --build /home/incubus/mars_ros2/build/ydlidar -- -j4 -l4
[2.217s] DEBUG:colcon.colcon_core.event_handler.log_command:Invoked command in '/home/incubus/mars_ros2/build/ydlidar' returned '0': CMAKE_PREFIX_PATH=${CMAKE_PREFIX_PATH}:/home/incubus/mars_ros2/install/py_pubsub:/home/incubus/mars_ros2/install/my_package:/opt/ros/foxy /usr/bin/cmake --build /home/incubus/mars_ros2/build/ydlidar -- -j4 -l4
[2.274s] DEBUG:colcon.colcon_core.event_handler.log_command:Invoking command in '/home/incubus/mars_ros2/build/ydlidar': CMAKE_PREFIX_PATH=${CMAKE_PREFIX_PATH}:/home/incubus/mars_ros2/install/py_pubsub:/home/incubus/mars_ros2/install/my_package:/opt/ros/foxy /usr/bin/cmake --install /home/incubus/mars_ros2/build/ydlidar
[2.276s] DEBUG:colcon.colcon_core.event_handler.log_command:Invoked command in '/home/incubus/mars_ros2/build/rplidar_ros' returned '0': CMAKE_PREFIX_PATH=${CMAKE_PREFIX_PATH}:/home/incubus/mars_ros2/install/py_pubsub:/home/incubus/mars_ros2/install/my_package:/opt/ros/foxy /usr/bin/cmake --build /home/incubus/mars_ros2/build/rplidar_ros -- -j4 -l4
[2.314s] DEBUG:colcon.colcon_core.event_handler.log_command:Invoking command in '/home/incubus/mars_ros2/build/rplidar_ros': CMAKE_PREFIX_PATH=${CMAKE_PREFIX_PATH}:/home/incubus/mars_ros2/install/py_pubsub:/home/incubus/mars_ros2/install/my_package:/opt/ros/foxy /usr/bin/cmake --install /home/incubus/mars_ros2/build/rplidar_ros
[2.476s] Level 1:colcon.colcon_core.environment:create_environment_scripts_only(ydlidar)
[2.477s] DEBUG:colcon.colcon_core.event_handler.log_command:Invoked command in '/home/incubus/mars_ros2/build/ydlidar' returned '0': CMAKE_PREFIX_PATH=${CMAKE_PREFIX_PATH}:/home/incubus/mars_ros2/install/py_pubsub:/home/incubus/mars_ros2/install/my_package:/opt/ros/foxy /usr/bin/cmake --install /home/incubus/mars_ros2/build/ydlidar
[2.481s] Level 1:colcon.colcon_core.environment:checking '/home/incubus/mars_ros2/install/ydlidar' for CMake module files
[2.481s] Level 1:colcon.colcon_core.environment:checking '/home/incubus/mars_ros2/install/ydlidar' for CMake config files
[2.481s] Level 1:colcon.colcon_core.shell:create_environment_hook('ydlidar', 'cmake_prefix_path')
[2.482s] INFO:colcon.colcon_core.shell:Creating environment hook '/home/incubus/mars_ros2/install/ydlidar/share/ydlidar/hook/cmake_prefix_path.ps1'
[2.482s] INFO:colcon.colcon_core.shell:Creating environment descriptor '/home/incubus/mars_ros2/install/ydlidar/share/ydlidar/hook/cmake_prefix_path.dsv'
[2.483s] INFO:colcon.colcon_core.shell:Creating environment hook '/home/incubus/mars_ros2/install/ydlidar/share/ydlidar/hook/cmake_prefix_path.sh'
[2.484s] Level 1:colcon.colcon_core.environment:checking '/home/incubus/mars_ros2/install/ydlidar/lib'
[2.484s] Level 1:colcon.colcon_core.environment:checking '/home/incubus/mars_ros2/install/ydlidar/bin'
[2.484s] Level 1:colcon.colcon_core.environment:checking '/home/incubus/mars_ros2/install/ydlidar/lib/pkgconfig/ydlidar.pc'
[2.484s] Level 1:colcon.colcon_core.environment:checking '/home/incubus/mars_ros2/install/ydlidar/lib/python3.8/site-packages'
[2.485s] Level 1:colcon.colcon_core.environment:checking '/home/incubus/mars_ros2/install/ydlidar/bin'
[2.485s] INFO:colcon.colcon_core.shell:Creating package script '/home/incubus/mars_ros2/install/ydlidar/share/ydlidar/package.ps1'
[2.486s] INFO:colcon.colcon_core.shell:Creating package descriptor '/home/incubus/mars_ros2/install/ydlidar/share/ydlidar/package.dsv'
[2.487s] INFO:colcon.colcon_core.shell:Creating package script '/home/incubus/mars_ros2/install/ydlidar/share/ydlidar/package.sh'
[2.487s] INFO:colcon.colcon_core.shell:Creating package script '/home/incubus/mars_ros2/install/ydlidar/share/ydlidar/package.bash'
[2.488s] INFO:colcon.colcon_core.shell:Creating package script '/home/incubus/mars_ros2/install/ydlidar/share/ydlidar/package.zsh'
[2.489s] Level 1:colcon.colcon_core.environment:create_file_with_runtime_dependencies(/home/incubus/mars_ros2/install/ydlidar/share/colcon-core/packages/ydlidar)
[2.525s] Level 1:colcon.colcon_core.environment:create_environment_scripts_only(ydlidar)
[2.526s] Level 1:colcon.colcon_core.environment:checking '/home/incubus/mars_ros2/install/ydlidar' for CMake module files
[2.527s] Level 1:colcon.colcon_core.environment:checking '/home/incubus/mars_ros2/install/ydlidar' for CMake config files
[2.527s] Level 1:colcon.colcon_core.shell:create_environment_hook('ydlidar', 'cmake_prefix_path')
[2.528s] INFO:colcon.colcon_core.shell:Creating environment hook '/home/incubus/mars_ros2/install/ydlidar/share/ydlidar/hook/cmake_prefix_path.ps1'
[2.528s] INFO:colcon.colcon_core.shell:Creating environment descriptor '/home/incubus/mars_ros2/install/ydlidar/share/ydlidar/hook/cmake_prefix_path.dsv'
[2.528s] INFO:colcon.colcon_core.shell:Creating environment hook '/home/incubus/mars_ros2/install/ydlidar/share/ydlidar/hook/cmake_prefix_path.sh'
[2.529s] Level 1:colcon.colcon_core.environment:checking '/home/incubus/mars_ros2/install/ydlidar/lib'
[2.529s] Level 1:colcon.colcon_core.environment:checking '/home/incubus/mars_ros2/install/ydlidar/bin'
[2.529s] Level 1:colcon.colcon_core.environment:checking '/home/incubus/mars_ros2/install/ydlidar/lib/pkgconfig/ydlidar.pc'
[2.529s] Level 1:colcon.colcon_core.environment:checking '/home/incubus/mars_ros2/install/ydlidar/lib/python3.8/site-packages'
[2.530s] Level 1:colcon.colcon_core.environment:checking '/home/incubus/mars_ros2/install/ydlidar/bin'
[2.530s] INFO:colcon.colcon_core.shell:Creating package script '/home/incubus/mars_ros2/install/ydlidar/share/ydlidar/package.ps1'
[2.531s] INFO:colcon.colcon_core.shell:Creating package descriptor '/home/incubus/mars_ros2/install/ydlidar/share/ydlidar/package.dsv'
[2.531s] INFO:colcon.colcon_core.shell:Creating package script '/home/incubus/mars_ros2/install/ydlidar/share/ydlidar/package.sh'
[2.532s] INFO:colcon.colcon_core.shell:Creating package script '/home/incubus/mars_ros2/install/ydlidar/share/ydlidar/package.bash'
[2.533s] INFO:colcon.colcon_core.shell:Creating package script '/home/incubus/mars_ros2/install/ydlidar/share/ydlidar/package.zsh'
[2.533s] Level 1:colcon.colcon_core.environment:create_file_with_runtime_dependencies(/home/incubus/mars_ros2/install/ydlidar/share/colcon-core/packages/ydlidar)
[2.633s] Level 1:colcon.colcon_core.environment:create_environment_scripts_only(rplidar_ros)
[2.633s] Level 1:colcon.colcon_core.environment:checking '/home/incubus/mars_ros2/install/rplidar_ros' for CMake module files
[2.634s] DEBUG:colcon.colcon_core.event_handler.log_command:Invoked command in '/home/incubus/mars_ros2/build/rplidar_ros' returned '0': CMAKE_PREFIX_PATH=${CMAKE_PREFIX_PATH}:/home/incubus/mars_ros2/install/py_pubsub:/home/incubus/mars_ros2/install/my_package:/opt/ros/foxy /usr/bin/cmake --install /home/incubus/mars_ros2/build/rplidar_ros
[2.634s] Level 1:colcon.colcon_core.environment:checking '/home/incubus/mars_ros2/install/rplidar_ros' for CMake config files
[2.635s] Level 1:colcon.colcon_core.shell:create_environment_hook('rplidar_ros', 'cmake_prefix_path')
[2.635s] INFO:colcon.colcon_core.shell:Creating environment hook '/home/incubus/mars_ros2/install/rplidar_ros/share/rplidar_ros/hook/cmake_prefix_path.ps1'
[2.635s] INFO:colcon.colcon_core.shell:Creating environment descriptor '/home/incubus/mars_ros2/install/rplidar_ros/share/rplidar_ros/hook/cmake_prefix_path.dsv'
[2.636s] INFO:colcon.colcon_core.shell:Creating environment hook '/home/incubus/mars_ros2/install/rplidar_ros/share/rplidar_ros/hook/cmake_prefix_path.sh'
[2.636s] Level 1:colcon.colcon_core.environment:checking '/home/incubus/mars_ros2/install/rplidar_ros/lib'
[2.636s] Level 1:colcon.colcon_core.shell:create_environment_hook('rplidar_ros', 'ld_library_path_lib')
[2.637s] INFO:colcon.colcon_core.shell:Creating environment hook '/home/incubus/mars_ros2/install/rplidar_ros/share/rplidar_ros/hook/ld_library_path_lib.ps1'
[2.637s] INFO:colcon.colcon_core.shell:Creating environment descriptor '/home/incubus/mars_ros2/install/rplidar_ros/share/rplidar_ros/hook/ld_library_path_lib.dsv'
[2.638s] INFO:colcon.colcon_core.shell:Creating environment hook '/home/incubus/mars_ros2/install/rplidar_ros/share/rplidar_ros/hook/ld_library_path_lib.sh'
[2.638s] Level 1:colcon.colcon_core.environment:checking '/home/incubus/mars_ros2/install/rplidar_ros/bin'
[2.639s] Level 1:colcon.colcon_core.environment:checking '/home/incubus/mars_ros2/install/rplidar_ros/lib/pkgconfig/rplidar_ros.pc'
[2.639s] Level 1:colcon.colcon_core.environment:checking '/home/incubus/mars_ros2/install/rplidar_ros/lib/python3.8/site-packages'
[2.639s] Level 1:colcon.colcon_core.environment:checking '/home/incubus/mars_ros2/install/rplidar_ros/bin'
[2.640s] INFO:colcon.colcon_core.shell:Creating package script '/home/incubus/mars_ros2/install/rplidar_ros/share/rplidar_ros/package.ps1'
[2.641s] INFO:colcon.colcon_core.shell:Creating package descriptor '/home/incubus/mars_ros2/install/rplidar_ros/share/rplidar_ros/package.dsv'
[2.641s] INFO:colcon.colcon_core.shell:Creating package script '/home/incubus/mars_ros2/install/rplidar_ros/share/rplidar_ros/package.sh'
[2.642s] INFO:colcon.colcon_core.shell:Creating package script '/home/incubus/mars_ros2/install/rplidar_ros/share/rplidar_ros/package.bash'
[2.642s] INFO:colcon.colcon_core.shell:Creating package script '/home/incubus/mars_ros2/install/rplidar_ros/share/rplidar_ros/package.zsh'
[2.643s] Level 1:colcon.colcon_core.environment:create_file_with_runtime_dependencies(/home/incubus/mars_ros2/install/rplidar_ros/share/colcon-core/packages/rplidar_ros)
[2.679s] Level 1:colcon.colcon_core.environment:create_environment_scripts_only(rplidar_ros)
[2.680s] Level 1:colcon.colcon_core.environment:checking '/home/incubus/mars_ros2/install/rplidar_ros' for CMake module files
[2.681s] Level 1:colcon.colcon_core.environment:checking '/home/incubus/mars_ros2/install/rplidar_ros' for CMake config files
[2.681s] Level 1:colcon.colcon_core.shell:create_environment_hook('rplidar_ros', 'cmake_prefix_path')
[2.681s] INFO:colcon.colcon_core.shell:Creating environment hook '/home/incubus/mars_ros2/install/rplidar_ros/share/rplidar_ros/hook/cmake_prefix_path.ps1'
[2.682s] INFO:colcon.colcon_core.shell:Creating environment descriptor '/home/incubus/mars_ros2/install/rplidar_ros/share/rplidar_ros/hook/cmake_prefix_path.dsv'
[2.682s] INFO:colcon.colcon_core.shell:Creating environment hook '/home/incubus/mars_ros2/install/rplidar_ros/share/rplidar_ros/hook/cmake_prefix_path.sh'
[2.683s] Level 1:colcon.colcon_core.environment:checking '/home/incubus/mars_ros2/install/rplidar_ros/lib'
[2.683s] Level 1:colcon.colcon_core.shell:create_environment_hook('rplidar_ros', 'ld_library_path_lib')
[2.683s] INFO:colcon.colcon_core.shell:Creating environment hook '/home/incubus/mars_ros2/install/rplidar_ros/share/rplidar_ros/hook/ld_library_path_lib.ps1'
[2.684s] INFO:colcon.colcon_core.shell:Creating environment descriptor '/home/incubus/mars_ros2/install/rplidar_ros/share/rplidar_ros/hook/ld_library_path_lib.dsv'
[2.684s] INFO:colcon.colcon_core.shell:Creating environment hook '/home/incubus/mars_ros2/install/rplidar_ros/share/rplidar_ros/hook/ld_library_path_lib.sh'
[2.684s] Level 1:colcon.colcon_core.environment:checking '/home/incubus/mars_ros2/install/rplidar_ros/bin'
[2.684s] Level 1:colcon.colcon_core.environment:checking '/home/incubus/mars_ros2/install/rplidar_ros/lib/pkgconfig/rplidar_ros.pc'
[2.685s] Level 1:colcon.colcon_core.environment:checking '/home/incubus/mars_ros2/install/rplidar_ros/lib/python3.8/site-packages'
[2.685s] Level 1:colcon.colcon_core.environment:checking '/home/incubus/mars_ros2/install/rplidar_ros/bin'
[2.685s] INFO:colcon.colcon_core.shell:Creating package script '/home/incubus/mars_ros2/install/rplidar_ros/share/rplidar_ros/package.ps1'
[2.686s] INFO:colcon.colcon_core.shell:Creating package descriptor '/home/incubus/mars_ros2/install/rplidar_ros/share/rplidar_ros/package.dsv'
[2.686s] INFO:colcon.colcon_core.shell:Creating package script '/home/incubus/mars_ros2/install/rplidar_ros/share/rplidar_ros/package.sh'
[2.687s] INFO:colcon.colcon_core.shell:Creating package script '/home/incubus/mars_ros2/install/rplidar_ros/share/rplidar_ros/package.bash'
[2.687s] INFO:colcon.colcon_core.shell:Creating package script '/home/incubus/mars_ros2/install/rplidar_ros/share/rplidar_ros/package.zsh'
[2.687s] Level 1:colcon.colcon_core.environment:create_file_with_runtime_dependencies(/home/incubus/mars_ros2/install/rplidar_ros/share/colcon-core/packages/rplidar_ros)
[2.688s] DEBUG:colcon.colcon_parallel_executor.executor.parallel:closing loop
[2.688s] DEBUG:colcon.colcon_parallel_executor.executor.parallel:loop closed
[2.688s] DEBUG:colcon.colcon_parallel_executor.executor.parallel:run_until_complete finished with '0'
[2.688s] DEBUG:colcon.colcon_core.event_reactor:joining thread
[2.694s] INFO:colcon.colcon_core.plugin_system:Skipping extension 'colcon_notification.desktop_notification.terminal_notifier': Not used on non-Darwin systems
[2.694s] INFO:colcon.colcon_core.plugin_system:Skipping extension 'colcon_notification.desktop_notification.win32': Not used on non-Windows systems
[2.694s] INFO:colcon.colcon_notification.desktop_notification:Sending desktop notification using 'notify2'
[2.709s] DEBUG:colcon.colcon_core.event_reactor:joined thread
[2.710s] INFO:colcon.colcon_core.shell:Creating prefix script '/home/incubus/mars_ros2/install/local_setup.ps1'
[2.712s] INFO:colcon.colcon_core.shell:Creating prefix util module '/home/incubus/mars_ros2/install/_local_setup_util_ps1.py'
[2.714s] INFO:colcon.colcon_core.shell:Creating prefix chain script '/home/incubus/mars_ros2/install/setup.ps1'
[2.716s] INFO:colcon.colcon_core.shell:Creating prefix script '/home/incubus/mars_ros2/install/local_setup.sh'
[2.717s] INFO:colcon.colcon_core.shell:Creating prefix util module '/home/incubus/mars_ros2/install/_local_setup_util_sh.py'
[2.717s] INFO:colcon.colcon_core.shell:Creating prefix chain script '/home/incubus/mars_ros2/install/setup.sh'
[2.719s] INFO:colcon.colcon_core.shell:Creating prefix script '/home/incubus/mars_ros2/install/local_setup.bash'
[2.719s] INFO:colcon.colcon_core.shell:Creating prefix chain script '/home/incubus/mars_ros2/install/setup.bash'
[2.720s] INFO:colcon.colcon_core.shell:Creating prefix script '/home/incubus/mars_ros2/install/local_setup.zsh'
[2.721s] INFO:colcon.colcon_core.shell:Creating prefix chain script '/home/incubus/mars_ros2/install/setup.zsh'
