[1.800s] Invoking command in '/home/incubus/mars_ros2/src/build/delta_lidar': CMAKE_PREFIX_PATH=${CMAKE_PREFIX_PATH}:/home/incubus/mars_ros2/install/stm:/home/incubus/mars_ros2/install/py_pubsub:/home/incubus/mars_ros2/install/my_package:/home/incubus/mars_ros2/install/keyboard:/home/incubus/mars_ros2/install/Webserver:/home/incubus/mars_ros2/install/Manipul:/opt/ros/foxy /usr/bin/cmake --build /home/incubus/mars_ros2/src/build/delta_lidar -- -j4 -l4
[2.679s] [ 14%] Built target delta_lidar_node_client
[2.679s] [100%] Built target delta_lidar_node
[2.681s] Invoked command in '/home/incubus/mars_ros2/src/build/delta_lidar' returned '0': CMAKE_PREFIX_PATH=${CMAKE_PREFIX_PATH}:/home/incubus/mars_ros2/install/stm:/home/incubus/mars_ros2/install/py_pubsub:/home/incubus/mars_ros2/install/my_package:/home/incubus/mars_ros2/install/keyboard:/home/incubus/mars_ros2/install/Webserver:/home/incubus/mars_ros2/install/Manipul:/opt/ros/foxy /usr/bin/cmake --build /home/incubus/mars_ros2/src/build/delta_lidar -- -j4 -l4
[2.765s] Invoking command in '/home/incubus/mars_ros2/src/build/delta_lidar': CMAKE_PREFIX_PATH=${CMAKE_PREFIX_PATH}:/home/incubus/mars_ros2/install/stm:/home/incubus/mars_ros2/install/py_pubsub:/home/incubus/mars_ros2/install/my_package:/home/incubus/mars_ros2/install/keyboard:/home/incubus/mars_ros2/install/Webserver:/home/incubus/mars_ros2/install/Manipul:/opt/ros/foxy /usr/bin/cmake --install /home/incubus/mars_ros2/src/build/delta_lidar
[2.781s] -- Install configuration: ""
[2.782s] -- Up-to-date: /home/incubus/mars_ros2/src/install/delta_lidar/lib/delta_lidar/delta_lidar_node
[2.783s] -- Up-to-date: /home/incubus/mars_ros2/src/install/delta_lidar/lib/delta_lidar/delta_lidar_node_client
[2.784s] -- Up-to-date: /home/incubus/mars_ros2/src/install/delta_lidar/share/delta_lidar/launch
[2.784s] -- Up-to-date: /home/incubus/mars_ros2/src/install/delta_lidar/share/delta_lidar/launch/view_delta_lidar.launch
[2.785s] -- Up-to-date: /home/incubus/mars_ros2/src/install/delta_lidar/share/delta_lidar/launch/delta_lidar.launch
[2.785s] -- Up-to-date: /home/incubus/mars_ros2/src/install/delta_lidar/share/delta_lidar/rviz
[2.785s] -- Up-to-date: /home/incubus/mars_ros2/src/install/delta_lidar/share/delta_lidar/rviz/delta_lidar.rviz
[2.786s] -- Up-to-date: /home/incubus/mars_ros2/src/install/delta_lidar/share/delta_lidar/sdk
[2.786s] -- Up-to-date: /home/incubus/mars_ros2/src/install/delta_lidar/share/delta_lidar/sdk/include
[2.787s] -- Up-to-date: /home/incubus/mars_ros2/src/install/delta_lidar/share/delta_lidar/sdk/include/CCountDown.h
[2.787s] -- Up-to-date: /home/incubus/mars_ros2/src/install/delta_lidar/share/delta_lidar/sdk/include/C3iroboticsLidarProtocol.h
[2.788s] -- Up-to-date: /home/incubus/mars_ros2/src/install/delta_lidar/share/delta_lidar/sdk/include/CArcTime.h
[2.788s] -- Up-to-date: /home/incubus/mars_ros2/src/install/delta_lidar/share/delta_lidar/sdk/include/CSerialConnection.h
[2.788s] -- Up-to-date: /home/incubus/mars_ros2/src/install/delta_lidar/share/delta_lidar/sdk/include/CTime.h
[2.789s] -- Up-to-date: /home/incubus/mars_ros2/src/install/delta_lidar/share/delta_lidar/sdk/include/CLidarPacketReceiver.h
[2.789s] -- Up-to-date: /home/incubus/mars_ros2/src/install/delta_lidar/share/delta_lidar/sdk/include/typedef.h
[2.790s] -- Up-to-date: /home/incubus/mars_ros2/src/install/delta_lidar/share/delta_lidar/sdk/include/CLidarUnpacket.h
[2.790s] -- Up-to-date: /home/incubus/mars_ros2/src/install/delta_lidar/share/delta_lidar/sdk/include/C3iroboticsLidar.h
[2.790s] -- Up-to-date: /home/incubus/mars_ros2/src/install/delta_lidar/share/delta_lidar/sdk/include/CDeviceConnection.h
[2.791s] -- Up-to-date: /home/incubus/mars_ros2/src/install/delta_lidar/share/delta_lidar/sdk/include/CLidarPacket.h
[2.791s] -- Up-to-date: /home/incubus/mars_ros2/src/install/delta_lidar/share/delta_lidar/sdk/include/CSimulateSerial.h
[2.792s] -- Up-to-date: /home/incubus/mars_ros2/src/install/delta_lidar/share/delta_lidar/sdk/include/CLogUtitls.h
[2.792s] -- Up-to-date: /home/incubus/mars_ros2/src/install/delta_lidar/share/delta_lidar/sdk/src
[2.792s] -- Up-to-date: /home/incubus/mars_ros2/src/install/delta_lidar/share/delta_lidar/sdk/src/CSimulateSerial.cpp
[2.793s] -- Up-to-date: /home/incubus/mars_ros2/src/install/delta_lidar/share/delta_lidar/sdk/src/CLidarPacketReceiver.cpp
[2.793s] -- Up-to-date: /home/incubus/mars_ros2/src/install/delta_lidar/share/delta_lidar/sdk/src/CDeviceConnection.cpp
[2.794s] -- Up-to-date: /home/incubus/mars_ros2/src/install/delta_lidar/share/delta_lidar/sdk/src/C3iroboticsLidar.cpp
[2.794s] -- Up-to-date: /home/incubus/mars_ros2/src/install/delta_lidar/share/delta_lidar/sdk/src/CTime.cpp
[2.794s] -- Up-to-date: /home/incubus/mars_ros2/src/install/delta_lidar/share/delta_lidar/sdk/src/CArcTime.cpp
[2.795s] -- Up-to-date: /home/incubus/mars_ros2/src/install/delta_lidar/share/delta_lidar/sdk/src/CCountDown.cpp
[2.795s] -- Up-to-date: /home/incubus/mars_ros2/src/install/delta_lidar/share/delta_lidar/sdk/src/CLidarPacket.cpp
[2.796s] -- Up-to-date: /home/incubus/mars_ros2/src/install/delta_lidar/share/delta_lidar/sdk/src/CSerialConnection.cpp
[2.796s] -- Up-to-date: /home/incubus/mars_ros2/src/install/delta_lidar/share/delta_lidar/sdk/src/CLidarUnpacket.cpp
[2.797s] -- Up-to-date: /home/incubus/mars_ros2/src/install/delta_lidar/share/ament_index/resource_index/package_run_dependencies/delta_lidar
[2.797s] -- Up-to-date: /home/incubus/mars_ros2/src/install/delta_lidar/share/ament_index/resource_index/parent_prefix_path/delta_lidar
[2.798s] -- Up-to-date: /home/incubus/mars_ros2/src/install/delta_lidar/share/delta_lidar/environment/ament_prefix_path.sh
[2.798s] -- Up-to-date: /home/incubus/mars_ros2/src/install/delta_lidar/share/delta_lidar/environment/ament_prefix_path.dsv
[2.799s] -- Up-to-date: /home/incubus/mars_ros2/src/install/delta_lidar/share/delta_lidar/environment/path.sh
[2.799s] -- Up-to-date: /home/incubus/mars_ros2/src/install/delta_lidar/share/delta_lidar/environment/path.dsv
[2.800s] -- Up-to-date: /home/incubus/mars_ros2/src/install/delta_lidar/share/delta_lidar/local_setup.bash
[2.800s] -- Up-to-date: /home/incubus/mars_ros2/src/install/delta_lidar/share/delta_lidar/local_setup.sh
[2.801s] -- Up-to-date: /home/incubus/mars_ros2/src/install/delta_lidar/share/delta_lidar/local_setup.zsh
[2.801s] -- Up-to-date: /home/incubus/mars_ros2/src/install/delta_lidar/share/delta_lidar/local_setup.dsv
[2.802s] -- Installing: /home/incubus/mars_ros2/src/install/delta_lidar/share/delta_lidar/package.dsv
[2.803s] -- Up-to-date: /home/incubus/mars_ros2/src/install/delta_lidar/share/ament_index/resource_index/packages/delta_lidar
[2.803s] -- Up-to-date: /home/incubus/mars_ros2/src/install/delta_lidar/share/delta_lidar/cmake/delta_lidarConfig.cmake
[2.804s] -- Up-to-date: /home/incubus/mars_ros2/src/install/delta_lidar/share/delta_lidar/cmake/delta_lidarConfig-version.cmake
[2.804s] -- Up-to-date: /home/incubus/mars_ros2/src/install/delta_lidar/share/delta_lidar/package.xml
[2.816s] Invoked command in '/home/incubus/mars_ros2/src/build/delta_lidar' returned '0': CMAKE_PREFIX_PATH=${CMAKE_PREFIX_PATH}:/home/incubus/mars_ros2/install/stm:/home/incubus/mars_ros2/install/py_pubsub:/home/incubus/mars_ros2/install/my_package:/home/incubus/mars_ros2/install/keyboard:/home/incubus/mars_ros2/install/Webserver:/home/incubus/mars_ros2/install/Manipul:/opt/ros/foxy /usr/bin/cmake --install /home/incubus/mars_ros2/src/build/delta_lidar
