[0.135s] DEBUG:colcon:Command line arguments: ['/usr/bin/colcon', 'build']
[0.136s] DEBUG:colcon:Parsed command line arguments: Namespace(allow_overriding=[], ament_cmake_args=None, base_paths=['.'], build_base='build', catkin_cmake_args=None, catkin_skip_building_tests=False, cmake_args=None, cmake_clean_cache=False, cmake_clean_first=False, cmake_force_configure=False, cmake_target=None, cmake_target_skip_unavailable=False, continue_on_error=False, event_handlers=None, executor='parallel', ignore_user_meta=False, install_base='install', log_base=None, log_level=None, main=<bound method BuildVerb.main of <colcon_core.verb.build.BuildVerb object at 0x7fe0e7f5b670>>, merge_install=False, metas=['./colcon.meta'], packages_above=None, packages_above_and_dependencies=None, packages_above_depth=None, packages_end=None, packages_ignore=None, packages_ignore_regex=None, packages_select=None, packages_select_build_failed=False, packages_select_by_dep=None, packages_select_regex=None, packages_select_test_failures=False, packages_skip=None, packages_skip_build_finished=False, packages_skip_by_dep=None, packages_skip_regex=None, packages_skip_test_passed=False, packages_skip_up_to=None, packages_start=None, packages_up_to=None, packages_up_to_regex=None, parallel_workers=4, paths=None, symlink_install=False, test_result_base=None, verb_extension=<colcon_core.verb.build.BuildVerb object at 0x7fe0e7f5b670>, verb_name='build', verb_parser=<colcon_defaults.argument_parser.defaults.DefaultArgumentsDecorator object at 0x7fe0e7f5bbb0>)
[0.160s] Level 1:colcon.colcon_core.package_discovery:discover_packages(colcon_meta) check parameters
[0.160s] Level 1:colcon.colcon_core.package_discovery:discover_packages(recursive) check parameters
[0.160s] Level 1:colcon.colcon_core.package_discovery:discover_packages(ignore) check parameters
[0.160s] Level 1:colcon.colcon_core.package_discovery:discover_packages(path) check parameters
[0.160s] Level 1:colcon.colcon_core.package_discovery:discover_packages(colcon_meta) discover
[0.160s] Level 1:colcon.colcon_core.package_discovery:discover_packages(recursive) discover
[0.160s] INFO:colcon.colcon_core.package_discovery:Crawling recursively for packages in '/home/incubus/mars_ros2'
[0.160s] Level 1:colcon.colcon_core.package_identification:_identify(.) by extensions ['ignore', 'ignore_ament_install']
[0.160s] Level 1:colcon.colcon_core.package_identification:_identify(.) by extension 'ignore'
[0.161s] Level 1:colcon.colcon_core.package_identification:_identify(.) by extension 'ignore_ament_install'
[0.161s] Level 1:colcon.colcon_core.package_identification:_identify(.) by extensions ['colcon_pkg']
[0.161s] Level 1:colcon.colcon_core.package_identification:_identify(.) by extension 'colcon_pkg'
[0.161s] Level 1:colcon.colcon_core.package_identification:_identify(.) by extensions ['colcon_meta']
[0.161s] Level 1:colcon.colcon_core.package_identification:_identify(.) by extension 'colcon_meta'
[0.161s] Level 1:colcon.colcon_core.package_identification:_identify(.) by extensions ['ros']
[0.161s] Level 1:colcon.colcon_core.package_identification:_identify(.) by extension 'ros'
[0.172s] Level 1:colcon.colcon_core.package_identification:_identify(.) by extensions ['cmake', 'python']
[0.172s] Level 1:colcon.colcon_core.package_identification:_identify(.) by extension 'cmake'
[0.172s] Level 1:colcon.colcon_core.package_identification:_identify(.) by extension 'python'
[0.172s] Level 1:colcon.colcon_core.package_identification:_identify(.) by extensions ['python_setup_py']
[0.172s] Level 1:colcon.colcon_core.package_identification:_identify(.) by extension 'python_setup_py'
[0.172s] Level 1:colcon.colcon_core.package_identification:_identify(build) by extensions ['ignore', 'ignore_ament_install']
[0.172s] Level 1:colcon.colcon_core.package_identification:_identify(build) by extension 'ignore'
[0.172s] Level 1:colcon.colcon_core.package_identification:_identify(build) ignored
[0.172s] Level 1:colcon.colcon_core.package_identification:_identify(install) by extensions ['ignore', 'ignore_ament_install']
[0.172s] Level 1:colcon.colcon_core.package_identification:_identify(install) by extension 'ignore'
[0.172s] Level 1:colcon.colcon_core.package_identification:_identify(install) ignored
[0.172s] Level 1:colcon.colcon_core.package_identification:_identify(log) by extensions ['ignore', 'ignore_ament_install']
[0.173s] Level 1:colcon.colcon_core.package_identification:_identify(log) by extension 'ignore'
[0.173s] Level 1:colcon.colcon_core.package_identification:_identify(log) ignored
[0.173s] Level 1:colcon.colcon_core.package_identification:_identify(src) by extensions ['ignore', 'ignore_ament_install']
[0.173s] Level 1:colcon.colcon_core.package_identification:_identify(src) by extension 'ignore'
[0.173s] Level 1:colcon.colcon_core.package_identification:_identify(src) by extension 'ignore_ament_install'
[0.173s] Level 1:colcon.colcon_core.package_identification:_identify(src) by extensions ['colcon_pkg']
[0.173s] Level 1:colcon.colcon_core.package_identification:_identify(src) by extension 'colcon_pkg'
[0.173s] Level 1:colcon.colcon_core.package_identification:_identify(src) by extensions ['colcon_meta']
[0.173s] Level 1:colcon.colcon_core.package_identification:_identify(src) by extension 'colcon_meta'
[0.173s] Level 1:colcon.colcon_core.package_identification:_identify(src) by extensions ['ros']
[0.173s] Level 1:colcon.colcon_core.package_identification:_identify(src) by extension 'ros'
[0.173s] Level 1:colcon.colcon_core.package_identification:_identify(src) by extensions ['cmake', 'python']
[0.173s] Level 1:colcon.colcon_core.package_identification:_identify(src) by extension 'cmake'
[0.173s] Level 1:colcon.colcon_core.package_identification:_identify(src) by extension 'python'
[0.173s] Level 1:colcon.colcon_core.package_identification:_identify(src) by extensions ['python_setup_py']
[0.173s] Level 1:colcon.colcon_core.package_identification:_identify(src) by extension 'python_setup_py'
[0.173s] Level 1:colcon.colcon_core.package_identification:_identify(src/Delta_2A_ros) by extensions ['ignore', 'ignore_ament_install']
[0.173s] Level 1:colcon.colcon_core.package_identification:_identify(src/Delta_2A_ros) by extension 'ignore'
[0.174s] Level 1:colcon.colcon_core.package_identification:_identify(src/Delta_2A_ros) by extension 'ignore_ament_install'
[0.174s] Level 1:colcon.colcon_core.package_identification:_identify(src/Delta_2A_ros) by extensions ['colcon_pkg']
[0.174s] Level 1:colcon.colcon_core.package_identification:_identify(src/Delta_2A_ros) by extension 'colcon_pkg'
[0.174s] Level 1:colcon.colcon_core.package_identification:_identify(src/Delta_2A_ros) by extensions ['colcon_meta']
[0.174s] Level 1:colcon.colcon_core.package_identification:_identify(src/Delta_2A_ros) by extension 'colcon_meta'
[0.174s] Level 1:colcon.colcon_core.package_identification:_identify(src/Delta_2A_ros) by extensions ['ros']
[0.174s] Level 1:colcon.colcon_core.package_identification:_identify(src/Delta_2A_ros) by extension 'ros'
[0.177s] DEBUG:colcon.colcon_core.package_identification:Package 'src/Delta_2A_ros' with type 'ros.ament_cmake' and name 'delta_lidar'
[0.177s] Level 1:colcon.colcon_core.package_identification:_identify(src/Webserver) by extensions ['ignore', 'ignore_ament_install']
[0.178s] Level 1:colcon.colcon_core.package_identification:_identify(src/Webserver) by extension 'ignore'
[0.178s] Level 1:colcon.colcon_core.package_identification:_identify(src/Webserver) by extension 'ignore_ament_install'
[0.178s] Level 1:colcon.colcon_core.package_identification:_identify(src/Webserver) by extensions ['colcon_pkg']
[0.178s] Level 1:colcon.colcon_core.package_identification:_identify(src/Webserver) by extension 'colcon_pkg'
[0.178s] Level 1:colcon.colcon_core.package_identification:_identify(src/Webserver) by extensions ['colcon_meta']
[0.178s] Level 1:colcon.colcon_core.package_identification:_identify(src/Webserver) by extension 'colcon_meta'
[0.178s] Level 1:colcon.colcon_core.package_identification:_identify(src/Webserver) by extensions ['ros']
[0.178s] Level 1:colcon.colcon_core.package_identification:_identify(src/Webserver) by extension 'ros'
[0.178s] DEBUG:colcon.colcon_core.package_identification:Package 'src/Webserver' with type 'ros.ament_python' and name 'Webserver'
[0.178s] Level 1:colcon.colcon_core.package_discovery:discover_packages(recursive) using defaults
[0.179s] Level 1:colcon.colcon_core.package_discovery:discover_packages(ignore) discover
[0.179s] Level 1:colcon.colcon_core.package_discovery:discover_packages(ignore) using defaults
[0.179s] Level 1:colcon.colcon_core.package_discovery:discover_packages(path) discover
[0.179s] Level 1:colcon.colcon_core.package_discovery:discover_packages(path) using defaults
[0.203s] Level 1:colcon.colcon_core.package_discovery:discover_packages(prefix_path) check parameters
[0.203s] Level 1:colcon.colcon_core.package_discovery:discover_packages(prefix_path) discover
[0.206s] DEBUG:colcon.colcon_installed_package_information.package_discovery:Found 6 installed packages in /home/incubus/mars_ros2/install
[0.209s] DEBUG:colcon.colcon_installed_package_information.package_discovery:Found 263 installed packages in /opt/ros/foxy
[0.211s] Level 1:colcon.colcon_core.package_discovery:discover_packages(prefix_path) using defaults
[0.306s] Level 5:colcon.colcon_core.verb:set package 'Webserver' build argument 'cmake_args' from command line to 'None'
[0.306s] Level 5:colcon.colcon_core.verb:set package 'Webserver' build argument 'cmake_target' from command line to 'None'
[0.306s] Level 5:colcon.colcon_core.verb:set package 'Webserver' build argument 'cmake_target_skip_unavailable' from command line to 'False'
[0.306s] Level 5:colcon.colcon_core.verb:set package 'Webserver' build argument 'cmake_clean_cache' from command line to 'False'
[0.306s] Level 5:colcon.colcon_core.verb:set package 'Webserver' build argument 'cmake_clean_first' from command line to 'False'
[0.306s] Level 5:colcon.colcon_core.verb:set package 'Webserver' build argument 'cmake_force_configure' from command line to 'False'
[0.306s] Level 5:colcon.colcon_core.verb:set package 'Webserver' build argument 'ament_cmake_args' from command line to 'None'
[0.306s] Level 5:colcon.colcon_core.verb:set package 'Webserver' build argument 'catkin_cmake_args' from command line to 'None'
[0.306s] Level 5:colcon.colcon_core.verb:set package 'Webserver' build argument 'catkin_skip_building_tests' from command line to 'False'
[0.306s] DEBUG:colcon.colcon_core.verb:Building package 'Webserver' with the following arguments: {'ament_cmake_args': None, 'build_base': '/home/incubus/mars_ros2/build/Webserver', 'catkin_cmake_args': None, 'catkin_skip_building_tests': False, 'cmake_args': None, 'cmake_clean_cache': False, 'cmake_clean_first': False, 'cmake_force_configure': False, 'cmake_target': None, 'cmake_target_skip_unavailable': False, 'install_base': '/home/incubus/mars_ros2/install/Webserver', 'merge_install': False, 'path': '/home/incubus/mars_ros2/src/Webserver', 'symlink_install': False, 'test_result_base': None}
[0.307s] Level 5:colcon.colcon_core.verb:set package 'delta_lidar' build argument 'cmake_args' from command line to 'None'
[0.307s] Level 5:colcon.colcon_core.verb:set package 'delta_lidar' build argument 'cmake_target' from command line to 'None'
[0.307s] Level 5:colcon.colcon_core.verb:set package 'delta_lidar' build argument 'cmake_target_skip_unavailable' from command line to 'False'
[0.307s] Level 5:colcon.colcon_core.verb:set package 'delta_lidar' build argument 'cmake_clean_cache' from command line to 'False'
[0.307s] Level 5:colcon.colcon_core.verb:set package 'delta_lidar' build argument 'cmake_clean_first' from command line to 'False'
[0.307s] Level 5:colcon.colcon_core.verb:set package 'delta_lidar' build argument 'cmake_force_configure' from command line to 'False'
[0.307s] Level 5:colcon.colcon_core.verb:set package 'delta_lidar' build argument 'ament_cmake_args' from command line to 'None'
[0.307s] Level 5:colcon.colcon_core.verb:set package 'delta_lidar' build argument 'catkin_cmake_args' from command line to 'None'
[0.307s] Level 5:colcon.colcon_core.verb:set package 'delta_lidar' build argument 'catkin_skip_building_tests' from command line to 'False'
[0.307s] DEBUG:colcon.colcon_core.verb:Building package 'delta_lidar' with the following arguments: {'ament_cmake_args': None, 'build_base': '/home/incubus/mars_ros2/build/delta_lidar', 'catkin_cmake_args': None, 'catkin_skip_building_tests': False, 'cmake_args': None, 'cmake_clean_cache': False, 'cmake_clean_first': False, 'cmake_force_configure': False, 'cmake_target': None, 'cmake_target_skip_unavailable': False, 'install_base': '/home/incubus/mars_ros2/install/delta_lidar', 'merge_install': False, 'path': '/home/incubus/mars_ros2/src/Delta_2A_ros', 'symlink_install': False, 'test_result_base': None}
[0.307s] INFO:colcon.colcon_core.executor:Executing jobs using 'parallel' executor
[0.309s] DEBUG:colcon.colcon_parallel_executor.executor.parallel:run_until_complete
[0.310s] INFO:colcon.colcon_ros.task.ament_python.build:Building ROS package in '/home/incubus/mars_ros2/src/Webserver' with build type 'ament_python'
[0.310s] Level 1:colcon.colcon_core.shell:create_environment_hook('Webserver', 'ament_prefix_path')
[0.314s] INFO:colcon.colcon_core.plugin_system:Skipping extension 'colcon_core.shell.bat': Not used on non-Windows systems
[0.314s] INFO:colcon.colcon_core.shell:Creating environment hook '/home/incubus/mars_ros2/install/Webserver/share/Webserver/hook/ament_prefix_path.ps1'
[0.315s] INFO:colcon.colcon_core.shell:Creating environment descriptor '/home/incubus/mars_ros2/install/Webserver/share/Webserver/hook/ament_prefix_path.dsv'
[0.315s] INFO:colcon.colcon_core.shell:Creating environment hook '/home/incubus/mars_ros2/install/Webserver/share/Webserver/hook/ament_prefix_path.sh'
[0.317s] INFO:colcon.colcon_core.shell:Skip shell extension 'powershell' for command environment: Not usable outside of PowerShell
[0.317s] DEBUG:colcon.colcon_core.shell:Skip shell extension 'dsv' for command environment
[0.324s] INFO:colcon.colcon_ros.task.ament_cmake.build:Building ROS package in '/home/incubus/mars_ros2/src/Delta_2A_ros' with build type 'ament_cmake'
[0.325s] INFO:colcon.colcon_cmake.task.cmake.build:Building CMake package in '/home/incubus/mars_ros2/src/Delta_2A_ros'
[0.326s] INFO:colcon.colcon_core.shell:Skip shell extension 'powershell' for command environment: Not usable outside of PowerShell
[0.326s] DEBUG:colcon.colcon_core.shell:Skip shell extension 'dsv' for command environment
[0.623s] INFO:colcon.colcon_core.task.python.build:Building Python package in '/home/incubus/mars_ros2/src/Webserver'
[0.624s] INFO:colcon.colcon_core.shell:Skip shell extension 'powershell' for command environment: Not usable outside of PowerShell
[0.624s] DEBUG:colcon.colcon_core.shell:Skip shell extension 'dsv' for command environment
[0.641s] DEBUG:colcon.colcon_core.event_handler.log_command:Invoking command in '/home/incubus/mars_ros2/build/delta_lidar': CMAKE_PREFIX_PATH=${CMAKE_PREFIX_PATH}:/home/incubus/mars_ros2/install/py_pubsub:/home/incubus/mars_ros2/install/my_package:/home/incubus/mars_ros2/install/Webserver:/opt/ros/foxy /usr/bin/cmake --build /home/incubus/mars_ros2/build/delta_lidar -- -j4 -l4
[0.749s] DEBUG:colcon.colcon_core.event_handler.log_command:Invoked command in '/home/incubus/mars_ros2/build/delta_lidar' returned '0': CMAKE_PREFIX_PATH=${CMAKE_PREFIX_PATH}:/home/incubus/mars_ros2/install/py_pubsub:/home/incubus/mars_ros2/install/my_package:/home/incubus/mars_ros2/install/Webserver:/opt/ros/foxy /usr/bin/cmake --build /home/incubus/mars_ros2/build/delta_lidar -- -j4 -l4
[0.807s] DEBUG:colcon.colcon_core.event_handler.log_command:Invoking command in '/home/incubus/mars_ros2/build/delta_lidar': CMAKE_PREFIX_PATH=${CMAKE_PREFIX_PATH}:/home/incubus/mars_ros2/install/py_pubsub:/home/incubus/mars_ros2/install/my_package:/home/incubus/mars_ros2/install/Webserver:/opt/ros/foxy /usr/bin/cmake --install /home/incubus/mars_ros2/build/delta_lidar
[0.826s] Level 1:colcon.colcon_core.environment:create_environment_scripts_only(delta_lidar)
[0.832s] DEBUG:colcon.colcon_core.event_handler.log_command:Invoked command in '/home/incubus/mars_ros2/build/delta_lidar' returned '0': CMAKE_PREFIX_PATH=${CMAKE_PREFIX_PATH}:/home/incubus/mars_ros2/install/py_pubsub:/home/incubus/mars_ros2/install/my_package:/home/incubus/mars_ros2/install/Webserver:/opt/ros/foxy /usr/bin/cmake --install /home/incubus/mars_ros2/build/delta_lidar
[0.835s] Level 1:colcon.colcon_core.environment:checking '/home/incubus/mars_ros2/install/delta_lidar' for CMake module files
[0.835s] Level 1:colcon.colcon_core.environment:checking '/home/incubus/mars_ros2/install/delta_lidar' for CMake config files
[0.836s] Level 1:colcon.colcon_core.shell:create_environment_hook('delta_lidar', 'cmake_prefix_path')
[0.836s] INFO:colcon.colcon_core.shell:Creating environment hook '/home/incubus/mars_ros2/install/delta_lidar/share/delta_lidar/hook/cmake_prefix_path.ps1'
[0.837s] INFO:colcon.colcon_core.shell:Creating environment descriptor '/home/incubus/mars_ros2/install/delta_lidar/share/delta_lidar/hook/cmake_prefix_path.dsv'
[0.837s] INFO:colcon.colcon_core.shell:Creating environment hook '/home/incubus/mars_ros2/install/delta_lidar/share/delta_lidar/hook/cmake_prefix_path.sh'
[0.838s] Level 1:colcon.colcon_core.environment:checking '/home/incubus/mars_ros2/install/delta_lidar/lib'
[0.838s] Level 1:colcon.colcon_core.environment:checking '/home/incubus/mars_ros2/install/delta_lidar/bin'
[0.838s] Level 1:colcon.colcon_core.environment:checking '/home/incubus/mars_ros2/install/delta_lidar/lib/pkgconfig/delta_lidar.pc'
[0.838s] Level 1:colcon.colcon_core.environment:checking '/home/incubus/mars_ros2/install/delta_lidar/lib/python3.8/site-packages'
[0.839s] Level 1:colcon.colcon_core.environment:checking '/home/incubus/mars_ros2/install/delta_lidar/bin'
[0.839s] INFO:colcon.colcon_core.shell:Creating package script '/home/incubus/mars_ros2/install/delta_lidar/share/delta_lidar/package.ps1'
[0.840s] INFO:colcon.colcon_core.shell:Creating package descriptor '/home/incubus/mars_ros2/install/delta_lidar/share/delta_lidar/package.dsv'
[0.841s] INFO:colcon.colcon_core.shell:Creating package script '/home/incubus/mars_ros2/install/delta_lidar/share/delta_lidar/package.sh'
[0.842s] INFO:colcon.colcon_core.shell:Creating package script '/home/incubus/mars_ros2/install/delta_lidar/share/delta_lidar/package.bash'
[0.843s] INFO:colcon.colcon_core.shell:Creating package script '/home/incubus/mars_ros2/install/delta_lidar/share/delta_lidar/package.zsh'
[0.844s] Level 1:colcon.colcon_core.environment:create_file_with_runtime_dependencies(/home/incubus/mars_ros2/install/delta_lidar/share/colcon-core/packages/delta_lidar)
[0.889s] Level 1:colcon.colcon_core.environment:create_environment_scripts_only(delta_lidar)
[0.890s] Level 1:colcon.colcon_core.environment:checking '/home/incubus/mars_ros2/install/delta_lidar' for CMake module files
[0.891s] Level 1:colcon.colcon_core.environment:checking '/home/incubus/mars_ros2/install/delta_lidar' for CMake config files
[0.891s] Level 1:colcon.colcon_core.shell:create_environment_hook('delta_lidar', 'cmake_prefix_path')
[0.892s] INFO:colcon.colcon_core.shell:Creating environment hook '/home/incubus/mars_ros2/install/delta_lidar/share/delta_lidar/hook/cmake_prefix_path.ps1'
[0.892s] INFO:colcon.colcon_core.shell:Creating environment descriptor '/home/incubus/mars_ros2/install/delta_lidar/share/delta_lidar/hook/cmake_prefix_path.dsv'
[0.892s] INFO:colcon.colcon_core.shell:Creating environment hook '/home/incubus/mars_ros2/install/delta_lidar/share/delta_lidar/hook/cmake_prefix_path.sh'
[0.893s] Level 1:colcon.colcon_core.environment:checking '/home/incubus/mars_ros2/install/delta_lidar/lib'
[0.893s] Level 1:colcon.colcon_core.environment:checking '/home/incubus/mars_ros2/install/delta_lidar/bin'
[0.893s] Level 1:colcon.colcon_core.environment:checking '/home/incubus/mars_ros2/install/delta_lidar/lib/pkgconfig/delta_lidar.pc'
[0.893s] Level 1:colcon.colcon_core.environment:checking '/home/incubus/mars_ros2/install/delta_lidar/lib/python3.8/site-packages'
[0.894s] Level 1:colcon.colcon_core.environment:checking '/home/incubus/mars_ros2/install/delta_lidar/bin'
[0.894s] INFO:colcon.colcon_core.shell:Creating package script '/home/incubus/mars_ros2/install/delta_lidar/share/delta_lidar/package.ps1'
[0.895s] INFO:colcon.colcon_core.shell:Creating package descriptor '/home/incubus/mars_ros2/install/delta_lidar/share/delta_lidar/package.dsv'
[0.895s] INFO:colcon.colcon_core.shell:Creating package script '/home/incubus/mars_ros2/install/delta_lidar/share/delta_lidar/package.sh'
[0.895s] INFO:colcon.colcon_core.shell:Creating package script '/home/incubus/mars_ros2/install/delta_lidar/share/delta_lidar/package.bash'
[0.896s] INFO:colcon.colcon_core.shell:Creating package script '/home/incubus/mars_ros2/install/delta_lidar/share/delta_lidar/package.zsh'
[0.896s] Level 1:colcon.colcon_core.environment:create_file_with_runtime_dependencies(/home/incubus/mars_ros2/install/delta_lidar/share/colcon-core/packages/delta_lidar)
[1.193s] DEBUG:colcon.colcon_core.event_handler.log_command:Invoking command in '/home/incubus/mars_ros2/src/Webserver': PYTHONPATH=/home/incubus/mars_ros2/install/Webserver/lib/python3.8/site-packages:${PYTHONPATH} /usr/bin/python3 setup.py egg_info --egg-base ../../build/Webserver build --build-base /home/incubus/mars_ros2/build/Webserver/build install --prefix /home/incubus/mars_ros2/install/Webserver --record /home/incubus/mars_ros2/build/Webserver/install.log --single-version-externally-managed
[1.515s] Level 1:colcon.colcon_core.environment:checking '/home/incubus/mars_ros2/install/Webserver' for CMake module files
[1.516s] DEBUG:colcon.colcon_core.event_handler.log_command:Invoked command in '/home/incubus/mars_ros2/src/Webserver' returned '0': PYTHONPATH=/home/incubus/mars_ros2/install/Webserver/lib/python3.8/site-packages:${PYTHONPATH} /usr/bin/python3 setup.py egg_info --egg-base ../../build/Webserver build --build-base /home/incubus/mars_ros2/build/Webserver/build install --prefix /home/incubus/mars_ros2/install/Webserver --record /home/incubus/mars_ros2/build/Webserver/install.log --single-version-externally-managed
[1.516s] Level 1:colcon.colcon_core.environment:checking '/home/incubus/mars_ros2/install/Webserver' for CMake config files
[1.517s] Level 1:colcon.colcon_core.environment:checking '/home/incubus/mars_ros2/install/Webserver/lib'
[1.517s] Level 1:colcon.colcon_core.environment:checking '/home/incubus/mars_ros2/install/Webserver/bin'
[1.517s] Level 1:colcon.colcon_core.environment:checking '/home/incubus/mars_ros2/install/Webserver/lib/pkgconfig/Webserver.pc'
[1.518s] Level 1:colcon.colcon_core.environment:checking '/home/incubus/mars_ros2/install/Webserver/lib/python3.8/site-packages'
[1.518s] Level 1:colcon.colcon_core.shell:create_environment_hook('Webserver', 'pythonpath')
[1.519s] INFO:colcon.colcon_core.shell:Creating environment hook '/home/incubus/mars_ros2/install/Webserver/share/Webserver/hook/pythonpath.ps1'
[1.519s] INFO:colcon.colcon_core.shell:Creating environment descriptor '/home/incubus/mars_ros2/install/Webserver/share/Webserver/hook/pythonpath.dsv'
[1.520s] INFO:colcon.colcon_core.shell:Creating environment hook '/home/incubus/mars_ros2/install/Webserver/share/Webserver/hook/pythonpath.sh'
[1.520s] Level 1:colcon.colcon_core.environment:checking '/home/incubus/mars_ros2/install/Webserver/bin'
[1.521s] Level 1:colcon.colcon_core.environment:create_environment_scripts_only(Webserver)
[1.521s] INFO:colcon.colcon_core.shell:Creating package script '/home/incubus/mars_ros2/install/Webserver/share/Webserver/package.ps1'
[1.522s] INFO:colcon.colcon_core.shell:Creating package descriptor '/home/incubus/mars_ros2/install/Webserver/share/Webserver/package.dsv'
[1.523s] INFO:colcon.colcon_core.shell:Creating package script '/home/incubus/mars_ros2/install/Webserver/share/Webserver/package.sh'
[1.523s] INFO:colcon.colcon_core.shell:Creating package script '/home/incubus/mars_ros2/install/Webserver/share/Webserver/package.bash'
[1.524s] INFO:colcon.colcon_core.shell:Creating package script '/home/incubus/mars_ros2/install/Webserver/share/Webserver/package.zsh'
[1.524s] Level 1:colcon.colcon_core.environment:create_file_with_runtime_dependencies(/home/incubus/mars_ros2/install/Webserver/share/colcon-core/packages/Webserver)
[1.525s] DEBUG:colcon.colcon_parallel_executor.executor.parallel:closing loop
[1.525s] DEBUG:colcon.colcon_parallel_executor.executor.parallel:loop closed
[1.525s] DEBUG:colcon.colcon_parallel_executor.executor.parallel:run_until_complete finished with '0'
[1.525s] DEBUG:colcon.colcon_core.event_reactor:joining thread
[1.533s] INFO:colcon.colcon_core.plugin_system:Skipping extension 'colcon_notification.desktop_notification.terminal_notifier': Not used on non-Darwin systems
[1.534s] INFO:colcon.colcon_core.plugin_system:Skipping extension 'colcon_notification.desktop_notification.win32': Not used on non-Windows systems
[1.534s] INFO:colcon.colcon_notification.desktop_notification:Sending desktop notification using 'notify2'
[1.548s] DEBUG:colcon.colcon_core.event_reactor:joined thread
[1.548s] INFO:colcon.colcon_core.shell:Creating prefix script '/home/incubus/mars_ros2/install/local_setup.ps1'
[1.549s] INFO:colcon.colcon_core.shell:Creating prefix util module '/home/incubus/mars_ros2/install/_local_setup_util_ps1.py'
[1.551s] INFO:colcon.colcon_core.shell:Creating prefix chain script '/home/incubus/mars_ros2/install/setup.ps1'
[1.553s] INFO:colcon.colcon_core.shell:Creating prefix script '/home/incubus/mars_ros2/install/local_setup.sh'
[1.554s] INFO:colcon.colcon_core.shell:Creating prefix util module '/home/incubus/mars_ros2/install/_local_setup_util_sh.py'
[1.555s] INFO:colcon.colcon_core.shell:Creating prefix chain script '/home/incubus/mars_ros2/install/setup.sh'
[1.557s] INFO:colcon.colcon_core.shell:Creating prefix script '/home/incubus/mars_ros2/install/local_setup.bash'
[1.558s] INFO:colcon.colcon_core.shell:Creating prefix chain script '/home/incubus/mars_ros2/install/setup.bash'
[1.560s] INFO:colcon.colcon_core.shell:Creating prefix script '/home/incubus/mars_ros2/install/local_setup.zsh'
[1.561s] INFO:colcon.colcon_core.shell:Creating prefix chain script '/home/incubus/mars_ros2/install/setup.zsh'
