[0.020s] Invoking command in '/home/incubus/mars_ros2/build/rplidar_ros': CMAKE_PREFIX_PATH=${CMAKE_PREFIX_PATH}:/home/incubus/mars_ros2/install/py_pubsub:/home/incubus/mars_ros2/install/my_package:/opt/ros/foxy /usr/bin/cmake /home/incubus/mars_ros2/src/rplidar_ros2 -DCMAKE_INSTALL_PREFIX=/home/incubus/mars_ros2/install/rplidar_ros
[0.080s] -- The C compiler identification is GNU 9.4.0
[0.149s] -- The CXX compiler identification is GNU 9.4.0
[0.154s] -- Check for working C compiler: /usr/bin/cc
[0.224s] -- Check for working C compiler: /usr/bin/cc -- works
[0.225s] -- Detecting C compiler ABI info
[0.295s] -- Detecting C compiler ABI info - done
[0.306s] -- Detecting C compile features
[0.307s] -- Detecting C compile features - done
[0.309s] -- Check for working CXX compiler: /usr/bin/c++
[0.396s] -- Check for working CXX compiler: /usr/bin/c++ -- works
[0.397s] -- Detecting CXX compiler ABI info
[0.485s] -- Detecting CXX compiler ABI info - done
[0.497s] -- Detecting CXX compile features
[0.497s] -- Detecting CXX compile features - done
[0.500s] -- Found ament_cmake_auto: 0.9.9 (/opt/ros/foxy/share/ament_cmake_auto/cmake)
[0.526s] -- Found PythonInterp: /usr/bin/python3 (found suitable version "3.8.10", minimum required is "3") 
[0.527s] -- Using PYTHON_EXECUTABLE: /usr/bin/python3
[0.741s] -- Found ament_cmake_ros: 0.9.2 (/opt/ros/foxy/share/ament_cmake_ros/cmake)
[0.852s] -- Using all available rosidl_typesupport_c: rosidl_typesupport_fastrtps_c;rosidl_typesupport_introspection_c
[0.859s] -- Found rosidl_adapter: 1.2.1 (/opt/ros/foxy/share/rosidl_adapter/cmake)
[0.937s] -- Found OpenSSL: /usr/lib/x86_64-linux-gnu/libcrypto.so (found version "1.1.1f")  
[0.966s] -- Found FastRTPS: /opt/ros/foxy/include  
[1.048s] -- Using all available rosidl_typesupport_cpp: rosidl_typesupport_fastrtps_cpp;rosidl_typesupport_introspection_cpp
[1.108s] -- Found rmw_implementation_cmake: 1.0.3 (/opt/ros/foxy/share/rmw_implementation_cmake/cmake)
[1.110s] -- Using RMW implementation 'rmw_fastrtps_cpp' as default
[1.111s] -- Looking for pthread.h
[1.182s] -- Looking for pthread.h - found
[1.182s] -- Performing Test CMAKE_HAVE_LIBC_PTHREAD
[1.255s] -- Performing Test CMAKE_HAVE_LIBC_PTHREAD - Failed
[1.255s] -- Looking for pthread_create in pthreads
[1.313s] -- Looking for pthread_create in pthreads - not found
[1.313s] -- Looking for pthread_create in pthread
[1.381s] -- Looking for pthread_create in pthread - found
[1.383s] -- Found Threads: TRUE  
[1.825s] -- Configuring done
[1.856s] -- Generating done
[1.858s] -- Build files have been written to: /home/incubus/mars_ros2/build/rplidar_ros
[1.867s] Invoked command in '/home/incubus/mars_ros2/build/rplidar_ros' returned '0': CMAKE_PREFIX_PATH=${CMAKE_PREFIX_PATH}:/home/incubus/mars_ros2/install/py_pubsub:/home/incubus/mars_ros2/install/my_package:/opt/ros/foxy /usr/bin/cmake /home/incubus/mars_ros2/src/rplidar_ros2 -DCMAKE_INSTALL_PREFIX=/home/incubus/mars_ros2/install/rplidar_ros
[1.868s] Invoking command in '/home/incubus/mars_ros2/build/rplidar_ros': CMAKE_PREFIX_PATH=${CMAKE_PREFIX_PATH}:/home/incubus/mars_ros2/install/py_pubsub:/home/incubus/mars_ros2/install/my_package:/opt/ros/foxy /usr/bin/cmake --build /home/incubus/mars_ros2/build/rplidar_ros -- -j4 -l4
[1.918s] [35m[1mScanning dependencies of target rplidar_composition_node[0m
[1.921s] [35m[1mScanning dependencies of target rplidarNodeClient[0m
[1.921s] [35m[1mScanning dependencies of target rplidarNode[0m
[1.973s] [  5%] [32mBuilding CXX object CMakeFiles/rplidar_composition_node.dir/sdk/src/arch/linux/net_serial.cpp.o[0m
[1.979s] [ 11%] [32mBuilding CXX object CMakeFiles/rplidar_composition_node.dir/src/rplidar_node.cpp.o[0m
[1.986s] [ 16%] [32mBuilding CXX object CMakeFiles/rplidarNodeClient.dir/src/client.cpp.o[0m
[1.988s] [ 22%] [32mBuilding CXX object CMakeFiles/rplidarNode.dir/src/node.cpp.o[0m
[2.184s] [01m[K/home/incubus/mars_ros2/src/rplidar_ros2/src/client.cpp:43:[m[K [01;35m[Kwarning: [m[K"M_PI" redefined
[2.184s]    43 | #define M_PI 3.1415926535897932384626433832795
[2.184s]       | 
[2.184s] In file included from [01m[K/usr/include/c++/9/cmath:45[m[K,
[2.185s]                  from [01m[K/opt/ros/foxy/include/libstatistics_collector/moving_average_statistics/types.hpp:18[m[K,
[2.185s]                  from [01m[K/opt/ros/foxy/include/libstatistics_collector/collector/generate_statistics_message.hpp:24[m[K,
[2.185s]                  from [01m[K/opt/ros/foxy/include/rclcpp/topic_statistics/subscription_topic_statistics.hpp:23[m[K,
[2.185s]                  from [01m[K/opt/ros/foxy/include/rclcpp/subscription.hpp:50[m[K,
[2.185s]                  from [01m[K/opt/ros/foxy/include/rclcpp/any_executable.hpp:25[m[K,
[2.186s]                  from [01m[K/opt/ros/foxy/include/rclcpp/memory_strategy.hpp:24[m[K,
[2.186s]                  from [01m[K/opt/ros/foxy/include/rclcpp/memory_strategies.hpp:18[m[K,
[2.186s]                  from [01m[K/opt/ros/foxy/include/rclcpp/executor_options.hpp:20[m[K,
[2.186s]                  from [01m[K/opt/ros/foxy/include/rclcpp/executor.hpp:33[m[K,
[2.186s]                  from [01m[K/opt/ros/foxy/include/rclcpp/executors/multi_threaded_executor.hpp:26[m[K,
[2.186s]                  from [01m[K/opt/ros/foxy/include/rclcpp/executors.hpp:21[m[K,
[2.186s]                  from [01m[K/opt/ros/foxy/include/rclcpp/rclcpp.hpp:146[m[K,
[2.186s]                  from [01m[K/home/incubus/mars_ros2/src/rplidar_ros2/src/client.cpp:38[m[K:
[2.186s] [01m[K/usr/include/math.h:1070:[m[K [01;36m[Knote: [m[Kthis is the location of the previous definition
[2.187s]  1070 | # define M_PI  3.14159265358979323846 /* pi */
[2.187s]       | 
[2.187s] In file included from [01m[K/home/incubus/mars_ros2/src/rplidar_ros2/src/rplidar_node.cpp:36[m[K:
[2.187s] [01m[K/home/incubus/mars_ros2/src/rplidar_ros2/include/rplidar_node.hpp:50:[m[K [01;35m[Kwarning: [m[K"M_PI" redefined
[2.187s]    50 | #define M_PI 3.1415926535897932384626433832795
[2.187s]       | 
[2.187s] In file included from [01m[K/usr/include/c++/9/cmath:45[m[K,
[2.187s]                  from [01m[K/opt/ros/foxy/include/libstatistics_collector/moving_average_statistics/types.hpp:18[m[K,
[2.187s]                  from [01m[K/opt/ros/foxy/include/libstatistics_collector/collector/generate_statistics_message.hpp:24[m[K,
[2.188s]                  from [01m[K/opt/ros/foxy/include/rclcpp/topic_statistics/subscription_topic_statistics.hpp:23[m[K,
[2.188s]                  from [01m[K/opt/ros/foxy/include/rclcpp/subscription.hpp:50[m[K,
[2.188s]                  from [01m[K/opt/ros/foxy/include/rclcpp/any_executable.hpp:25[m[K,
[2.188s]                  from [01m[K/opt/ros/foxy/include/rclcpp/memory_strategy.hpp:24[m[K,
[2.188s]                  from [01m[K/opt/ros/foxy/include/rclcpp/memory_strategies.hpp:18[m[K,
[2.188s]                  from [01m[K/opt/ros/foxy/include/rclcpp/executor_options.hpp:20[m[K,
[2.188s]                  from [01m[K/opt/ros/foxy/include/rclcpp/executor.hpp:33[m[K,
[2.188s]                  from [01m[K/opt/ros/foxy/include/rclcpp/executors/multi_threaded_executor.hpp:26[m[K,
[2.188s]                  from [01m[K/opt/ros/foxy/include/rclcpp/executors.hpp:21[m[K,
[2.189s]                  from [01m[K/opt/ros/foxy/include/rclcpp/rclcpp.hpp:146[m[K,
[2.189s]                  from [01m[K/home/incubus/mars_ros2/src/rplidar_ros2/include/rplidar_node.hpp:34[m[K,
[2.189s]                  from [01m[K/home/incubus/mars_ros2/src/rplidar_ros2/src/rplidar_node.cpp:36[m[K:
[2.189s] [01m[K/usr/include/math.h:1070:[m[K [01;36m[Knote: [m[Kthis is the location of the previous definition
[2.189s]  1070 | # define M_PI  3.14159265358979323846 /* pi */
[2.189s]       | 
[2.191s] [01m[K/home/incubus/mars_ros2/src/rplidar_ros2/src/node.cpp:51:[m[K [01;35m[Kwarning: [m[K"M_PI" redefined
[2.191s]    51 | #define M_PI 3.1415926535897932384626433832795
[2.191s]       | 
[2.192s] In file included from [01m[K/usr/include/c++/9/cmath:45[m[K,
[2.192s]                  from [01m[K/opt/ros/foxy/include/libstatistics_collector/moving_average_statistics/types.hpp:18[m[K,
[2.192s]                  from [01m[K/opt/ros/foxy/include/libstatistics_collector/collector/generate_statistics_message.hpp:24[m[K,
[2.192s]                  from [01m[K/opt/ros/foxy/include/rclcpp/topic_statistics/subscription_topic_statistics.hpp:23[m[K,
[2.192s]                  from [01m[K/opt/ros/foxy/include/rclcpp/subscription.hpp:50[m[K,
[2.192s]                  from [01m[K/opt/ros/foxy/include/rclcpp/any_executable.hpp:25[m[K,
[2.192s]                  from [01m[K/opt/ros/foxy/include/rclcpp/memory_strategy.hpp:24[m[K,
[2.193s]                  from [01m[K/opt/ros/foxy/include/rclcpp/memory_strategies.hpp:18[m[K,
[2.193s]                  from [01m[K/opt/ros/foxy/include/rclcpp/executor_options.hpp:20[m[K,
[2.193s]                  from [01m[K/opt/ros/foxy/include/rclcpp/executor.hpp:33[m[K,
[2.193s]                  from [01m[K/opt/ros/foxy/include/rclcpp/executors/multi_threaded_executor.hpp:26[m[K,
[2.193s]                  from [01m[K/opt/ros/foxy/include/rclcpp/executors.hpp:21[m[K,
[2.193s]                  from [01m[K/opt/ros/foxy/include/rclcpp/rclcpp.hpp:146[m[K,
[2.193s]                  from [01m[K/home/incubus/mars_ros2/src/rplidar_ros2/src/node.cpp:36[m[K:
[2.193s] [01m[K/usr/include/math.h:1070:[m[K [01;36m[Knote: [m[Kthis is the location of the previous definition
[2.193s]  1070 | # define M_PI  3.14159265358979323846 /* pi */
[2.194s]       | 
[2.194s] [01m[K/home/incubus/mars_ros2/src/rplidar_ros2/src/node.cpp:231:14:[m[K [01;35m[Kwarning: [m[Kinvalid suffix on literal; C++11 requires a space between literal and string macro [[01;35m[K-Wliteral-suffix[m[K]
[2.195s]   231 |     ROS_INFO([01;35m[K"[m[KRPLIDAR running on ROS package rplidar_ros. SDK Version:"RPLIDAR_SDK_VERSION"");
[2.195s]       |              [01;35m[K^[m[K
[2.734s] [01m[K/home/incubus/mars_ros2/src/rplidar_ros2/sdk/src/arch/linux/net_serial.cpp:[m[K In member function ‘[01m[Kbool rp::arch::net::raw_serial::open(const char*, uint32_t, uint32_t)[m[K’:
[2.734s] [01m[K/home/incubus/mars_ros2/src/rplidar_ros2/sdk/src/arch/linux/net_serial.cpp:97:74:[m[K [01;35m[Kwarning: [m[Kunused parameter ‘[01m[Kflags[m[K’ [[01;35m[K-Wunused-parameter[m[K]
[2.734s]    97 | bool raw_serial::open(const char * portname, uint32_t baudrate, [01;35m[Kuint32_t flags[m[K)
[2.734s]       |                                                                 [01;35m[K~~~~~~~~~^~~~~[m[K
[2.735s] [01m[K/home/incubus/mars_ros2/src/rplidar_ros2/sdk/src/arch/linux/net_serial.cpp:[m[K In member function ‘[01m[Kvirtual void rp::arch::net::raw_serial::flush(_u32)[m[K’:
[2.735s] [01m[K/home/incubus/mars_ros2/src/rplidar_ros2/sdk/src/arch/linux/net_serial.cpp:281:30:[m[K [01;35m[Kwarning: [m[Kunused parameter ‘[01m[Kflags[m[K’ [[01;35m[K-Wunused-parameter[m[K]
[2.735s]   281 | void raw_serial::flush( [01;35m[K_u32 flags[m[K)
[2.735s]       |                         [01;35m[K~~~~~^~~~~[m[K
[2.735s] [01m[K/home/incubus/mars_ros2/src/rplidar_ros2/sdk/src/arch/linux/net_serial.cpp:[m[K In member function ‘[01m[Kvirtual int rp::arch::net::raw_serial::waitforsent(_u32, size_t*)[m[K’:
[2.735s] [01m[K/home/incubus/mars_ros2/src/rplidar_ros2/sdk/src/arch/linux/net_serial.cpp:286:34:[m[K [01;35m[Kwarning: [m[Kunused parameter ‘[01m[Ktimeout[m[K’ [[01;35m[K-Wunused-parameter[m[K]
[2.735s]   286 | int raw_serial::waitforsent([01;35m[K_u32 timeout[m[K, size_t * returned_size)
[2.735s]       |                             [01;35m[K~~~~~^~~~~~~[m[K
[2.736s] [01m[K/home/incubus/mars_ros2/src/rplidar_ros2/sdk/src/arch/linux/net_serial.cpp:[m[K In member function ‘[01m[Kvirtual int rp::arch::net::raw_serial::waitforrecv(_u32, size_t*)[m[K’:
[2.736s] [01m[K/home/incubus/mars_ros2/src/rplidar_ros2/sdk/src/arch/linux/net_serial.cpp:292:34:[m[K [01;35m[Kwarning: [m[Kunused parameter ‘[01m[Ktimeout[m[K’ [[01;35m[K-Wunused-parameter[m[K]
[2.736s]   292 | int raw_serial::waitforrecv([01;35m[K_u32 timeout[m[K, size_t * returned_size)
[2.736s]       |                             [01;35m[K~~~~~^~~~~~~[m[K
[2.923s] [ 27%] [32mBuilding CXX object CMakeFiles/rplidar_composition_node.dir/sdk/src/arch/linux/net_socket.cpp.o[0m
[3.456s] In file included from [01m[K/home/incubus/mars_ros2/src/rplidar_ros2/./sdk/include/rplidar.h:39[m[K,
[3.456s]                  from [01m[K/home/incubus/mars_ros2/src/rplidar_ros2/./sdk/src/sdkcommon.h:48[m[K,
[3.456s]                  from [01m[K/home/incubus/mars_ros2/src/rplidar_ros2/sdk/src/arch/linux/net_socket.cpp:10[m[K:
[3.456s] [01m[K/home/incubus/mars_ros2/src/rplidar_ros2/./sdk/include/rplidar_protocol.h:59:14:[m[K [01;35m[Kwarning: [m[KISO C++ forbids zero-size array ‘[01m[Kdata[m[K’ [[01;35m[K-Wpedantic[m[K]
[3.456s]    59 |     _u8 data[[01;35m[K0[m[K];
[3.456s]       |              [01;35m[K^[m[K
[3.457s] In file included from [01m[K/home/incubus/mars_ros2/src/rplidar_ros2/./sdk/include/rplidar.h:40[m[K,
[3.457s]                  from [01m[K/home/incubus/mars_ros2/src/rplidar_ros2/./sdk/src/sdkcommon.h:48[m[K,
[3.457s]                  from [01m[K/home/incubus/mars_ros2/src/rplidar_ros2/sdk/src/arch/linux/net_socket.cpp:10[m[K:
[3.457s] [01m[K/home/incubus/mars_ros2/src/rplidar_ros2/./sdk/include/rplidar_cmd.h:260:18:[m[K [01;35m[Kwarning: [m[KISO C++ forbids zero-size array ‘[01m[Kpayload[m[K’ [[01;35m[K-Wpedantic[m[K]
[3.457s]   260 |     _u8  payload[[01;35m[K0[m[K];
[3.457s]       |                  [01;35m[K^[m[K
[3.468s] [01m[K/home/incubus/mars_ros2/src/rplidar_ros2/sdk/src/arch/linux/net_socket.cpp:[m[K In member function ‘[01m[Kvirtual u_result rp::net::SocketAddress::getAddressAsString(char*, size_t) const[m[K’:
[3.468s] [01m[K/home/incubus/mars_ros2/src/rplidar_ros2/sdk/src/arch/linux/net_socket.cpp:170:17:[m[K [01;35m[Kwarning: [m[Kordered comparison of pointer with integer zero [[01;35m[K-Wextra[m[K]
[3.468s]   170 |     return ans<=[01;35m[K0[m[K?RESULT_OPERATION_FAIL:RESULT_OK;
[3.468s]       |                 [01;35m[K^[m[K
[3.477s] [01m[K/home/incubus/mars_ros2/src/rplidar_ros2/sdk/src/arch/linux/net_socket.cpp:[m[K In member function ‘[01m[Kvirtual u_result rp::arch::net::StreamSocketImpl::send(const void*, size_t)[m[K’:
[3.477s] [01m[K/home/incubus/mars_ros2/src/rplidar_ros2/sdk/src/arch/linux/net_socket.cpp:438:17:[m[K [01;35m[Kwarning: [m[Kcomparison of integer expressions of different signedness: ‘[01m[Ksize_t[m[K’ {aka ‘[01m[Klong unsigned int[m[K’} and ‘[01m[Kint[m[K’ [[01;35m[K-Wsign-compare[m[K]
[3.477s]   438 |         if ([01;35m[Kans == (int)len[m[K) {
[3.477s]       |             [01;35m[K~~~~^~~~~~~~~~~[m[K
[3.482s] In file included from [01m[K/home/incubus/mars_ros2/src/rplidar_ros2/./sdk/src/arch/linux/arch_linux.h:42[m[K,
[3.482s]                  from [01m[K/home/incubus/mars_ros2/src/rplidar_ros2/./sdk/src/sdkcommon.h:40[m[K,
[3.483s]                  from [01m[K/home/incubus/mars_ros2/src/rplidar_ros2/sdk/src/arch/linux/net_socket.cpp:10[m[K:
[3.483s] [01m[K/home/incubus/mars_ros2/src/rplidar_ros2/sdk/src/arch/linux/net_socket.cpp:[m[K In member function ‘[01m[Kvirtual u_result rp::arch::net::DGramSocketImpl::sendTo(const rp::net::SocketAddress&, const void*, size_t)[m[K’:
[3.483s] [01m[K/home/incubus/mars_ros2/src/rplidar_ros2/sdk/src/arch/linux/net_socket.cpp:726:24:[m[K [01;35m[Kwarning: [m[Kcomparison of integer expressions of different signedness: ‘[01m[Ksize_t[m[K’ {aka ‘[01m[Klong unsigned int[m[K’} and ‘[01m[Kint[m[K’ [[01;35m[K-Wsign-compare[m[K]
[3.483s]   726 |             assert([01;35m[Kans == (int)len[m[K);
[3.483s]       |                    [01;35m[K~~~~^~~~~~~~~~~[m[K
[3.761s] [ 33%] [32mBuilding CXX object CMakeFiles/rplidar_composition_node.dir/sdk/src/arch/linux/timer.cpp.o[0m
[4.376s] [ 38%] [32mBuilding CXX object CMakeFiles/rplidar_composition_node.dir/sdk/src/hal/thread.cpp.o[0m
[4.453s] In file included from [01m[K/home/incubus/mars_ros2/src/rplidar_ros2/./sdk/include/rplidar.h:39[m[K,
[4.453s]                  from [01m[K/home/incubus/mars_ros2/src/rplidar_ros2/src/node.cpp:45[m[K:
[4.454s] [01m[K/home/incubus/mars_ros2/src/rplidar_ros2/./sdk/include/rplidar_protocol.h:59:14:[m[K [01;35m[Kwarning: [m[KISO C++ forbids zero-size array ‘[01m[Kdata[m[K’ [[01;35m[K-Wpedantic[m[K]
[4.454s]    59 |     _u8 data[[01;35m[K0[m[K];
[4.454s]       |              [01;35m[K^[m[K
[4.455s] In file included from [01m[K/home/incubus/mars_ros2/src/rplidar_ros2/./sdk/include/rplidar.h:40[m[K,
[4.455s]                  from [01m[K/home/incubus/mars_ros2/src/rplidar_ros2/src/node.cpp:45[m[K:
[4.455s] [01m[K/home/incubus/mars_ros2/src/rplidar_ros2/./sdk/include/rplidar_cmd.h:260:18:[m[K [01;35m[Kwarning: [m[KISO C++ forbids zero-size array ‘[01m[Kpayload[m[K’ [[01;35m[K-Wpedantic[m[K]
[4.456s]   260 |     _u8  payload[[01;35m[K0[m[K];
[4.456s]       |                  [01;35m[K^[m[K
[4.491s] [01m[K/home/incubus/mars_ros2/src/rplidar_ros2/src/node.cpp:[m[K In function ‘[01m[Kbool stop_motor(std::shared_ptr<std_srvs::srv::Empty_Request_<std::allocator<void> > >, std::shared_ptr<std_srvs::srv::Empty_Response_<std::allocator<void> > >)[m[K’:
[4.492s] [01m[K/home/incubus/mars_ros2/src/rplidar_ros2/src/node.cpp:166:70:[m[K [01;35m[Kwarning: [m[Kunused parameter ‘[01m[Kreq[m[K’ [[01;35m[K-Wunused-parameter[m[K]
[4.492s]   166 | bool stop_motor([01;35m[Kconst std::shared_ptr<std_srvs::srv::Empty::Request> req[m[K,
[4.492s]       |                 [01;35m[K~~~~~~~~~~~~~~~~~~~~~~~~~~~~~~~~~~~~~~~~~~~~~~~~~~~~~^~~[m[K
[4.492s] [01m[K/home/incubus/mars_ros2/src/rplidar_ros2/src/node.cpp:167:65:[m[K [01;35m[Kwarning: [m[Kunused parameter ‘[01m[Kres[m[K’ [[01;35m[K-Wunused-parameter[m[K]
[4.492s]   167 |                 [01;35m[Kstd::shared_ptr<std_srvs::srv::Empty::Response> res[m[K)
[4.493s]       |                 [01;35m[K~~~~~~~~~~~~~~~~~~~~~~~~~~~~~~~~~~~~~~~~~~~~~~~~^~~[m[K
[4.494s] [01m[K/home/incubus/mars_ros2/src/rplidar_ros2/src/node.cpp:[m[K In function ‘[01m[Kbool start_motor(std::shared_ptr<std_srvs::srv::Empty_Request_<std::allocator<void> > >, std::shared_ptr<std_srvs::srv::Empty_Response_<std::allocator<void> > >)[m[K’:
[4.494s] [01m[K/home/incubus/mars_ros2/src/rplidar_ros2/src/node.cpp:178:71:[m[K [01;35m[Kwarning: [m[Kunused parameter ‘[01m[Kreq[m[K’ [[01;35m[K-Wunused-parameter[m[K]
[4.494s]   178 | bool start_motor([01;35m[Kconst std::shared_ptr<std_srvs::srv::Empty::Request> req[m[K,
[4.494s]       |                  [01;35m[K~~~~~~~~~~~~~~~~~~~~~~~~~~~~~~~~~~~~~~~~~~~~~~~~~~~~~^~~[m[K
[4.495s] [01m[K/home/incubus/mars_ros2/src/rplidar_ros2/src/node.cpp:179:66:[m[K [01;35m[Kwarning: [m[Kunused parameter ‘[01m[Kres[m[K’ [[01;35m[K-Wunused-parameter[m[K]
[4.495s]   179 |                  [01;35m[Kstd::shared_ptr<std_srvs::srv::Empty::Response> res[m[K)
[4.495s]       |                  [01;35m[K~~~~~~~~~~~~~~~~~~~~~~~~~~~~~~~~~~~~~~~~~~~~~~~~^~~[m[K
[4.540s] [01m[K/home/incubus/mars_ros2/src/rplidar_ros2/src/node.cpp:[m[K In function ‘[01m[Kint main(int, char**)[m[K’:
[4.540s] [01m[K/home/incubus/mars_ros2/src/rplidar_ros2/src/node.cpp:356:60:[m[K [01;35m[Kwarning: [m[KISO C++ forbids variable length array ‘[01m[Kangle_compensate_nodes[m[K’ [[01;35m[K-Wvla[m[K]
[4.540s]   356 |                     rplidar_response_measurement_node_hq_t [01;35m[Kangle_compensate_nodes[m[K[angle_compensate_nodes_count];
[4.540s]       |                                                            [01;35m[K^~~~~~~~~~~~~~~~~~~~~~[m[K
[4.540s] [01m[K/home/incubus/mars_ros2/src/rplidar_ros2/src/node.cpp:360:30:[m[K [01;35m[Kwarning: [m[Kcomparison of integer expressions of different signedness: ‘[01m[Kint[m[K’ and ‘[01m[Ksize_t[m[K’ {aka ‘[01m[Klong unsigned int[m[K’} [[01;35m[K-Wsign-compare[m[K]
[4.541s]   360 |                     for( ; [01;35m[Ki < count[m[K; i++ ) {
[4.541s]       |                            [01;35m[K~~^~~~~~~[m[K
[4.547s] In file included from [01m[K/home/incubus/mars_ros2/src/rplidar_ros2/./sdk/include/rplidar.h:39[m[K,
[4.547s]                  from [01m[K/home/incubus/mars_ros2/src/rplidar_ros2/include/rplidar_node.hpp:41[m[K,
[4.547s]                  from [01m[K/home/incubus/mars_ros2/src/rplidar_ros2/src/rplidar_node.cpp:36[m[K:
[4.548s] [01m[K/home/incubus/mars_ros2/src/rplidar_ros2/./sdk/include/rplidar_protocol.h:59:14:[m[K [01;35m[Kwarning: [m[KISO C++ forbids zero-size array ‘[01m[Kdata[m[K’ [[01;35m[K-Wpedantic[m[K]
[4.548s]    59 |     _u8 data[[01;35m[K0[m[K];
[4.548s]       |              [01;35m[K^[m[K
[4.548s] In file included from [01m[K/home/incubus/mars_ros2/src/rplidar_ros2/./sdk/include/rplidar.h:40[m[K,
[4.549s]                  from [01m[K/home/incubus/mars_ros2/src/rplidar_ros2/include/rplidar_node.hpp:41[m[K,
[4.549s]                  from [01m[K/home/incubus/mars_ros2/src/rplidar_ros2/src/rplidar_node.cpp:36[m[K:
[4.549s] [01m[K/home/incubus/mars_ros2/src/rplidar_ros2/./sdk/include/rplidar_cmd.h:260:18:[m[K [01;35m[Kwarning: [m[KISO C++ forbids zero-size array ‘[01m[Kpayload[m[K’ [[01;35m[K-Wpedantic[m[K]
[4.549s]   260 |     _u8  payload[[01;35m[K0[m[K];
[4.549s]       |                  [01;35m[K^[m[K
[4.679s] [01m[K/home/incubus/mars_ros2/src/rplidar_ros2/src/rplidar_node.cpp:[m[K In member function ‘[01m[Kvoid rplidar_ros::rplidar_node::stop_motor({anonymous}::EmptyRequest, {anonymous}::EmptyResponse)[m[K’:
[4.679s] [01m[K/home/incubus/mars_ros2/src/rplidar_ros2/src/rplidar_node.cpp:245:50:[m[K [01;35m[Kwarning: [m[Kunused parameter ‘[01m[Kreq[m[K’ [[01;35m[K-Wunused-parameter[m[K]
[4.679s]   245 | void rplidar_node::stop_motor([01;35m[Kconst EmptyRequest req[m[K, EmptyResponse res)
[4.679s]       |                               [01;35m[K~~~~~~~~~~~~~~~~~~~^~~[m[K
[4.679s] [01m[K/home/incubus/mars_ros2/src/rplidar_ros2/src/rplidar_node.cpp:245:69:[m[K [01;35m[Kwarning: [m[Kunused parameter ‘[01m[Kres[m[K’ [[01;35m[K-Wunused-parameter[m[K]
[4.680s]   245 | void rplidar_node::stop_motor(const EmptyRequest req, [01;35m[KEmptyResponse res[m[K)
[4.680s]       |                                                       [01;35m[K~~~~~~~~~~~~~~^~~[m[K
[4.680s] [01m[K/home/incubus/mars_ros2/src/rplidar_ros2/src/rplidar_node.cpp:[m[K In member function ‘[01m[Kvoid rplidar_ros::rplidar_node::start_motor({anonymous}::EmptyRequest, {anonymous}::EmptyResponse)[m[K’:
[4.680s] [01m[K/home/incubus/mars_ros2/src/rplidar_ros2/src/rplidar_node.cpp:256:51:[m[K [01;35m[Kwarning: [m[Kunused parameter ‘[01m[Kreq[m[K’ [[01;35m[K-Wunused-parameter[m[K]
[4.680s]   256 | void rplidar_node::start_motor([01;35m[Kconst EmptyRequest req[m[K, EmptyResponse res)
[4.680s]       |                                [01;35m[K~~~~~~~~~~~~~~~~~~~^~~[m[K
[4.680s] [01m[K/home/incubus/mars_ros2/src/rplidar_ros2/src/rplidar_node.cpp:256:70:[m[K [01;35m[Kwarning: [m[Kunused parameter ‘[01m[Kres[m[K’ [[01;35m[K-Wunused-parameter[m[K]
[4.681s]   256 | void rplidar_node::start_motor(const EmptyRequest req, [01;35m[KEmptyResponse res[m[K)
[4.681s]       |                                                        [01;35m[K~~~~~~~~~~~~~~^~~[m[K
[4.690s] [01m[K/home/incubus/mars_ros2/src/rplidar_ros2/src/rplidar_node.cpp:[m[K In member function ‘[01m[Kvoid rplidar_ros::rplidar_node::publish_loop()[m[K’:
[4.690s] [01m[K/home/incubus/mars_ros2/src/rplidar_ros2/src/rplidar_node.cpp:343:46:[m[K [01;35m[Kwarning: [m[KISO C++ forbids variable length array ‘[01m[Kangle_compensate_nodes[m[K’ [[01;35m[K-Wvla[m[K]
[4.690s]   343 |       rplidar_response_measurement_node_hq_t [01;35m[Kangle_compensate_nodes[m[K[angle_compensate_nodes_count];
[4.691s]       |                                              [01;35m[K^~~~~~~~~~~~~~~~~~~~~~[m[K
[4.691s] [01m[K/home/incubus/mars_ros2/src/rplidar_ros2/src/rplidar_node.cpp:353:25:[m[K [01;35m[Kwarning: [m[Kcomparison of integer expressions of different signedness: ‘[01m[Ksize_t[m[K’ {aka ‘[01m[Klong unsigned int[m[K’} and ‘[01m[Kint[m[K’ [[01;35m[K-Wsign-compare[m[K]
[4.691s]   353 |           for (j = 0; [01;35m[Kj < m_angle_compensate_multiple[m[K; j++) {
[4.691s]       |                       [01;35m[K~~^~~~~~~~~~~~~~~~~~~~~~~~~~~~~[m[K
[4.692s] [01m[K/home/incubus/mars_ros2/src/rplidar_ros2/src/rplidar_node.cpp:374:44:[m[K [01;35m[Kwarning: [m[Kcomparison of integer expressions of different signedness: ‘[01m[Ksize_t[m[K’ {aka ‘[01m[Klong unsigned int[m[K’} and ‘[01m[Kint[m[K’ [[01;35m[K-Wsign-compare[m[K]
[4.692s]   374 |       for (size_t x = start_node, y = 0; [01;35m[Kx < end_node[m[K; ++x, ++y) {
[4.692s]       |                                          [01;35m[K~~^~~~~~~~~~[m[K
[4.692s] [01m[K/home/incubus/mars_ros2/src/rplidar_ros2/src/rplidar_node.cpp:381:11:[m[K [01;35m[Kwarning: [m[Kunused variable ‘[01m[Kangle_min[m[K’ [[01;35m[K-Wunused-variable[m[K]
[4.693s]   381 |     float [01;35m[Kangle_min[m[K = deg_2_rad(0.0f);
[4.693s]       |           [01;35m[K^~~~~~~~~[m[K
[4.693s] [01m[K/home/incubus/mars_ros2/src/rplidar_ros2/src/rplidar_node.cpp:382:11:[m[K [01;35m[Kwarning: [m[Kunused variable ‘[01m[Kangle_max[m[K’ [[01;35m[K-Wunused-variable[m[K]
[4.693s]   382 |     float [01;35m[Kangle_max[m[K = deg_2_rad(359.0f);
[4.693s]       |           [01;35m[K^~~~~~~~~[m[K
[4.906s] In file included from [01m[K/home/incubus/mars_ros2/src/rplidar_ros2/./sdk/include/rplidar.h:39[m[K,
[4.906s]                  from [01m[K/home/incubus/mars_ros2/src/rplidar_ros2/./sdk/src/sdkcommon.h:48[m[K,
[4.906s]                  from [01m[K/home/incubus/mars_ros2/src/rplidar_ros2/sdk/src/hal/thread.cpp:35[m[K:
[4.906s] [01m[K/home/incubus/mars_ros2/src/rplidar_ros2/./sdk/include/rplidar_protocol.h:59:14:[m[K [01;35m[Kwarning: [m[KISO C++ forbids zero-size array ‘[01m[Kdata[m[K’ [[01;35m[K-Wpedantic[m[K]
[4.906s]    59 |     _u8 data[[01;35m[K0[m[K];
[4.906s]       |              [01;35m[K^[m[K
[4.907s] In file included from [01m[K/home/incubus/mars_ros2/src/rplidar_ros2/./sdk/include/rplidar.h:40[m[K,
[4.907s]                  from [01m[K/home/incubus/mars_ros2/src/rplidar_ros2/./sdk/src/sdkcommon.h:48[m[K,
[4.907s]                  from [01m[K/home/incubus/mars_ros2/src/rplidar_ros2/sdk/src/hal/thread.cpp:35[m[K:
[4.907s] [01m[K/home/incubus/mars_ros2/src/rplidar_ros2/./sdk/include/rplidar_cmd.h:260:18:[m[K [01;35m[Kwarning: [m[KISO C++ forbids zero-size array ‘[01m[Kpayload[m[K’ [[01;35m[K-Wpedantic[m[K]
[4.907s]   260 |     _u8  payload[[01;35m[K0[m[K];
[4.907s]       |                  [01;35m[K^[m[K
[4.909s] In file included from [01m[K/home/incubus/mars_ros2/src/rplidar_ros2/sdk/src/hal/thread.cpp:43[m[K:
[4.909s] [01m[K/home/incubus/mars_ros2/src/rplidar_ros2/./sdk/src/arch/linux/thread.hpp:[m[K In static member function ‘[01m[Kstatic rp::hal::Thread rp::hal::Thread::create(thread_proc_t, void*)[m[K’:
[4.910s] [01m[K/home/incubus/mars_ros2/src/rplidar_ros2/./sdk/src/arch/linux/thread.hpp:48:77:[m[K [01;35m[Kwarning: [m[Kcast between incompatible function types from ‘[01m[Kthread_proc_t[m[K’ {aka ‘[01m[Klong unsigned int (*)(void*)[m[K’} to ‘[01m[Kvoid* (*)(void*)[m[K’ [[01;35m[K-Wcast-function-type[m[K]
[4.910s]    48 |     pthread_create((pthread_t *)&newborn._handle, NULL, (void * (*)(void *))[01;35m[Kproc[m[K, data);
[4.910s]       |                                                                             [01;35m[K^~~~[m[K
[4.910s] [01m[K/home/incubus/mars_ros2/src/rplidar_ros2/./sdk/src/arch/linux/thread.hpp:[m[K In member function ‘[01m[Ku_result rp::hal::Thread::join(long unsigned int)[m[K’:
[4.910s] [01m[K/home/incubus/mars_ros2/src/rplidar_ros2/./sdk/src/arch/linux/thread.hpp:129:37:[m[K [01;35m[Kwarning: [m[Kunused parameter ‘[01m[Ktimeout[m[K’ [[01;35m[K-Wunused-parameter[m[K]
[4.910s]   129 | u_result Thread::join([01;35m[Kunsigned long timeout[m[K)
[4.911s]       |                       [01;35m[K~~~~~~~~~~~~~~^~~~~~~[m[K
[5.069s] [ 44%] [32mBuilding CXX object CMakeFiles/rplidar_composition_node.dir/sdk/src/rplidar_driver.cpp.o[0m
[5.629s] In file included from [01m[K/home/incubus/mars_ros2/src/rplidar_ros2/./sdk/include/rplidar.h:39[m[K,
[5.629s]                  from [01m[K/home/incubus/mars_ros2/src/rplidar_ros2/sdk/src/sdkcommon.h:48[m[K,
[5.629s]                  from [01m[K/home/incubus/mars_ros2/src/rplidar_ros2/sdk/src/rplidar_driver.cpp:35[m[K:
[5.630s] [01m[K/home/incubus/mars_ros2/src/rplidar_ros2/./sdk/include/rplidar_protocol.h:59:14:[m[K [01;35m[Kwarning: [m[KISO C++ forbids zero-size array ‘[01m[Kdata[m[K’ [[01;35m[K-Wpedantic[m[K]
[5.630s]    59 |     _u8 data[[01;35m[K0[m[K];
[5.630s]       |              [01;35m[K^[m[K
[5.630s] In file included from [01m[K/home/incubus/mars_ros2/src/rplidar_ros2/./sdk/include/rplidar.h:40[m[K,
[5.630s]                  from [01m[K/home/incubus/mars_ros2/src/rplidar_ros2/sdk/src/sdkcommon.h:48[m[K,
[5.631s]                  from [01m[K/home/incubus/mars_ros2/src/rplidar_ros2/sdk/src/rplidar_driver.cpp:35[m[K:
[5.631s] [01m[K/home/incubus/mars_ros2/src/rplidar_ros2/./sdk/include/rplidar_cmd.h:260:18:[m[K [01;35m[Kwarning: [m[KISO C++ forbids zero-size array ‘[01m[Kpayload[m[K’ [[01;35m[K-Wpedantic[m[K]
[5.631s]   260 |     _u8  payload[[01;35m[K0[m[K];
[5.631s]       |                  [01;35m[K^[m[K
[5.863s] [01m[K/home/incubus/mars_ros2/src/rplidar_ros2/sdk/src/rplidar_driver.cpp:[m[K In member function ‘[01m[Kvirtual u_result rp::standalone::rplidar::RPlidarDriverImplCommon::reset(_u32)[m[K’:
[5.863s] [01m[K/home/incubus/mars_ros2/src/rplidar_ros2/sdk/src/rplidar_driver.cpp:121:46:[m[K [01;35m[Kwarning: [m[Kunused parameter ‘[01m[Ktimeout[m[K’ [[01;35m[K-Wunused-parameter[m[K]
[5.863s]   121 | u_result RPlidarDriverImplCommon::reset([01;35m[K_u32 timeout[m[K)
[5.863s]       |                                         [01;35m[K~~~~~^~~~~~~[m[K
[5.865s] [01m[K/home/incubus/mars_ros2/src/rplidar_ros2/sdk/src/rplidar_driver.cpp:[m[K In member function ‘[01m[Kvirtual u_result rp::standalone::rplidar::RPlidarDriverImplCommon::checkIfTofLidar(bool&, _u32)[m[K’:
[5.865s] [01m[K/home/incubus/mars_ros2/src/rplidar_ros2/sdk/src/rplidar_driver.cpp:274:75:[m[K [01;35m[Kwarning: [m[Kunused parameter ‘[01m[Ktimeout[m[K’ [[01;35m[K-Wunused-parameter[m[K]
[5.865s]   274 | u_result RPlidarDriverImplCommon::checkIfTofLidar(bool & isTofLidar, [01;35m[K_u32 timeout[m[K)
[5.865s]       |                                                                      [01;35m[K~~~~~^~~~~~~[m[K
[5.874s] [01m[K/home/incubus/mars_ros2/src/rplidar_ros2/sdk/src/rplidar_driver.cpp:[m[K In member function ‘[01m[Kvirtual void rp::standalone::rplidar::RPlidarDriverImplCommon::_dense_capsuleToNormal(const rplidar_response_capsule_measurement_nodes_t&, rplidar_response_measurement_node_hq_t*, size_t&)[m[K’:
[5.874s] [01m[K/home/incubus/mars_ros2/src/rplidar_ros2/sdk/src/rplidar_driver.cpp:872:108:[m[K [01;35m[Kwarning: [m[Ktype qualifiers ignored on cast result type [[01;35m[K-Wignored-qualifiers[m[K]
[5.874s]   872 |             const int dist = static_cast<const int>(_cached_previous_dense_capsuledata.cabins[pos].distance[01;35m[K)[m[K;
[5.875s]       |                                                                                                            [01;35m[K^[m[K
[5.876s] [01m[K/home/incubus/mars_ros2/src/rplidar_ros2/sdk/src/rplidar_driver.cpp:[m[K In function ‘[01m[K_u32 rp::standalone::rplidar::_crc32cal(_u32, void*, _u16)[m[K’:
[5.877s] [01m[K/home/incubus/mars_ros2/src/rplidar_ros2/sdk/src/rplidar_driver.cpp:996:23:[m[K [01;35m[Kwarning: [m[Ksuggest parentheses around ‘[01m[K-[m[K’ in operand of ‘[01m[K&[m[K’ [[01;35m[K-Wparentheses[m[K]
[5.877s]   996 |     _u8 leftBytes = [01;35m[K4 - len[m[K & 0x3;
[5.877s]       |                     [01;35m[K~~^~~~~[m[K
[5.879s] [01m[K/home/incubus/mars_ros2/src/rplidar_ros2/sdk/src/rplidar_driver.cpp:[m[K In member function ‘[01m[Kvirtual void rp::standalone::rplidar::RPlidarDriverImplCommon::_ultraCapsuleToNormal(const rplidar_response_ultra_capsule_measurement_nodes_t&, rplidar_response_measurement_node_hq_t*, size_t&)[m[K’:
[5.879s] [01m[K/home/incubus/mars_ros2/src/rplidar_ros2/sdk/src/rplidar_driver.cpp:1207:32:[m[K [01;35m[Kwarning: [m[Kcomparison of integer expressions of different signedness: ‘[01m[Kint[m[K’ and ‘[01m[Kunsigned int[m[K’ [[01;35m[K-Wsign-compare[m[K]
[5.880s]  1207 |             if (([01;35m[Kdist_predict1 == 0xFFFFFE00[m[K) || (dist_predict1 == 0x1FF)) {
[5.880s]       |                  [01;35m[K~~~~~~~~~~~~~~^~~~~~~~~~~~~[m[K
[5.880s] [01m[K/home/incubus/mars_ros2/src/rplidar_ros2/sdk/src/rplidar_driver.cpp:1215:32:[m[K [01;35m[Kwarning: [m[Kcomparison of integer expressions of different signedness: ‘[01m[Kint[m[K’ and ‘[01m[Kunsigned int[m[K’ [[01;35m[K-Wsign-compare[m[K]
[5.880s]  1215 |             if (([01;35m[Kdist_predict2 == 0xFFFFFE00[m[K) || (dist_predict2 == 0x1FF)) {
[5.880s]       |                  [01;35m[K~~~~~~~~~~~~~~^~~~~~~~~~~~~[m[K
[5.890s] [01m[K/home/incubus/mars_ros2/src/rplidar_ros2/sdk/src/rplidar_driver.cpp:[m[K In member function ‘[01m[Kvirtual u_result rp::standalone::rplidar::RPlidarDriverImplCommon::getAllSupportedScanModes(std::vector<rp::standalone::rplidar::RplidarScanMode>&, _u32)[m[K’:
[5.890s] [01m[K/home/incubus/mars_ros2/src/rplidar_ros2/sdk/src/rplidar_driver.cpp:1453:105:[m[K [01;35m[Kwarning: [m[Kunused parameter ‘[01m[KtimeoutInMs[m[K’ [[01;35m[K-Wunused-parameter[m[K]
[5.890s]  1453 | u_result RPlidarDriverImplCommon::getAllSupportedScanModes(std::vector<RplidarScanMode>& outModes, [01;35m[K_u32 timeoutInMs[m[K)
[5.890s]       |                                                                                                    [01;35m[K~~~~~^~~~~~~~~~~[m[K
[5.891s] [01m[K/home/incubus/mars_ros2/src/rplidar_ros2/sdk/src/rplidar_driver.cpp:[m[K In member function ‘[01m[Kvirtual u_result rp::standalone::rplidar::RPlidarDriverImplCommon::startScan(bool, bool, _u32, rp::standalone::rplidar::RplidarScanMode*)[m[K’:
[5.891s] [01m[K/home/incubus/mars_ros2/src/rplidar_ros2/sdk/src/rplidar_driver.cpp:1550:83:[m[K [01;35m[Kwarning: [m[Kunused parameter ‘[01m[Koptions[m[K’ [[01;35m[K-Wunused-parameter[m[K]
[5.891s]  1550 | u_result RPlidarDriverImplCommon::startScan(bool force, bool useTypicalScan, [01;35m[K_u32 options[m[K, RplidarScanMode* outUsedScanMode)
[5.892s]       |                                                                              [01;35m[K~~~~~^~~~~~~[m[K
[5.894s] [01m[K/home/incubus/mars_ros2/src/rplidar_ros2/sdk/src/rplidar_driver.cpp:[m[K In member function ‘[01m[Kvirtual u_result rp::standalone::rplidar::RPlidarDriverImplCommon::stop(_u32)[m[K’:
[5.894s] [01m[K/home/incubus/mars_ros2/src/rplidar_ros2/sdk/src/rplidar_driver.cpp:1774:45:[m[K [01;35m[Kwarning: [m[Kunused parameter ‘[01m[Ktimeout[m[K’ [[01;35m[K-Wunused-parameter[m[K]
[5.894s]  1774 | u_result RPlidarDriverImplCommon::stop([01;35m[K_u32 timeout[m[K)
[5.894s]       |                                        [01;35m[K~~~~~^~~~~~~[m[K
[5.900s] [01m[K/home/incubus/mars_ros2/src/rplidar_ros2/sdk/src/rplidar_driver.cpp:[m[K In member function ‘[01m[Kvirtual u_result rp::standalone::rplidar::RPlidarDriverImplCommon::setLidarSpinSpeed(_u16, _u32)[m[K’:
[5.900s] [01m[K/home/incubus/mars_ros2/src/rplidar_ros2/sdk/src/rplidar_driver.cpp:2162:68:[m[K [01;35m[Kwarning: [m[Kunused parameter ‘[01m[Ktimeout[m[K’ [[01;35m[K-Wunused-parameter[m[K]
[5.900s]  2162 | u_result RPlidarDriverImplCommon::setLidarSpinSpeed(_u16 rpm, [01;35m[K_u32 timeout[m[K)
[5.900s]       |                                                               [01;35m[K~~~~~^~~~~~~[m[K
[5.901s] [01m[K/home/incubus/mars_ros2/src/rplidar_ros2/sdk/src/rplidar_driver.cpp:[m[K In member function ‘[01m[Kvirtual u_result rp::standalone::rplidar::RPlidarDriverSerial::connect(const char*, _u32, _u32)[m[K’:
[5.902s] [01m[K/home/incubus/mars_ros2/src/rplidar_ros2/sdk/src/rplidar_driver.cpp:2240:83:[m[K [01;35m[Kwarning: [m[Kunused parameter ‘[01m[Kflag[m[K’ [[01;35m[K-Wunused-parameter[m[K]
[5.902s]  2240 | u_result RPlidarDriverSerial::connect(const char * port_path, _u32 baudrate, [01;35m[K_u32 flag[m[K)
[5.902s]       |                                                                              [01;35m[K~~~~~^~~~[m[K
[5.902s] [01m[K/home/incubus/mars_ros2/src/rplidar_ros2/sdk/src/rplidar_driver.cpp:[m[K In member function ‘[01m[Kvirtual u_result rp::standalone::rplidar::RPlidarDriverTCP::connect(const char*, _u32, _u32)[m[K’:
[5.902s] [01m[K/home/incubus/mars_ros2/src/rplidar_ros2/sdk/src/rplidar_driver.cpp:2282:72:[m[K [01;35m[Kwarning: [m[Kunused parameter ‘[01m[Kflag[m[K’ [[01;35m[K-Wunused-parameter[m[K]
[5.903s]  2282 | u_result RPlidarDriverTCP::connect(const char * ipStr, _u32 port, [01;35m[K_u32 flag[m[K)
[5.903s]       |                                                                   [01;35m[K~~~~~^~~~[m[K
[6.493s] [ 50%] [32mBuilding CXX object CMakeFiles/rplidarNode.dir/sdk/src/arch/linux/net_serial.cpp.o[0m
[7.274s] [01m[K/home/incubus/mars_ros2/src/rplidar_ros2/sdk/src/arch/linux/net_serial.cpp:[m[K In member function ‘[01m[Kbool rp::arch::net::raw_serial::open(const char*, uint32_t, uint32_t)[m[K’:
[7.274s] [01m[K/home/incubus/mars_ros2/src/rplidar_ros2/sdk/src/arch/linux/net_serial.cpp:97:74:[m[K [01;35m[Kwarning: [m[Kunused parameter ‘[01m[Kflags[m[K’ [[01;35m[K-Wunused-parameter[m[K]
[7.274s]    97 | bool raw_serial::open(const char * portname, uint32_t baudrate, [01;35m[Kuint32_t flags[m[K)
[7.274s]       |                                                                 [01;35m[K~~~~~~~~~^~~~~[m[K
[7.274s] [01m[K/home/incubus/mars_ros2/src/rplidar_ros2/sdk/src/arch/linux/net_serial.cpp:[m[K In member function ‘[01m[Kvirtual void rp::arch::net::raw_serial::flush(_u32)[m[K’:
[7.275s] [01m[K/home/incubus/mars_ros2/src/rplidar_ros2/sdk/src/arch/linux/net_serial.cpp:281:30:[m[K [01;35m[Kwarning: [m[Kunused parameter ‘[01m[Kflags[m[K’ [[01;35m[K-Wunused-parameter[m[K]
[7.275s]   281 | void raw_serial::flush( [01;35m[K_u32 flags[m[K)
[7.275s]       |                         [01;35m[K~~~~~^~~~~[m[K
[7.275s] [01m[K/home/incubus/mars_ros2/src/rplidar_ros2/sdk/src/arch/linux/net_serial.cpp:[m[K In member function ‘[01m[Kvirtual int rp::arch::net::raw_serial::waitforsent(_u32, size_t*)[m[K’:
[7.275s] [01m[K/home/incubus/mars_ros2/src/rplidar_ros2/sdk/src/arch/linux/net_serial.cpp:286:34:[m[K [01;35m[Kwarning: [m[Kunused parameter ‘[01m[Ktimeout[m[K’ [[01;35m[K-Wunused-parameter[m[K]
[7.275s]   286 | int raw_serial::waitforsent([01;35m[K_u32 timeout[m[K, size_t * returned_size)
[7.275s]       |                             [01;35m[K~~~~~^~~~~~~[m[K
[7.275s] [01m[K/home/incubus/mars_ros2/src/rplidar_ros2/sdk/src/arch/linux/net_serial.cpp:[m[K In member function ‘[01m[Kvirtual int rp::arch::net::raw_serial::waitforrecv(_u32, size_t*)[m[K’:
[7.276s] [01m[K/home/incubus/mars_ros2/src/rplidar_ros2/sdk/src/arch/linux/net_serial.cpp:292:34:[m[K [01;35m[Kwarning: [m[Kunused parameter ‘[01m[Ktimeout[m[K’ [[01;35m[K-Wunused-parameter[m[K]
[7.276s]   292 | int raw_serial::waitforrecv([01;35m[K_u32 timeout[m[K, size_t * returned_size)
[7.276s]       |                             [01;35m[K~~~~~^~~~~~~[m[K
[7.471s] [ 55%] [32mBuilding CXX object CMakeFiles/rplidarNode.dir/sdk/src/arch/linux/net_socket.cpp.o[0m
[8.049s] [ 61%] [32mBuilding CXX object CMakeFiles/rplidarNode.dir/sdk/src/arch/linux/timer.cpp.o[0m
[8.055s] In file included from [01m[K/home/incubus/mars_ros2/src/rplidar_ros2/./sdk/include/rplidar.h:39[m[K,
[8.055s]                  from [01m[K/home/incubus/mars_ros2/src/rplidar_ros2/./sdk/src/sdkcommon.h:48[m[K,
[8.055s]                  from [01m[K/home/incubus/mars_ros2/src/rplidar_ros2/sdk/src/arch/linux/net_socket.cpp:10[m[K:
[8.055s] [01m[K/home/incubus/mars_ros2/src/rplidar_ros2/./sdk/include/rplidar_protocol.h:59:14:[m[K [01;35m[Kwarning: [m[KISO C++ forbids zero-size array ‘[01m[Kdata[m[K’ [[01;35m[K-Wpedantic[m[K]
[8.055s]    59 |     _u8 data[[01;35m[K0[m[K];
[8.055s]       |              [01;35m[K^[m[K
[8.056s] In file included from [01m[K/home/incubus/mars_ros2/src/rplidar_ros2/./sdk/include/rplidar.h:40[m[K,
[8.056s]                  from [01m[K/home/incubus/mars_ros2/src/rplidar_ros2/./sdk/src/sdkcommon.h:48[m[K,
[8.056s]                  from [01m[K/home/incubus/mars_ros2/src/rplidar_ros2/sdk/src/arch/linux/net_socket.cpp:10[m[K:
[8.056s] [01m[K/home/incubus/mars_ros2/src/rplidar_ros2/./sdk/include/rplidar_cmd.h:260:18:[m[K [01;35m[Kwarning: [m[KISO C++ forbids zero-size array ‘[01m[Kpayload[m[K’ [[01;35m[K-Wpedantic[m[K]
[8.056s]   260 |     _u8  payload[[01;35m[K0[m[K];
[8.056s]       |                  [01;35m[K^[m[K
[8.070s] [01m[K/home/incubus/mars_ros2/src/rplidar_ros2/sdk/src/arch/linux/net_socket.cpp:[m[K In member function ‘[01m[Kvirtual u_result rp::net::SocketAddress::getAddressAsString(char*, size_t) const[m[K’:
[8.070s] [01m[K/home/incubus/mars_ros2/src/rplidar_ros2/sdk/src/arch/linux/net_socket.cpp:170:17:[m[K [01;35m[Kwarning: [m[Kordered comparison of pointer with integer zero [[01;35m[K-Wextra[m[K]
[8.070s]   170 |     return ans<=[01;35m[K0[m[K?RESULT_OPERATION_FAIL:RESULT_OK;
[8.070s]       |                 [01;35m[K^[m[K
[8.079s] [01m[K/home/incubus/mars_ros2/src/rplidar_ros2/sdk/src/arch/linux/net_socket.cpp:[m[K In member function ‘[01m[Kvirtual u_result rp::arch::net::StreamSocketImpl::send(const void*, size_t)[m[K’:
[8.079s] [01m[K/home/incubus/mars_ros2/src/rplidar_ros2/sdk/src/arch/linux/net_socket.cpp:438:17:[m[K [01;35m[Kwarning: [m[Kcomparison of integer expressions of different signedness: ‘[01m[Ksize_t[m[K’ {aka ‘[01m[Klong unsigned int[m[K’} and ‘[01m[Kint[m[K’ [[01;35m[K-Wsign-compare[m[K]
[8.079s]   438 |         if ([01;35m[Kans == (int)len[m[K) {
[8.079s]       |             [01;35m[K~~~~^~~~~~~~~~~[m[K
[8.084s] In file included from [01m[K/home/incubus/mars_ros2/src/rplidar_ros2/./sdk/src/arch/linux/arch_linux.h:42[m[K,
[8.084s]                  from [01m[K/home/incubus/mars_ros2/src/rplidar_ros2/./sdk/src/sdkcommon.h:40[m[K,
[8.085s]                  from [01m[K/home/incubus/mars_ros2/src/rplidar_ros2/sdk/src/arch/linux/net_socket.cpp:10[m[K:
[8.085s] [01m[K/home/incubus/mars_ros2/src/rplidar_ros2/sdk/src/arch/linux/net_socket.cpp:[m[K In member function ‘[01m[Kvirtual u_result rp::arch::net::DGramSocketImpl::sendTo(const rp::net::SocketAddress&, const void*, size_t)[m[K’:
[8.085s] [01m[K/home/incubus/mars_ros2/src/rplidar_ros2/sdk/src/arch/linux/net_socket.cpp:726:24:[m[K [01;35m[Kwarning: [m[Kcomparison of integer expressions of different signedness: ‘[01m[Ksize_t[m[K’ {aka ‘[01m[Klong unsigned int[m[K’} and ‘[01m[Kint[m[K’ [[01;35m[K-Wsign-compare[m[K]
[8.085s]   726 |             assert([01;35m[Kans == (int)len[m[K);
[8.085s]       |                    [01;35m[K~~~~^~~~~~~~~~~[m[K
[8.373s] [ 66%] [32mBuilding CXX object CMakeFiles/rplidarNode.dir/sdk/src/hal/thread.cpp.o[0m
[8.673s] [ 72%] [32m[1mLinking CXX shared library librplidar_composition_node.so[0m
[8.724s] [ 77%] [32mBuilding CXX object CMakeFiles/rplidarNode.dir/sdk/src/rplidar_driver.cpp.o[0m
[8.913s] In file included from [01m[K/home/incubus/mars_ros2/src/rplidar_ros2/./sdk/include/rplidar.h:39[m[K,
[8.913s]                  from [01m[K/home/incubus/mars_ros2/src/rplidar_ros2/./sdk/src/sdkcommon.h:48[m[K,
[8.913s]                  from [01m[K/home/incubus/mars_ros2/src/rplidar_ros2/sdk/src/hal/thread.cpp:35[m[K:
[8.914s] [01m[K/home/incubus/mars_ros2/src/rplidar_ros2/./sdk/include/rplidar_protocol.h:59:14:[m[K [01;35m[Kwarning: [m[KISO C++ forbids zero-size array ‘[01m[Kdata[m[K’ [[01;35m[K-Wpedantic[m[K]
[8.914s]    59 |     _u8 data[[01;35m[K0[m[K];
[8.914s]       |              [01;35m[K^[m[K
[8.914s] In file included from [01m[K/home/incubus/mars_ros2/src/rplidar_ros2/./sdk/include/rplidar.h:40[m[K,
[8.914s]                  from [01m[K/home/incubus/mars_ros2/src/rplidar_ros2/./sdk/src/sdkcommon.h:48[m[K,
[8.914s]                  from [01m[K/home/incubus/mars_ros2/src/rplidar_ros2/sdk/src/hal/thread.cpp:35[m[K:
[8.914s] [01m[K/home/incubus/mars_ros2/src/rplidar_ros2/./sdk/include/rplidar_cmd.h:260:18:[m[K [01;35m[Kwarning: [m[KISO C++ forbids zero-size array ‘[01m[Kpayload[m[K’ [[01;35m[K-Wpedantic[m[K]
[8.914s]   260 |     _u8  payload[[01;35m[K0[m[K];
[8.915s]       |                  [01;35m[K^[m[K
[8.916s] In file included from [01m[K/home/incubus/mars_ros2/src/rplidar_ros2/sdk/src/hal/thread.cpp:43[m[K:
[8.917s] [01m[K/home/incubus/mars_ros2/src/rplidar_ros2/./sdk/src/arch/linux/thread.hpp:[m[K In static member function ‘[01m[Kstatic rp::hal::Thread rp::hal::Thread::create(thread_proc_t, void*)[m[K’:
[8.917s] [01m[K/home/incubus/mars_ros2/src/rplidar_ros2/./sdk/src/arch/linux/thread.hpp:48:77:[m[K [01;35m[Kwarning: [m[Kcast between incompatible function types from ‘[01m[Kthread_proc_t[m[K’ {aka ‘[01m[Klong unsigned int (*)(void*)[m[K’} to ‘[01m[Kvoid* (*)(void*)[m[K’ [[01;35m[K-Wcast-function-type[m[K]
[8.917s]    48 |     pthread_create((pthread_t *)&newborn._handle, NULL, (void * (*)(void *))[01;35m[Kproc[m[K, data);
[8.917s]       |                                                                             [01;35m[K^~~~[m[K
[8.917s] [01m[K/home/incubus/mars_ros2/src/rplidar_ros2/./sdk/src/arch/linux/thread.hpp:[m[K In member function ‘[01m[Ku_result rp::hal::Thread::join(long unsigned int)[m[K’:
[8.918s] [01m[K/home/incubus/mars_ros2/src/rplidar_ros2/./sdk/src/arch/linux/thread.hpp:129:37:[m[K [01;35m[Kwarning: [m[Kunused parameter ‘[01m[Ktimeout[m[K’ [[01;35m[K-Wunused-parameter[m[K]
[8.918s]   129 | u_result Thread::join([01;35m[Kunsigned long timeout[m[K)
[8.918s]       |                       [01;35m[K~~~~~~~~~~~~~~^~~~~~~[m[K
[9.061s] [ 77%] Built target rplidar_composition_node
[9.072s] [35m[1mScanning dependencies of target rplidar_composition[0m
[9.114s] [ 83%] [32mBuilding CXX object CMakeFiles/rplidar_composition.dir/src/standalone_rplidar.cpp.o[0m
[9.236s] In file included from [01m[K/home/incubus/mars_ros2/src/rplidar_ros2/src/standalone_rplidar.cpp:16[m[K:
[9.236s] [01m[K/home/incubus/mars_ros2/src/rplidar_ros2/include/rplidar_node.hpp:50:[m[K [01;35m[Kwarning: [m[K"M_PI" redefined
[9.236s]    50 | #define M_PI 3.1415926535897932384626433832795
[9.236s]       | 
[9.236s] In file included from [01m[K/usr/include/c++/9/cmath:45[m[K,
[9.237s]                  from [01m[K/opt/ros/foxy/include/libstatistics_collector/moving_average_statistics/types.hpp:18[m[K,
[9.237s]                  from [01m[K/opt/ros/foxy/include/libstatistics_collector/collector/generate_statistics_message.hpp:24[m[K,
[9.237s]                  from [01m[K/opt/ros/foxy/include/rclcpp/topic_statistics/subscription_topic_statistics.hpp:23[m[K,
[9.237s]                  from [01m[K/opt/ros/foxy/include/rclcpp/subscription.hpp:50[m[K,
[9.237s]                  from [01m[K/opt/ros/foxy/include/rclcpp/any_executable.hpp:25[m[K,
[9.237s]                  from [01m[K/opt/ros/foxy/include/rclcpp/memory_strategy.hpp:24[m[K,
[9.237s]                  from [01m[K/opt/ros/foxy/include/rclcpp/memory_strategies.hpp:18[m[K,
[9.237s]                  from [01m[K/opt/ros/foxy/include/rclcpp/executor_options.hpp:20[m[K,
[9.238s]                  from [01m[K/opt/ros/foxy/include/rclcpp/executor.hpp:33[m[K,
[9.238s]                  from [01m[K/opt/ros/foxy/include/rclcpp/executors/multi_threaded_executor.hpp:26[m[K,
[9.238s]                  from [01m[K/opt/ros/foxy/include/rclcpp/executors.hpp:21[m[K,
[9.238s]                  from [01m[K/opt/ros/foxy/include/rclcpp/rclcpp.hpp:146[m[K,
[9.238s]                  from [01m[K/home/incubus/mars_ros2/src/rplidar_ros2/include/rplidar_node.hpp:34[m[K,
[9.238s]                  from [01m[K/home/incubus/mars_ros2/src/rplidar_ros2/src/standalone_rplidar.cpp:16[m[K:
[9.238s] [01m[K/usr/include/math.h:1070:[m[K [01;36m[Knote: [m[Kthis is the location of the previous definition
[9.238s]  1070 | # define M_PI  3.14159265358979323846 /* pi */
[9.238s]       | 
[9.291s] In file included from [01m[K/home/incubus/mars_ros2/src/rplidar_ros2/./sdk/include/rplidar.h:39[m[K,
[9.291s]                  from [01m[K/home/incubus/mars_ros2/src/rplidar_ros2/sdk/src/sdkcommon.h:48[m[K,
[9.291s]                  from [01m[K/home/incubus/mars_ros2/src/rplidar_ros2/sdk/src/rplidar_driver.cpp:35[m[K:
[9.291s] [01m[K/home/incubus/mars_ros2/src/rplidar_ros2/./sdk/include/rplidar_protocol.h:59:14:[m[K [01;35m[Kwarning: [m[KISO C++ forbids zero-size array ‘[01m[Kdata[m[K’ [[01;35m[K-Wpedantic[m[K]
[9.291s]    59 |     _u8 data[[01;35m[K0[m[K];
[9.291s]       |              [01;35m[K^[m[K
[9.291s] In file included from [01m[K/home/incubus/mars_ros2/src/rplidar_ros2/./sdk/include/rplidar.h:40[m[K,
[9.291s]                  from [01m[K/home/incubus/mars_ros2/src/rplidar_ros2/sdk/src/sdkcommon.h:48[m[K,
[9.292s]                  from [01m[K/home/incubus/mars_ros2/src/rplidar_ros2/sdk/src/rplidar_driver.cpp:35[m[K:
[9.292s] [01m[K/home/incubus/mars_ros2/src/rplidar_ros2/./sdk/include/rplidar_cmd.h:260:18:[m[K [01;35m[Kwarning: [m[KISO C++ forbids zero-size array ‘[01m[Kpayload[m[K’ [[01;35m[K-Wpedantic[m[K]
[9.292s]   260 |     _u8  payload[[01;35m[K0[m[K];
[9.292s]       |                  [01;35m[K^[m[K
[9.516s] [01m[K/home/incubus/mars_ros2/src/rplidar_ros2/sdk/src/rplidar_driver.cpp:[m[K In member function ‘[01m[Kvirtual u_result rp::standalone::rplidar::RPlidarDriverImplCommon::reset(_u32)[m[K’:
[9.516s] [01m[K/home/incubus/mars_ros2/src/rplidar_ros2/sdk/src/rplidar_driver.cpp:121:46:[m[K [01;35m[Kwarning: [m[Kunused parameter ‘[01m[Ktimeout[m[K’ [[01;35m[K-Wunused-parameter[m[K]
[9.516s]   121 | u_result RPlidarDriverImplCommon::reset([01;35m[K_u32 timeout[m[K)
[9.516s]       |                                         [01;35m[K~~~~~^~~~~~~[m[K
[9.517s] [01m[K/home/incubus/mars_ros2/src/rplidar_ros2/sdk/src/rplidar_driver.cpp:[m[K In member function ‘[01m[Kvirtual u_result rp::standalone::rplidar::RPlidarDriverImplCommon::checkIfTofLidar(bool&, _u32)[m[K’:
[9.517s] [01m[K/home/incubus/mars_ros2/src/rplidar_ros2/sdk/src/rplidar_driver.cpp:274:75:[m[K [01;35m[Kwarning: [m[Kunused parameter ‘[01m[Ktimeout[m[K’ [[01;35m[K-Wunused-parameter[m[K]
[9.517s]   274 | u_result RPlidarDriverImplCommon::checkIfTofLidar(bool & isTofLidar, [01;35m[K_u32 timeout[m[K)
[9.517s]       |                                                                      [01;35m[K~~~~~^~~~~~~[m[K
[9.525s] [01m[K/home/incubus/mars_ros2/src/rplidar_ros2/sdk/src/rplidar_driver.cpp:[m[K In member function ‘[01m[Kvirtual void rp::standalone::rplidar::RPlidarDriverImplCommon::_dense_capsuleToNormal(const rplidar_response_capsule_measurement_nodes_t&, rplidar_response_measurement_node_hq_t*, size_t&)[m[K’:
[9.526s] [01m[K/home/incubus/mars_ros2/src/rplidar_ros2/sdk/src/rplidar_driver.cpp:872:108:[m[K [01;35m[Kwarning: [m[Ktype qualifiers ignored on cast result type [[01;35m[K-Wignored-qualifiers[m[K]
[9.526s]   872 |             const int dist = static_cast<const int>(_cached_previous_dense_capsuledata.cabins[pos].distance[01;35m[K)[m[K;
[9.526s]       |                                                                                                            [01;35m[K^[m[K
[9.527s] [01m[K/home/incubus/mars_ros2/src/rplidar_ros2/sdk/src/rplidar_driver.cpp:[m[K In function ‘[01m[K_u32 rp::standalone::rplidar::_crc32cal(_u32, void*, _u16)[m[K’:
[9.527s] [01m[K/home/incubus/mars_ros2/src/rplidar_ros2/sdk/src/rplidar_driver.cpp:996:23:[m[K [01;35m[Kwarning: [m[Ksuggest parentheses around ‘[01m[K-[m[K’ in operand of ‘[01m[K&[m[K’ [[01;35m[K-Wparentheses[m[K]
[9.527s]   996 |     _u8 leftBytes = [01;35m[K4 - len[m[K & 0x3;
[9.528s]       |                     [01;35m[K~~^~~~~[m[K
[9.530s] [01m[K/home/incubus/mars_ros2/src/rplidar_ros2/sdk/src/rplidar_driver.cpp:[m[K In member function ‘[01m[Kvirtual void rp::standalone::rplidar::RPlidarDriverImplCommon::_ultraCapsuleToNormal(const rplidar_response_ultra_capsule_measurement_nodes_t&, rplidar_response_measurement_node_hq_t*, size_t&)[m[K’:
[9.530s] [01m[K/home/incubus/mars_ros2/src/rplidar_ros2/sdk/src/rplidar_driver.cpp:1207:32:[m[K [01;35m[Kwarning: [m[Kcomparison of integer expressions of different signedness: ‘[01m[Kint[m[K’ and ‘[01m[Kunsigned int[m[K’ [[01;35m[K-Wsign-compare[m[K]
[9.530s]  1207 |             if (([01;35m[Kdist_predict1 == 0xFFFFFE00[m[K) || (dist_predict1 == 0x1FF)) {
[9.530s]       |                  [01;35m[K~~~~~~~~~~~~~~^~~~~~~~~~~~~[m[K
[9.531s] [01m[K/home/incubus/mars_ros2/src/rplidar_ros2/sdk/src/rplidar_driver.cpp:1215:32:[m[K [01;35m[Kwarning: [m[Kcomparison of integer expressions of different signedness: ‘[01m[Kint[m[K’ and ‘[01m[Kunsigned int[m[K’ [[01;35m[K-Wsign-compare[m[K]
[9.531s]  1215 |             if (([01;35m[Kdist_predict2 == 0xFFFFFE00[m[K) || (dist_predict2 == 0x1FF)) {
[9.531s]       |                  [01;35m[K~~~~~~~~~~~~~~^~~~~~~~~~~~~[m[K
[9.539s] [01m[K/home/incubus/mars_ros2/src/rplidar_ros2/sdk/src/rplidar_driver.cpp:[m[K In member function ‘[01m[Kvirtual u_result rp::standalone::rplidar::RPlidarDriverImplCommon::getAllSupportedScanModes(std::vector<rp::standalone::rplidar::RplidarScanMode>&, _u32)[m[K’:
[9.539s] [01m[K/home/incubus/mars_ros2/src/rplidar_ros2/sdk/src/rplidar_driver.cpp:1453:105:[m[K [01;35m[Kwarning: [m[Kunused parameter ‘[01m[KtimeoutInMs[m[K’ [[01;35m[K-Wunused-parameter[m[K]
[9.539s]  1453 | u_result RPlidarDriverImplCommon::getAllSupportedScanModes(std::vector<RplidarScanMode>& outModes, [01;35m[K_u32 timeoutInMs[m[K)
[9.539s]       |                                                                                                    [01;35m[K~~~~~^~~~~~~~~~~[m[K
[9.540s] [01m[K/home/incubus/mars_ros2/src/rplidar_ros2/sdk/src/rplidar_driver.cpp:[m[K In member function ‘[01m[Kvirtual u_result rp::standalone::rplidar::RPlidarDriverImplCommon::startScan(bool, bool, _u32, rp::standalone::rplidar::RplidarScanMode*)[m[K’:
[9.541s] [01m[K/home/incubus/mars_ros2/src/rplidar_ros2/sdk/src/rplidar_driver.cpp:1550:83:[m[K [01;35m[Kwarning: [m[Kunused parameter ‘[01m[Koptions[m[K’ [[01;35m[K-Wunused-parameter[m[K]
[9.541s]  1550 | u_result RPlidarDriverImplCommon::startScan(bool force, bool useTypicalScan, [01;35m[K_u32 options[m[K, RplidarScanMode* outUsedScanMode)
[9.541s]       |                                                                              [01;35m[K~~~~~^~~~~~~[m[K
[9.543s] [01m[K/home/incubus/mars_ros2/src/rplidar_ros2/sdk/src/rplidar_driver.cpp:[m[K In member function ‘[01m[Kvirtual u_result rp::standalone::rplidar::RPlidarDriverImplCommon::stop(_u32)[m[K’:
[9.543s] [01m[K/home/incubus/mars_ros2/src/rplidar_ros2/sdk/src/rplidar_driver.cpp:1774:45:[m[K [01;35m[Kwarning: [m[Kunused parameter ‘[01m[Ktimeout[m[K’ [[01;35m[K-Wunused-parameter[m[K]
[9.543s]  1774 | u_result RPlidarDriverImplCommon::stop([01;35m[K_u32 timeout[m[K)
[9.543s]       |                                        [01;35m[K~~~~~^~~~~~~[m[K
[9.549s] [01m[K/home/incubus/mars_ros2/src/rplidar_ros2/sdk/src/rplidar_driver.cpp:[m[K In member function ‘[01m[Kvirtual u_result rp::standalone::rplidar::RPlidarDriverImplCommon::setLidarSpinSpeed(_u16, _u32)[m[K’:
[9.549s] [01m[K/home/incubus/mars_ros2/src/rplidar_ros2/sdk/src/rplidar_driver.cpp:2162:68:[m[K [01;35m[Kwarning: [m[Kunused parameter ‘[01m[Ktimeout[m[K’ [[01;35m[K-Wunused-parameter[m[K]
[9.552s]  2162 | u_result RPlidarDriverImplCommon::setLidarSpinSpeed(_u16 rpm, [01;35m[K_u32 timeout[m[K)
[9.553s]       |                                                               [01;35m[K~~~~~^~~~~~~[m[K
[9.553s] [01m[K/home/incubus/mars_ros2/src/rplidar_ros2/sdk/src/rplidar_driver.cpp:[m[K In member function ‘[01m[Kvirtual u_result rp::standalone::rplidar::RPlidarDriverSerial::connect(const char*, _u32, _u32)[m[K’:
[9.553s] [01m[K/home/incubus/mars_ros2/src/rplidar_ros2/sdk/src/rplidar_driver.cpp:2240:83:[m[K [01;35m[Kwarning: [m[Kunused parameter ‘[01m[Kflag[m[K’ [[01;35m[K-Wunused-parameter[m[K]
[9.553s]  2240 | u_result RPlidarDriverSerial::connect(const char * port_path, _u32 baudrate, [01;35m[K_u32 flag[m[K)
[9.553s]       |                                                                              [01;35m[K~~~~~^~~~[m[K
[9.553s] [01m[K/home/incubus/mars_ros2/src/rplidar_ros2/sdk/src/rplidar_driver.cpp:[m[K In member function ‘[01m[Kvirtual u_result rp::standalone::rplidar::RPlidarDriverTCP::connect(const char*, _u32, _u32)[m[K’:
[9.553s] [01m[K/home/incubus/mars_ros2/src/rplidar_ros2/sdk/src/rplidar_driver.cpp:2282:72:[m[K [01;35m[Kwarning: [m[Kunused parameter ‘[01m[Kflag[m[K’ [[01;35m[K-Wunused-parameter[m[K]
[9.554s]  2282 | u_result RPlidarDriverTCP::connect(const char * ipStr, _u32 port, [01;35m[K_u32 flag[m[K)
[9.554s]       |                                                                   [01;35m[K~~~~~^~~~[m[K
[9.952s] [ 88%] [32m[1mLinking CXX executable rplidarNodeClient[0m
[10.125s] [ 94%] [32m[1mLinking CXX executable rplidarNode[0m
[10.389s] [ 94%] Built target rplidarNodeClient
[10.444s] [ 94%] Built target rplidarNode
[10.635s] In file included from [01m[K/home/incubus/mars_ros2/src/rplidar_ros2/./sdk/include/rplidar.h:39[m[K,
[10.635s]                  from [01m[K/home/incubus/mars_ros2/src/rplidar_ros2/include/rplidar_node.hpp:41[m[K,
[10.635s]                  from [01m[K/home/incubus/mars_ros2/src/rplidar_ros2/src/standalone_rplidar.cpp:16[m[K:
[10.635s] [01m[K/home/incubus/mars_ros2/src/rplidar_ros2/./sdk/include/rplidar_protocol.h:59:14:[m[K [01;35m[Kwarning: [m[KISO C++ forbids zero-size array ‘[01m[Kdata[m[K’ [[01;35m[K-Wpedantic[m[K]
[10.635s]    59 |     _u8 data[[01;35m[K0[m[K];
[10.636s]       |              [01;35m[K^[m[K
[10.636s] In file included from [01m[K/home/incubus/mars_ros2/src/rplidar_ros2/./sdk/include/rplidar.h:40[m[K,
[10.636s]                  from [01m[K/home/incubus/mars_ros2/src/rplidar_ros2/include/rplidar_node.hpp:41[m[K,
[10.636s]                  from [01m[K/home/incubus/mars_ros2/src/rplidar_ros2/src/standalone_rplidar.cpp:16[m[K:
[10.636s] [01m[K/home/incubus/mars_ros2/src/rplidar_ros2/./sdk/include/rplidar_cmd.h:260:18:[m[K [01;35m[Kwarning: [m[KISO C++ forbids zero-size array ‘[01m[Kpayload[m[K’ [[01;35m[K-Wpedantic[m[K]
[10.636s]   260 |     _u8  payload[[01;35m[K0[m[K];
[10.636s]       |                  [01;35m[K^[m[K
[11.024s] In file included from [01m[K/home/incubus/mars_ros2/src/rplidar_ros2/src/standalone_rplidar.cpp:16[m[K:
[11.024s] [01m[K/home/incubus/mars_ros2/src/rplidar_ros2/include/rplidar_node.hpp:76:14:[m[K [01;35m[Kwarning: [m[K‘[01m[Kfloat rplidar_ros::getAngle(const rplidar_response_measurement_node_hq_t&)[m[K’ defined but not used [[01;35m[K-Wunused-function[m[K]
[11.024s]    76 | static float [01;35m[KgetAngle[m[K(const rplidar_response_measurement_node_hq_t& node)
[11.025s]       |              [01;35m[K^~~~~~~~[m[K
[11.149s] [100%] [32m[1mLinking CXX executable rplidar_composition[0m
[11.314s] [100%] Built target rplidar_composition
[11.327s] Invoked command in '/home/incubus/mars_ros2/build/rplidar_ros' returned '0': CMAKE_PREFIX_PATH=${CMAKE_PREFIX_PATH}:/home/incubus/mars_ros2/install/py_pubsub:/home/incubus/mars_ros2/install/my_package:/opt/ros/foxy /usr/bin/cmake --build /home/incubus/mars_ros2/build/rplidar_ros -- -j4 -l4
[11.370s] Invoking command in '/home/incubus/mars_ros2/build/rplidar_ros': CMAKE_PREFIX_PATH=${CMAKE_PREFIX_PATH}:/home/incubus/mars_ros2/install/py_pubsub:/home/incubus/mars_ros2/install/my_package:/opt/ros/foxy /usr/bin/cmake --install /home/incubus/mars_ros2/build/rplidar_ros
[11.378s] -- Install configuration: ""
[11.378s] -- Installing: /home/incubus/mars_ros2/install/rplidar_ros/lib/rplidar_ros/rplidarNode
[11.379s] -- Set runtime path of "/home/incubus/mars_ros2/install/rplidar_ros/lib/rplidar_ros/rplidarNode" to ""
[11.379s] -- Installing: /home/incubus/mars_ros2/install/rplidar_ros/lib/rplidar_ros/rplidarNodeClient
[11.381s] -- Set runtime path of "/home/incubus/mars_ros2/install/rplidar_ros/lib/rplidar_ros/rplidarNodeClient" to ""
[11.381s] -- Installing: /home/incubus/mars_ros2/install/rplidar_ros/lib/rplidar_ros/rplidar_composition
[11.382s] -- Set runtime path of "/home/incubus/mars_ros2/install/rplidar_ros/lib/rplidar_ros/rplidar_composition" to ""
[11.382s] -- Installing: /home/incubus/mars_ros2/install/rplidar_ros/share/rplidar_ros/launch
[11.382s] -- Installing: /home/incubus/mars_ros2/install/rplidar_ros/share/rplidar_ros/launch/rplidar_a3.launch.py
[11.382s] -- Installing: /home/incubus/mars_ros2/install/rplidar_ros/share/rplidar_ros/launch/rplidar_s1.launch.py
[11.382s] -- Installing: /home/incubus/mars_ros2/install/rplidar_ros/share/rplidar_ros/launch/test_rplidar.launch.py
[11.383s] -- Installing: /home/incubus/mars_ros2/install/rplidar_ros/share/rplidar_ros/launch/view_rplidar_a3.launch.py
[11.383s] -- Installing: /home/incubus/mars_ros2/install/rplidar_ros/share/rplidar_ros/launch/view_rplidar_s1_tcp.launch.py
[11.383s] -- Installing: /home/incubus/mars_ros2/install/rplidar_ros/share/rplidar_ros/launch/test_rplidar_a3.launch.py
[11.383s] -- Installing: /home/incubus/mars_ros2/install/rplidar_ros/share/rplidar_ros/launch/rplidar_s1_tcp.launch.py
[11.383s] -- Installing: /home/incubus/mars_ros2/install/rplidar_ros/share/rplidar_ros/launch/rplidar.launch.py
[11.383s] -- Installing: /home/incubus/mars_ros2/install/rplidar_ros/share/rplidar_ros/launch/view_rplidar_s1.launch.py
[11.383s] -- Installing: /home/incubus/mars_ros2/install/rplidar_ros/share/rplidar_ros/launch/view_rplidar.launch.py
[11.384s] -- Installing: /home/incubus/mars_ros2/install/rplidar_ros/share/rplidar_ros/rviz
[11.384s] -- Installing: /home/incubus/mars_ros2/install/rplidar_ros/share/rplidar_ros/rviz/rplidar.rviz
[11.384s] -- Installing: /home/incubus/mars_ros2/install/rplidar_ros/lib/librplidar_composition_node.so
[11.386s] -- Set runtime path of "/home/incubus/mars_ros2/install/rplidar_ros/lib/librplidar_composition_node.so" to ""
[11.386s] -- Installing: /home/incubus/mars_ros2/install/rplidar_ros/include
[11.386s] -- Installing: /home/incubus/mars_ros2/install/rplidar_ros/include/rplidar_node.hpp
[11.386s] -- Installing: /home/incubus/mars_ros2/install/rplidar_ros/include/visibility.h
[11.386s] -- Up-to-date: /home/incubus/mars_ros2/install/rplidar_ros/lib/rplidar_ros/rplidarNode
[11.387s] -- Up-to-date: /home/incubus/mars_ros2/install/rplidar_ros/lib/rplidar_ros/rplidarNodeClient
[11.387s] -- Up-to-date: /home/incubus/mars_ros2/install/rplidar_ros/lib/rplidar_ros/rplidar_composition
[11.387s] -- Installing: /home/incubus/mars_ros2/install/rplidar_ros/share/ament_index/resource_index/package_run_dependencies/rplidar_ros
[11.388s] -- Installing: /home/incubus/mars_ros2/install/rplidar_ros/share/ament_index/resource_index/parent_prefix_path/rplidar_ros
[11.388s] -- Installing: /home/incubus/mars_ros2/install/rplidar_ros/share/rplidar_ros/environment/ament_prefix_path.sh
[11.388s] -- Installing: /home/incubus/mars_ros2/install/rplidar_ros/share/rplidar_ros/environment/ament_prefix_path.dsv
[11.388s] -- Installing: /home/incubus/mars_ros2/install/rplidar_ros/share/rplidar_ros/environment/path.sh
[11.388s] -- Installing: /home/incubus/mars_ros2/install/rplidar_ros/share/rplidar_ros/environment/path.dsv
[11.389s] -- Installing: /home/incubus/mars_ros2/install/rplidar_ros/share/rplidar_ros/local_setup.bash
[11.389s] -- Installing: /home/incubus/mars_ros2/install/rplidar_ros/share/rplidar_ros/local_setup.sh
[11.389s] -- Installing: /home/incubus/mars_ros2/install/rplidar_ros/share/rplidar_ros/local_setup.zsh
[11.389s] -- Installing: /home/incubus/mars_ros2/install/rplidar_ros/share/rplidar_ros/local_setup.dsv
[11.389s] -- Installing: /home/incubus/mars_ros2/install/rplidar_ros/share/rplidar_ros/package.dsv
[11.390s] -- Installing: /home/incubus/mars_ros2/install/rplidar_ros/share/ament_index/resource_index/packages/rplidar_ros
[11.390s] -- Installing: /home/incubus/mars_ros2/install/rplidar_ros/share/rplidar_ros/cmake/ament_cmake_export_dependencies-extras.cmake
[11.390s] -- Installing: /home/incubus/mars_ros2/install/rplidar_ros/share/rplidar_ros/cmake/ament_cmake_export_include_directories-extras.cmake
[11.390s] -- Installing: /home/incubus/mars_ros2/install/rplidar_ros/share/rplidar_ros/cmake/rplidar_rosConfig.cmake
[11.390s] -- Installing: /home/incubus/mars_ros2/install/rplidar_ros/share/rplidar_ros/cmake/rplidar_rosConfig-version.cmake
[11.390s] -- Installing: /home/incubus/mars_ros2/install/rplidar_ros/share/rplidar_ros/package.xml
[11.394s] Invoked command in '/home/incubus/mars_ros2/build/rplidar_ros' returned '0': CMAKE_PREFIX_PATH=${CMAKE_PREFIX_PATH}:/home/incubus/mars_ros2/install/py_pubsub:/home/incubus/mars_ros2/install/my_package:/opt/ros/foxy /usr/bin/cmake --install /home/incubus/mars_ros2/build/rplidar_ros
