[5.929s] Invoking command in '/home/incubus/mars_ros2/src/Webserver': PYTHONPATH=/home/incubus/mars_ros2/src/install/Webserver/lib/python3.8/site-packages:${PYTHONPATH} /usr/bin/python3 setup.py egg_info --egg-base ../build/Webserver build --build-base /home/incubus/mars_ros2/src/build/Webserver/build install --prefix /home/incubus/mars_ros2/src/install/Webserver --record /home/incubus/mars_ros2/src/build/Webserver/install.log --single-version-externally-managed
[6.638s] /home/incubus/.local/lib/python3.8/site-packages/setuptools/dist.py:772: UserWarning: Usage of dash-separated 'script-dir' will not be supported in future versions. Please use the underscore name 'script_dir' instead
[6.638s]   warnings.warn(
[6.639s] /home/incubus/.local/lib/python3.8/site-packages/setuptools/dist.py:772: UserWarning: Usage of dash-separated 'install-scripts' will not be supported in future versions. Please use the underscore name 'install_scripts' instead
[6.639s]   warnings.warn(
[8.222s] running egg_info
[8.395s] writing ../build/Webserver/Webserver.egg-info/PKG-INFO
[8.559s] writing dependency_links to ../build/Webserver/Webserver.egg-info/dependency_links.txt
[9.267s] writing entry points to ../build/Webserver/Webserver.egg-info/entry_points.txt
[9.712s] writing requirements to ../build/Webserver/Webserver.egg-info/requires.txt
[10.054s] writing top-level names to ../build/Webserver/Webserver.egg-info/top_level.txt
[10.376s] reading manifest file '../build/Webserver/Webserver.egg-info/SOURCES.txt'
[10.377s] writing manifest file '../build/Webserver/Webserver.egg-info/SOURCES.txt'
[10.378s] running build
[10.378s] running build_py
[10.378s] running install
[10.378s] /home/incubus/.local/lib/python3.8/site-packages/setuptools/command/install.py:34: SetuptoolsDeprecationWarning: setup.py install is deprecated. Use build and pip and other standards-based tools.
[10.379s]   warnings.warn(
[10.389s] running install_lib
[10.578s] running install_data
[10.614s] running install_egg_info
[10.777s] removing '/home/incubus/mars_ros2/src/install/Webserver/lib/python3.8/site-packages/Webserver-0.0.0-py3.8.egg-info' (and everything under it)
[10.777s] Copying ../build/Webserver/Webserver.egg-info to /home/incubus/mars_ros2/src/install/Webserver/lib/python3.8/site-packages/Webserver-0.0.0-py3.8.egg-info
[10.780s] running install_scripts
[11.195s] Installing Flask script to /home/incubus/mars_ros2/src/install/Webserver/lib/Webserver
[11.195s] writing list of installed files to '/home/incubus/mars_ros2/src/build/Webserver/install.log'
[11.429s] Invoked command in '/home/incubus/mars_ros2/src/Webserver' returned '0': PYTHONPATH=/home/incubus/mars_ros2/src/install/Webserver/lib/python3.8/site-packages:${PYTHONPATH} /usr/bin/python3 setup.py egg_info --egg-base ../build/Webserver build --build-base /home/incubus/mars_ros2/src/build/Webserver/build install --prefix /home/incubus/mars_ros2/src/install/Webserver --record /home/incubus/mars_ros2/src/build/Webserver/install.log --single-version-externally-managed
