[0.246s] Invoking command in '/home/incubus/mars_ros2/build/ydlidar': CMAKE_PREFIX_PATH=/opt/ros/foxy /usr/bin/cmake --build /home/incubus/mars_ros2/build/ydlidar -- -j4 -l4
[0.290s] [35m[1mScanning dependencies of target ydlidar_client[0m
[0.293s] [35m[1mScanning dependencies of target ydlidar_node[0m
[0.366s] [  9%] [32mBuilding CXX object CMakeFiles/ydlidar_client.dir/src/ydlidar_client.cpp.o[0m
[0.373s] [ 18%] [32mBuilding CXX object CMakeFiles/ydlidar_node.dir/src/ydlidar_node.cpp.o[0m
[0.376s] [ 27%] [32mBuilding CXX object CMakeFiles/ydlidar_node.dir/sdk/src/CYdLidar.cpp.o[0m
[0.383s] [ 36%] [32mBuilding CXX object CMakeFiles/ydlidar_node.dir/sdk/src/impl/unix/list_ports_linux.cpp.o[0m
[0.982s] In file included from [01m[K/home/incubus/mars_ros2/src/ydlidar_ros2/sdk/include/serial.h:9[m[K,
[0.982s]                  from [01m[K/home/incubus/mars_ros2/src/ydlidar_ros2/sdk/include/ydlidar_driver.h:54[m[K,
[0.983s]                  from [01m[K/home/incubus/mars_ros2/src/ydlidar_ros2/sdk/include/CYdLidar.h:36[m[K,
[0.983s]                  from [01m[K/home/incubus/mars_ros2/src/ydlidar_ros2/sdk/src/CYdLidar.cpp:34[m[K:
[0.983s] [01m[K/home/incubus/mars_ros2/src/ydlidar_ros2/sdk/include/v8stdint.h:[m[K In function ‘[01m[Kbool ydlidar::fileExists(std::string)[m[K’:
[0.983s] [01m[K/home/incubus/mars_ros2/src/ydlidar_ros2/sdk/include/v8stdint.h:240:24:[m[K [01;35m[Kwarning: [m[Kmissing initializer for member ‘[01m[Kstat::st_ino[m[K’ [[01;35m[K-Wmissing-field-initializers[m[K]
[0.983s]   240 |   struct stat info = {0[01;35m[K}[m[K;
[0.983s]       |                        [01;35m[K^[m[K
[0.983s] [01m[K/home/incubus/mars_ros2/src/ydlidar_ros2/sdk/include/v8stdint.h:240:24:[m[K [01;35m[Kwarning: [m[Kmissing initializer for member ‘[01m[Kstat::st_nlink[m[K’ [[01;35m[K-Wmissing-field-initializers[m[K]
[0.983s] [01m[K/home/incubus/mars_ros2/src/ydlidar_ros2/sdk/include/v8stdint.h:240:24:[m[K [01;35m[Kwarning: [m[Kmissing initializer for member ‘[01m[Kstat::st_mode[m[K’ [[01;35m[K-Wmissing-field-initializers[m[K]
[0.983s] [01m[K/home/incubus/mars_ros2/src/ydlidar_ros2/sdk/include/v8stdint.h:240:24:[m[K [01;35m[Kwarning: [m[Kmissing initializer for member ‘[01m[Kstat::st_uid[m[K’ [[01;35m[K-Wmissing-field-initializers[m[K]
[0.984s] [01m[K/home/incubus/mars_ros2/src/ydlidar_ros2/sdk/include/v8stdint.h:240:24:[m[K [01;35m[Kwarning: [m[Kmissing initializer for member ‘[01m[Kstat::st_gid[m[K’ [[01;35m[K-Wmissing-field-initializers[m[K]
[0.984s] [01m[K/home/incubus/mars_ros2/src/ydlidar_ros2/sdk/include/v8stdint.h:240:24:[m[K [01;35m[Kwarning: [m[Kmissing initializer for member ‘[01m[Kstat::__pad0[m[K’ [[01;35m[K-Wmissing-field-initializers[m[K]
[0.984s] [01m[K/home/incubus/mars_ros2/src/ydlidar_ros2/sdk/include/v8stdint.h:240:24:[m[K [01;35m[Kwarning: [m[Kmissing initializer for member ‘[01m[Kstat::st_rdev[m[K’ [[01;35m[K-Wmissing-field-initializers[m[K]
[0.984s] [01m[K/home/incubus/mars_ros2/src/ydlidar_ros2/sdk/include/v8stdint.h:240:24:[m[K [01;35m[Kwarning: [m[Kmissing initializer for member ‘[01m[Kstat::st_size[m[K’ [[01;35m[K-Wmissing-field-initializers[m[K]
[0.984s] [01m[K/home/incubus/mars_ros2/src/ydlidar_ros2/sdk/include/v8stdint.h:240:24:[m[K [01;35m[Kwarning: [m[Kmissing initializer for member ‘[01m[Kstat::st_blksize[m[K’ [[01;35m[K-Wmissing-field-initializers[m[K]
[0.984s] [01m[K/home/incubus/mars_ros2/src/ydlidar_ros2/sdk/include/v8stdint.h:240:24:[m[K [01;35m[Kwarning: [m[Kmissing initializer for member ‘[01m[Kstat::st_blocks[m[K’ [[01;35m[K-Wmissing-field-initializers[m[K]
[0.984s] [01m[K/home/incubus/mars_ros2/src/ydlidar_ros2/sdk/include/v8stdint.h:240:24:[m[K [01;35m[Kwarning: [m[Kmissing initializer for member ‘[01m[Kstat::st_atim[m[K’ [[01;35m[K-Wmissing-field-initializers[m[K]
[0.984s] [01m[K/home/incubus/mars_ros2/src/ydlidar_ros2/sdk/include/v8stdint.h:240:24:[m[K [01;35m[Kwarning: [m[Kmissing initializer for member ‘[01m[Kstat::st_mtim[m[K’ [[01;35m[K-Wmissing-field-initializers[m[K]
[0.985s] [01m[K/home/incubus/mars_ros2/src/ydlidar_ros2/sdk/include/v8stdint.h:240:24:[m[K [01;35m[Kwarning: [m[Kmissing initializer for member ‘[01m[Kstat::st_ctim[m[K’ [[01;35m[K-Wmissing-field-initializers[m[K]
[0.985s] [01m[K/home/incubus/mars_ros2/src/ydlidar_ros2/sdk/include/v8stdint.h:240:24:[m[K [01;35m[Kwarning: [m[Kmissing initializer for member ‘[01m[Kstat::__glibc_reserved[m[K’ [[01;35m[K-Wmissing-field-initializers[m[K]
[1.001s] In file included from [01m[K/home/incubus/mars_ros2/src/ydlidar_ros2/sdk/include/ydlidar_driver.h:56[m[K,
[1.001s]                  from [01m[K/home/incubus/mars_ros2/src/ydlidar_ros2/sdk/include/CYdLidar.h:36[m[K,
[1.001s]                  from [01m[K/home/incubus/mars_ros2/src/ydlidar_ros2/sdk/src/CYdLidar.cpp:34[m[K:
[1.001s] [01m[K/home/incubus/mars_ros2/src/ydlidar_ros2/sdk/include/thread.h:[m[K In static member function ‘[01m[Kstatic Thread Thread::createThread(thread_proc_t, void*)[m[K’:
[1.001s] [01m[K/home/incubus/mars_ros2/src/ydlidar_ros2/sdk/include/thread.h:43:76:[m[K [01;35m[Kwarning: [m[Kcast between incompatible function types from ‘[01m[Kthread_proc_t[m[K’ {aka ‘[01m[Klong unsigned int (*)(void*)[m[K’} to ‘[01m[Kvoid* (*)(void*)[m[K’ [[01;35m[K-Wcast-function-type[m[K]
[1.001s]    43 |     pthread_create((pthread_t *)&thread_._handle, NULL, (void *(*)(void *))[01;35m[Kproc[m[K,
[1.001s]       |                                                                            [01;35m[K^~~~[m[K
[1.009s] In file included from [01m[K/home/incubus/mars_ros2/src/ydlidar_ros2/sdk/include/ydlidar_driver.h:58[m[K,
[1.009s]                  from [01m[K/home/incubus/mars_ros2/src/ydlidar_ros2/sdk/include/CYdLidar.h:36[m[K,
[1.009s]                  from [01m[K/home/incubus/mars_ros2/src/ydlidar_ros2/sdk/src/CYdLidar.cpp:34[m[K:
[1.009s] [01m[K/home/incubus/mars_ros2/src/ydlidar_ros2/sdk/include/help_info.h:[m[K In function ‘[01m[Kbool ydlidar::isSupportMotorCtrl(int)[m[K’:
[1.009s] [01m[K/home/incubus/mars_ros2/src/ydlidar_ros2/sdk/include/help_info.h:414:8:[m[K [01;35m[Kwarning: [m[Kvariable ‘[01m[Kret[m[K’ set but not used [[01;35m[K-Wunused-but-set-variable[m[K]
[1.010s]   414 |   bool [01;35m[Kret[m[K = false;
[1.010s]       |        [01;35m[K^~~[m[K
[1.096s] [01m[K/home/incubus/mars_ros2/src/ydlidar_ros2/sdk/src/CYdLidar.cpp:[m[K In member function ‘[01m[Kbool CYdLidar::doProcessSimple(LaserScan&, bool&)[m[K’:
[1.096s] [01m[K/home/incubus/mars_ros2/src/ydlidar_ros2/sdk/src/CYdLidar.cpp:216:23:[m[K [01;35m[Kwarning: [m[Kcomparison of integer expressions of different signedness: ‘[01m[Kint[m[K’ and ‘[01m[Ksize_t[m[K’ {aka ‘[01m[Klong unsigned int[m[K’} [[01;35m[K-Wsign-compare[m[K]
[1.096s]   216 |     for (int i = 0; [01;35m[Ki < count[m[K; i++) {
[1.096s]       |                     [01;35m[K~~^~~~~~~[m[K
[1.200s] In file included from [01m[K/home/incubus/mars_ros2/src/ydlidar_ros2/sdk/include/serial.h:9[m[K,
[1.200s]                  from [01m[K/home/incubus/mars_ros2/src/ydlidar_ros2/sdk/src/impl/unix/list_ports_linux.cpp:26[m[K:
[1.200s] [01m[K/home/incubus/mars_ros2/src/ydlidar_ros2/sdk/include/v8stdint.h:[m[K In function ‘[01m[Kbool ydlidar::fileExists(std::string)[m[K’:
[1.200s] [01m[K/home/incubus/mars_ros2/src/ydlidar_ros2/sdk/include/v8stdint.h:240:24:[m[K [01;35m[Kwarning: [m[Kmissing initializer for member ‘[01m[Kstat::st_ino[m[K’ [[01;35m[K-Wmissing-field-initializers[m[K]
[1.200s]   240 |   struct stat info = {0[01;35m[K}[m[K;
[1.200s]       |                        [01;35m[K^[m[K
[1.200s] [01m[K/home/incubus/mars_ros2/src/ydlidar_ros2/sdk/include/v8stdint.h:240:24:[m[K [01;35m[Kwarning: [m[Kmissing initializer for member ‘[01m[Kstat::st_nlink[m[K’ [[01;35m[K-Wmissing-field-initializers[m[K]
[1.201s] [01m[K/home/incubus/mars_ros2/src/ydlidar_ros2/sdk/include/v8stdint.h:240:24:[m[K [01;35m[Kwarning: [m[Kmissing initializer for member ‘[01m[Kstat::st_mode[m[K’ [[01;35m[K-Wmissing-field-initializers[m[K]
[1.201s] [01m[K/home/incubus/mars_ros2/src/ydlidar_ros2/sdk/include/v8stdint.h:240:24:[m[K [01;35m[Kwarning: [m[Kmissing initializer for member ‘[01m[Kstat::st_uid[m[K’ [[01;35m[K-Wmissing-field-initializers[m[K]
[1.201s] [01m[K/home/incubus/mars_ros2/src/ydlidar_ros2/sdk/include/v8stdint.h:240:24:[m[K [01;35m[Kwarning: [m[Kmissing initializer for member ‘[01m[Kstat::st_gid[m[K’ [[01;35m[K-Wmissing-field-initializers[m[K]
[1.201s] [01m[K/home/incubus/mars_ros2/src/ydlidar_ros2/sdk/include/v8stdint.h:240:24:[m[K [01;35m[Kwarning: [m[Kmissing initializer for member ‘[01m[Kstat::__pad0[m[K’ [[01;35m[K-Wmissing-field-initializers[m[K]
[1.201s] [01m[K/home/incubus/mars_ros2/src/ydlidar_ros2/sdk/include/v8stdint.h:240:24:[m[K [01;35m[Kwarning: [m[Kmissing initializer for member ‘[01m[Kstat::st_rdev[m[K’ [[01;35m[K-Wmissing-field-initializers[m[K]
[1.202s] [01m[K/home/incubus/mars_ros2/src/ydlidar_ros2/sdk/include/v8stdint.h:240:24:[m[K [01;35m[Kwarning: [m[Kmissing initializer for member ‘[01m[Kstat::st_size[m[K’ [[01;35m[K-Wmissing-field-initializers[m[K]
[1.202s] [01m[K/home/incubus/mars_ros2/src/ydlidar_ros2/sdk/include/v8stdint.h:240:24:[m[K [01;35m[Kwarning: [m[Kmissing initializer for member ‘[01m[Kstat::st_blksize[m[K’ [[01;35m[K-Wmissing-field-initializers[m[K]
[1.202s] [01m[K/home/incubus/mars_ros2/src/ydlidar_ros2/sdk/include/v8stdint.h:240:24:[m[K [01;35m[Kwarning: [m[Kmissing initializer for member ‘[01m[Kstat::st_blocks[m[K’ [[01;35m[K-Wmissing-field-initializers[m[K]
[1.202s] [01m[K/home/incubus/mars_ros2/src/ydlidar_ros2/sdk/include/v8stdint.h:240:24:[m[K [01;35m[Kwarning: [m[Kmissing initializer for member ‘[01m[Kstat::st_atim[m[K’ [[01;35m[K-Wmissing-field-initializers[m[K]
[1.202s] [01m[K/home/incubus/mars_ros2/src/ydlidar_ros2/sdk/include/v8stdint.h:240:24:[m[K [01;35m[Kwarning: [m[Kmissing initializer for member ‘[01m[Kstat::st_mtim[m[K’ [[01;35m[K-Wmissing-field-initializers[m[K]
[1.202s] [01m[K/home/incubus/mars_ros2/src/ydlidar_ros2/sdk/include/v8stdint.h:240:24:[m[K [01;35m[Kwarning: [m[Kmissing initializer for member ‘[01m[Kstat::st_ctim[m[K’ [[01;35m[K-Wmissing-field-initializers[m[K]
[1.202s] [01m[K/home/incubus/mars_ros2/src/ydlidar_ros2/sdk/include/v8stdint.h:240:24:[m[K [01;35m[Kwarning: [m[Kmissing initializer for member ‘[01m[Kstat::__glibc_reserved[m[K’ [[01;35m[K-Wmissing-field-initializers[m[K]
[1.220s] [01m[K/home/incubus/mars_ros2/src/ydlidar_ros2/sdk/src/impl/unix/list_ports_linux.cpp:[m[K In function ‘[01m[Kstd::vector<std::__cxx11::basic_string<char> > glob(const std::vector<std::__cxx11::basic_string<char> >&)[m[K’:
[1.220s] [01m[K/home/incubus/mars_ros2/src/ydlidar_ros2/sdk/src/impl/unix/list_ports_linux.cpp:58:7:[m[K [01;35m[Kwarning: [m[Kvariable ‘[01m[Kglob_retval[m[K’ set but not used [[01;35m[K-Wunused-but-set-variable[m[K]
[1.220s]    58 |   int [01;35m[Kglob_retval[m[K = glob(patterns[0].c_str(), 0, NULL, &glob_results);
[1.220s]       |       [01;35m[K^~~~~~~~~~~[m[K
[1.690s] [ 45%] [32mBuilding CXX object CMakeFiles/ydlidar_node.dir/sdk/src/impl/unix/unix_serial.cpp.o[0m
[1.829s] [ 54%] [32mBuilding CXX object CMakeFiles/ydlidar_node.dir/sdk/src/impl/unix/unix_timer.cpp.o[0m
[2.065s] In file included from [01m[K/home/incubus/mars_ros2/src/ydlidar_ros2/sdk/include/timer.h:2[m[K,
[2.066s]                  from [01m[K/home/incubus/mars_ros2/src/ydlidar_ros2/sdk/src/impl/unix/unix_timer.cpp:2[m[K:
[2.066s] [01m[K/home/incubus/mars_ros2/src/ydlidar_ros2/sdk/include/v8stdint.h:[m[K In function ‘[01m[Kbool ydlidar::fileExists(std::string)[m[K’:
[2.066s] [01m[K/home/incubus/mars_ros2/src/ydlidar_ros2/sdk/include/v8stdint.h:240:24:[m[K [01;35m[Kwarning: [m[Kmissing initializer for member ‘[01m[Kstat::st_ino[m[K’ [[01;35m[K-Wmissing-field-initializers[m[K]
[2.066s]   240 |   struct stat info = {0[01;35m[K}[m[K;
[2.066s]       |                        [01;35m[K^[m[K
[2.066s] [01m[K/home/incubus/mars_ros2/src/ydlidar_ros2/sdk/include/v8stdint.h:240:24:[m[K [01;35m[Kwarning: [m[Kmissing initializer for member ‘[01m[Kstat::st_nlink[m[K’ [[01;35m[K-Wmissing-field-initializers[m[K]
[2.066s] [01m[K/home/incubus/mars_ros2/src/ydlidar_ros2/sdk/include/v8stdint.h:240:24:[m[K [01;35m[Kwarning: [m[Kmissing initializer for member ‘[01m[Kstat::st_mode[m[K’ [[01;35m[K-Wmissing-field-initializers[m[K]
[2.066s] [01m[K/home/incubus/mars_ros2/src/ydlidar_ros2/sdk/include/v8stdint.h:240:24:[m[K [01;35m[Kwarning: [m[Kmissing initializer for member ‘[01m[Kstat::st_uid[m[K’ [[01;35m[K-Wmissing-field-initializers[m[K]
[2.067s] [01m[K/home/incubus/mars_ros2/src/ydlidar_ros2/sdk/include/v8stdint.h:240:24:[m[K [01;35m[Kwarning: [m[Kmissing initializer for member ‘[01m[Kstat::st_gid[m[K’ [[01;35m[K-Wmissing-field-initializers[m[K]
[2.067s] [01m[K/home/incubus/mars_ros2/src/ydlidar_ros2/sdk/include/v8stdint.h:240:24:[m[K [01;35m[Kwarning: [m[Kmissing initializer for member ‘[01m[Kstat::__pad0[m[K’ [[01;35m[K-Wmissing-field-initializers[m[K]
[2.067s] [01m[K/home/incubus/mars_ros2/src/ydlidar_ros2/sdk/include/v8stdint.h:240:24:[m[K [01;35m[Kwarning: [m[Kmissing initializer for member ‘[01m[Kstat::st_rdev[m[K’ [[01;35m[K-Wmissing-field-initializers[m[K]
[2.067s] [01m[K/home/incubus/mars_ros2/src/ydlidar_ros2/sdk/include/v8stdint.h:240:24:[m[K [01;35m[Kwarning: [m[Kmissing initializer for member ‘[01m[Kstat::st_size[m[K’ [[01;35m[K-Wmissing-field-initializers[m[K]
[2.067s] [01m[K/home/incubus/mars_ros2/src/ydlidar_ros2/sdk/include/v8stdint.h:240:24:[m[K [01;35m[Kwarning: [m[Kmissing initializer for member ‘[01m[Kstat::st_blksize[m[K’ [[01;35m[K-Wmissing-field-initializers[m[K]
[2.067s] [01m[K/home/incubus/mars_ros2/src/ydlidar_ros2/sdk/include/v8stdint.h:240:24:[m[K [01;35m[Kwarning: [m[Kmissing initializer for member ‘[01m[Kstat::st_blocks[m[K’ [[01;35m[K-Wmissing-field-initializers[m[K]
[2.067s] [01m[K/home/incubus/mars_ros2/src/ydlidar_ros2/sdk/include/v8stdint.h:240:24:[m[K [01;35m[Kwarning: [m[Kmissing initializer for member ‘[01m[Kstat::st_atim[m[K’ [[01;35m[K-Wmissing-field-initializers[m[K]
[2.067s] [01m[K/home/incubus/mars_ros2/src/ydlidar_ros2/sdk/include/v8stdint.h:240:24:[m[K [01;35m[Kwarning: [m[Kmissing initializer for member ‘[01m[Kstat::st_mtim[m[K’ [[01;35m[K-Wmissing-field-initializers[m[K]
[2.067s] [01m[K/home/incubus/mars_ros2/src/ydlidar_ros2/sdk/include/v8stdint.h:240:24:[m[K [01;35m[Kwarning: [m[Kmissing initializer for member ‘[01m[Kstat::st_ctim[m[K’ [[01;35m[K-Wmissing-field-initializers[m[K]
[2.068s] [01m[K/home/incubus/mars_ros2/src/ydlidar_ros2/sdk/include/v8stdint.h:240:24:[m[K [01;35m[Kwarning: [m[Kmissing initializer for member ‘[01m[Kstat::__glibc_reserved[m[K’ [[01;35m[K-Wmissing-field-initializers[m[K]
[2.107s] In file included from [01m[K/home/incubus/mars_ros2/src/ydlidar_ros2/sdk/include/serial.h:9[m[K,
[2.107s]                  from [01m[K/home/incubus/mars_ros2/src/ydlidar_ros2/sdk/src/impl/unix/unix_serial.h:9[m[K,
[2.107s]                  from [01m[K/home/incubus/mars_ros2/src/ydlidar_ros2/sdk/src/impl/unix/unix_serial.cpp:39[m[K:
[2.107s] [01m[K/home/incubus/mars_ros2/src/ydlidar_ros2/sdk/include/v8stdint.h:[m[K In function ‘[01m[Kbool ydlidar::fileExists(std::string)[m[K’:
[2.108s] [01m[K/home/incubus/mars_ros2/src/ydlidar_ros2/sdk/include/v8stdint.h:240:24:[m[K [01;35m[Kwarning: [m[Kmissing initializer for member ‘[01m[Kstat::st_ino[m[K’ [[01;35m[K-Wmissing-field-initializers[m[K]
[2.108s]   240 |   struct stat info = {0[01;35m[K}[m[K;
[2.108s]       |                        [01;35m[K^[m[K
[2.108s] [01m[K/home/incubus/mars_ros2/src/ydlidar_ros2/sdk/include/v8stdint.h:240:24:[m[K [01;35m[Kwarning: [m[Kmissing initializer for member ‘[01m[Kstat::st_nlink[m[K’ [[01;35m[K-Wmissing-field-initializers[m[K]
[2.108s] [01m[K/home/incubus/mars_ros2/src/ydlidar_ros2/sdk/include/v8stdint.h:240:24:[m[K [01;35m[Kwarning: [m[Kmissing initializer for member ‘[01m[Kstat::st_mode[m[K’ [[01;35m[K-Wmissing-field-initializers[m[K]
[2.109s] [01m[K/home/incubus/mars_ros2/src/ydlidar_ros2/sdk/include/v8stdint.h:240:24:[m[K [01;35m[Kwarning: [m[Kmissing initializer for member ‘[01m[Kstat::st_uid[m[K’ [[01;35m[K-Wmissing-field-initializers[m[K]
[2.109s] [01m[K/home/incubus/mars_ros2/src/ydlidar_ros2/sdk/include/v8stdint.h:240:24:[m[K [01;35m[Kwarning: [m[Kmissing initializer for member ‘[01m[Kstat::st_gid[m[K’ [[01;35m[K-Wmissing-field-initializers[m[K]
[2.109s] [01m[K/home/incubus/mars_ros2/src/ydlidar_ros2/sdk/include/v8stdint.h:240:24:[m[K [01;35m[Kwarning: [m[Kmissing initializer for member ‘[01m[Kstat::__pad0[m[K’ [[01;35m[K-Wmissing-field-initializers[m[K]
[2.109s] [01m[K/home/incubus/mars_ros2/src/ydlidar_ros2/sdk/include/v8stdint.h:240:24:[m[K [01;35m[Kwarning: [m[Kmissing initializer for member ‘[01m[Kstat::st_rdev[m[K’ [[01;35m[K-Wmissing-field-initializers[m[K]
[2.109s] [01m[K/home/incubus/mars_ros2/src/ydlidar_ros2/sdk/include/v8stdint.h:240:24:[m[K [01;35m[Kwarning: [m[Kmissing initializer for member ‘[01m[Kstat::st_size[m[K’ [[01;35m[K-Wmissing-field-initializers[m[K]
[2.110s] [01m[K/home/incubus/mars_ros2/src/ydlidar_ros2/sdk/include/v8stdint.h:240:24:[m[K [01;35m[Kwarning: [m[Kmissing initializer for member ‘[01m[Kstat::st_blksize[m[K’ [[01;35m[K-Wmissing-field-initializers[m[K]
[2.110s] [01m[K/home/incubus/mars_ros2/src/ydlidar_ros2/sdk/include/v8stdint.h:240:24:[m[K [01;35m[Kwarning: [m[Kmissing initializer for member ‘[01m[Kstat::st_blocks[m[K’ [[01;35m[K-Wmissing-field-initializers[m[K]
[2.110s] [01m[K/home/incubus/mars_ros2/src/ydlidar_ros2/sdk/include/v8stdint.h:240:24:[m[K [01;35m[Kwarning: [m[Kmissing initializer for member ‘[01m[Kstat::st_atim[m[K’ [[01;35m[K-Wmissing-field-initializers[m[K]
[2.110s] [01m[K/home/incubus/mars_ros2/src/ydlidar_ros2/sdk/include/v8stdint.h:240:24:[m[K [01;35m[Kwarning: [m[Kmissing initializer for member ‘[01m[Kstat::st_mtim[m[K’ [[01;35m[K-Wmissing-field-initializers[m[K]
[2.110s] [01m[K/home/incubus/mars_ros2/src/ydlidar_ros2/sdk/include/v8stdint.h:240:24:[m[K [01;35m[Kwarning: [m[Kmissing initializer for member ‘[01m[Kstat::st_ctim[m[K’ [[01;35m[K-Wmissing-field-initializers[m[K]
[2.111s] [01m[K/home/incubus/mars_ros2/src/ydlidar_ros2/sdk/include/v8stdint.h:240:24:[m[K [01;35m[Kwarning: [m[Kmissing initializer for member ‘[01m[Kstat::__glibc_reserved[m[K’ [[01;35m[K-Wmissing-field-initializers[m[K]
[2.124s] [01m[K/home/incubus/mars_ros2/src/ydlidar_ros2/sdk/src/impl/unix/unix_serial.cpp:[m[K In member function ‘[01m[Kbool serial::Serial::SerialImpl::setCustomBaudRate(long unsigned int)[m[K’:
[2.124s] [01m[K/home/incubus/mars_ros2/src/ydlidar_ros2/sdk/src/impl/unix/unix_serial.cpp:1235:40:[m[K [01;35m[Kwarning: [m[Kcomparison of integer expressions of different signedness: ‘[01m[Klong unsigned int[m[K’ and ‘[01m[Kint[m[K’ [[01;35m[K-Wsign-compare[m[K]
[2.125s]  1235 |   if ([01;35m[Kserial.custom_divisor * baudrate != serial.baud_base[m[K) {
[2.125s]       |       [01;35m[K~~~~~~~~~~~~~~~~~~~~~~~~~~~~~~~~~^~~~~~~~~~~~~~~~~~~[m[K
[2.142s] [ 63%] [32mBuilding C object CMakeFiles/ydlidar_node.dir/sdk/src/lock.c.o[0m
[2.189s] [01m[K/home/incubus/mars_ros2/src/ydlidar_ros2/sdk/src/lock.c:[m[K In function ‘[01m[Kfhs_lock[m[K’:
[2.189s] [01m[K/home/incubus/mars_ros2/src/ydlidar_ros2/sdk/src/lock.c:199:40:[m[K [01;35m[Kwarning: [m[Kunused parameter ‘[01m[Kpid[m[K’ [[01;35m[K-Wunused-parameter[m[K]
[2.189s]   199 | int fhs_lock(const char *filename, [01;35m[Kint pid[m[K) {
[2.189s]       |                                    [01;35m[K~~~~^~~[m[K
[2.189s] [01m[K/home/incubus/mars_ros2/src/ydlidar_ros2/sdk/src/lock.c:[m[K In function ‘[01m[Kuucp_lock[m[K’:
[2.189s] [01m[K/home/incubus/mars_ros2/src/ydlidar_ros2/sdk/src/lock.c:281:41:[m[K [01;35m[Kwarning: [m[Kunused parameter ‘[01m[Kpid[m[K’ [[01;35m[K-Wunused-parameter[m[K]
[2.190s]   281 | int uucp_lock(const char *filename, [01;35m[Kint pid[m[K) {
[2.190s]       |                                     [01;35m[K~~~~^~~[m[K
[2.259s] [ 72%] [32mBuilding CXX object CMakeFiles/ydlidar_node.dir/sdk/src/serial.cpp.o[0m
[2.299s] [ 81%] [32mBuilding CXX object CMakeFiles/ydlidar_node.dir/sdk/src/ydlidar_driver.cpp.o[0m
[2.743s] In file included from [01m[K/home/incubus/mars_ros2/src/ydlidar_ros2/sdk/include/serial.h:9[m[K,
[2.743s]                  from [01m[K/home/incubus/mars_ros2/src/ydlidar_ros2/sdk/src/serial.cpp:11[m[K:
[2.743s] [01m[K/home/incubus/mars_ros2/src/ydlidar_ros2/sdk/include/v8stdint.h:[m[K In function ‘[01m[Kbool ydlidar::fileExists(std::string)[m[K’:
[2.743s] [01m[K/home/incubus/mars_ros2/src/ydlidar_ros2/sdk/include/v8stdint.h:240:24:[m[K [01;35m[Kwarning: [m[Kmissing initializer for member ‘[01m[Kstat::st_ino[m[K’ [[01;35m[K-Wmissing-field-initializers[m[K]
[2.743s]   240 |   struct stat info = {0[01;35m[K}[m[K;
[2.743s]       |                        [01;35m[K^[m[K
[2.743s] [01m[K/home/incubus/mars_ros2/src/ydlidar_ros2/sdk/include/v8stdint.h:240:24:[m[K [01;35m[Kwarning: [m[Kmissing initializer for member ‘[01m[Kstat::st_nlink[m[K’ [[01;35m[K-Wmissing-field-initializers[m[K]
[2.744s] [01m[K/home/incubus/mars_ros2/src/ydlidar_ros2/sdk/include/v8stdint.h:240:24:[m[K [01;35m[Kwarning: [m[Kmissing initializer for member ‘[01m[Kstat::st_mode[m[K’ [[01;35m[K-Wmissing-field-initializers[m[K]
[2.744s] [01m[K/home/incubus/mars_ros2/src/ydlidar_ros2/sdk/include/v8stdint.h:240:24:[m[K [01;35m[Kwarning: [m[Kmissing initializer for member ‘[01m[Kstat::st_uid[m[K’ [[01;35m[K-Wmissing-field-initializers[m[K]
[2.744s] [01m[K/home/incubus/mars_ros2/src/ydlidar_ros2/sdk/include/v8stdint.h:240:24:[m[K [01;35m[Kwarning: [m[Kmissing initializer for member ‘[01m[Kstat::st_gid[m[K’ [[01;35m[K-Wmissing-field-initializers[m[K]
[2.744s] [01m[K/home/incubus/mars_ros2/src/ydlidar_ros2/sdk/include/v8stdint.h:240:24:[m[K [01;35m[Kwarning: [m[Kmissing initializer for member ‘[01m[Kstat::__pad0[m[K’ [[01;35m[K-Wmissing-field-initializers[m[K]
[2.744s] [01m[K/home/incubus/mars_ros2/src/ydlidar_ros2/sdk/include/v8stdint.h:240:24:[m[K [01;35m[Kwarning: [m[Kmissing initializer for member ‘[01m[Kstat::st_rdev[m[K’ [[01;35m[K-Wmissing-field-initializers[m[K]
[2.744s] [01m[K/home/incubus/mars_ros2/src/ydlidar_ros2/sdk/include/v8stdint.h:240:24:[m[K [01;35m[Kwarning: [m[Kmissing initializer for member ‘[01m[Kstat::st_size[m[K’ [[01;35m[K-Wmissing-field-initializers[m[K]
[2.744s] [01m[K/home/incubus/mars_ros2/src/ydlidar_ros2/sdk/include/v8stdint.h:240:24:[m[K [01;35m[Kwarning: [m[Kmissing initializer for member ‘[01m[Kstat::st_blksize[m[K’ [[01;35m[K-Wmissing-field-initializers[m[K]
[2.744s] [01m[K/home/incubus/mars_ros2/src/ydlidar_ros2/sdk/include/v8stdint.h:240:24:[m[K [01;35m[Kwarning: [m[Kmissing initializer for member ‘[01m[Kstat::st_blocks[m[K’ [[01;35m[K-Wmissing-field-initializers[m[K]
[2.744s] [01m[K/home/incubus/mars_ros2/src/ydlidar_ros2/sdk/include/v8stdint.h:240:24:[m[K [01;35m[Kwarning: [m[Kmissing initializer for member ‘[01m[Kstat::st_atim[m[K’ [[01;35m[K-Wmissing-field-initializers[m[K]
[2.745s] [01m[K/home/incubus/mars_ros2/src/ydlidar_ros2/sdk/include/v8stdint.h:240:24:[m[K [01;35m[Kwarning: [m[Kmissing initializer for member ‘[01m[Kstat::st_mtim[m[K’ [[01;35m[K-Wmissing-field-initializers[m[K]
[2.745s] [01m[K/home/incubus/mars_ros2/src/ydlidar_ros2/sdk/include/v8stdint.h:240:24:[m[K [01;35m[Kwarning: [m[Kmissing initializer for member ‘[01m[Kstat::st_ctim[m[K’ [[01;35m[K-Wmissing-field-initializers[m[K]
[2.745s] [01m[K/home/incubus/mars_ros2/src/ydlidar_ros2/sdk/include/v8stdint.h:240:24:[m[K [01;35m[Kwarning: [m[Kmissing initializer for member ‘[01m[Kstat::__glibc_reserved[m[K’ [[01;35m[K-Wmissing-field-initializers[m[K]
[2.779s] In file included from [01m[K/home/incubus/mars_ros2/src/ydlidar_ros2/sdk/src/common.h:47[m[K,
[2.779s]                  from [01m[K/home/incubus/mars_ros2/src/ydlidar_ros2/sdk/src/serial.cpp:12[m[K:
[2.779s] [01m[K/home/incubus/mars_ros2/src/ydlidar_ros2/sdk/include/thread.h:[m[K In static member function ‘[01m[Kstatic Thread Thread::createThread(thread_proc_t, void*)[m[K’:
[2.779s] [01m[K/home/incubus/mars_ros2/src/ydlidar_ros2/sdk/include/thread.h:43:76:[m[K [01;35m[Kwarning: [m[Kcast between incompatible function types from ‘[01m[Kthread_proc_t[m[K’ {aka ‘[01m[Klong unsigned int (*)(void*)[m[K’} to ‘[01m[Kvoid* (*)(void*)[m[K’ [[01;35m[K-Wcast-function-type[m[K]
[2.780s]    43 |     pthread_create((pthread_t *)&thread_._handle, NULL, (void *(*)(void *))[01;35m[Kproc[m[K,
[2.780s]       |                                                                            [01;35m[K^~~~[m[K
[2.784s] In file included from [01m[K/home/incubus/mars_ros2/src/ydlidar_ros2/sdk/include/serial.h:9[m[K,
[2.784s]                  from [01m[K/home/incubus/mars_ros2/src/ydlidar_ros2/sdk/include/ydlidar_driver.h:54[m[K,
[2.784s]                  from [01m[K/home/incubus/mars_ros2/src/ydlidar_ros2/sdk/include/CYdLidar.h:36[m[K,
[2.784s]                  from [01m[K/home/incubus/mars_ros2/src/ydlidar_ros2/src/ydlidar_node.cpp:26[m[K:
[2.785s] [01m[K/home/incubus/mars_ros2/src/ydlidar_ros2/sdk/include/v8stdint.h:[m[K In function ‘[01m[Kbool ydlidar::fileExists(std::string)[m[K’:
[2.785s] [01m[K/home/incubus/mars_ros2/src/ydlidar_ros2/sdk/include/v8stdint.h:240:24:[m[K [01;35m[Kwarning: [m[Kmissing initializer for member ‘[01m[Kstat::st_ino[m[K’ [[01;35m[K-Wmissing-field-initializers[m[K]
[2.785s]   240 |   struct stat info = {0[01;35m[K}[m[K;
[2.785s]       |                        [01;35m[K^[m[K
[2.785s] [01m[K/home/incubus/mars_ros2/src/ydlidar_ros2/sdk/include/v8stdint.h:240:24:[m[K [01;35m[Kwarning: [m[Kmissing initializer for member ‘[01m[Kstat::st_nlink[m[K’ [[01;35m[K-Wmissing-field-initializers[m[K]
[2.785s] [01m[K/home/incubus/mars_ros2/src/ydlidar_ros2/sdk/include/v8stdint.h:240:24:[m[K [01;35m[Kwarning: [m[Kmissing initializer for member ‘[01m[Kstat::st_mode[m[K’ [[01;35m[K-Wmissing-field-initializers[m[K]
[2.785s] [01m[K/home/incubus/mars_ros2/src/ydlidar_ros2/sdk/include/v8stdint.h:240:24:[m[K [01;35m[Kwarning: [m[Kmissing initializer for member ‘[01m[Kstat::st_uid[m[K’ [[01;35m[K-Wmissing-field-initializers[m[K]
[2.785s] [01m[K/home/incubus/mars_ros2/src/ydlidar_ros2/sdk/include/v8stdint.h:240:24:[m[K [01;35m[Kwarning: [m[Kmissing initializer for member ‘[01m[Kstat::st_gid[m[K’ [[01;35m[K-Wmissing-field-initializers[m[K]
[2.785s] [01m[K/home/incubus/mars_ros2/src/ydlidar_ros2/sdk/include/v8stdint.h:240:24:[m[K [01;35m[Kwarning: [m[Kmissing initializer for member ‘[01m[Kstat::__pad0[m[K’ [[01;35m[K-Wmissing-field-initializers[m[K]
[2.786s] [01m[K/home/incubus/mars_ros2/src/ydlidar_ros2/sdk/include/v8stdint.h:240:24:[m[K [01;35m[Kwarning: [m[Kmissing initializer for member ‘[01m[Kstat::st_rdev[m[K’ [[01;35m[K-Wmissing-field-initializers[m[K]
[2.786s] [01m[K/home/incubus/mars_ros2/src/ydlidar_ros2/sdk/include/v8stdint.h:240:24:[m[K [01;35m[Kwarning: [m[Kmissing initializer for member ‘[01m[Kstat::st_size[m[K’ [[01;35m[K-Wmissing-field-initializers[m[K]
[2.786s] [01m[K/home/incubus/mars_ros2/src/ydlidar_ros2/sdk/include/v8stdint.h:240:24:[m[K [01;35m[Kwarning: [m[Kmissing initializer for member ‘[01m[Kstat::st_blksize[m[K’ [[01;35m[K-Wmissing-field-initializers[m[K]
[2.786s] [01m[K/home/incubus/mars_ros2/src/ydlidar_ros2/sdk/include/v8stdint.h:240:24:[m[K [01;35m[Kwarning: [m[Kmissing initializer for member ‘[01m[Kstat::st_blocks[m[K’ [[01;35m[K-Wmissing-field-initializers[m[K]
[2.786s] [01m[K/home/incubus/mars_ros2/src/ydlidar_ros2/sdk/include/v8stdint.h:240:24:[m[K [01;35m[Kwarning: [m[Kmissing initializer for member ‘[01m[Kstat::st_atim[m[K’ [[01;35m[K-Wmissing-field-initializers[m[K]
[2.786s] [01m[K/home/incubus/mars_ros2/src/ydlidar_ros2/sdk/include/v8stdint.h:240:24:[m[K [01;35m[Kwarning: [m[Kmissing initializer for member ‘[01m[Kstat::st_mtim[m[K’ [[01;35m[K-Wmissing-field-initializers[m[K]
[2.786s] [01m[K/home/incubus/mars_ros2/src/ydlidar_ros2/sdk/include/v8stdint.h:240:24:[m[K [01;35m[Kwarning: [m[Kmissing initializer for member ‘[01m[Kstat::st_ctim[m[K’ [[01;35m[K-Wmissing-field-initializers[m[K]
[2.786s] [01m[K/home/incubus/mars_ros2/src/ydlidar_ros2/sdk/include/v8stdint.h:240:24:[m[K [01;35m[Kwarning: [m[Kmissing initializer for member ‘[01m[Kstat::__glibc_reserved[m[K’ [[01;35m[K-Wmissing-field-initializers[m[K]
[2.790s] In file included from [01m[K/home/incubus/mars_ros2/src/ydlidar_ros2/sdk/include/ydlidar_driver.h:56[m[K,
[2.790s]                  from [01m[K/home/incubus/mars_ros2/src/ydlidar_ros2/sdk/include/CYdLidar.h:36[m[K,
[2.790s]                  from [01m[K/home/incubus/mars_ros2/src/ydlidar_ros2/src/ydlidar_node.cpp:26[m[K:
[2.791s] [01m[K/home/incubus/mars_ros2/src/ydlidar_ros2/sdk/include/thread.h:[m[K In static member function ‘[01m[Kstatic Thread Thread::createThread(thread_proc_t, void*)[m[K’:
[2.791s] [01m[K/home/incubus/mars_ros2/src/ydlidar_ros2/sdk/include/thread.h:43:76:[m[K [01;35m[Kwarning: [m[Kcast between incompatible function types from ‘[01m[Kthread_proc_t[m[K’ {aka ‘[01m[Klong unsigned int (*)(void*)[m[K’} to ‘[01m[Kvoid* (*)(void*)[m[K’ [[01;35m[K-Wcast-function-type[m[K]
[2.791s]    43 |     pthread_create((pthread_t *)&thread_._handle, NULL, (void *(*)(void *))[01;35m[Kproc[m[K,
[2.791s]       |                                                                            [01;35m[K^~~~[m[K
[2.799s] In file included from [01m[K/home/incubus/mars_ros2/src/ydlidar_ros2/sdk/include/ydlidar_driver.h:58[m[K,
[2.799s]                  from [01m[K/home/incubus/mars_ros2/src/ydlidar_ros2/sdk/include/CYdLidar.h:36[m[K,
[2.799s]                  from [01m[K/home/incubus/mars_ros2/src/ydlidar_ros2/src/ydlidar_node.cpp:26[m[K:
[2.799s] [01m[K/home/incubus/mars_ros2/src/ydlidar_ros2/sdk/include/help_info.h:[m[K In function ‘[01m[Kbool ydlidar::isSupportMotorCtrl(int)[m[K’:
[2.799s] [01m[K/home/incubus/mars_ros2/src/ydlidar_ros2/sdk/include/help_info.h:414:8:[m[K [01;35m[Kwarning: [m[Kvariable ‘[01m[Kret[m[K’ set but not used [[01;35m[K-Wunused-but-set-variable[m[K]
[2.799s]   414 |   bool [01;35m[Kret[m[K = false;
[2.799s]       |        [01;35m[K^~~[m[K
[2.835s] [01m[K/home/incubus/mars_ros2/src/ydlidar_ros2/src/ydlidar_node.cpp:[m[K In function ‘[01m[Kint main(int, char**)[m[K’:
[2.835s] [01m[K/home/incubus/mars_ros2/src/ydlidar_ros2/src/ydlidar_node.cpp:208:22:[m[K [01;35m[Kwarning: [m[Kcomparison of integer expressions of different signedness: ‘[01m[Kint[m[K’ and ‘[01m[Kstd::vector<LaserPoint>::size_type[m[K’ {aka ‘[01m[Klong unsigned int[m[K’} [[01;35m[K-Wsign-compare[m[K]
[2.835s]   208 |       for(int i=0; [01;35m[Ki < scan.points.size()[m[K; i++) {
[2.835s]       |                    [01;35m[K~~^~~~~~~~~~~~~~~~~~~~[m[K
[2.840s] In file included from [01m[K/home/incubus/mars_ros2/src/ydlidar_ros2/sdk/include/serial.h:9[m[K,
[2.840s]                  from [01m[K/home/incubus/mars_ros2/src/ydlidar_ros2/sdk/include/ydlidar_driver.h:54[m[K,
[2.840s]                  from [01m[K/home/incubus/mars_ros2/src/ydlidar_ros2/sdk/src/ydlidar_driver.cpp:34[m[K:
[2.840s] [01m[K/home/incubus/mars_ros2/src/ydlidar_ros2/sdk/include/v8stdint.h:[m[K In function ‘[01m[Kbool ydlidar::fileExists(std::string)[m[K’:
[2.840s] [01m[K/home/incubus/mars_ros2/src/ydlidar_ros2/sdk/include/v8stdint.h:240:24:[m[K [01;35m[Kwarning: [m[Kmissing initializer for member ‘[01m[Kstat::st_ino[m[K’ [[01;35m[K-Wmissing-field-initializers[m[K]
[2.841s]   240 |   struct stat info = {0[01;35m[K}[m[K;
[2.841s]       |                        [01;35m[K^[m[K
[2.841s] [01m[K/home/incubus/mars_ros2/src/ydlidar_ros2/sdk/include/v8stdint.h:240:24:[m[K [01;35m[Kwarning: [m[Kmissing initializer for member ‘[01m[Kstat::st_nlink[m[K’ [[01;35m[K-Wmissing-field-initializers[m[K]
[2.841s] [01m[K/home/incubus/mars_ros2/src/ydlidar_ros2/sdk/include/v8stdint.h:240:24:[m[K [01;35m[Kwarning: [m[Kmissing initializer for member ‘[01m[Kstat::st_mode[m[K’ [[01;35m[K-Wmissing-field-initializers[m[K]
[2.842s] [01m[K/home/incubus/mars_ros2/src/ydlidar_ros2/sdk/include/v8stdint.h:240:24:[m[K [01;35m[Kwarning: [m[Kmissing initializer for member ‘[01m[Kstat::st_uid[m[K’ [[01;35m[K-Wmissing-field-initializers[m[K]
[2.842s] [01m[K/home/incubus/mars_ros2/src/ydlidar_ros2/sdk/include/v8stdint.h:240:24:[m[K [01;35m[Kwarning: [m[Kmissing initializer for member ‘[01m[Kstat::st_gid[m[K’ [[01;35m[K-Wmissing-field-initializers[m[K]
[2.842s] [01m[K/home/incubus/mars_ros2/src/ydlidar_ros2/sdk/include/v8stdint.h:240:24:[m[K [01;35m[Kwarning: [m[Kmissing initializer for member ‘[01m[Kstat::__pad0[m[K’ [[01;35m[K-Wmissing-field-initializers[m[K]
[2.842s] [01m[K/home/incubus/mars_ros2/src/ydlidar_ros2/sdk/include/v8stdint.h:240:24:[m[K [01;35m[Kwarning: [m[Kmissing initializer for member ‘[01m[Kstat::st_rdev[m[K’ [[01;35m[K-Wmissing-field-initializers[m[K]
[2.842s] [01m[K/home/incubus/mars_ros2/src/ydlidar_ros2/sdk/include/v8stdint.h:240:24:[m[K [01;35m[Kwarning: [m[Kmissing initializer for member ‘[01m[Kstat::st_size[m[K’ [[01;35m[K-Wmissing-field-initializers[m[K]
[2.843s] [01m[K/home/incubus/mars_ros2/src/ydlidar_ros2/sdk/include/v8stdint.h:240:24:[m[K [01;35m[Kwarning: [m[Kmissing initializer for member ‘[01m[Kstat::st_blksize[m[K’ [[01;35m[K-Wmissing-field-initializers[m[K]
[2.843s] [01m[K/home/incubus/mars_ros2/src/ydlidar_ros2/sdk/include/v8stdint.h:240:24:[m[K [01;35m[Kwarning: [m[Kmissing initializer for member ‘[01m[Kstat::st_blocks[m[K’ [[01;35m[K-Wmissing-field-initializers[m[K]
[2.843s] [01m[K/home/incubus/mars_ros2/src/ydlidar_ros2/sdk/include/v8stdint.h:240:24:[m[K [01;35m[Kwarning: [m[Kmissing initializer for member ‘[01m[Kstat::st_atim[m[K’ [[01;35m[K-Wmissing-field-initializers[m[K]
[2.843s] [01m[K/home/incubus/mars_ros2/src/ydlidar_ros2/sdk/include/v8stdint.h:240:24:[m[K [01;35m[Kwarning: [m[Kmissing initializer for member ‘[01m[Kstat::st_mtim[m[K’ [[01;35m[K-Wmissing-field-initializers[m[K]
[2.844s] [01m[K/home/incubus/mars_ros2/src/ydlidar_ros2/sdk/include/v8stdint.h:240:24:[m[K [01;35m[Kwarning: [m[Kmissing initializer for member ‘[01m[Kstat::st_ctim[m[K’ [[01;35m[K-Wmissing-field-initializers[m[K]
[2.844s] [01m[K/home/incubus/mars_ros2/src/ydlidar_ros2/sdk/include/v8stdint.h:240:24:[m[K [01;35m[Kwarning: [m[Kmissing initializer for member ‘[01m[Kstat::__glibc_reserved[m[K’ [[01;35m[K-Wmissing-field-initializers[m[K]
[2.850s] In file included from [01m[K/home/incubus/mars_ros2/src/ydlidar_ros2/sdk/include/ydlidar_driver.h:56[m[K,
[2.850s]                  from [01m[K/home/incubus/mars_ros2/src/ydlidar_ros2/sdk/src/ydlidar_driver.cpp:34[m[K:
[2.851s] [01m[K/home/incubus/mars_ros2/src/ydlidar_ros2/sdk/include/thread.h:[m[K In static member function ‘[01m[Kstatic Thread Thread::createThread(thread_proc_t, void*)[m[K’:
[2.851s] [01m[K/home/incubus/mars_ros2/src/ydlidar_ros2/sdk/include/thread.h:43:76:[m[K [01;35m[Kwarning: [m[Kcast between incompatible function types from ‘[01m[Kthread_proc_t[m[K’ {aka ‘[01m[Klong unsigned int (*)(void*)[m[K’} to ‘[01m[Kvoid* (*)(void*)[m[K’ [[01;35m[K-Wcast-function-type[m[K]
[2.851s]    43 |     pthread_create((pthread_t *)&thread_._handle, NULL, (void *(*)(void *))[01;35m[Kproc[m[K,
[2.851s]       |                                                                            [01;35m[K^~~~[m[K
[2.860s] In file included from [01m[K/home/incubus/mars_ros2/src/ydlidar_ros2/sdk/include/ydlidar_driver.h:58[m[K,
[2.860s]                  from [01m[K/home/incubus/mars_ros2/src/ydlidar_ros2/sdk/src/ydlidar_driver.cpp:34[m[K:
[2.860s] [01m[K/home/incubus/mars_ros2/src/ydlidar_ros2/sdk/include/help_info.h:[m[K In function ‘[01m[Kbool ydlidar::isSupportMotorCtrl(int)[m[K’:
[2.861s] [01m[K/home/incubus/mars_ros2/src/ydlidar_ros2/sdk/include/help_info.h:414:8:[m[K [01;35m[Kwarning: [m[Kvariable ‘[01m[Kret[m[K’ set but not used [[01;35m[K-Wunused-but-set-variable[m[K]
[2.861s]   414 |   bool [01;35m[Kret[m[K = false;
[2.861s]       |        [01;35m[K^~~[m[K
[2.923s] [01m[K/home/incubus/mars_ros2/src/ydlidar_ros2/sdk/src/ydlidar_driver.cpp:[m[K In member function ‘[01m[Kresult_t ydlidar::YDlidarDriver::waitPackage(node_info*, uint32_t)[m[K’:
[2.923s] [01m[K/home/incubus/mars_ros2/src/ydlidar_ros2/sdk/src/ydlidar_driver.cpp:992:95:[m[K [01;35m[Kwarning: [m[Ksuggest parentheses around arithmetic in operand of ‘[01m[K|[m[K’ [[01;35m[K-Wparentheses[m[K]
[2.924s]   992 |                                          [01;35m[Kpackages.packageSampleDistance[package_Sample_Index] &[m[K
[2.924s]       |                                          [01;35m[K~~~~~~~~~~~~~~~~~~~~~~~~~~~~~~~~~~~~~~~~~~~~~~~~~~~~~^[m[K
[2.924s]   993 | [01;35m[K                                         0x0003[m[K)) << LIDAR_RESP_MEASUREMENT_QUALITY_SHIFT;
[2.924s]       |                                          [01;35m[K~~~~~~[m[K                                                
[4.952s] [ 90%] [32m[1mLinking CXX executable ydlidar_node[0m
[5.222s] [ 90%] Built target ydlidar_node
[6.489s] [100%] [32m[1mLinking CXX executable ydlidar_client[0m
[6.746s] [100%] Built target ydlidar_client
