running egg_info
creating ../build/Manipul/Manipul.egg-info
writing ../build/Manipul/Manipul.egg-info/PKG-INFO
writing dependency_links to ../build/Manipul/Manipul.egg-info/dependency_links.txt
writing entry points to ../build/Manipul/Manipul.egg-info/entry_points.txt
writing requirements to ../build/Manipul/Manipul.egg-info/requires.txt
writing top-level names to ../build/Manipul/Manipul.egg-info/top_level.txt
writing manifest file '../build/Manipul/Manipul.egg-info/SOURCES.txt'
reading manifest file '../build/Manipul/Manipul.egg-info/SOURCES.txt'
writing manifest file '../build/Manipul/Manipul.egg-info/SOURCES.txt'
running build
running build_py
creating /home/incubus/mars_ros2/src/build/Manipul/build
creating /home/incubus/mars_ros2/src/build/Manipul/build/lib
creating /home/incubus/mars_ros2/src/build/Manipul/build/lib/Manipul
copying Manipul/__init__.py -> /home/incubus/mars_ros2/src/build/Manipul/build/lib/Manipul
copying Manipul/ToServo.py -> /home/incubus/mars_ros2/src/build/Manipul/build/lib/Manipul
running install
running install_lib
creating /home/incubus/mars_ros2/src/install/Manipul/lib/python3.8/site-packages/Manipul
copying /home/incubus/mars_ros2/src/build/Manipul/build/lib/Manipul/__init__.py -> /home/incubus/mars_ros2/src/install/Manipul/lib/python3.8/site-packages/Manipul
copying /home/incubus/mars_ros2/src/build/Manipul/build/lib/Manipul/ToServo.py -> /home/incubus/mars_ros2/src/install/Manipul/lib/python3.8/site-packages/Manipul
byte-compiling /home/incubus/mars_ros2/src/install/Manipul/lib/python3.8/site-packages/Manipul/__init__.py to __init__.cpython-38.pyc
byte-compiling /home/incubus/mars_ros2/src/install/Manipul/lib/python3.8/site-packages/Manipul/ToServo.py to ToServo.cpython-38.pyc
running install_data
creating /home/incubus/mars_ros2/src/install/Manipul/share/ament_index
creating /home/incubus/mars_ros2/src/install/Manipul/share/ament_index/resource_index
creating /home/incubus/mars_ros2/src/install/Manipul/share/ament_index/resource_index/packages
copying resource/Manipul -> /home/incubus/mars_ros2/src/install/Manipul/share/ament_index/resource_index/packages
copying package.xml -> /home/incubus/mars_ros2/src/install/Manipul/share/Manipul
running install_egg_info
Copying ../build/Manipul/Manipul.egg-info to /home/incubus/mars_ros2/src/install/Manipul/lib/python3.8/site-packages/Manipul-0.0.0-py3.8.egg-info
running install_scripts
Installing ToServo script to /home/incubus/mars_ros2/src/install/Manipul/lib/Manipul
writing list of installed files to '/home/incubus/mars_ros2/src/build/Manipul/install.log'
