[1.452s] Invoking command in '/home/incubus/mars_ros2/src/Webserver': PYTHONPATH=/home/incubus/mars_ros2/install/Webserver/lib/python3.8/site-packages:${PYTHONPATH} /usr/bin/python3 setup.py egg_info --egg-base ../../build/Webserver build --build-base /home/incubus/mars_ros2/build/Webserver/build install --prefix /home/incubus/mars_ros2/install/Webserver --record /home/incubus/mars_ros2/build/Webserver/install.log --single-version-externally-managed
[1.815s] running egg_info
[1.816s] writing ../../build/Webserver/Webserver.egg-info/PKG-INFO
[1.817s] writing dependency_links to ../../build/Webserver/Webserver.egg-info/dependency_links.txt
[1.817s] writing entry points to ../../build/Webserver/Webserver.egg-info/entry_points.txt
[1.818s] writing requirements to ../../build/Webserver/Webserver.egg-info/requires.txt
[1.818s] writing top-level names to ../../build/Webserver/Webserver.egg-info/top_level.txt
[1.881s] reading manifest file '../../build/Webserver/Webserver.egg-info/SOURCES.txt'
[1.883s] writing manifest file '../../build/Webserver/Webserver.egg-info/SOURCES.txt'
[1.883s] running build
[1.883s] running build_py
[1.884s] running install
[1.885s] running install_lib
[1.889s] running install_data
[1.890s] running install_egg_info
[1.894s] removing '/home/incubus/mars_ros2/install/Webserver/lib/python3.8/site-packages/Webserver-0.0.0-py3.8.egg-info' (and everything under it)
[1.895s] Copying ../../build/Webserver/Webserver.egg-info to /home/incubus/mars_ros2/install/Webserver/lib/python3.8/site-packages/Webserver-0.0.0-py3.8.egg-info
[1.897s] running install_scripts
[1.926s] Installing Flask script to /home/incubus/mars_ros2/install/Webserver/lib/Webserver
[1.926s] writing list of installed files to '/home/incubus/mars_ros2/build/Webserver/install.log'
[1.965s] Invoked command in '/home/incubus/mars_ros2/src/Webserver' returned '0': PYTHONPATH=/home/incubus/mars_ros2/install/Webserver/lib/python3.8/site-packages:${PYTHONPATH} /usr/bin/python3 setup.py egg_info --egg-base ../../build/Webserver build --build-base /home/incubus/mars_ros2/build/Webserver/build install --prefix /home/incubus/mars_ros2/install/Webserver --record /home/incubus/mars_ros2/build/Webserver/install.log --single-version-externally-managed
