[1.072s] Invoking command in '/home/incubus/mars_ros2/src/my_package': PYTHONPATH=/home/incubus/mars_ros2/install/my_package/lib/python3.8/site-packages:${PYTHONPATH} /usr/bin/python3 setup.py egg_info --egg-base ../../build/my_package build --build-base /home/incubus/mars_ros2/build/my_package/build install --prefix /home/incubus/mars_ros2/install/my_package --record /home/incubus/mars_ros2/build/my_package/install.log --single-version-externally-managed
[1.533s] running egg_info
[1.535s] writing ../../build/my_package/my_package.egg-info/PKG-INFO
[1.535s] writing dependency_links to ../../build/my_package/my_package.egg-info/dependency_links.txt
[1.536s] writing entry points to ../../build/my_package/my_package.egg-info/entry_points.txt
[1.537s] writing requirements to ../../build/my_package/my_package.egg-info/requires.txt
[1.537s] writing top-level names to ../../build/my_package/my_package.egg-info/top_level.txt
[1.598s] reading manifest file '../../build/my_package/my_package.egg-info/SOURCES.txt'
[1.600s] writing manifest file '../../build/my_package/my_package.egg-info/SOURCES.txt'
[1.601s] running build
[1.601s] running build_py
[1.602s] running install
[1.603s] running install_lib
[1.606s] running install_data
[1.607s] running install_egg_info
[1.610s] removing '/home/incubus/mars_ros2/install/my_package/lib/python3.8/site-packages/my_package-0.0.0-py3.8.egg-info' (and everything under it)
[1.611s] error removing /home/incubus/mars_ros2/install/my_package/lib/python3.8/site-packages/my_package-0.0.0-py3.8.egg-info: [Errno 13] Permission denied: '/home/incubus/mars_ros2/install/my_package/lib/python3.8/site-packages/my_package-0.0.0-py3.8.egg-info/requires.txt'
[1.611s] error removing /home/incubus/mars_ros2/install/my_package/lib/python3.8/site-packages/my_package-0.0.0-py3.8.egg-info: [Errno 13] Permission denied: '/home/incubus/mars_ros2/install/my_package/lib/python3.8/site-packages/my_package-0.0.0-py3.8.egg-info/dependency_links.txt'
[1.611s] error removing /home/incubus/mars_ros2/install/my_package/lib/python3.8/site-packages/my_package-0.0.0-py3.8.egg-info: [Errno 13] Permission denied: '/home/incubus/mars_ros2/install/my_package/lib/python3.8/site-packages/my_package-0.0.0-py3.8.egg-info/PKG-INFO'
[1.611s] error removing /home/incubus/mars_ros2/install/my_package/lib/python3.8/site-packages/my_package-0.0.0-py3.8.egg-info: [Errno 13] Permission denied: '/home/incubus/mars_ros2/install/my_package/lib/python3.8/site-packages/my_package-0.0.0-py3.8.egg-info/top_level.txt'
[1.612s] error removing /home/incubus/mars_ros2/install/my_package/lib/python3.8/site-packages/my_package-0.0.0-py3.8.egg-info: [Errno 13] Permission denied: '/home/incubus/mars_ros2/install/my_package/lib/python3.8/site-packages/my_package-0.0.0-py3.8.egg-info/SOURCES.txt'
[1.612s] error removing /home/incubus/mars_ros2/install/my_package/lib/python3.8/site-packages/my_package-0.0.0-py3.8.egg-info: [Errno 13] Permission denied: '/home/incubus/mars_ros2/install/my_package/lib/python3.8/site-packages/my_package-0.0.0-py3.8.egg-info/zip-safe'
[1.612s] error removing /home/incubus/mars_ros2/install/my_package/lib/python3.8/site-packages/my_package-0.0.0-py3.8.egg-info: [Errno 13] Permission denied: '/home/incubus/mars_ros2/install/my_package/lib/python3.8/site-packages/my_package-0.0.0-py3.8.egg-info/entry_points.txt'
[1.612s] error removing /home/incubus/mars_ros2/install/my_package/lib/python3.8/site-packages/my_package-0.0.0-py3.8.egg-info: [Errno 39] Directory not empty: '/home/incubus/mars_ros2/install/my_package/lib/python3.8/site-packages/my_package-0.0.0-py3.8.egg-info'
[1.613s] Copying ../../build/my_package/my_package.egg-info to /home/incubus/mars_ros2/install/my_package/lib/python3.8/site-packages/my_package-0.0.0-py3.8.egg-info
[1.613s] error: [Errno 13] Permission denied: '/home/incubus/mars_ros2/install/my_package/lib/python3.8/site-packages/my_package-0.0.0-py3.8.egg-info/requires.txt'
[1.650s] Invoked command in '/home/incubus/mars_ros2/src/my_package' returned '1': PYTHONPATH=/home/incubus/mars_ros2/install/my_package/lib/python3.8/site-packages:${PYTHONPATH} /usr/bin/python3 setup.py egg_info --egg-base ../../build/my_package build --build-base /home/incubus/mars_ros2/build/my_package/build install --prefix /home/incubus/mars_ros2/install/my_package --record /home/incubus/mars_ros2/build/my_package/install.log --single-version-externally-managed
