[1.134s] Invoking command in '/home/incubus/mars_ros2/src/my_package': PYTHONPATH=/home/incubus/mars_ros2/install/my_package/lib/python3.8/site-packages:${PYTHONPATH} /usr/bin/python3 setup.py egg_info --egg-base ../../build/my_package build --build-base /home/incubus/mars_ros2/build/my_package/build install --prefix /home/incubus/mars_ros2/install/my_package --record /home/incubus/mars_ros2/build/my_package/install.log --single-version-externally-managed
[1.461s] running egg_info
[1.462s] writing ../../build/my_package/my_package.egg-info/PKG-INFO
[1.463s] writing dependency_links to ../../build/my_package/my_package.egg-info/dependency_links.txt
[1.463s] writing entry points to ../../build/my_package/my_package.egg-info/entry_points.txt
[1.463s] writing requirements to ../../build/my_package/my_package.egg-info/requires.txt
[1.463s] writing top-level names to ../../build/my_package/my_package.egg-info/top_level.txt
[1.503s] reading manifest file '../../build/my_package/my_package.egg-info/SOURCES.txt'
[1.504s] writing manifest file '../../build/my_package/my_package.egg-info/SOURCES.txt'
[1.504s] running build
[1.504s] running build_py
[1.505s] running install
[1.506s] running install_lib
[1.507s] running install_data
[1.508s] running install_egg_info
[1.510s] removing '/home/incubus/mars_ros2/install/my_package/lib/python3.8/site-packages/my_package-0.0.0-py3.8.egg-info' (and everything under it)
[1.510s] error removing /home/incubus/mars_ros2/install/my_package/lib/python3.8/site-packages/my_package-0.0.0-py3.8.egg-info: [Errno 13] Permission denied: '/home/incubus/mars_ros2/install/my_package/lib/python3.8/site-packages/my_package-0.0.0-py3.8.egg-info/requires.txt'
[1.511s] error removing /home/incubus/mars_ros2/install/my_package/lib/python3.8/site-packages/my_package-0.0.0-py3.8.egg-info: [Errno 13] Permission denied: '/home/incubus/mars_ros2/install/my_package/lib/python3.8/site-packages/my_package-0.0.0-py3.8.egg-info/dependency_links.txt'
[1.511s] error removing /home/incubus/mars_ros2/install/my_package/lib/python3.8/site-packages/my_package-0.0.0-py3.8.egg-info: [Errno 13] Permission denied: '/home/incubus/mars_ros2/install/my_package/lib/python3.8/site-packages/my_package-0.0.0-py3.8.egg-info/PKG-INFO'
[1.511s] error removing /home/incubus/mars_ros2/install/my_package/lib/python3.8/site-packages/my_package-0.0.0-py3.8.egg-info: [Errno 13] Permission denied: '/home/incubus/mars_ros2/install/my_package/lib/python3.8/site-packages/my_package-0.0.0-py3.8.egg-info/top_level.txt'
[1.511s] error removing /home/incubus/mars_ros2/install/my_package/lib/python3.8/site-packages/my_package-0.0.0-py3.8.egg-info: [Errno 13] Permission denied: '/home/incubus/mars_ros2/install/my_package/lib/python3.8/site-packages/my_package-0.0.0-py3.8.egg-info/SOURCES.txt'
[1.511s] error removing /home/incubus/mars_ros2/install/my_package/lib/python3.8/site-packages/my_package-0.0.0-py3.8.egg-info: [Errno 13] Permission denied: '/home/incubus/mars_ros2/install/my_package/lib/python3.8/site-packages/my_package-0.0.0-py3.8.egg-info/zip-safe'
[1.511s] error removing /home/incubus/mars_ros2/install/my_package/lib/python3.8/site-packages/my_package-0.0.0-py3.8.egg-info: [Errno 13] Permission denied: '/home/incubus/mars_ros2/install/my_package/lib/python3.8/site-packages/my_package-0.0.0-py3.8.egg-info/entry_points.txt'
[1.511s] error removing /home/incubus/mars_ros2/install/my_package/lib/python3.8/site-packages/my_package-0.0.0-py3.8.egg-info: [Errno 39] Directory not empty: '/home/incubus/mars_ros2/install/my_package/lib/python3.8/site-packages/my_package-0.0.0-py3.8.egg-info'
[1.511s] Copying ../../build/my_package/my_package.egg-info to /home/incubus/mars_ros2/install/my_package/lib/python3.8/site-packages/my_package-0.0.0-py3.8.egg-info
[1.512s] error: [Errno 13] Permission denied: '/home/incubus/mars_ros2/install/my_package/lib/python3.8/site-packages/my_package-0.0.0-py3.8.egg-info/requires.txt'
