[5.850s] Invoking command in '/home/incubus/mars_ros2/src/Manipul': PYTHONPATH=/home/incubus/mars_ros2/src/install/Manipul/lib/python3.8/site-packages:${PYTHONPATH} /usr/bin/python3 setup.py egg_info --egg-base ../build/Manipul build --build-base /home/incubus/mars_ros2/src/build/Manipul/build install --prefix /home/incubus/mars_ros2/src/install/Manipul --record /home/incubus/mars_ros2/src/build/Manipul/install.log --single-version-externally-managed
[6.598s] /home/incubus/.local/lib/python3.8/site-packages/setuptools/dist.py:772: UserWarning: Usage of dash-separated 'script-dir' will not be supported in future versions. Please use the underscore name 'script_dir' instead
[6.598s]   warnings.warn(
[6.598s] /home/incubus/.local/lib/python3.8/site-packages/setuptools/dist.py:772: UserWarning: Usage of dash-separated 'install-scripts' will not be supported in future versions. Please use the underscore name 'install_scripts' instead
[6.599s]   warnings.warn(
[8.341s] running egg_info
[8.523s] writing ../build/Manipul/Manipul.egg-info/PKG-INFO
[8.655s] writing dependency_links to ../build/Manipul/Manipul.egg-info/dependency_links.txt
[9.061s] writing entry points to ../build/Manipul/Manipul.egg-info/entry_points.txt
[9.334s] writing requirements to ../build/Manipul/Manipul.egg-info/requires.txt
[9.516s] writing top-level names to ../build/Manipul/Manipul.egg-info/top_level.txt
[9.714s] /home/incubus/.local/lib/python3.8/site-packages/setuptools/command/install.py:34: SetuptoolsDeprecationWarning: setup.py install is deprecated. Use build and pip and other standards-based tools.
[9.714s]   warnings.warn(
[9.716s] reading manifest file '../build/Manipul/Manipul.egg-info/SOURCES.txt'
[9.716s] writing manifest file '../build/Manipul/Manipul.egg-info/SOURCES.txt'
[9.716s] running build
[9.716s] running build_py
[9.716s] running install
[9.726s] running install_lib
[9.870s] running install_data
[9.900s] running install_egg_info
[10.048s] removing '/home/incubus/mars_ros2/src/install/Manipul/lib/python3.8/site-packages/Manipul-0.0.0-py3.8.egg-info' (and everything under it)
[10.049s] Copying ../build/Manipul/Manipul.egg-info to /home/incubus/mars_ros2/src/install/Manipul/lib/python3.8/site-packages/Manipul-0.0.0-py3.8.egg-info
[10.051s] running install_scripts
[10.315s] Installing ToServo script to /home/incubus/mars_ros2/src/install/Manipul/lib/Manipul
[10.315s] writing list of installed files to '/home/incubus/mars_ros2/src/build/Manipul/install.log'
[11.467s] Invoked command in '/home/incubus/mars_ros2/src/Manipul' returned '0': PYTHONPATH=/home/incubus/mars_ros2/src/install/Manipul/lib/python3.8/site-packages:${PYTHONPATH} /usr/bin/python3 setup.py egg_info --egg-base ../build/Manipul build --build-base /home/incubus/mars_ros2/src/build/Manipul/build install --prefix /home/incubus/mars_ros2/src/install/Manipul --record /home/incubus/mars_ros2/src/build/Manipul/install.log --single-version-externally-managed
