[0.134s] DEBUG:colcon:Command line arguments: ['/usr/bin/colcon', 'build']
[0.135s] DEBUG:colcon:Parsed command line arguments: Namespace(allow_overriding=[], ament_cmake_args=None, base_paths=['.'], build_base='build', catkin_cmake_args=None, catkin_skip_building_tests=False, cmake_args=None, cmake_clean_cache=False, cmake_clean_first=False, cmake_force_configure=False, cmake_target=None, cmake_target_skip_unavailable=False, continue_on_error=False, event_handlers=None, executor='parallel', ignore_user_meta=False, install_base='install', log_base=None, log_level=None, main=<bound method BuildVerb.main of <colcon_core.verb.build.BuildVerb object at 0x7fce05784400>>, merge_install=False, metas=['./colcon.meta'], packages_above=None, packages_above_and_dependencies=None, packages_above_depth=None, packages_end=None, packages_ignore=None, packages_ignore_regex=None, packages_select=None, packages_select_build_failed=False, packages_select_by_dep=None, packages_select_regex=None, packages_select_test_failures=False, packages_skip=None, packages_skip_build_finished=False, packages_skip_by_dep=None, packages_skip_regex=None, packages_skip_test_passed=False, packages_skip_up_to=None, packages_start=None, packages_up_to=None, packages_up_to_regex=None, parallel_workers=4, paths=None, symlink_install=False, test_result_base=None, verb_extension=<colcon_core.verb.build.BuildVerb object at 0x7fce05784400>, verb_name='build', verb_parser=<colcon_defaults.argument_parser.defaults.DefaultArgumentsDecorator object at 0x7fce05784940>)
[0.159s] Level 1:colcon.colcon_core.package_discovery:discover_packages(colcon_meta) check parameters
[0.160s] Level 1:colcon.colcon_core.package_discovery:discover_packages(recursive) check parameters
[0.160s] Level 1:colcon.colcon_core.package_discovery:discover_packages(ignore) check parameters
[0.160s] Level 1:colcon.colcon_core.package_discovery:discover_packages(path) check parameters
[0.160s] Level 1:colcon.colcon_core.package_discovery:discover_packages(colcon_meta) discover
[0.160s] Level 1:colcon.colcon_core.package_discovery:discover_packages(recursive) discover
[0.160s] INFO:colcon.colcon_core.package_discovery:Crawling recursively for packages in '/home/incubus/mars_ros2'
[0.160s] Level 1:colcon.colcon_core.package_identification:_identify(.) by extensions ['ignore', 'ignore_ament_install']
[0.160s] Level 1:colcon.colcon_core.package_identification:_identify(.) by extension 'ignore'
[0.160s] Level 1:colcon.colcon_core.package_identification:_identify(.) by extension 'ignore_ament_install'
[0.160s] Level 1:colcon.colcon_core.package_identification:_identify(.) by extensions ['colcon_pkg']
[0.160s] Level 1:colcon.colcon_core.package_identification:_identify(.) by extension 'colcon_pkg'
[0.160s] Level 1:colcon.colcon_core.package_identification:_identify(.) by extensions ['colcon_meta']
[0.160s] Level 1:colcon.colcon_core.package_identification:_identify(.) by extension 'colcon_meta'
[0.160s] Level 1:colcon.colcon_core.package_identification:_identify(.) by extensions ['ros']
[0.160s] Level 1:colcon.colcon_core.package_identification:_identify(.) by extension 'ros'
[0.171s] Level 1:colcon.colcon_core.package_identification:_identify(.) by extensions ['cmake', 'python']
[0.171s] Level 1:colcon.colcon_core.package_identification:_identify(.) by extension 'cmake'
[0.171s] Level 1:colcon.colcon_core.package_identification:_identify(.) by extension 'python'
[0.171s] Level 1:colcon.colcon_core.package_identification:_identify(.) by extensions ['python_setup_py']
[0.171s] Level 1:colcon.colcon_core.package_identification:_identify(.) by extension 'python_setup_py'
[0.171s] Level 1:colcon.colcon_core.package_identification:_identify(build) by extensions ['ignore', 'ignore_ament_install']
[0.172s] Level 1:colcon.colcon_core.package_identification:_identify(build) by extension 'ignore'
[0.172s] Level 1:colcon.colcon_core.package_identification:_identify(build) ignored
[0.172s] Level 1:colcon.colcon_core.package_identification:_identify(install) by extensions ['ignore', 'ignore_ament_install']
[0.172s] Level 1:colcon.colcon_core.package_identification:_identify(install) by extension 'ignore'
[0.172s] Level 1:colcon.colcon_core.package_identification:_identify(install) ignored
[0.172s] Level 1:colcon.colcon_core.package_identification:_identify(log) by extensions ['ignore', 'ignore_ament_install']
[0.172s] Level 1:colcon.colcon_core.package_identification:_identify(log) by extension 'ignore'
[0.172s] Level 1:colcon.colcon_core.package_identification:_identify(log) ignored
[0.172s] Level 1:colcon.colcon_core.package_identification:_identify(src) by extensions ['ignore', 'ignore_ament_install']
[0.172s] Level 1:colcon.colcon_core.package_identification:_identify(src) by extension 'ignore'
[0.172s] Level 1:colcon.colcon_core.package_identification:_identify(src) by extension 'ignore_ament_install'
[0.172s] Level 1:colcon.colcon_core.package_identification:_identify(src) by extensions ['colcon_pkg']
[0.172s] Level 1:colcon.colcon_core.package_identification:_identify(src) by extension 'colcon_pkg'
[0.172s] Level 1:colcon.colcon_core.package_identification:_identify(src) by extensions ['colcon_meta']
[0.172s] Level 1:colcon.colcon_core.package_identification:_identify(src) by extension 'colcon_meta'
[0.173s] Level 1:colcon.colcon_core.package_identification:_identify(src) by extensions ['ros']
[0.173s] Level 1:colcon.colcon_core.package_identification:_identify(src) by extension 'ros'
[0.173s] Level 1:colcon.colcon_core.package_identification:_identify(src) by extensions ['cmake', 'python']
[0.173s] Level 1:colcon.colcon_core.package_identification:_identify(src) by extension 'cmake'
[0.173s] Level 1:colcon.colcon_core.package_identification:_identify(src) by extension 'python'
[0.173s] Level 1:colcon.colcon_core.package_identification:_identify(src) by extensions ['python_setup_py']
[0.173s] Level 1:colcon.colcon_core.package_identification:_identify(src) by extension 'python_setup_py'
[0.173s] Level 1:colcon.colcon_core.package_identification:_identify(src/rplidar_ros2) by extensions ['ignore', 'ignore_ament_install']
[0.173s] Level 1:colcon.colcon_core.package_identification:_identify(src/rplidar_ros2) by extension 'ignore'
[0.173s] Level 1:colcon.colcon_core.package_identification:_identify(src/rplidar_ros2) by extension 'ignore_ament_install'
[0.173s] Level 1:colcon.colcon_core.package_identification:_identify(src/rplidar_ros2) by extensions ['colcon_pkg']
[0.173s] Level 1:colcon.colcon_core.package_identification:_identify(src/rplidar_ros2) by extension 'colcon_pkg'
[0.173s] Level 1:colcon.colcon_core.package_identification:_identify(src/rplidar_ros2) by extensions ['colcon_meta']
[0.173s] Level 1:colcon.colcon_core.package_identification:_identify(src/rplidar_ros2) by extension 'colcon_meta'
[0.173s] Level 1:colcon.colcon_core.package_identification:_identify(src/rplidar_ros2) by extensions ['ros']
[0.173s] Level 1:colcon.colcon_core.package_identification:_identify(src/rplidar_ros2) by extension 'ros'
[0.177s] DEBUG:colcon.colcon_core.package_identification:Package 'src/rplidar_ros2' with type 'ros.ament_cmake' and name 'rplidar_ros'
[0.177s] Level 1:colcon.colcon_core.package_identification:_identify(src/ydlidar_ros2) by extensions ['ignore', 'ignore_ament_install']
[0.177s] Level 1:colcon.colcon_core.package_identification:_identify(src/ydlidar_ros2) by extension 'ignore'
[0.177s] Level 1:colcon.colcon_core.package_identification:_identify(src/ydlidar_ros2) by extension 'ignore_ament_install'
[0.177s] Level 1:colcon.colcon_core.package_identification:_identify(src/ydlidar_ros2) by extensions ['colcon_pkg']
[0.177s] Level 1:colcon.colcon_core.package_identification:_identify(src/ydlidar_ros2) by extension 'colcon_pkg'
[0.177s] Level 1:colcon.colcon_core.package_identification:_identify(src/ydlidar_ros2) by extensions ['colcon_meta']
[0.177s] Level 1:colcon.colcon_core.package_identification:_identify(src/ydlidar_ros2) by extension 'colcon_meta'
[0.177s] Level 1:colcon.colcon_core.package_identification:_identify(src/ydlidar_ros2) by extensions ['ros']
[0.177s] Level 1:colcon.colcon_core.package_identification:_identify(src/ydlidar_ros2) by extension 'ros'
[0.178s] DEBUG:colcon.colcon_core.package_identification:Package 'src/ydlidar_ros2' with type 'ros.ament_cmake' and name 'ydlidar'
[0.178s] Level 1:colcon.colcon_core.package_discovery:discover_packages(recursive) using defaults
[0.178s] Level 1:colcon.colcon_core.package_discovery:discover_packages(ignore) discover
[0.178s] Level 1:colcon.colcon_core.package_discovery:discover_packages(ignore) using defaults
[0.178s] Level 1:colcon.colcon_core.package_discovery:discover_packages(path) discover
[0.178s] Level 1:colcon.colcon_core.package_discovery:discover_packages(path) using defaults
[0.196s] Level 1:colcon.colcon_core.package_discovery:discover_packages(prefix_path) check parameters
[0.196s] Level 1:colcon.colcon_core.package_discovery:discover_packages(prefix_path) discover
[0.198s] DEBUG:colcon.colcon_installed_package_information.package_discovery:Found 3 installed packages in /home/incubus/mars_ros2/install
[0.199s] DEBUG:colcon.colcon_installed_package_information.package_discovery:Found 262 installed packages in /opt/ros/foxy
[0.201s] Level 1:colcon.colcon_core.package_discovery:discover_packages(prefix_path) using defaults
[0.278s] Level 5:colcon.colcon_core.verb:set package 'rplidar_ros' build argument 'cmake_args' from command line to 'None'
[0.278s] Level 5:colcon.colcon_core.verb:set package 'rplidar_ros' build argument 'cmake_target' from command line to 'None'
[0.278s] Level 5:colcon.colcon_core.verb:set package 'rplidar_ros' build argument 'cmake_target_skip_unavailable' from command line to 'False'
[0.278s] Level 5:colcon.colcon_core.verb:set package 'rplidar_ros' build argument 'cmake_clean_cache' from command line to 'False'
[0.278s] Level 5:colcon.colcon_core.verb:set package 'rplidar_ros' build argument 'cmake_clean_first' from command line to 'False'
[0.278s] Level 5:colcon.colcon_core.verb:set package 'rplidar_ros' build argument 'cmake_force_configure' from command line to 'False'
[0.278s] Level 5:colcon.colcon_core.verb:set package 'rplidar_ros' build argument 'ament_cmake_args' from command line to 'None'
[0.278s] Level 5:colcon.colcon_core.verb:set package 'rplidar_ros' build argument 'catkin_cmake_args' from command line to 'None'
[0.278s] Level 5:colcon.colcon_core.verb:set package 'rplidar_ros' build argument 'catkin_skip_building_tests' from command line to 'False'
[0.278s] DEBUG:colcon.colcon_core.verb:Building package 'rplidar_ros' with the following arguments: {'ament_cmake_args': None, 'build_base': '/home/incubus/mars_ros2/build/rplidar_ros', 'catkin_cmake_args': None, 'catkin_skip_building_tests': False, 'cmake_args': None, 'cmake_clean_cache': False, 'cmake_clean_first': False, 'cmake_force_configure': False, 'cmake_target': None, 'cmake_target_skip_unavailable': False, 'install_base': '/home/incubus/mars_ros2/install/rplidar_ros', 'merge_install': False, 'path': '/home/incubus/mars_ros2/src/rplidar_ros2', 'symlink_install': False, 'test_result_base': None}
[0.279s] Level 5:colcon.colcon_core.verb:set package 'ydlidar' build argument 'cmake_args' from command line to 'None'
[0.279s] Level 5:colcon.colcon_core.verb:set package 'ydlidar' build argument 'cmake_target' from command line to 'None'
[0.279s] Level 5:colcon.colcon_core.verb:set package 'ydlidar' build argument 'cmake_target_skip_unavailable' from command line to 'False'
[0.279s] Level 5:colcon.colcon_core.verb:set package 'ydlidar' build argument 'cmake_clean_cache' from command line to 'False'
[0.279s] Level 5:colcon.colcon_core.verb:set package 'ydlidar' build argument 'cmake_clean_first' from command line to 'False'
[0.279s] Level 5:colcon.colcon_core.verb:set package 'ydlidar' build argument 'cmake_force_configure' from command line to 'False'
[0.279s] Level 5:colcon.colcon_core.verb:set package 'ydlidar' build argument 'ament_cmake_args' from command line to 'None'
[0.279s] Level 5:colcon.colcon_core.verb:set package 'ydlidar' build argument 'catkin_cmake_args' from command line to 'None'
[0.279s] Level 5:colcon.colcon_core.verb:set package 'ydlidar' build argument 'catkin_skip_building_tests' from command line to 'False'
[0.279s] DEBUG:colcon.colcon_core.verb:Building package 'ydlidar' with the following arguments: {'ament_cmake_args': None, 'build_base': '/home/incubus/mars_ros2/build/ydlidar', 'catkin_cmake_args': None, 'catkin_skip_building_tests': False, 'cmake_args': None, 'cmake_clean_cache': False, 'cmake_clean_first': False, 'cmake_force_configure': False, 'cmake_target': None, 'cmake_target_skip_unavailable': False, 'install_base': '/home/incubus/mars_ros2/install/ydlidar', 'merge_install': False, 'path': '/home/incubus/mars_ros2/src/ydlidar_ros2', 'symlink_install': False, 'test_result_base': None}
[0.280s] INFO:colcon.colcon_core.executor:Executing jobs using 'parallel' executor
[0.281s] DEBUG:colcon.colcon_parallel_executor.executor.parallel:run_until_complete
[0.282s] INFO:colcon.colcon_ros.task.ament_cmake.build:Building ROS package in '/home/incubus/mars_ros2/src/rplidar_ros2' with build type 'ament_cmake'
[0.282s] INFO:colcon.colcon_cmake.task.cmake.build:Building CMake package in '/home/incubus/mars_ros2/src/rplidar_ros2'
[0.286s] INFO:colcon.colcon_core.plugin_system:Skipping extension 'colcon_core.shell.bat': Not used on non-Windows systems
[0.286s] INFO:colcon.colcon_core.shell:Skip shell extension 'powershell' for command environment: Not usable outside of PowerShell
[0.286s] DEBUG:colcon.colcon_core.shell:Skip shell extension 'dsv' for command environment
[0.291s] INFO:colcon.colcon_ros.task.ament_cmake.build:Building ROS package in '/home/incubus/mars_ros2/src/ydlidar_ros2' with build type 'ament_cmake'
[0.291s] INFO:colcon.colcon_cmake.task.cmake.build:Building CMake package in '/home/incubus/mars_ros2/src/ydlidar_ros2'
[0.292s] INFO:colcon.colcon_core.shell:Skip shell extension 'powershell' for command environment: Not usable outside of PowerShell
[0.292s] DEBUG:colcon.colcon_core.shell:Skip shell extension 'dsv' for command environment
[0.304s] DEBUG:colcon.colcon_core.event_handler.log_command:Invoking command in '/home/incubus/mars_ros2/build/rplidar_ros': CMAKE_PREFIX_PATH=${CMAKE_PREFIX_PATH}:/home/incubus/mars_ros2/install/py_pubsub:/home/incubus/mars_ros2/install/my_package:/opt/ros/foxy /usr/bin/cmake /home/incubus/mars_ros2/src/rplidar_ros2 -DCMAKE_INSTALL_PREFIX=/home/incubus/mars_ros2/install/rplidar_ros
[0.314s] DEBUG:colcon.colcon_core.event_handler.log_command:Invoking command in '/home/incubus/mars_ros2/build/ydlidar': CMAKE_PREFIX_PATH=${CMAKE_PREFIX_PATH}:/home/incubus/mars_ros2/install/py_pubsub:/home/incubus/mars_ros2/install/my_package:/opt/ros/foxy /usr/bin/cmake --build /home/incubus/mars_ros2/build/ydlidar -- -j4 -l4
[0.405s] DEBUG:colcon.colcon_core.event_handler.log_command:Invoked command in '/home/incubus/mars_ros2/build/ydlidar' returned '0': CMAKE_PREFIX_PATH=${CMAKE_PREFIX_PATH}:/home/incubus/mars_ros2/install/py_pubsub:/home/incubus/mars_ros2/install/my_package:/opt/ros/foxy /usr/bin/cmake --build /home/incubus/mars_ros2/build/ydlidar -- -j4 -l4
[0.455s] DEBUG:colcon.colcon_core.event_handler.log_command:Invoking command in '/home/incubus/mars_ros2/build/ydlidar': CMAKE_PREFIX_PATH=${CMAKE_PREFIX_PATH}:/home/incubus/mars_ros2/install/py_pubsub:/home/incubus/mars_ros2/install/my_package:/opt/ros/foxy /usr/bin/cmake --install /home/incubus/mars_ros2/build/ydlidar
[0.468s] Level 1:colcon.colcon_core.environment:create_environment_scripts_only(ydlidar)
[0.471s] DEBUG:colcon.colcon_core.event_handler.log_command:Invoked command in '/home/incubus/mars_ros2/build/ydlidar' returned '0': CMAKE_PREFIX_PATH=${CMAKE_PREFIX_PATH}:/home/incubus/mars_ros2/install/py_pubsub:/home/incubus/mars_ros2/install/my_package:/opt/ros/foxy /usr/bin/cmake --install /home/incubus/mars_ros2/build/ydlidar
[0.474s] Level 1:colcon.colcon_core.environment:checking '/home/incubus/mars_ros2/install/ydlidar' for CMake module files
[0.474s] Level 1:colcon.colcon_core.environment:checking '/home/incubus/mars_ros2/install/ydlidar' for CMake config files
[0.474s] Level 1:colcon.colcon_core.shell:create_environment_hook('ydlidar', 'cmake_prefix_path')
[0.475s] INFO:colcon.colcon_core.shell:Creating environment hook '/home/incubus/mars_ros2/install/ydlidar/share/ydlidar/hook/cmake_prefix_path.ps1'
[0.476s] INFO:colcon.colcon_core.shell:Creating environment descriptor '/home/incubus/mars_ros2/install/ydlidar/share/ydlidar/hook/cmake_prefix_path.dsv'
[0.476s] INFO:colcon.colcon_core.shell:Creating environment hook '/home/incubus/mars_ros2/install/ydlidar/share/ydlidar/hook/cmake_prefix_path.sh'
[0.477s] Level 1:colcon.colcon_core.environment:checking '/home/incubus/mars_ros2/install/ydlidar/lib'
[0.477s] Level 1:colcon.colcon_core.environment:checking '/home/incubus/mars_ros2/install/ydlidar/bin'
[0.477s] Level 1:colcon.colcon_core.environment:checking '/home/incubus/mars_ros2/install/ydlidar/lib/pkgconfig/ydlidar.pc'
[0.477s] Level 1:colcon.colcon_core.environment:checking '/home/incubus/mars_ros2/install/ydlidar/lib/python3.8/site-packages'
[0.478s] Level 1:colcon.colcon_core.environment:checking '/home/incubus/mars_ros2/install/ydlidar/bin'
[0.478s] INFO:colcon.colcon_core.shell:Creating package script '/home/incubus/mars_ros2/install/ydlidar/share/ydlidar/package.ps1'
[0.479s] INFO:colcon.colcon_core.shell:Creating package descriptor '/home/incubus/mars_ros2/install/ydlidar/share/ydlidar/package.dsv'
[0.480s] INFO:colcon.colcon_core.shell:Creating package script '/home/incubus/mars_ros2/install/ydlidar/share/ydlidar/package.sh'
[0.480s] INFO:colcon.colcon_core.shell:Creating package script '/home/incubus/mars_ros2/install/ydlidar/share/ydlidar/package.bash'
[0.481s] INFO:colcon.colcon_core.shell:Creating package script '/home/incubus/mars_ros2/install/ydlidar/share/ydlidar/package.zsh'
[0.482s] Level 1:colcon.colcon_core.environment:create_file_with_runtime_dependencies(/home/incubus/mars_ros2/install/ydlidar/share/colcon-core/packages/ydlidar)
[0.520s] Level 1:colcon.colcon_core.environment:create_environment_scripts_only(ydlidar)
[0.521s] Level 1:colcon.colcon_core.environment:checking '/home/incubus/mars_ros2/install/ydlidar' for CMake module files
[0.521s] Level 1:colcon.colcon_core.environment:checking '/home/incubus/mars_ros2/install/ydlidar' for CMake config files
[0.521s] Level 1:colcon.colcon_core.shell:create_environment_hook('ydlidar', 'cmake_prefix_path')
[0.522s] INFO:colcon.colcon_core.shell:Creating environment hook '/home/incubus/mars_ros2/install/ydlidar/share/ydlidar/hook/cmake_prefix_path.ps1'
[0.522s] INFO:colcon.colcon_core.shell:Creating environment descriptor '/home/incubus/mars_ros2/install/ydlidar/share/ydlidar/hook/cmake_prefix_path.dsv'
[0.523s] INFO:colcon.colcon_core.shell:Creating environment hook '/home/incubus/mars_ros2/install/ydlidar/share/ydlidar/hook/cmake_prefix_path.sh'
[0.523s] Level 1:colcon.colcon_core.environment:checking '/home/incubus/mars_ros2/install/ydlidar/lib'
[0.523s] Level 1:colcon.colcon_core.environment:checking '/home/incubus/mars_ros2/install/ydlidar/bin'
[0.523s] Level 1:colcon.colcon_core.environment:checking '/home/incubus/mars_ros2/install/ydlidar/lib/pkgconfig/ydlidar.pc'
[0.524s] Level 1:colcon.colcon_core.environment:checking '/home/incubus/mars_ros2/install/ydlidar/lib/python3.8/site-packages'
[0.524s] Level 1:colcon.colcon_core.environment:checking '/home/incubus/mars_ros2/install/ydlidar/bin'
[0.524s] INFO:colcon.colcon_core.shell:Creating package script '/home/incubus/mars_ros2/install/ydlidar/share/ydlidar/package.ps1'
[0.525s] INFO:colcon.colcon_core.shell:Creating package descriptor '/home/incubus/mars_ros2/install/ydlidar/share/ydlidar/package.dsv'
[0.525s] INFO:colcon.colcon_core.shell:Creating package script '/home/incubus/mars_ros2/install/ydlidar/share/ydlidar/package.sh'
[0.526s] INFO:colcon.colcon_core.shell:Creating package script '/home/incubus/mars_ros2/install/ydlidar/share/ydlidar/package.bash'
[0.526s] INFO:colcon.colcon_core.shell:Creating package script '/home/incubus/mars_ros2/install/ydlidar/share/ydlidar/package.zsh'
[0.526s] Level 1:colcon.colcon_core.environment:create_file_with_runtime_dependencies(/home/incubus/mars_ros2/install/ydlidar/share/colcon-core/packages/ydlidar)
[2.151s] DEBUG:colcon.colcon_core.event_handler.log_command:Invoked command in '/home/incubus/mars_ros2/build/rplidar_ros' returned '0': CMAKE_PREFIX_PATH=${CMAKE_PREFIX_PATH}:/home/incubus/mars_ros2/install/py_pubsub:/home/incubus/mars_ros2/install/my_package:/opt/ros/foxy /usr/bin/cmake /home/incubus/mars_ros2/src/rplidar_ros2 -DCMAKE_INSTALL_PREFIX=/home/incubus/mars_ros2/install/rplidar_ros
[2.152s] DEBUG:colcon.colcon_core.event_handler.log_command:Invoking command in '/home/incubus/mars_ros2/build/rplidar_ros': CMAKE_PREFIX_PATH=${CMAKE_PREFIX_PATH}:/home/incubus/mars_ros2/install/py_pubsub:/home/incubus/mars_ros2/install/my_package:/opt/ros/foxy /usr/bin/cmake --build /home/incubus/mars_ros2/build/rplidar_ros -- -j4 -l4
[11.611s] DEBUG:colcon.colcon_core.event_handler.log_command:Invoked command in '/home/incubus/mars_ros2/build/rplidar_ros' returned '0': CMAKE_PREFIX_PATH=${CMAKE_PREFIX_PATH}:/home/incubus/mars_ros2/install/py_pubsub:/home/incubus/mars_ros2/install/my_package:/opt/ros/foxy /usr/bin/cmake --build /home/incubus/mars_ros2/build/rplidar_ros -- -j4 -l4
[11.653s] DEBUG:colcon.colcon_core.event_handler.log_command:Invoking command in '/home/incubus/mars_ros2/build/rplidar_ros': CMAKE_PREFIX_PATH=${CMAKE_PREFIX_PATH}:/home/incubus/mars_ros2/install/py_pubsub:/home/incubus/mars_ros2/install/my_package:/opt/ros/foxy /usr/bin/cmake --install /home/incubus/mars_ros2/build/rplidar_ros
[11.675s] Level 1:colcon.colcon_core.environment:create_environment_scripts_only(rplidar_ros)
[11.677s] Level 1:colcon.colcon_core.environment:checking '/home/incubus/mars_ros2/install/rplidar_ros' for CMake module files
[11.677s] DEBUG:colcon.colcon_core.event_handler.log_command:Invoked command in '/home/incubus/mars_ros2/build/rplidar_ros' returned '0': CMAKE_PREFIX_PATH=${CMAKE_PREFIX_PATH}:/home/incubus/mars_ros2/install/py_pubsub:/home/incubus/mars_ros2/install/my_package:/opt/ros/foxy /usr/bin/cmake --install /home/incubus/mars_ros2/build/rplidar_ros
[11.678s] Level 1:colcon.colcon_core.environment:checking '/home/incubus/mars_ros2/install/rplidar_ros' for CMake config files
[11.678s] Level 1:colcon.colcon_core.shell:create_environment_hook('rplidar_ros', 'cmake_prefix_path')
[11.678s] INFO:colcon.colcon_core.shell:Creating environment hook '/home/incubus/mars_ros2/install/rplidar_ros/share/rplidar_ros/hook/cmake_prefix_path.ps1'
[11.679s] INFO:colcon.colcon_core.shell:Creating environment descriptor '/home/incubus/mars_ros2/install/rplidar_ros/share/rplidar_ros/hook/cmake_prefix_path.dsv'
[11.679s] INFO:colcon.colcon_core.shell:Creating environment hook '/home/incubus/mars_ros2/install/rplidar_ros/share/rplidar_ros/hook/cmake_prefix_path.sh'
[11.680s] Level 1:colcon.colcon_core.environment:checking '/home/incubus/mars_ros2/install/rplidar_ros/lib'
[11.680s] Level 1:colcon.colcon_core.shell:create_environment_hook('rplidar_ros', 'ld_library_path_lib')
[11.680s] INFO:colcon.colcon_core.shell:Creating environment hook '/home/incubus/mars_ros2/install/rplidar_ros/share/rplidar_ros/hook/ld_library_path_lib.ps1'
[11.681s] INFO:colcon.colcon_core.shell:Creating environment descriptor '/home/incubus/mars_ros2/install/rplidar_ros/share/rplidar_ros/hook/ld_library_path_lib.dsv'
[11.681s] INFO:colcon.colcon_core.shell:Creating environment hook '/home/incubus/mars_ros2/install/rplidar_ros/share/rplidar_ros/hook/ld_library_path_lib.sh'
[11.681s] Level 1:colcon.colcon_core.environment:checking '/home/incubus/mars_ros2/install/rplidar_ros/bin'
[11.681s] Level 1:colcon.colcon_core.environment:checking '/home/incubus/mars_ros2/install/rplidar_ros/lib/pkgconfig/rplidar_ros.pc'
[11.681s] Level 1:colcon.colcon_core.environment:checking '/home/incubus/mars_ros2/install/rplidar_ros/lib/python3.8/site-packages'
[11.682s] Level 1:colcon.colcon_core.environment:checking '/home/incubus/mars_ros2/install/rplidar_ros/bin'
[11.682s] INFO:colcon.colcon_core.shell:Creating package script '/home/incubus/mars_ros2/install/rplidar_ros/share/rplidar_ros/package.ps1'
[11.683s] INFO:colcon.colcon_core.shell:Creating package descriptor '/home/incubus/mars_ros2/install/rplidar_ros/share/rplidar_ros/package.dsv'
[11.683s] INFO:colcon.colcon_core.shell:Creating package script '/home/incubus/mars_ros2/install/rplidar_ros/share/rplidar_ros/package.sh'
[11.683s] INFO:colcon.colcon_core.shell:Creating package script '/home/incubus/mars_ros2/install/rplidar_ros/share/rplidar_ros/package.bash'
[11.684s] INFO:colcon.colcon_core.shell:Creating package script '/home/incubus/mars_ros2/install/rplidar_ros/share/rplidar_ros/package.zsh'
[11.684s] Level 1:colcon.colcon_core.environment:create_file_with_runtime_dependencies(/home/incubus/mars_ros2/install/rplidar_ros/share/colcon-core/packages/rplidar_ros)
[11.718s] Level 1:colcon.colcon_core.environment:create_environment_scripts_only(rplidar_ros)
[11.719s] Level 1:colcon.colcon_core.environment:checking '/home/incubus/mars_ros2/install/rplidar_ros' for CMake module files
[11.720s] Level 1:colcon.colcon_core.environment:checking '/home/incubus/mars_ros2/install/rplidar_ros' for CMake config files
[11.720s] Level 1:colcon.colcon_core.shell:create_environment_hook('rplidar_ros', 'cmake_prefix_path')
[11.720s] INFO:colcon.colcon_core.shell:Creating environment hook '/home/incubus/mars_ros2/install/rplidar_ros/share/rplidar_ros/hook/cmake_prefix_path.ps1'
[11.721s] INFO:colcon.colcon_core.shell:Creating environment descriptor '/home/incubus/mars_ros2/install/rplidar_ros/share/rplidar_ros/hook/cmake_prefix_path.dsv'
[11.721s] INFO:colcon.colcon_core.shell:Creating environment hook '/home/incubus/mars_ros2/install/rplidar_ros/share/rplidar_ros/hook/cmake_prefix_path.sh'
[11.722s] Level 1:colcon.colcon_core.environment:checking '/home/incubus/mars_ros2/install/rplidar_ros/lib'
[11.722s] Level 1:colcon.colcon_core.shell:create_environment_hook('rplidar_ros', 'ld_library_path_lib')
[11.722s] INFO:colcon.colcon_core.shell:Creating environment hook '/home/incubus/mars_ros2/install/rplidar_ros/share/rplidar_ros/hook/ld_library_path_lib.ps1'
[11.722s] INFO:colcon.colcon_core.shell:Creating environment descriptor '/home/incubus/mars_ros2/install/rplidar_ros/share/rplidar_ros/hook/ld_library_path_lib.dsv'
[11.723s] INFO:colcon.colcon_core.shell:Creating environment hook '/home/incubus/mars_ros2/install/rplidar_ros/share/rplidar_ros/hook/ld_library_path_lib.sh'
[11.723s] Level 1:colcon.colcon_core.environment:checking '/home/incubus/mars_ros2/install/rplidar_ros/bin'
[11.723s] Level 1:colcon.colcon_core.environment:checking '/home/incubus/mars_ros2/install/rplidar_ros/lib/pkgconfig/rplidar_ros.pc'
[11.723s] Level 1:colcon.colcon_core.environment:checking '/home/incubus/mars_ros2/install/rplidar_ros/lib/python3.8/site-packages'
[11.723s] Level 1:colcon.colcon_core.environment:checking '/home/incubus/mars_ros2/install/rplidar_ros/bin'
[11.724s] INFO:colcon.colcon_core.shell:Creating package script '/home/incubus/mars_ros2/install/rplidar_ros/share/rplidar_ros/package.ps1'
[11.725s] INFO:colcon.colcon_core.shell:Creating package descriptor '/home/incubus/mars_ros2/install/rplidar_ros/share/rplidar_ros/package.dsv'
[11.725s] INFO:colcon.colcon_core.shell:Creating package script '/home/incubus/mars_ros2/install/rplidar_ros/share/rplidar_ros/package.sh'
[11.725s] INFO:colcon.colcon_core.shell:Creating package script '/home/incubus/mars_ros2/install/rplidar_ros/share/rplidar_ros/package.bash'
[11.726s] INFO:colcon.colcon_core.shell:Creating package script '/home/incubus/mars_ros2/install/rplidar_ros/share/rplidar_ros/package.zsh'
[11.726s] Level 1:colcon.colcon_core.environment:create_file_with_runtime_dependencies(/home/incubus/mars_ros2/install/rplidar_ros/share/colcon-core/packages/rplidar_ros)
[11.726s] DEBUG:colcon.colcon_parallel_executor.executor.parallel:closing loop
[11.727s] DEBUG:colcon.colcon_parallel_executor.executor.parallel:loop closed
[11.727s] DEBUG:colcon.colcon_parallel_executor.executor.parallel:run_until_complete finished with '0'
[11.727s] DEBUG:colcon.colcon_core.event_reactor:joining thread
[11.734s] INFO:colcon.colcon_core.plugin_system:Skipping extension 'colcon_notification.desktop_notification.terminal_notifier': Not used on non-Darwin systems
[11.734s] INFO:colcon.colcon_core.plugin_system:Skipping extension 'colcon_notification.desktop_notification.win32': Not used on non-Windows systems
[11.734s] INFO:colcon.colcon_notification.desktop_notification:Sending desktop notification using 'notify2'
[11.752s] DEBUG:colcon.colcon_core.event_reactor:joined thread
[11.753s] INFO:colcon.colcon_core.shell:Creating prefix script '/home/incubus/mars_ros2/install/local_setup.ps1'
[11.754s] INFO:colcon.colcon_core.shell:Creating prefix util module '/home/incubus/mars_ros2/install/_local_setup_util_ps1.py'
[11.755s] INFO:colcon.colcon_core.shell:Creating prefix chain script '/home/incubus/mars_ros2/install/setup.ps1'
[11.756s] INFO:colcon.colcon_core.shell:Creating prefix script '/home/incubus/mars_ros2/install/local_setup.sh'
[11.757s] INFO:colcon.colcon_core.shell:Creating prefix util module '/home/incubus/mars_ros2/install/_local_setup_util_sh.py'
[11.758s] INFO:colcon.colcon_core.shell:Creating prefix chain script '/home/incubus/mars_ros2/install/setup.sh'
[11.759s] INFO:colcon.colcon_core.shell:Creating prefix script '/home/incubus/mars_ros2/install/local_setup.bash'
[11.760s] INFO:colcon.colcon_core.shell:Creating prefix chain script '/home/incubus/mars_ros2/install/setup.bash'
[11.761s] INFO:colcon.colcon_core.shell:Creating prefix script '/home/incubus/mars_ros2/install/local_setup.zsh'
[11.761s] INFO:colcon.colcon_core.shell:Creating prefix chain script '/home/incubus/mars_ros2/install/setup.zsh'
