[1.437s] Invoking command in '/home/incubus/mars_ros2/src/Manipul': PYTHONPATH=/home/incubus/mars_ros2/install/Manipul/lib/python3.8/site-packages:${PYTHONPATH} /usr/bin/python3 setup.py egg_info --egg-base ../../build/Manipul build --build-base /home/incubus/mars_ros2/build/Manipul/build install --prefix /home/incubus/mars_ros2/install/Manipul --record /home/incubus/mars_ros2/build/Manipul/install.log --single-version-externally-managed
[1.800s] running egg_info
[1.801s] creating ../../build/Manipul/Manipul.egg-info
[1.801s] writing ../../build/Manipul/Manipul.egg-info/PKG-INFO
[1.801s] writing dependency_links to ../../build/Manipul/Manipul.egg-info/dependency_links.txt
[1.802s] writing entry points to ../../build/Manipul/Manipul.egg-info/entry_points.txt
[1.802s] writing requirements to ../../build/Manipul/Manipul.egg-info/requires.txt
[1.802s] writing top-level names to ../../build/Manipul/Manipul.egg-info/top_level.txt
[1.804s] writing manifest file '../../build/Manipul/Manipul.egg-info/SOURCES.txt'
[1.861s] reading manifest file '../../build/Manipul/Manipul.egg-info/SOURCES.txt'
[1.863s] writing manifest file '../../build/Manipul/Manipul.egg-info/SOURCES.txt'
[1.863s] running build
[1.863s] running build_py
[1.863s] creating /home/incubus/mars_ros2/build/Manipul/build
[1.864s] creating /home/incubus/mars_ros2/build/Manipul/build/lib
[1.864s] creating /home/incubus/mars_ros2/build/Manipul/build/lib/Manipul
[1.864s] copying Manipul/__init__.py -> /home/incubus/mars_ros2/build/Manipul/build/lib/Manipul
[1.864s] copying Manipul/ToServo.py -> /home/incubus/mars_ros2/build/Manipul/build/lib/Manipul
[1.864s] running install
[1.865s] running install_lib
[1.867s] creating /home/incubus/mars_ros2/install/Manipul/lib/python3.8/site-packages/Manipul
[1.867s] copying /home/incubus/mars_ros2/build/Manipul/build/lib/Manipul/__init__.py -> /home/incubus/mars_ros2/install/Manipul/lib/python3.8/site-packages/Manipul
[1.867s] copying /home/incubus/mars_ros2/build/Manipul/build/lib/Manipul/ToServo.py -> /home/incubus/mars_ros2/install/Manipul/lib/python3.8/site-packages/Manipul
[1.868s] byte-compiling /home/incubus/mars_ros2/install/Manipul/lib/python3.8/site-packages/Manipul/__init__.py to __init__.cpython-38.pyc
[1.870s] byte-compiling /home/incubus/mars_ros2/install/Manipul/lib/python3.8/site-packages/Manipul/ToServo.py to ToServo.cpython-38.pyc
[1.870s] running install_data
[1.871s] creating /home/incubus/mars_ros2/install/Manipul/share/ament_index
[1.872s] creating /home/incubus/mars_ros2/install/Manipul/share/ament_index/resource_index
[1.872s] creating /home/incubus/mars_ros2/install/Manipul/share/ament_index/resource_index/packages
[1.872s] copying resource/Manipul -> /home/incubus/mars_ros2/install/Manipul/share/ament_index/resource_index/packages
[1.872s] copying package.xml -> /home/incubus/mars_ros2/install/Manipul/share/Manipul
[1.872s] running install_egg_info
[1.874s] Copying ../../build/Manipul/Manipul.egg-info to /home/incubus/mars_ros2/install/Manipul/lib/python3.8/site-packages/Manipul-0.0.0-py3.8.egg-info
[1.876s] running install_scripts
[1.901s] Installing ToServo script to /home/incubus/mars_ros2/install/Manipul/lib/Manipul
[1.902s] writing list of installed files to '/home/incubus/mars_ros2/build/Manipul/install.log'
[1.947s] Invoked command in '/home/incubus/mars_ros2/src/Manipul' returned '0': PYTHONPATH=/home/incubus/mars_ros2/install/Manipul/lib/python3.8/site-packages:${PYTHONPATH} /usr/bin/python3 setup.py egg_info --egg-base ../../build/Manipul build --build-base /home/incubus/mars_ros2/build/Manipul/build install --prefix /home/incubus/mars_ros2/install/Manipul --record /home/incubus/mars_ros2/build/Manipul/install.log --single-version-externally-managed
